IQ-TREE multicore version 2.0.5 for Linux 64-bit built May 15 2020
Developed by Bui Quang Minh, Nguyen Lam Tung, Olga Chernomor,
Heiko Schmidt, Dominik Schrempf, Michael Woodhams.

Host:    cip2ryzen1.cip.ph.tum.de (AVX2, FMA3, 15 GB RAM)
Command: ../iqtree-2.0.5-Linux/bin/iqtree2 -s /scratch/ga42vor/simulating_quartets/accuracy_comparision/training1_25/training1_25.fasta -redo -m WAG
Seed:    915928 (Using SPRNG - Scalable Parallel Random Number Generator)
Time:    Thu May 28 17:03:58 2020
Kernel:  AVX+FMA - 1 threads (16 CPU cores detected)

HINT: Use -nt option to specify number of threads because your CPU has 16 cores!
HINT: -nt AUTO will automatically determine the best number of threads to use.

Reading alignment file /scratch/ga42vor/simulating_quartets/accuracy_comparision/training1_25/training1_25.fasta ... Fasta format detected
Alignment most likely contains protein sequences
Alignment has 20 sequences with 200 columns, 160 distinct patterns
125 parsimony-informative, 21 singleton sites, 54 constant sites
         Gap/Ambiguity  Composition  p-value
   1  taxon0     0.00%    passed     99.45%
   2  taxon1     0.00%    passed     99.92%
   3  taxon2     0.00%    passed     97.27%
   4  taxon3     0.00%    passed     99.92%
   5  taxon4     0.00%    passed     94.32%
   6  taxon5     0.00%    passed     99.98%
   7  taxon6     0.00%    passed     95.93%
   8  taxon7     0.00%    passed     51.84%
   9  taxon8     0.00%    passed     89.74%
  10  taxon9     0.00%    passed     88.83%
  11  taxon10    0.00%    passed     83.34%
  12  taxon11    0.00%    passed     90.54%
  13  taxon12    0.00%    passed     98.19%
  14  taxon13    0.00%    passed     99.72%
  15  taxon14    0.00%    passed     99.91%
  16  taxon15    0.00%    passed     97.22%
  17  taxon16    0.00%    passed     96.01%
  18  taxon17    0.00%    passed     90.07%
  19  taxon18    0.00%    passed     99.38%
  20  taxon19    0.00%    passed     93.82%
****  TOTAL      0.00%  0 sequences failed composition chi2 test (p-value<5%; df=19)

Create initial parsimony tree by phylogenetic likelihood library (PLL)... 0.001 seconds

NOTE: 0 MB RAM (0 GB) is required!
Estimate model parameters (epsilon = 0.100)
1. Initial log-likelihood: -4796.169
Optimal log-likelihood: -4785.579
Parameters optimization took 1 rounds (0.006 sec)
Computing ML distances based on estimated model parameters... 0.012 sec
Computing BIONJ tree...
0.000 seconds
Log-likelihood of BIONJ tree: -4790.598
--------------------------------------------------------------------
|             INITIALIZING CANDIDATE TREE SET                      |
--------------------------------------------------------------------
Generating 98 parsimony trees... 0.126 second
Computing log-likelihood of 98 initial trees ... 0.166 seconds
Current best score: -4785.579

Do NNI search on 20 best initial trees
Estimate model parameters (epsilon = 0.100)
BETTER TREE FOUND at iteration 1: -4785.579
Iteration 10 / LogL: -4785.635 / Time: 0h:0m:0s
Iteration 20 / LogL: -4785.774 / Time: 0h:0m:0s
Finish initializing candidate tree set (1)
Current best tree score: -4785.579 / CPU time: 0.586
Number of iterations: 20
--------------------------------------------------------------------
|               OPTIMIZING CANDIDATE TREE SET                      |
--------------------------------------------------------------------
Iteration 30 / LogL: -4785.680 / Time: 0h:0m:0s (0h:0m:2s left)
Iteration 40 / LogL: -4785.597 / Time: 0h:0m:1s (0h:0m:1s left)
Iteration 50 / LogL: -4785.592 / Time: 0h:0m:1s (0h:0m:1s left)
Iteration 60 / LogL: -4785.592 / Time: 0h:0m:1s (0h:0m:0s left)
Iteration 70 / LogL: -4785.583 / Time: 0h:0m:1s (0h:0m:0s left)
Iteration 80 / LogL: -4785.659 / Time: 0h:0m:1s (0h:0m:0s left)
Iteration 90 / LogL: -4785.586 / Time: 0h:0m:2s (0h:0m:0s left)
Iteration 100 / LogL: -4785.639 / Time: 0h:0m:2s (0h:0m:0s left)
TREE SEARCH COMPLETED AFTER 102 ITERATIONS / Time: 0h:0m:2s

--------------------------------------------------------------------
|                    FINALIZING TREE SEARCH                        |
--------------------------------------------------------------------
Performs final model parameters optimization
Estimate model parameters (epsilon = 0.010)
1. Initial log-likelihood: -4785.579
Optimal log-likelihood: -4785.579
Parameters optimization took 1 rounds (0.002 sec)
BEST SCORE FOUND : -4785.579
Total tree length: 3.561

Total number of iterations: 102
CPU time used for tree search: 2.228 sec (0h:0m:2s)
Wall-clock time used for tree search: 2.229 sec (0h:0m:2s)
Total CPU time used: 2.266 sec (0h:0m:2s)
Total wall-clock time used: 2.267 sec (0h:0m:2s)

Analysis results written to: 
  IQ-TREE report:                /scratch/ga42vor/simulating_quartets/accuracy_comparision/training1_25/training1_25.fasta.iqtree
  Maximum-likelihood tree:       /scratch/ga42vor/simulating_quartets/accuracy_comparision/training1_25/training1_25.fasta.treefile
  Likelihood distances:          /scratch/ga42vor/simulating_quartets/accuracy_comparision/training1_25/training1_25.fasta.mldist
  Screen log file:               /scratch/ga42vor/simulating_quartets/accuracy_comparision/training1_25/training1_25.fasta.log

Date and Time: Thu May 28 17:04:01 2020
