IQ-TREE multicore version 2.0.5 for Linux 64-bit built May 15 2020
Developed by Bui Quang Minh, Nguyen Lam Tung, Olga Chernomor,
Heiko Schmidt, Dominik Schrempf, Michael Woodhams.

Host:    cip2ryzen1.cip.ph.tum.de (AVX2, FMA3, 15 GB RAM)
Command: ../iqtree-2.0.5-Linux/bin/iqtree2 -s /scratch/ga42vor/simulating_quartets/accuracy_comparision/training1_nohet_22/training1_nohet_22.fasta -redo -m WAG
Seed:    427393 (Using SPRNG - Scalable Parallel Random Number Generator)
Time:    Thu May 28 17:09:28 2020
Kernel:  AVX+FMA - 1 threads (16 CPU cores detected)

HINT: Use -nt option to specify number of threads because your CPU has 16 cores!
HINT: -nt AUTO will automatically determine the best number of threads to use.

Reading alignment file /scratch/ga42vor/simulating_quartets/accuracy_comparision/training1_nohet_22/training1_nohet_22.fasta ... Fasta format detected
Alignment most likely contains protein sequences
Alignment has 20 sequences with 200 columns, 78 distinct patterns
50 parsimony-informative, 8 singleton sites, 142 constant sites
         Gap/Ambiguity  Composition  p-value
   1  taxon0     0.00%    passed    100.00%
   2  taxon1     0.00%    passed    100.00%
   3  taxon2     0.00%    passed    100.00%
   4  taxon3     0.00%    passed    100.00%
   5  taxon4     0.00%    passed    100.00%
   6  taxon5     0.00%    passed    100.00%
   7  taxon6     0.00%    passed    100.00%
   8  taxon7     0.00%    passed    100.00%
   9  taxon8     0.00%    passed    100.00%
  10  taxon9     0.00%    passed    100.00%
  11  taxon10    0.00%    passed    100.00%
  12  taxon11    0.00%    passed    100.00%
  13  taxon12    0.00%    passed    100.00%
  14  taxon13    0.00%    passed    100.00%
  15  taxon14    0.00%    passed    100.00%
  16  taxon15    0.00%    passed     99.98%
  17  taxon16    0.00%    passed     99.98%
  18  taxon17    0.00%    passed    100.00%
  19  taxon18    0.00%    passed    100.00%
  20  taxon19    0.00%    passed    100.00%
****  TOTAL      0.00%  0 sequences failed composition chi2 test (p-value<5%; df=19)
NOTE: taxon19 is identical to taxon18 but kept for subsequent analysis

Create initial parsimony tree by phylogenetic likelihood library (PLL)... 0.001 seconds

NOTE: 0 MB RAM (0 GB) is required!
Estimate model parameters (epsilon = 0.100)
1. Initial log-likelihood: -1183.219
Optimal log-likelihood: -1181.882
Parameters optimization took 1 rounds (0.003 sec)
Computing ML distances based on estimated model parameters... 0.009 sec
Computing BIONJ tree...
0.000 seconds
Log-likelihood of BIONJ tree: -1189.002
--------------------------------------------------------------------
|             INITIALIZING CANDIDATE TREE SET                      |
--------------------------------------------------------------------
Generating 98 parsimony trees... 0.095 second
Computing log-likelihood of 98 initial trees ... 0.104 seconds
Current best score: -1176.700

Do NNI search on 20 best initial trees
Estimate model parameters (epsilon = 0.100)
BETTER TREE FOUND at iteration 1: -1176.444
Estimate model parameters (epsilon = 0.100)
BETTER TREE FOUND at iteration 3: -1175.064
Iteration 10 / LogL: -1177.991 / Time: 0h:0m:0s
Iteration 20 / LogL: -1176.673 / Time: 0h:0m:0s
Finish initializing candidate tree set (10)
Current best tree score: -1175.064 / CPU time: 0.366
Number of iterations: 20
--------------------------------------------------------------------
|               OPTIMIZING CANDIDATE TREE SET                      |
--------------------------------------------------------------------
Estimate model parameters (epsilon = 0.100)
BETTER TREE FOUND at iteration 28: -1174.837
Iteration 30 / LogL: -1178.059 / Time: 0h:0m:0s (0h:0m:1s left)
Iteration 40 / LogL: -1177.992 / Time: 0h:0m:0s (0h:0m:1s left)
Iteration 50 / LogL: -1176.391 / Time: 0h:0m:0s (0h:0m:1s left)
UPDATE BEST LOG-LIKELIHOOD: -1174.837
Iteration 60 / LogL: -1176.392 / Time: 0h:0m:1s (0h:0m:1s left)
UPDATE BEST LOG-LIKELIHOOD: -1174.837
Iteration 70 / LogL: -1176.048 / Time: 0h:0m:1s (0h:0m:0s left)
Iteration 80 / LogL: -1185.956 / Time: 0h:0m:1s (0h:0m:0s left)
Iteration 90 / LogL: -1184.224 / Time: 0h:0m:1s (0h:0m:0s left)
Iteration 100 / LogL: -1176.673 / Time: 0h:0m:1s (0h:0m:0s left)
Iteration 110 / LogL: -1181.091 / Time: 0h:0m:1s (0h:0m:0s left)
Iteration 120 / LogL: -1176.048 / Time: 0h:0m:1s (0h:0m:0s left)
TREE SEARCH COMPLETED AFTER 129 ITERATIONS / Time: 0h:0m:2s

--------------------------------------------------------------------
|                    FINALIZING TREE SEARCH                        |
--------------------------------------------------------------------
Performs final model parameters optimization
Estimate model parameters (epsilon = 0.010)
1. Initial log-likelihood: -1174.837
Optimal log-likelihood: -1174.837
Parameters optimization took 1 rounds (0.003 sec)
BEST SCORE FOUND : -1174.837
Total tree length: 0.445

Total number of iterations: 129
CPU time used for tree search: 2.038 sec (0h:0m:2s)
Wall-clock time used for tree search: 2.042 sec (0h:0m:2s)
Total CPU time used: 2.066 sec (0h:0m:2s)
Total wall-clock time used: 2.070 sec (0h:0m:2s)

Analysis results written to: 
  IQ-TREE report:                /scratch/ga42vor/simulating_quartets/accuracy_comparision/training1_nohet_22/training1_nohet_22.fasta.iqtree
  Maximum-likelihood tree:       /scratch/ga42vor/simulating_quartets/accuracy_comparision/training1_nohet_22/training1_nohet_22.fasta.treefile
  Likelihood distances:          /scratch/ga42vor/simulating_quartets/accuracy_comparision/training1_nohet_22/training1_nohet_22.fasta.mldist
  Screen log file:               /scratch/ga42vor/simulating_quartets/accuracy_comparision/training1_nohet_22/training1_nohet_22.fasta.log

Date and Time: Thu May 28 17:09:30 2020
