IQ-TREE multicore version 2.0.5 for Linux 64-bit built May 15 2020
Developed by Bui Quang Minh, Nguyen Lam Tung, Olga Chernomor,
Heiko Schmidt, Dominik Schrempf, Michael Woodhams.

Host:    cip2ryzen1.cip.ph.tum.de (AVX2, FMA3, 15 GB RAM)
Command: ../iqtree-2.0.5-Linux/bin/iqtree2 -s /scratch/ga42vor/simulating_quartets/accuracy_comparision/training1_32/training1_32.fasta -m WAG -redo
Seed:    950135 (Using SPRNG - Scalable Parallel Random Number Generator)
Time:    Wed May 27 23:01:58 2020
Kernel:  AVX+FMA - 1 threads (16 CPU cores detected)

HINT: Use -nt option to specify number of threads because your CPU has 16 cores!
HINT: -nt AUTO will automatically determine the best number of threads to use.

Reading alignment file /scratch/ga42vor/simulating_quartets/accuracy_comparision/training1_32/training1_32.fasta ... Fasta format detected
Alignment most likely contains protein sequences
Alignment has 20 sequences with 200 columns, 160 distinct patterns
133 parsimony-informative, 15 singleton sites, 52 constant sites
         Gap/Ambiguity  Composition  p-value
   1  taxon0     0.00%    passed     98.61%
   2  taxon1     0.00%    passed     94.43%
   3  taxon2     0.00%    passed     97.72%
   4  taxon3     0.00%    passed     98.99%
   5  taxon4     0.00%    passed     70.37%
   6  taxon5     0.00%    passed     63.78%
   7  taxon6     0.00%    passed     38.67%
   8  taxon7     0.00%    passed     91.66%
   9  taxon8     0.00%    passed     94.17%
  10  taxon9     0.00%    passed     99.80%
  11  taxon10    0.00%    passed     99.68%
  12  taxon11    0.00%    passed     85.86%
  13  taxon12    0.00%    passed     76.52%
  14  taxon13    0.00%    passed     91.10%
  15  taxon14    0.00%    passed     86.93%
  16  taxon15    0.00%    passed     74.80%
  17  taxon16    0.00%    passed     74.00%
  18  taxon17    0.00%    passed     98.12%
  19  taxon18    0.00%    passed     98.54%
  20  taxon19    0.00%    passed     98.70%
****  TOTAL      0.00%  0 sequences failed composition chi2 test (p-value<5%; df=19)

Create initial parsimony tree by phylogenetic likelihood library (PLL)... 0.001 seconds

NOTE: 0 MB RAM (0 GB) is required!
Estimate model parameters (epsilon = 0.100)
1. Initial log-likelihood: -5106.068
Optimal log-likelihood: -5096.044
Parameters optimization took 1 rounds (0.005 sec)
Computing ML distances based on estimated model parameters... 0.009 sec
Computing BIONJ tree...
0.000 seconds
Log-likelihood of BIONJ tree: -5099.451
--------------------------------------------------------------------
|             INITIALIZING CANDIDATE TREE SET                      |
--------------------------------------------------------------------
Generating 98 parsimony trees... 0.145 second
Computing log-likelihood of 98 initial trees ... 0.172 seconds
Current best score: -5096.044

Do NNI search on 20 best initial trees
Estimate model parameters (epsilon = 0.100)
BETTER TREE FOUND at iteration 1: -5095.415
Iteration 10 / LogL: -5095.454 / Time: 0h:0m:0s
Iteration 20 / LogL: -5096.133 / Time: 0h:0m:0s
Finish initializing candidate tree set (2)
Current best tree score: -5095.415 / CPU time: 0.648
Number of iterations: 20
--------------------------------------------------------------------
|               OPTIMIZING CANDIDATE TREE SET                      |
--------------------------------------------------------------------
Iteration 30 / LogL: -5095.418 / Time: 0h:0m:0s (0h:0m:2s left)
Iteration 40 / LogL: -5095.529 / Time: 0h:0m:1s (0h:0m:1s left)
Iteration 50 / LogL: -5095.422 / Time: 0h:0m:1s (0h:0m:1s left)
Iteration 60 / LogL: -5095.418 / Time: 0h:0m:1s (0h:0m:1s left)
Iteration 70 / LogL: -5095.574 / Time: 0h:0m:1s (0h:0m:0s left)
Iteration 80 / LogL: -5096.119 / Time: 0h:0m:1s (0h:0m:0s left)
Iteration 90 / LogL: -5095.418 / Time: 0h:0m:2s (0h:0m:0s left)
Iteration 100 / LogL: -5095.445 / Time: 0h:0m:2s (0h:0m:0s left)
TREE SEARCH COMPLETED AFTER 102 ITERATIONS / Time: 0h:0m:2s

--------------------------------------------------------------------
|                    FINALIZING TREE SEARCH                        |
--------------------------------------------------------------------
Performs final model parameters optimization
Estimate model parameters (epsilon = 0.010)
1. Initial log-likelihood: -5095.415
Optimal log-likelihood: -5095.415
Parameters optimization took 1 rounds (0.002 sec)
BEST SCORE FOUND : -5095.415
Total tree length: 4.305

Total number of iterations: 102
CPU time used for tree search: 2.470 sec (0h:0m:2s)
Wall-clock time used for tree search: 2.471 sec (0h:0m:2s)
Total CPU time used: 2.501 sec (0h:0m:2s)
Total wall-clock time used: 2.503 sec (0h:0m:2s)

Analysis results written to: 
  IQ-TREE report:                /scratch/ga42vor/simulating_quartets/accuracy_comparision/training1_32/training1_32.fasta.iqtree
  Maximum-likelihood tree:       /scratch/ga42vor/simulating_quartets/accuracy_comparision/training1_32/training1_32.fasta.treefile
  Likelihood distances:          /scratch/ga42vor/simulating_quartets/accuracy_comparision/training1_32/training1_32.fasta.mldist
  Screen log file:               /scratch/ga42vor/simulating_quartets/accuracy_comparision/training1_32/training1_32.fasta.log

Date and Time: Wed May 27 23:02:01 2020
