IQ-TREE multicore version 2.0.5 for Linux 64-bit built May 15 2020
Developed by Bui Quang Minh, Nguyen Lam Tung, Olga Chernomor,
Heiko Schmidt, Dominik Schrempf, Michael Woodhams.

Host:    cip2ryzen1.cip.ph.tum.de (AVX2, FMA3, 15 GB RAM)
Command: ../iqtree-2.0.5-Linux/bin/iqtree2 -s /scratch/ga42vor/simulating_quartets/accuracy_comparision/training3_15/training3_15.fasta -m WAG -redo
Seed:    155423 (Using SPRNG - Scalable Parallel Random Number Generator)
Time:    Wed May 27 23:03:21 2020
Kernel:  AVX+FMA - 1 threads (16 CPU cores detected)

HINT: Use -nt option to specify number of threads because your CPU has 16 cores!
HINT: -nt AUTO will automatically determine the best number of threads to use.

Reading alignment file /scratch/ga42vor/simulating_quartets/accuracy_comparision/training3_15/training3_15.fasta ... Fasta format detected
Alignment most likely contains protein sequences
Alignment has 20 sequences with 200 columns, 109 distinct patterns
76 parsimony-informative, 16 singleton sites, 108 constant sites
         Gap/Ambiguity  Composition  p-value
   1  taxon0     0.00%    passed    100.00%
   2  taxon1     0.00%    passed     99.97%
   3  taxon2     0.00%    passed     99.92%
   4  taxon3     0.00%    passed     99.74%
   5  taxon4     0.00%    passed    100.00%
   6  taxon5     0.00%    passed     99.99%
   7  taxon6     0.00%    passed     99.71%
   8  taxon7     0.00%    passed    100.00%
   9  taxon8     0.00%    passed     99.99%
  10  taxon9     0.00%    passed    100.00%
  11  taxon10    0.00%    passed     99.98%
  12  taxon11    0.00%    passed     99.77%
  13  taxon12    0.00%    passed     99.97%
  14  taxon13    0.00%    passed     99.53%
  15  taxon14    0.00%    passed     98.90%
  16  taxon15    0.00%    passed     99.73%
  17  taxon16    0.00%    passed     98.30%
  18  taxon17    0.00%    passed     98.96%
  19  taxon18    0.00%    passed     99.97%
  20  taxon19    0.00%    passed     99.27%
****  TOTAL      0.00%  0 sequences failed composition chi2 test (p-value<5%; df=19)

Create initial parsimony tree by phylogenetic likelihood library (PLL)... 0.001 seconds

NOTE: 0 MB RAM (0 GB) is required!
Estimate model parameters (epsilon = 0.100)
1. Initial log-likelihood: -2475.076
Optimal log-likelihood: -2473.494
Parameters optimization took 1 rounds (0.004 sec)
Computing ML distances based on estimated model parameters... 0.009 sec
Computing BIONJ tree...
0.000 seconds
Log-likelihood of BIONJ tree: -2472.980
--------------------------------------------------------------------
|             INITIALIZING CANDIDATE TREE SET                      |
--------------------------------------------------------------------
Generating 98 parsimony trees... 0.105 second
Computing log-likelihood of 98 initial trees ... 0.131 seconds
Current best score: -2471.462

Do NNI search on 20 best initial trees
Estimate model parameters (epsilon = 0.100)
BETTER TREE FOUND at iteration 1: -2471.453
Iteration 10 / LogL: -2471.453 / Time: 0h:0m:0s
Iteration 20 / LogL: -2471.453 / Time: 0h:0m:0s
Finish initializing candidate tree set (2)
Current best tree score: -2471.453 / CPU time: 0.472
Number of iterations: 20
--------------------------------------------------------------------
|               OPTIMIZING CANDIDATE TREE SET                      |
--------------------------------------------------------------------
Iteration 30 / LogL: -2473.634 / Time: 0h:0m:0s (0h:0m:1s left)
Iteration 40 / LogL: -2471.454 / Time: 0h:0m:0s (0h:0m:1s left)
Iteration 50 / LogL: -2471.453 / Time: 0h:0m:0s (0h:0m:1s left)
Iteration 60 / LogL: -2471.453 / Time: 0h:0m:1s (0h:0m:0s left)
Iteration 70 / LogL: -2471.453 / Time: 0h:0m:1s (0h:0m:0s left)
Iteration 80 / LogL: -2471.463 / Time: 0h:0m:1s (0h:0m:0s left)
Iteration 90 / LogL: -2471.458 / Time: 0h:0m:1s (0h:0m:0s left)
Iteration 100 / LogL: -2473.495 / Time: 0h:0m:1s (0h:0m:0s left)
TREE SEARCH COMPLETED AFTER 102 ITERATIONS / Time: 0h:0m:1s

--------------------------------------------------------------------
|                    FINALIZING TREE SEARCH                        |
--------------------------------------------------------------------
Performs final model parameters optimization
Estimate model parameters (epsilon = 0.010)
1. Initial log-likelihood: -2471.453
Optimal log-likelihood: -2471.453
Parameters optimization took 1 rounds (0.003 sec)
BEST SCORE FOUND : -2471.453
Total tree length: 1.361

Total number of iterations: 102
CPU time used for tree search: 1.794 sec (0h:0m:1s)
Wall-clock time used for tree search: 1.795 sec (0h:0m:1s)
Total CPU time used: 1.821 sec (0h:0m:1s)
Total wall-clock time used: 1.825 sec (0h:0m:1s)

Analysis results written to: 
  IQ-TREE report:                /scratch/ga42vor/simulating_quartets/accuracy_comparision/training3_15/training3_15.fasta.iqtree
  Maximum-likelihood tree:       /scratch/ga42vor/simulating_quartets/accuracy_comparision/training3_15/training3_15.fasta.treefile
  Likelihood distances:          /scratch/ga42vor/simulating_quartets/accuracy_comparision/training3_15/training3_15.fasta.mldist
  Screen log file:               /scratch/ga42vor/simulating_quartets/accuracy_comparision/training3_15/training3_15.fasta.log

Date and Time: Wed May 27 23:03:22 2020
