IQ-TREE multicore version 2.0.5 for Linux 64-bit built May 15 2020
Developed by Bui Quang Minh, Nguyen Lam Tung, Olga Chernomor,
Heiko Schmidt, Dominik Schrempf, Michael Woodhams.

Host:    cip2ryzen1.cip.ph.tum.de (AVX2, FMA3, 15 GB RAM)
Command: ../iqtree-2.0.5-Linux/bin/iqtree2 -s /scratch/ga42vor/simulating_quartets/accuracy_comparision/training2_5/training2_5.fasta -m WAG -redo
Seed:    845124 (Using SPRNG - Scalable Parallel Random Number Generator)
Time:    Wed May 27 23:05:43 2020
Kernel:  AVX+FMA - 1 threads (16 CPU cores detected)

HINT: Use -nt option to specify number of threads because your CPU has 16 cores!
HINT: -nt AUTO will automatically determine the best number of threads to use.

Reading alignment file /scratch/ga42vor/simulating_quartets/accuracy_comparision/training2_5/training2_5.fasta ... Fasta format detected
Alignment most likely contains protein sequences
Alignment has 20 sequences with 200 columns, 113 distinct patterns
79 parsimony-informative, 15 singleton sites, 106 constant sites
         Gap/Ambiguity  Composition  p-value
   1  taxon0     0.00%    passed     91.65%
   2  taxon1     0.00%    passed     77.20%
   3  taxon2     0.00%    passed     86.18%
   4  taxon3     0.00%    passed     99.99%
   5  taxon4     0.00%    passed     99.66%
   6  taxon5     0.00%    passed     99.44%
   7  taxon6     0.00%    passed     99.74%
   8  taxon7     0.00%    passed     99.99%
   9  taxon8     0.00%    passed     99.99%
  10  taxon9     0.00%    passed    100.00%
  11  taxon10    0.00%    passed    100.00%
  12  taxon11    0.00%    passed    100.00%
  13  taxon12    0.00%    passed    100.00%
  14  taxon13    0.00%    passed     99.99%
  15  taxon14    0.00%    passed     99.97%
  16  taxon15    0.00%    passed     99.86%
  17  taxon16    0.00%    passed     99.99%
  18  taxon17    0.00%    passed     99.96%
  19  taxon18    0.00%    passed     99.97%
  20  taxon19    0.00%    passed     99.97%
****  TOTAL      0.00%  0 sequences failed composition chi2 test (p-value<5%; df=19)

Create initial parsimony tree by phylogenetic likelihood library (PLL)... 0.001 seconds

NOTE: 0 MB RAM (0 GB) is required!
Estimate model parameters (epsilon = 0.100)
1. Initial log-likelihood: -2741.756
Optimal log-likelihood: -2737.076
Parameters optimization took 1 rounds (0.004 sec)
Computing ML distances based on estimated model parameters... 0.009 sec
Computing BIONJ tree...
0.000 seconds
Log-likelihood of BIONJ tree: -2737.252
--------------------------------------------------------------------
|             INITIALIZING CANDIDATE TREE SET                      |
--------------------------------------------------------------------
Generating 98 parsimony trees... 0.118 second
Computing log-likelihood of 98 initial trees ... 0.136 seconds
Current best score: -2737.076

Do NNI search on 20 best initial trees
Estimate model parameters (epsilon = 0.100)
BETTER TREE FOUND at iteration 1: -2733.332
Estimate model parameters (epsilon = 0.100)
BETTER TREE FOUND at iteration 2: -2732.295
Iteration 10 / LogL: -2732.299 / Time: 0h:0m:0s
Iteration 20 / LogL: -2732.342 / Time: 0h:0m:0s
Finish initializing candidate tree set (2)
Current best tree score: -2732.295 / CPU time: 0.537
Number of iterations: 20
--------------------------------------------------------------------
|               OPTIMIZING CANDIDATE TREE SET                      |
--------------------------------------------------------------------
Iteration 30 / LogL: -2732.339 / Time: 0h:0m:0s (0h:0m:1s left)
Iteration 40 / LogL: -2732.300 / Time: 0h:0m:0s (0h:0m:1s left)
Iteration 50 / LogL: -2733.367 / Time: 0h:0m:1s (0h:0m:1s left)
Iteration 60 / LogL: -2733.351 / Time: 0h:0m:1s (0h:0m:0s left)
Iteration 70 / LogL: -2732.309 / Time: 0h:0m:1s (0h:0m:0s left)
Iteration 80 / LogL: -2732.454 / Time: 0h:0m:1s (0h:0m:0s left)
Iteration 90 / LogL: -2733.342 / Time: 0h:0m:1s (0h:0m:0s left)
Iteration 100 / LogL: -2733.334 / Time: 0h:0m:1s (0h:0m:0s left)
TREE SEARCH COMPLETED AFTER 103 ITERATIONS / Time: 0h:0m:1s

--------------------------------------------------------------------
|                    FINALIZING TREE SEARCH                        |
--------------------------------------------------------------------
Performs final model parameters optimization
Estimate model parameters (epsilon = 0.010)
1. Initial log-likelihood: -2732.295
Optimal log-likelihood: -2732.295
Parameters optimization took 1 rounds (0.002 sec)
BEST SCORE FOUND : -2732.295
Total tree length: 1.634

Total number of iterations: 103
CPU time used for tree search: 1.915 sec (0h:0m:1s)
Wall-clock time used for tree search: 1.915 sec (0h:0m:1s)
Total CPU time used: 1.945 sec (0h:0m:1s)
Total wall-clock time used: 1.945 sec (0h:0m:1s)

Analysis results written to: 
  IQ-TREE report:                /scratch/ga42vor/simulating_quartets/accuracy_comparision/training2_5/training2_5.fasta.iqtree
  Maximum-likelihood tree:       /scratch/ga42vor/simulating_quartets/accuracy_comparision/training2_5/training2_5.fasta.treefile
  Likelihood distances:          /scratch/ga42vor/simulating_quartets/accuracy_comparision/training2_5/training2_5.fasta.mldist
  Screen log file:               /scratch/ga42vor/simulating_quartets/accuracy_comparision/training2_5/training2_5.fasta.log

Date and Time: Wed May 27 23:05:45 2020
