IQ-TREE multicore version 2.0.5 for Linux 64-bit built May 15 2020
Developed by Bui Quang Minh, Nguyen Lam Tung, Olga Chernomor,
Heiko Schmidt, Dominik Schrempf, Michael Woodhams.

Host:    cip2ryzen1.cip.ph.tum.de (AVX2, FMA3, 15 GB RAM)
Command: ../iqtree-2.0.5-Linux/bin/iqtree2 -s /scratch/ga42vor/simulating_quartets/accuracy_comparision/training3_38/training3_38.fasta -redo -m WAG
Seed:    683943 (Using SPRNG - Scalable Parallel Random Number Generator)
Time:    Thu May 28 17:08:19 2020
Kernel:  AVX+FMA - 1 threads (16 CPU cores detected)

HINT: Use -nt option to specify number of threads because your CPU has 16 cores!
HINT: -nt AUTO will automatically determine the best number of threads to use.

Reading alignment file /scratch/ga42vor/simulating_quartets/accuracy_comparision/training3_38/training3_38.fasta ... Fasta format detected
Alignment most likely contains protein sequences
Alignment has 20 sequences with 200 columns, 200 distinct patterns
180 parsimony-informative, 19 singleton sites, 1 constant sites
         Gap/Ambiguity  Composition  p-value
   1  taxon0     0.00%    passed     73.76%
   2  taxon1     0.00%    passed     58.82%
   3  taxon2     0.00%    passed     22.21%
   4  taxon3     0.00%    passed     92.04%
   5  taxon4     0.00%    passed     68.41%
   6  taxon5     0.00%    passed     41.99%
   7  taxon6     0.00%    passed     96.47%
   8  taxon7     0.00%    passed     66.42%
   9  taxon8     0.00%    passed     78.55%
  10  taxon9     0.00%    passed     96.69%
  11  taxon10    0.00%    passed     87.00%
  12  taxon11    0.00%    passed     95.53%
  13  taxon12    0.00%    passed     94.97%
  14  taxon13    0.00%    passed     97.15%
  15  taxon14    0.00%    passed     95.84%
  16  taxon15    0.00%    passed     99.25%
  17  taxon16    0.00%    passed     29.37%
  18  taxon17    0.00%    passed     98.58%
  19  taxon18    0.00%    passed     90.19%
  20  taxon19    0.00%    passed     35.82%
****  TOTAL      0.00%  0 sequences failed composition chi2 test (p-value<5%; df=19)

Create initial parsimony tree by phylogenetic likelihood library (PLL)... 0.002 seconds

NOTE: 0 MB RAM (0 GB) is required!
Estimate model parameters (epsilon = 0.100)
1. Initial log-likelihood: -7752.238
Optimal log-likelihood: -7707.490
Parameters optimization took 1 rounds (0.006 sec)
Computing ML distances based on estimated model parameters... 0.009 sec
Computing BIONJ tree...
0.000 seconds
Log-likelihood of BIONJ tree: -7709.299
--------------------------------------------------------------------
|             INITIALIZING CANDIDATE TREE SET                      |
--------------------------------------------------------------------
Generating 98 parsimony trees... 0.188 second
Computing log-likelihood of 98 initial trees ... 0.200 seconds
Current best score: -7707.490

Do NNI search on 20 best initial trees
Estimate model parameters (epsilon = 0.100)
BETTER TREE FOUND at iteration 1: -7704.760
Iteration 10 / LogL: -7704.886 / Time: 0h:0m:0s
Iteration 20 / LogL: -7704.901 / Time: 0h:0m:0s
Finish initializing candidate tree set (2)
Current best tree score: -7704.760 / CPU time: 0.837
Number of iterations: 20
--------------------------------------------------------------------
|               OPTIMIZING CANDIDATE TREE SET                      |
--------------------------------------------------------------------
Iteration 30 / LogL: -7704.762 / Time: 0h:0m:1s (0h:0m:2s left)
Iteration 40 / LogL: -7704.762 / Time: 0h:0m:1s (0h:0m:2s left)
Iteration 50 / LogL: -7704.836 / Time: 0h:0m:1s (0h:0m:1s left)
Iteration 60 / LogL: -7705.392 / Time: 0h:0m:2s (0h:0m:1s left)
Iteration 70 / LogL: -7704.762 / Time: 0h:0m:2s (0h:0m:1s left)
Iteration 80 / LogL: -7704.912 / Time: 0h:0m:2s (0h:0m:0s left)
Iteration 90 / LogL: -7704.773 / Time: 0h:0m:2s (0h:0m:0s left)
Iteration 100 / LogL: -7706.170 / Time: 0h:0m:3s (0h:0m:0s left)
TREE SEARCH COMPLETED AFTER 102 ITERATIONS / Time: 0h:0m:3s

--------------------------------------------------------------------
|                    FINALIZING TREE SEARCH                        |
--------------------------------------------------------------------
Performs final model parameters optimization
Estimate model parameters (epsilon = 0.010)
1. Initial log-likelihood: -7704.760
Optimal log-likelihood: -7704.760
Parameters optimization took 1 rounds (0.003 sec)
BEST SCORE FOUND : -7704.760
Total tree length: 8.854

Total number of iterations: 102
CPU time used for tree search: 3.174 sec (0h:0m:3s)
Wall-clock time used for tree search: 3.175 sec (0h:0m:3s)
Total CPU time used: 3.212 sec (0h:0m:3s)
Total wall-clock time used: 3.213 sec (0h:0m:3s)

Analysis results written to: 
  IQ-TREE report:                /scratch/ga42vor/simulating_quartets/accuracy_comparision/training3_38/training3_38.fasta.iqtree
  Maximum-likelihood tree:       /scratch/ga42vor/simulating_quartets/accuracy_comparision/training3_38/training3_38.fasta.treefile
  Likelihood distances:          /scratch/ga42vor/simulating_quartets/accuracy_comparision/training3_38/training3_38.fasta.mldist
  Screen log file:               /scratch/ga42vor/simulating_quartets/accuracy_comparision/training3_38/training3_38.fasta.log

Date and Time: Thu May 28 17:08:22 2020
