IQ-TREE multicore version 2.0.5 for Linux 64-bit built May 15 2020
Developed by Bui Quang Minh, Nguyen Lam Tung, Olga Chernomor,
Heiko Schmidt, Dominik Schrempf, Michael Woodhams.

Host:    cip2ryzen1.cip.ph.tum.de (AVX2, FMA3, 15 GB RAM)
Command: ../iqtree-2.0.5-Linux/bin/iqtree2 -s /scratch/ga42vor/simulating_quartets/accuracy_comparision/training3_32/training3_32.fasta -m WAG -redo
Seed:    682061 (Using SPRNG - Scalable Parallel Random Number Generator)
Time:    Wed May 27 23:04:04 2020
Kernel:  AVX+FMA - 1 threads (16 CPU cores detected)

HINT: Use -nt option to specify number of threads because your CPU has 16 cores!
HINT: -nt AUTO will automatically determine the best number of threads to use.

Reading alignment file /scratch/ga42vor/simulating_quartets/accuracy_comparision/training3_32/training3_32.fasta ... Fasta format detected
Alignment most likely contains protein sequences
Alignment has 20 sequences with 200 columns, 196 distinct patterns
152 parsimony-informative, 36 singleton sites, 12 constant sites
         Gap/Ambiguity  Composition  p-value
   1  taxon0     0.00%    passed     15.59%
   2  taxon1     0.00%    passed     79.71%
   3  taxon2     0.00%    passed     98.76%
   4  taxon3     0.00%    passed     98.84%
   5  taxon4     0.00%    passed     93.42%
   6  taxon5     0.00%    passed     96.58%
   7  taxon6     0.00%    passed     93.45%
   8  taxon7     0.00%    passed     99.10%
   9  taxon8     0.00%    passed     99.68%
  10  taxon9     0.00%    passed     97.13%
  11  taxon10    0.00%    passed     99.45%
  12  taxon11    0.00%    passed     67.76%
  13  taxon12    0.00%    passed     98.04%
  14  taxon13    0.00%    passed     99.82%
  15  taxon14    0.00%    passed    100.00%
  16  taxon15    0.00%    passed     99.94%
  17  taxon16    0.00%    passed     99.93%
  18  taxon17    0.00%    passed     96.57%
  19  taxon18    0.00%    passed     99.55%
  20  taxon19    0.00%    passed    100.00%
****  TOTAL      0.00%  0 sequences failed composition chi2 test (p-value<5%; df=19)

Create initial parsimony tree by phylogenetic likelihood library (PLL)... 0.001 seconds

NOTE: 0 MB RAM (0 GB) is required!
Estimate model parameters (epsilon = 0.100)
1. Initial log-likelihood: -4908.230
Optimal log-likelihood: -4894.958
Parameters optimization took 1 rounds (0.007 sec)
Computing ML distances based on estimated model parameters... 0.010 sec
Computing BIONJ tree...
0.000 seconds
Log-likelihood of BIONJ tree: -4899.091
--------------------------------------------------------------------
|             INITIALIZING CANDIDATE TREE SET                      |
--------------------------------------------------------------------
Generating 98 parsimony trees... 0.156 second
Computing log-likelihood of 98 initial trees ... 0.196 seconds
Current best score: -4886.342

Do NNI search on 20 best initial trees
Estimate model parameters (epsilon = 0.100)
BETTER TREE FOUND at iteration 1: -4885.840
Iteration 10 / LogL: -4885.845 / Time: 0h:0m:0s
Iteration 20 / LogL: -4890.605 / Time: 0h:0m:0s
Finish initializing candidate tree set (5)
Current best tree score: -4885.840 / CPU time: 0.775
Number of iterations: 20
--------------------------------------------------------------------
|               OPTIMIZING CANDIDATE TREE SET                      |
--------------------------------------------------------------------
Iteration 30 / LogL: -4885.842 / Time: 0h:0m:1s (0h:0m:2s left)
Iteration 40 / LogL: -4885.851 / Time: 0h:0m:1s (0h:0m:2s left)
Iteration 50 / LogL: -4889.538 / Time: 0h:0m:1s (0h:0m:1s left)
Iteration 60 / LogL: -4886.370 / Time: 0h:0m:1s (0h:0m:1s left)
Iteration 70 / LogL: -4885.852 / Time: 0h:0m:2s (0h:0m:0s left)
Iteration 80 / LogL: -4885.845 / Time: 0h:0m:2s (0h:0m:0s left)
Iteration 90 / LogL: -4885.911 / Time: 0h:0m:2s (0h:0m:0s left)
Iteration 100 / LogL: -4885.845 / Time: 0h:0m:3s (0h:0m:0s left)
TREE SEARCH COMPLETED AFTER 102 ITERATIONS / Time: 0h:0m:3s

--------------------------------------------------------------------
|                    FINALIZING TREE SEARCH                        |
--------------------------------------------------------------------
Performs final model parameters optimization
Estimate model parameters (epsilon = 0.010)
1. Initial log-likelihood: -4885.840
Optimal log-likelihood: -4885.840
Parameters optimization took 1 rounds (0.003 sec)
BEST SCORE FOUND : -4885.840
Total tree length: 4.606

Total number of iterations: 102
CPU time used for tree search: 3.128 sec (0h:0m:3s)
Wall-clock time used for tree search: 3.129 sec (0h:0m:3s)
Total CPU time used: 3.168 sec (0h:0m:3s)
Total wall-clock time used: 3.173 sec (0h:0m:3s)

Analysis results written to: 
  IQ-TREE report:                /scratch/ga42vor/simulating_quartets/accuracy_comparision/training3_32/training3_32.fasta.iqtree
  Maximum-likelihood tree:       /scratch/ga42vor/simulating_quartets/accuracy_comparision/training3_32/training3_32.fasta.treefile
  Likelihood distances:          /scratch/ga42vor/simulating_quartets/accuracy_comparision/training3_32/training3_32.fasta.mldist
  Screen log file:               /scratch/ga42vor/simulating_quartets/accuracy_comparision/training3_32/training3_32.fasta.log

Date and Time: Wed May 27 23:04:07 2020
