IQ-TREE multicore version 2.0.5 for Linux 64-bit built May 15 2020
Developed by Bui Quang Minh, Nguyen Lam Tung, Olga Chernomor,
Heiko Schmidt, Dominik Schrempf, Michael Woodhams.

Host:    cip2ryzen1.cip.ph.tum.de (AVX2, FMA3, 15 GB RAM)
Command: ../iqtree-2.0.5-Linux/bin/iqtree2 -s /scratch/ga42vor/simulating_quartets/accuracy_comparision/training1_23/training1_23.fasta -redo -m WAG
Seed:    646988 (Using SPRNG - Scalable Parallel Random Number Generator)
Time:    Thu May 28 17:03:53 2020
Kernel:  AVX+FMA - 1 threads (16 CPU cores detected)

HINT: Use -nt option to specify number of threads because your CPU has 16 cores!
HINT: -nt AUTO will automatically determine the best number of threads to use.

Reading alignment file /scratch/ga42vor/simulating_quartets/accuracy_comparision/training1_23/training1_23.fasta ... Fasta format detected
Alignment most likely contains protein sequences
Alignment has 20 sequences with 200 columns, 173 distinct patterns
143 parsimony-informative, 17 singleton sites, 40 constant sites
         Gap/Ambiguity  Composition  p-value
   1  taxon0     0.00%    passed     89.42%
   2  taxon1     0.00%    passed     98.34%
   3  taxon2     0.00%    passed     92.95%
   4  taxon3     0.00%    passed     44.93%
   5  taxon4     0.00%    passed     97.52%
   6  taxon5     0.00%    passed     96.58%
   7  taxon6     0.00%    passed     87.55%
   8  taxon7     0.00%    passed     79.01%
   9  taxon8     0.00%    passed     96.80%
  10  taxon9     0.00%    passed     91.06%
  11  taxon10    0.00%    passed     96.86%
  12  taxon11    0.00%    passed     57.57%
  13  taxon12    0.00%    passed     76.61%
  14  taxon13    0.00%    passed     90.00%
  15  taxon14    0.00%    passed     99.73%
  16  taxon15    0.00%    passed     96.20%
  17  taxon16    0.00%    passed     69.79%
  18  taxon17    0.00%    passed     78.45%
  19  taxon18    0.00%    passed     96.25%
  20  taxon19    0.00%    passed     99.99%
****  TOTAL      0.00%  0 sequences failed composition chi2 test (p-value<5%; df=19)

Create initial parsimony tree by phylogenetic likelihood library (PLL)... 0.002 seconds

NOTE: 0 MB RAM (0 GB) is required!
Estimate model parameters (epsilon = 0.100)
1. Initial log-likelihood: -5625.739
Optimal log-likelihood: -5614.437
Parameters optimization took 1 rounds (0.006 sec)
Computing ML distances based on estimated model parameters... 0.012 sec
Computing BIONJ tree...
0.000 seconds
Log-likelihood of BIONJ tree: -5617.040
--------------------------------------------------------------------
|             INITIALIZING CANDIDATE TREE SET                      |
--------------------------------------------------------------------
Generating 98 parsimony trees... 0.162 second
Computing log-likelihood of 98 initial trees ... 0.196 seconds
Current best score: -5614.437

Do NNI search on 20 best initial trees
Estimate model parameters (epsilon = 0.100)
BETTER TREE FOUND at iteration 1: -5614.437
Iteration 10 / LogL: -5614.447 / Time: 0h:0m:0s
Iteration 20 / LogL: -5614.500 / Time: 0h:0m:0s
Finish initializing candidate tree set (1)
Current best tree score: -5614.437 / CPU time: 0.711
Number of iterations: 20
--------------------------------------------------------------------
|               OPTIMIZING CANDIDATE TREE SET                      |
--------------------------------------------------------------------
Iteration 30 / LogL: -5614.681 / Time: 0h:0m:0s (0h:0m:2s left)
Iteration 40 / LogL: -5614.469 / Time: 0h:0m:1s (0h:0m:1s left)
Iteration 50 / LogL: -5614.520 / Time: 0h:0m:1s (0h:0m:1s left)
Iteration 60 / LogL: -5614.911 / Time: 0h:0m:1s (0h:0m:1s left)
Iteration 70 / LogL: -5614.679 / Time: 0h:0m:1s (0h:0m:0s left)
Iteration 80 / LogL: -5614.455 / Time: 0h:0m:2s (0h:0m:0s left)
Iteration 90 / LogL: -5614.494 / Time: 0h:0m:2s (0h:0m:0s left)
Iteration 100 / LogL: -5614.686 / Time: 0h:0m:2s (0h:0m:0s left)
TREE SEARCH COMPLETED AFTER 102 ITERATIONS / Time: 0h:0m:2s

--------------------------------------------------------------------
|                    FINALIZING TREE SEARCH                        |
--------------------------------------------------------------------
Performs final model parameters optimization
Estimate model parameters (epsilon = 0.010)
1. Initial log-likelihood: -5614.437
Optimal log-likelihood: -5614.437
Parameters optimization took 1 rounds (0.004 sec)
BEST SCORE FOUND : -5614.437
Total tree length: 4.980

Total number of iterations: 102
CPU time used for tree search: 2.662 sec (0h:0m:2s)
Wall-clock time used for tree search: 2.663 sec (0h:0m:2s)
Total CPU time used: 2.702 sec (0h:0m:2s)
Total wall-clock time used: 2.702 sec (0h:0m:2s)

Analysis results written to: 
  IQ-TREE report:                /scratch/ga42vor/simulating_quartets/accuracy_comparision/training1_23/training1_23.fasta.iqtree
  Maximum-likelihood tree:       /scratch/ga42vor/simulating_quartets/accuracy_comparision/training1_23/training1_23.fasta.treefile
  Likelihood distances:          /scratch/ga42vor/simulating_quartets/accuracy_comparision/training1_23/training1_23.fasta.mldist
  Screen log file:               /scratch/ga42vor/simulating_quartets/accuracy_comparision/training1_23/training1_23.fasta.log

Date and Time: Thu May 28 17:03:56 2020
