IQ-TREE multicore version 2.0.5 for Linux 64-bit built May 15 2020
Developed by Bui Quang Minh, Nguyen Lam Tung, Olga Chernomor,
Heiko Schmidt, Dominik Schrempf, Michael Woodhams.

Host:    cip2ryzen1.cip.ph.tum.de (AVX2, FMA3, 15 GB RAM)
Command: ../iqtree-2.0.5-Linux/bin/iqtree2 -s /scratch/ga42vor/simulating_quartets/accuracy_comparision/ts111/ts111.fasta -m WAG -redo
Seed:    627574 (Using SPRNG - Scalable Parallel Random Number Generator)
Time:    Wed May 27 23:13:29 2020
Kernel:  AVX+FMA - 1 threads (16 CPU cores detected)

HINT: Use -nt option to specify number of threads because your CPU has 16 cores!
HINT: -nt AUTO will automatically determine the best number of threads to use.

Reading alignment file /scratch/ga42vor/simulating_quartets/accuracy_comparision/ts111/ts111.fasta ... Fasta format detected
Alignment most likely contains protein sequences
Alignment has 20 sequences with 200 columns, 141 distinct patterns
112 parsimony-informative, 13 singleton sites, 75 constant sites
         Gap/Ambiguity  Composition  p-value
   1  taxon0     0.00%    passed     68.12%
   2  taxon1     0.00%    passed     68.46%
   3  taxon2     0.00%    passed     95.82%
   4  taxon3     0.00%    passed     89.00%
   5  taxon4     0.00%    passed     99.31%
   6  taxon5     0.00%    passed     99.84%
   7  taxon6     0.00%    passed     89.87%
   8  taxon7     0.00%    passed     94.71%
   9  taxon8     0.00%    passed     98.35%
  10  taxon9     0.00%    passed     98.41%
  11  taxon10    0.00%    passed     99.52%
  12  taxon11    0.00%    passed     99.45%
  13  taxon12    0.00%    passed     99.93%
  14  taxon13    0.00%    passed     94.14%
  15  taxon14    0.00%    passed     99.75%
  16  taxon15    0.00%    passed     96.66%
  17  taxon16    0.00%    passed     90.46%
  18  taxon17    0.00%    passed     76.19%
  19  taxon18    0.00%    passed     99.96%
  20  taxon19    0.00%    passed     99.72%
****  TOTAL      0.00%  0 sequences failed composition chi2 test (p-value<5%; df=19)

Create initial parsimony tree by phylogenetic likelihood library (PLL)... 0.001 seconds

NOTE: 0 MB RAM (0 GB) is required!
Estimate model parameters (epsilon = 0.100)
1. Initial log-likelihood: -4344.203
Optimal log-likelihood: -4331.530
Parameters optimization took 1 rounds (0.005 sec)
Computing ML distances based on estimated model parameters... 0.011 sec
Computing BIONJ tree...
0.000 seconds
Log-likelihood of BIONJ tree: -4335.049
--------------------------------------------------------------------
|             INITIALIZING CANDIDATE TREE SET                      |
--------------------------------------------------------------------
Generating 98 parsimony trees... 0.111 second
Computing log-likelihood of 98 initial trees ... 0.156 seconds
Current best score: -4331.530

Do NNI search on 20 best initial trees
Estimate model parameters (epsilon = 0.100)
BETTER TREE FOUND at iteration 1: -4329.724
