IQ-TREE multicore version 2.0.5 for Linux 64-bit built May 15 2020
Developed by Bui Quang Minh, Nguyen Lam Tung, Olga Chernomor,
Heiko Schmidt, Dominik Schrempf, Michael Woodhams.

Host:    cip2ryzen1.cip.ph.tum.de (AVX2, FMA3, 15 GB RAM)
Command: ../iqtree-2.0.5-Linux/bin/iqtree2 -s /scratch/ga42vor/simulating_quartets/accuracy_comparision/training1_nohet_24/training1_nohet_24.fasta -redo -m WAG
Seed:    63045 (Using SPRNG - Scalable Parallel Random Number Generator)
Time:    Thu May 28 17:09:32 2020
Kernel:  AVX+FMA - 1 threads (16 CPU cores detected)

HINT: Use -nt option to specify number of threads because your CPU has 16 cores!
HINT: -nt AUTO will automatically determine the best number of threads to use.

Reading alignment file /scratch/ga42vor/simulating_quartets/accuracy_comparision/training1_nohet_24/training1_nohet_24.fasta ... Fasta format detected
Alignment most likely contains protein sequences
Alignment has 20 sequences with 200 columns, 61 distinct patterns
41 parsimony-informative, 2 singleton sites, 157 constant sites
         Gap/Ambiguity  Composition  p-value
   1  taxon0     0.00%    passed    100.00%
   2  taxon1     0.00%    passed    100.00%
   3  taxon2     0.00%    passed    100.00%
   4  taxon3     0.00%    passed    100.00%
   5  taxon4     0.00%    passed    100.00%
   6  taxon5     0.00%    passed    100.00%
   7  taxon6     0.00%    passed    100.00%
   8  taxon7     0.00%    passed    100.00%
   9  taxon8     0.00%    passed    100.00%
  10  taxon9     0.00%    passed    100.00%
  11  taxon10    0.00%    passed    100.00%
  12  taxon11    0.00%    passed    100.00%
  13  taxon12    0.00%    passed    100.00%
  14  taxon13    0.00%    passed    100.00%
  15  taxon14    0.00%    passed    100.00%
  16  taxon15    0.00%    passed    100.00%
  17  taxon16    0.00%    passed    100.00%
  18  taxon17    0.00%    passed    100.00%
  19  taxon18    0.00%    passed     99.81%
  20  taxon19    0.00%    passed     98.40%
****  TOTAL      0.00%  0 sequences failed composition chi2 test (p-value<5%; df=19)
NOTE: taxon5 is identical to taxon3 but kept for subsequent analysis
NOTE: taxon11 is identical to taxon10 but kept for subsequent analysis
NOTE: taxon13 is identical to taxon12 but kept for subsequent analysis
NOTE: taxon17 is identical to taxon15 but kept for subsequent analysis
NOTE: 2 identical sequences (see below) will be ignored for subsequent analysis
NOTE: taxon6 (identical to taxon3) is ignored but added at the end
NOTE: taxon14 (identical to taxon12) is ignored but added at the end
Alignment was printed to /scratch/ga42vor/simulating_quartets/accuracy_comparision/training1_nohet_24/training1_nohet_24.fasta.uniqueseq.phy

For your convenience alignment with unique sequences printed to /scratch/ga42vor/simulating_quartets/accuracy_comparision/training1_nohet_24/training1_nohet_24.fasta.uniqueseq.phy

Create initial parsimony tree by phylogenetic likelihood library (PLL)... 0.000 seconds

NOTE: 0 MB RAM (0 GB) is required!
Estimate model parameters (epsilon = 0.100)
1. Initial log-likelihood: -999.360
Optimal log-likelihood: -997.608
Parameters optimization took 1 rounds (0.002 sec)
Computing ML distances based on estimated model parameters... 0.005 sec
Computing BIONJ tree...
0.000 seconds
Log-likelihood of BIONJ tree: -997.611
--------------------------------------------------------------------
|             INITIALIZING CANDIDATE TREE SET                      |
--------------------------------------------------------------------
Generating 98 parsimony trees... 0.061 second
Computing log-likelihood of 98 initial trees ... 0.073 seconds
Current best score: -997.608

Do NNI search on 20 best initial trees
Estimate model parameters (epsilon = 0.100)
BETTER TREE FOUND at iteration 1: -997.608
Iteration 10 / LogL: -997.608 / Time: 0h:0m:0s
Iteration 20 / LogL: -997.608 / Time: 0h:0m:0s
Finish initializing candidate tree set (6)
Current best tree score: -997.608 / CPU time: 0.237
Number of iterations: 20
--------------------------------------------------------------------
|               OPTIMIZING CANDIDATE TREE SET                      |
--------------------------------------------------------------------
Iteration 30 / LogL: -997.609 / Time: 0h:0m:0s (0h:0m:0s left)
BETTER TREE FOUND at iteration 33: -997.608
UPDATE BEST LOG-LIKELIHOOD: -997.608
Iteration 40 / LogL: -997.610 / Time: 0h:0m:0s (0h:0m:1s left)
Iteration 50 / LogL: -997.750 / Time: 0h:0m:0s (0h:0m:0s left)
Iteration 60 / LogL: -1004.269 / Time: 0h:0m:0s (0h:0m:0s left)
Iteration 70 / LogL: -997.609 / Time: 0h:0m:0s (0h:0m:0s left)
Iteration 80 / LogL: -997.609 / Time: 0h:0m:0s (0h:0m:0s left)
Iteration 90 / LogL: -1005.521 / Time: 0h:0m:0s (0h:0m:0s left)
Iteration 100 / LogL: -997.609 / Time: 0h:0m:1s (0h:0m:0s left)
Iteration 110 / LogL: -997.609 / Time: 0h:0m:1s (0h:0m:0s left)
Iteration 120 / LogL: -1005.456 / Time: 0h:0m:1s (0h:0m:0s left)
Iteration 130 / LogL: -997.609 / Time: 0h:0m:1s (0h:0m:0s left)
TREE SEARCH COMPLETED AFTER 134 ITERATIONS / Time: 0h:0m:1s

--------------------------------------------------------------------
|                    FINALIZING TREE SEARCH                        |
--------------------------------------------------------------------
Performs final model parameters optimization
Estimate model parameters (epsilon = 0.010)
1. Initial log-likelihood: -997.608
Optimal log-likelihood: -997.608
Parameters optimization took 1 rounds (0.001 sec)
BEST SCORE FOUND : -997.608
Total tree length: 0.308

Total number of iterations: 134
CPU time used for tree search: 1.406 sec (0h:0m:1s)
Wall-clock time used for tree search: 1.407 sec (0h:0m:1s)
Total CPU time used: 1.433 sec (0h:0m:1s)
Total wall-clock time used: 1.433 sec (0h:0m:1s)

Analysis results written to: 
  IQ-TREE report:                /scratch/ga42vor/simulating_quartets/accuracy_comparision/training1_nohet_24/training1_nohet_24.fasta.iqtree
  Maximum-likelihood tree:       /scratch/ga42vor/simulating_quartets/accuracy_comparision/training1_nohet_24/training1_nohet_24.fasta.treefile
  Likelihood distances:          /scratch/ga42vor/simulating_quartets/accuracy_comparision/training1_nohet_24/training1_nohet_24.fasta.mldist
  Screen log file:               /scratch/ga42vor/simulating_quartets/accuracy_comparision/training1_nohet_24/training1_nohet_24.fasta.log

Date and Time: Thu May 28 17:09:33 2020
