IQ-TREE multicore version 2.0.5 for Linux 64-bit built May 15 2020
Developed by Bui Quang Minh, Nguyen Lam Tung, Olga Chernomor,
Heiko Schmidt, Dominik Schrempf, Michael Woodhams.

Host:    cip2ryzen1.cip.ph.tum.de (AVX2, FMA3, 15 GB RAM)
Command: ../iqtree-2.0.5-Linux/bin/iqtree2 -s /scratch/ga42vor/simulating_quartets/accuracy_comparision/t3/t3.fasta -redo
Seed:    950688 (Using SPRNG - Scalable Parallel Random Number Generator)
Time:    Thu May 28 03:14:40 2020
Kernel:  AVX+FMA - 1 threads (16 CPU cores detected)

HINT: Use -nt option to specify number of threads because your CPU has 16 cores!
HINT: -nt AUTO will automatically determine the best number of threads to use.

Reading alignment file /scratch/ga42vor/simulating_quartets/accuracy_comparision/t3/t3.fasta ... Fasta format detected
Alignment most likely contains protein sequences
Alignment has 20 sequences with 200 columns, 149 distinct patterns
123 parsimony-informative, 12 singleton sites, 65 constant sites
         Gap/Ambiguity  Composition  p-value
   1  taxon0     0.00%    passed     99.92%
   2  taxon1     0.00%    passed     88.80%
   3  taxon2     0.00%    passed     96.39%
   4  taxon3     0.00%    passed     97.34%
   5  taxon4     0.00%    passed     95.39%
   6  taxon5     0.00%    passed     94.39%
   7  taxon6     0.00%    passed     97.61%
   8  taxon7     0.00%    passed     98.37%
   9  taxon8     0.00%    passed     82.39%
  10  taxon9     0.00%    passed     99.42%
  11  taxon10    0.00%    passed     97.40%
  12  taxon11    0.00%    passed     98.99%
  13  taxon12    0.00%    passed     85.02%
  14  taxon13    0.00%    passed     69.70%
  15  taxon14    0.00%    passed     85.68%
  16  taxon15    0.00%    passed     99.94%
  17  taxon16    0.00%    passed     95.60%
  18  taxon17    0.00%    passed     71.18%
  19  taxon18    0.00%    passed     98.47%
  20  taxon19    0.00%    passed     98.90%
****  TOTAL      0.00%  0 sequences failed composition chi2 test (p-value<5%; df=19)


Create initial parsimony tree by phylogenetic likelihood library (PLL)... 0.002 seconds
Perform fast likelihood tree search using LG+I+G model...
Estimate model parameters (epsilon = 5.000)
Perform nearest neighbor interchange...
Estimate model parameters (epsilon = 1.000)
1. Initial log-likelihood: -4486.053
Optimal log-likelihood: -4486.015
Proportion of invariable sites: 0.191
Gamma shape alpha: 0.848
Parameters optimization took 1 rounds (0.019 sec)
Time for fast ML tree search: 0.108 seconds

NOTE: ModelFinder requires 5 MB RAM!
ModelFinder will test up to 546 protein models (sample size: 200) ...
 No. Model         -LnL         df  AIC          AICc         BIC
  1  LG            4796.463     37  9666.926     9684.284     9788.963
  2  LG+I          4581.706     38  9239.411     9257.821     9364.747
  3  LG+G4         4488.328     38  9052.657     9071.067     9177.993
  4  LG+I+G4       4486.008     39  9050.015     9069.515     9178.650
  5  LG+R2         4488.439     39  9054.878     9074.378     9183.513
  6  LG+R3         4475.354     41  9032.708     9054.506     9167.939
  7  LG+R4         4475.361     43  9036.722     9060.979     9178.550
 19  LG+F+R3       4420.741     60  8961.481     9014.143     9159.380
 32  WAG+R3        4461.688     41  9005.376     9027.173     9140.607
 45  WAG+F+R3      4396.838     60  8913.676     8966.338     9111.575
 58  JTT+R3        4453.874     41  8989.748     9011.546     9124.979
 71  JTT+F+R3      4400.616     60  8921.233     8973.895     9119.132
