IQ-TREE multicore version 2.0.5 for Linux 64-bit built May 15 2020
Developed by Bui Quang Minh, Nguyen Lam Tung, Olga Chernomor,
Heiko Schmidt, Dominik Schrempf, Michael Woodhams.

Host:    cip2ryzen1.cip.ph.tum.de (AVX2, FMA3, 15 GB RAM)
Command: ../iqtree-2.0.5-Linux/bin/iqtree2 -s /scratch/ga42vor/simulating_quartets/accuracy_comparision/training3_44/training3_44.fasta -m WAG -redo
Seed:    871222 (Using SPRNG - Scalable Parallel Random Number Generator)
Time:    Wed May 27 23:04:34 2020
Kernel:  AVX+FMA - 1 threads (16 CPU cores detected)

HINT: Use -nt option to specify number of threads because your CPU has 16 cores!
HINT: -nt AUTO will automatically determine the best number of threads to use.

Reading alignment file /scratch/ga42vor/simulating_quartets/accuracy_comparision/training3_44/training3_44.fasta ... Fasta format detected
Alignment most likely contains protein sequences
Alignment has 20 sequences with 200 columns, 139 distinct patterns
109 parsimony-informative, 17 singleton sites, 74 constant sites
         Gap/Ambiguity  Composition  p-value
   1  taxon0     0.00%    passed     99.80%
   2  taxon1     0.00%    passed     99.94%
   3  taxon2     0.00%    passed     99.97%
   4  taxon3     0.00%    passed     97.83%
   5  taxon4     0.00%    passed     97.95%
   6  taxon5     0.00%    passed     74.07%
   7  taxon6     0.00%    passed     96.93%
   8  taxon7     0.00%    passed     94.61%
   9  taxon8     0.00%    passed     89.83%
  10  taxon9     0.00%    passed     99.96%
  11  taxon10    0.00%    passed     97.97%
  12  taxon11    0.00%    passed     99.98%
  13  taxon12    0.00%    passed     99.36%
  14  taxon13    0.00%    passed     99.99%
  15  taxon14    0.00%    passed     99.73%
  16  taxon15    0.00%    passed     99.24%
  17  taxon16    0.00%    passed     95.63%
  18  taxon17    0.00%    passed     99.86%
  19  taxon18    0.00%    passed     96.71%
  20  taxon19    0.00%    passed     97.55%
****  TOTAL      0.00%  0 sequences failed composition chi2 test (p-value<5%; df=19)

Create initial parsimony tree by phylogenetic likelihood library (PLL)... 0.001 seconds

NOTE: 0 MB RAM (0 GB) is required!
Estimate model parameters (epsilon = 0.100)
1. Initial log-likelihood: -3651.354
Optimal log-likelihood: -3639.985
Parameters optimization took 1 rounds (0.005 sec)
Computing ML distances based on estimated model parameters... 0.009 sec
Computing BIONJ tree...
0.000 seconds
Log-likelihood of BIONJ tree: -3650.616
--------------------------------------------------------------------
|             INITIALIZING CANDIDATE TREE SET                      |
--------------------------------------------------------------------
Generating 98 parsimony trees... 0.124 second
Computing log-likelihood of 98 initial trees ... 0.158 seconds
Current best score: -3639.985

Do NNI search on 20 best initial trees
Estimate model parameters (epsilon = 0.100)
BETTER TREE FOUND at iteration 1: -3638.711
Estimate model parameters (epsilon = 0.100)
BETTER TREE FOUND at iteration 8: -3638.685
Iteration 10 / LogL: -3639.191 / Time: 0h:0m:0s
Iteration 20 / LogL: -3638.711 / Time: 0h:0m:0s
Finish initializing candidate tree set (7)
Current best tree score: -3638.685 / CPU time: 0.652
Number of iterations: 20
--------------------------------------------------------------------
|               OPTIMIZING CANDIDATE TREE SET                      |
--------------------------------------------------------------------
UPDATE BEST LOG-LIKELIHOOD: -3638.685
Iteration 30 / LogL: -3638.711 / Time: 0h:0m:0s (0h:0m:2s left)
Iteration 40 / LogL: -3638.714 / Time: 0h:0m:1s (0h:0m:2s left)
Iteration 50 / LogL: -3639.189 / Time: 0h:0m:1s (0h:0m:1s left)
Iteration 60 / LogL: -3638.711 / Time: 0h:0m:1s (0h:0m:1s left)
Iteration 70 / LogL: -3638.711 / Time: 0h:0m:1s (0h:0m:1s left)
Iteration 80 / LogL: -3638.712 / Time: 0h:0m:2s (0h:0m:0s left)
Iteration 90 / LogL: -3640.457 / Time: 0h:0m:2s (0h:0m:0s left)
Iteration 100 / LogL: -3638.804 / Time: 0h:0m:2s (0h:0m:0s left)
TREE SEARCH COMPLETED AFTER 109 ITERATIONS / Time: 0h:0m:3s

--------------------------------------------------------------------
|                    FINALIZING TREE SEARCH                        |
--------------------------------------------------------------------
Performs final model parameters optimization
Estimate model parameters (epsilon = 0.010)
1. Initial log-likelihood: -3638.685
Optimal log-likelihood: -3638.685
Parameters optimization took 1 rounds (0.002 sec)
BEST SCORE FOUND : -3638.685
Total tree length: 2.601

Total number of iterations: 109
CPU time used for tree search: 3.000 sec (0h:0m:2s)
Wall-clock time used for tree search: 3.000 sec (0h:0m:3s)
Total CPU time used: 3.035 sec (0h:0m:3s)
Total wall-clock time used: 3.036 sec (0h:0m:3s)

Analysis results written to: 
  IQ-TREE report:                /scratch/ga42vor/simulating_quartets/accuracy_comparision/training3_44/training3_44.fasta.iqtree
  Maximum-likelihood tree:       /scratch/ga42vor/simulating_quartets/accuracy_comparision/training3_44/training3_44.fasta.treefile
  Likelihood distances:          /scratch/ga42vor/simulating_quartets/accuracy_comparision/training3_44/training3_44.fasta.mldist
  Screen log file:               /scratch/ga42vor/simulating_quartets/accuracy_comparision/training3_44/training3_44.fasta.log

Date and Time: Wed May 27 23:04:37 2020
