IQ-TREE multicore version 2.0.5 for Linux 64-bit built May 15 2020
Developed by Bui Quang Minh, Nguyen Lam Tung, Olga Chernomor,
Heiko Schmidt, Dominik Schrempf, Michael Woodhams.

Host:    cip2ryzen1.cip.ph.tum.de (AVX2, FMA3, 15 GB RAM)
Command: ../iqtree-2.0.5-Linux/bin/iqtree2 -s /scratch/ga42vor/simulating_quartets/accuracy_comparision/training1_nohet_49/training1_nohet_49.fasta -redo -m WAG
Seed:    828024 (Using SPRNG - Scalable Parallel Random Number Generator)
Time:    Thu May 28 17:10:18 2020
Kernel:  AVX+FMA - 1 threads (16 CPU cores detected)

HINT: Use -nt option to specify number of threads because your CPU has 16 cores!
HINT: -nt AUTO will automatically determine the best number of threads to use.

Reading alignment file /scratch/ga42vor/simulating_quartets/accuracy_comparision/training1_nohet_49/training1_nohet_49.fasta ... Fasta format detected
Alignment most likely contains protein sequences
Alignment has 20 sequences with 200 columns, 113 distinct patterns
84 parsimony-informative, 13 singleton sites, 103 constant sites
         Gap/Ambiguity  Composition  p-value
   1  taxon0     0.00%    passed     99.60%
   2  taxon1     0.00%    passed    100.00%
   3  taxon2     0.00%    passed     99.99%
   4  taxon3     0.00%    passed    100.00%
   5  taxon4     0.00%    passed     99.99%
   6  taxon5     0.00%    passed     99.78%
   7  taxon6     0.00%    passed     99.97%
   8  taxon7     0.00%    passed     99.99%
   9  taxon8     0.00%    passed    100.00%
  10  taxon9     0.00%    passed    100.00%
  11  taxon10    0.00%    passed     99.99%
  12  taxon11    0.00%    passed    100.00%
  13  taxon12    0.00%    passed    100.00%
  14  taxon13    0.00%    passed    100.00%
  15  taxon14    0.00%    passed    100.00%
  16  taxon15    0.00%    passed    100.00%
  17  taxon16    0.00%    passed    100.00%
  18  taxon17    0.00%    passed    100.00%
  19  taxon18    0.00%    passed    100.00%
  20  taxon19    0.00%    passed    100.00%
****  TOTAL      0.00%  0 sequences failed composition chi2 test (p-value<5%; df=19)

Create initial parsimony tree by phylogenetic likelihood library (PLL)... 0.001 seconds

NOTE: 0 MB RAM (0 GB) is required!
Estimate model parameters (epsilon = 0.100)
1. Initial log-likelihood: -2066.301
Optimal log-likelihood: -2060.278
Parameters optimization took 1 rounds (0.004 sec)
Computing ML distances based on estimated model parameters... 0.008 sec
Computing BIONJ tree...
0.000 seconds
Log-likelihood of BIONJ tree: -2060.278
--------------------------------------------------------------------
|             INITIALIZING CANDIDATE TREE SET                      |
--------------------------------------------------------------------
Generating 99 parsimony trees... 0.132 second
Computing log-likelihood of 99 initial trees ... 0.142 seconds
Current best score: -2059.645

Do NNI search on 20 best initial trees
Estimate model parameters (epsilon = 0.100)
BETTER TREE FOUND at iteration 1: -2059.548
Estimate model parameters (epsilon = 0.100)
BETTER TREE FOUND at iteration 3: -2056.702
Iteration 10 / LogL: -2056.711 / Time: 0h:0m:0s
Iteration 20 / LogL: -2059.567 / Time: 0h:0m:0s
Finish initializing candidate tree set (3)
Current best tree score: -2056.702 / CPU time: 0.541
Number of iterations: 20
--------------------------------------------------------------------
|               OPTIMIZING CANDIDATE TREE SET                      |
--------------------------------------------------------------------
Iteration 30 / LogL: -2060.295 / Time: 0h:0m:0s (0h:0m:1s left)
Iteration 40 / LogL: -2060.302 / Time: 0h:0m:0s (0h:0m:1s left)
Iteration 50 / LogL: -2059.549 / Time: 0h:0m:1s (0h:0m:1s left)
Iteration 60 / LogL: -2059.557 / Time: 0h:0m:1s (0h:0m:0s left)
Iteration 70 / LogL: -2059.637 / Time: 0h:0m:1s (0h:0m:0s left)
Iteration 80 / LogL: -2056.711 / Time: 0h:0m:1s (0h:0m:0s left)
Iteration 90 / LogL: -2060.279 / Time: 0h:0m:1s (0h:0m:0s left)
Iteration 100 / LogL: -2059.648 / Time: 0h:0m:2s (0h:0m:0s left)
TREE SEARCH COMPLETED AFTER 104 ITERATIONS / Time: 0h:0m:2s

--------------------------------------------------------------------
|                    FINALIZING TREE SEARCH                        |
--------------------------------------------------------------------
Performs final model parameters optimization
Estimate model parameters (epsilon = 0.010)
1. Initial log-likelihood: -2056.702
Optimal log-likelihood: -2056.702
Parameters optimization took 1 rounds (0.002 sec)
BEST SCORE FOUND : -2056.702
Total tree length: 1.098

Total number of iterations: 104
CPU time used for tree search: 2.058 sec (0h:0m:2s)
Wall-clock time used for tree search: 2.059 sec (0h:0m:2s)
Total CPU time used: 2.087 sec (0h:0m:2s)
Total wall-clock time used: 2.088 sec (0h:0m:2s)

Analysis results written to: 
  IQ-TREE report:                /scratch/ga42vor/simulating_quartets/accuracy_comparision/training1_nohet_49/training1_nohet_49.fasta.iqtree
  Maximum-likelihood tree:       /scratch/ga42vor/simulating_quartets/accuracy_comparision/training1_nohet_49/training1_nohet_49.fasta.treefile
  Likelihood distances:          /scratch/ga42vor/simulating_quartets/accuracy_comparision/training1_nohet_49/training1_nohet_49.fasta.mldist
  Screen log file:               /scratch/ga42vor/simulating_quartets/accuracy_comparision/training1_nohet_49/training1_nohet_49.fasta.log

Date and Time: Thu May 28 17:10:20 2020
