IQ-TREE multicore version 2.0.5 for Linux 64-bit built May 15 2020
Developed by Bui Quang Minh, Nguyen Lam Tung, Olga Chernomor,
Heiko Schmidt, Dominik Schrempf, Michael Woodhams.

Host:    cip2ryzen1.cip.ph.tum.de (AVX2, FMA3, 15 GB RAM)
Command: ../iqtree-2.0.5-Linux/bin/iqtree2 -s /scratch/ga42vor/simulating_quartets/accuracy_comparision/t15/t15.fasta -m WAG -redo
Seed:    943597 (Using SPRNG - Scalable Parallel Random Number Generator)
Time:    Wed May 27 22:59:35 2020
Kernel:  AVX+FMA - 1 threads (16 CPU cores detected)

HINT: Use -nt option to specify number of threads because your CPU has 16 cores!
HINT: -nt AUTO will automatically determine the best number of threads to use.

Reading alignment file /scratch/ga42vor/simulating_quartets/accuracy_comparision/t15/t15.fasta ... Fasta format detected
Alignment most likely contains protein sequences
Alignment has 20 sequences with 200 columns, 200 distinct patterns
200 parsimony-informative, 0 singleton sites, 0 constant sites
         Gap/Ambiguity  Composition  p-value
   1  taxon0     0.00%    passed     37.71%
   2  taxon1     0.00%    passed     83.08%
   3  taxon2     0.00%    passed     96.00%
   4  taxon3     0.00%    passed     70.79%
   5  taxon4     0.00%    passed     77.44%
   6  taxon5     0.00%    passed     47.40%
   7  taxon6     0.00%    failed      2.87%
   8  taxon7     0.00%    passed     30.01%
   9  taxon8     0.00%    passed     49.82%
  10  taxon9     0.00%    passed     15.73%
  11  taxon10    0.00%    failed      0.68%
  12  taxon11    0.00%    passed     27.35%
  13  taxon12    0.00%    passed     72.90%
  14  taxon13    0.00%    passed     53.56%
  15  taxon14    0.00%    passed     95.62%
  16  taxon15    0.00%    passed     53.56%
  17  taxon16    0.00%    passed     39.60%
  18  taxon17    0.00%    passed     31.84%
  19  taxon18    0.00%    passed     92.45%
  20  taxon19    0.00%    passed     91.58%
****  TOTAL      0.00%  2 sequences failed composition chi2 test (p-value<5%; df=19)

Create initial parsimony tree by phylogenetic likelihood library (PLL)... 0.001 seconds

NOTE: 0 MB RAM (0 GB) is required!
Estimate model parameters (epsilon = 0.100)
1. Initial log-likelihood: -9993.248
Optimal log-likelihood: -9958.475
Parameters optimization took 1 rounds (0.007 sec)
Computing ML distances based on estimated model parameters... 0.016 sec
WARNING: Some pairwise ML distances are too long (saturated)
Computing BIONJ tree...
0.000 seconds
Log-likelihood of BIONJ tree: -10009.051
--------------------------------------------------------------------
|             INITIALIZING CANDIDATE TREE SET                      |
--------------------------------------------------------------------
Generating 98 parsimony trees... 0.161 second
Computing log-likelihood of 98 initial trees ... 0.210 seconds
Current best score: -9958.475

Do NNI search on 20 best initial trees
Estimate model parameters (epsilon = 0.100)
BETTER TREE FOUND at iteration 1: -9955.462
Iteration 10 / LogL: -9955.467 / Time: 0h:0m:0s
Iteration 20 / LogL: -9955.632 / Time: 0h:0m:0s
Finish initializing candidate tree set (2)
Current best tree score: -9955.462 / CPU time: 0.887
Number of iterations: 20
--------------------------------------------------------------------
|               OPTIMIZING CANDIDATE TREE SET                      |
--------------------------------------------------------------------
Iteration 30 / LogL: -9955.596 / Time: 0h:0m:1s (0h:0m:2s left)
Iteration 40 / LogL: -9955.479 / Time: 0h:0m:1s (0h:0m:2s left)
Iteration 50 / LogL: -9955.539 / Time: 0h:0m:1s (0h:0m:1s left)
Iteration 60 / LogL: -9955.518 / Time: 0h:0m:2s (0h:0m:1s left)
Iteration 70 / LogL: -9955.625 / Time: 0h:0m:2s (0h:0m:1s left)
Iteration 80 / LogL: -9955.470 / Time: 0h:0m:2s (0h:0m:0s left)
Iteration 90 / LogL: -9956.020 / Time: 0h:0m:3s (0h:0m:0s left)
Iteration 100 / LogL: -9955.503 / Time: 0h:0m:3s (0h:0m:0s left)
TREE SEARCH COMPLETED AFTER 102 ITERATIONS / Time: 0h:0m:3s

--------------------------------------------------------------------
|                    FINALIZING TREE SEARCH                        |
--------------------------------------------------------------------
Performs final model parameters optimization
Estimate model parameters (epsilon = 0.010)
1. Initial log-likelihood: -9955.462
Optimal log-likelihood: -9955.462
Parameters optimization took 1 rounds (0.003 sec)
BEST SCORE FOUND : -9955.462
Total tree length: 14.052

Total number of iterations: 102
CPU time used for tree search: 3.359 sec (0h:0m:3s)
Wall-clock time used for tree search: 3.359 sec (0h:0m:3s)
Total CPU time used: 3.405 sec (0h:0m:3s)
Total wall-clock time used: 3.406 sec (0h:0m:3s)

Analysis results written to: 
  IQ-TREE report:                /scratch/ga42vor/simulating_quartets/accuracy_comparision/t15/t15.fasta.iqtree
  Maximum-likelihood tree:       /scratch/ga42vor/simulating_quartets/accuracy_comparision/t15/t15.fasta.treefile
  Likelihood distances:          /scratch/ga42vor/simulating_quartets/accuracy_comparision/t15/t15.fasta.mldist
  Screen log file:               /scratch/ga42vor/simulating_quartets/accuracy_comparision/t15/t15.fasta.log

Date and Time: Wed May 27 22:59:39 2020
