IQ-TREE multicore version 2.0.5 for Linux 64-bit built May 15 2020
Developed by Bui Quang Minh, Nguyen Lam Tung, Olga Chernomor,
Heiko Schmidt, Dominik Schrempf, Michael Woodhams.

Host:    cip2ryzen1.cip.ph.tum.de (AVX2, FMA3, 15 GB RAM)
Command: ../iqtree-2.0.5-Linux/bin/iqtree2 -s /scratch/ga42vor/simulating_quartets/accuracy_comparision/training2_15/training2_15.fasta -m WAG -redo
Seed:    309178 (Using SPRNG - Scalable Parallel Random Number Generator)
Time:    Wed May 27 23:06:07 2020
Kernel:  AVX+FMA - 1 threads (16 CPU cores detected)

HINT: Use -nt option to specify number of threads because your CPU has 16 cores!
HINT: -nt AUTO will automatically determine the best number of threads to use.

Reading alignment file /scratch/ga42vor/simulating_quartets/accuracy_comparision/training2_15/training2_15.fasta ... Fasta format detected
Alignment most likely contains protein sequences
Alignment has 20 sequences with 200 columns, 136 distinct patterns
93 parsimony-informative, 25 singleton sites, 82 constant sites
         Gap/Ambiguity  Composition  p-value
   1  taxon0     0.00%    passed     99.78%
   2  taxon1     0.00%    passed     93.94%
   3  taxon2     0.00%    passed     88.29%
   4  taxon3     0.00%    passed     97.60%
   5  taxon4     0.00%    passed     98.24%
   6  taxon5     0.00%    passed     84.61%
   7  taxon6     0.00%    passed     99.82%
   8  taxon7     0.00%    passed     99.51%
   9  taxon8     0.00%    passed     92.43%
  10  taxon9     0.00%    passed     95.56%
  11  taxon10    0.00%    passed     99.66%
  12  taxon11    0.00%    passed     99.11%
  13  taxon12    0.00%    passed     98.75%
  14  taxon13    0.00%    passed     82.33%
  15  taxon14    0.00%    passed     70.79%
  16  taxon15    0.00%    passed     99.85%
  17  taxon16    0.00%    passed     96.32%
  18  taxon17    0.00%    passed     98.64%
  19  taxon18    0.00%    passed     98.97%
  20  taxon19    0.00%    passed     97.84%
****  TOTAL      0.00%  0 sequences failed composition chi2 test (p-value<5%; df=19)

Create initial parsimony tree by phylogenetic likelihood library (PLL)... 0.001 seconds

NOTE: 0 MB RAM (0 GB) is required!
Estimate model parameters (epsilon = 0.100)
1. Initial log-likelihood: -3874.664
Optimal log-likelihood: -3866.682
Parameters optimization took 1 rounds (0.005 sec)
Computing ML distances based on estimated model parameters... 0.009 sec
Computing BIONJ tree...
0.000 seconds
Log-likelihood of BIONJ tree: -3867.180
--------------------------------------------------------------------
|             INITIALIZING CANDIDATE TREE SET                      |
--------------------------------------------------------------------
Generating 98 parsimony trees... 0.113 second
Computing log-likelihood of 98 initial trees ... 0.155 seconds
Current best score: -3866.682

Do NNI search on 20 best initial trees
Estimate model parameters (epsilon = 0.100)
BETTER TREE FOUND at iteration 1: -3866.682
Iteration 10 / LogL: -3866.785 / Time: 0h:0m:0s
Iteration 20 / LogL: -3866.709 / Time: 0h:0m:0s
Finish initializing candidate tree set (1)
Current best tree score: -3866.682 / CPU time: 0.554
Number of iterations: 20
--------------------------------------------------------------------
|               OPTIMIZING CANDIDATE TREE SET                      |
--------------------------------------------------------------------
Iteration 30 / LogL: -3866.682 / Time: 0h:0m:0s (0h:0m:1s left)
Iteration 40 / LogL: -3866.684 / Time: 0h:0m:0s (0h:0m:1s left)
Iteration 50 / LogL: -3866.689 / Time: 0h:0m:1s (0h:0m:1s left)
Iteration 60 / LogL: -3867.111 / Time: 0h:0m:1s (0h:0m:0s left)
Iteration 70 / LogL: -3867.241 / Time: 0h:0m:1s (0h:0m:0s left)
Iteration 80 / LogL: -3866.682 / Time: 0h:0m:1s (0h:0m:0s left)
Iteration 90 / LogL: -3866.716 / Time: 0h:0m:1s (0h:0m:0s left)
Iteration 100 / LogL: -3867.023 / Time: 0h:0m:2s (0h:0m:0s left)
TREE SEARCH COMPLETED AFTER 102 ITERATIONS / Time: 0h:0m:2s

--------------------------------------------------------------------
|                    FINALIZING TREE SEARCH                        |
--------------------------------------------------------------------
Performs final model parameters optimization
Estimate model parameters (epsilon = 0.010)
1. Initial log-likelihood: -3866.682
Optimal log-likelihood: -3866.682
Parameters optimization took 1 rounds (0.002 sec)
BEST SCORE FOUND : -3866.682
Total tree length: 2.836

Total number of iterations: 102
CPU time used for tree search: 2.118 sec (0h:0m:2s)
Wall-clock time used for tree search: 2.119 sec (0h:0m:2s)
Total CPU time used: 2.151 sec (0h:0m:2s)
Total wall-clock time used: 2.152 sec (0h:0m:2s)

Analysis results written to: 
  IQ-TREE report:                /scratch/ga42vor/simulating_quartets/accuracy_comparision/training2_15/training2_15.fasta.iqtree
  Maximum-likelihood tree:       /scratch/ga42vor/simulating_quartets/accuracy_comparision/training2_15/training2_15.fasta.treefile
  Likelihood distances:          /scratch/ga42vor/simulating_quartets/accuracy_comparision/training2_15/training2_15.fasta.mldist
  Screen log file:               /scratch/ga42vor/simulating_quartets/accuracy_comparision/training2_15/training2_15.fasta.log

Date and Time: Wed May 27 23:06:09 2020
