IQ-TREE multicore version 2.0.5 for Linux 64-bit built May 15 2020
Developed by Bui Quang Minh, Nguyen Lam Tung, Olga Chernomor,
Heiko Schmidt, Dominik Schrempf, Michael Woodhams.

Host:    cip2ryzen1.cip.ph.tum.de (AVX2, FMA3, 15 GB RAM)
Command: ../iqtree-2.0.5-Linux/bin/iqtree2 -s /scratch/ga42vor/simulating_quartets/accuracy_comparision/t2/t2.fasta -m WAG -redo
Seed:    898742 (Using SPRNG - Scalable Parallel Random Number Generator)
Time:    Wed May 27 22:59:03 2020
Kernel:  AVX+FMA - 1 threads (16 CPU cores detected)

HINT: Use -nt option to specify number of threads because your CPU has 16 cores!
HINT: -nt AUTO will automatically determine the best number of threads to use.

Reading alignment file /scratch/ga42vor/simulating_quartets/accuracy_comparision/t2/t2.fasta ... Fasta format detected
Alignment most likely contains protein sequences
Alignment has 20 sequences with 200 columns, 101 distinct patterns
76 parsimony-informative, 8 singleton sites, 115 constant sites
         Gap/Ambiguity  Composition  p-value
   1  taxon0     0.00%    passed     88.87%
   2  taxon1     0.00%    passed     97.63%
   3  taxon2     0.00%    passed     99.05%
   4  taxon3     0.00%    passed     92.68%
   5  taxon4     0.00%    passed     92.50%
   6  taxon5     0.00%    passed     90.70%
   7  taxon6     0.00%    passed    100.00%
   8  taxon7     0.00%    passed     99.99%
   9  taxon8     0.00%    passed     99.98%
  10  taxon9     0.00%    passed     99.83%
  11  taxon10    0.00%    passed     99.98%
  12  taxon11    0.00%    passed    100.00%
  13  taxon12    0.00%    passed    100.00%
  14  taxon13    0.00%    passed     99.99%
  15  taxon14    0.00%    passed    100.00%
  16  taxon15    0.00%    passed    100.00%
  17  taxon16    0.00%    passed     99.98%
  18  taxon17    0.00%    passed    100.00%
  19  taxon18    0.00%    passed     99.99%
  20  taxon19    0.00%    passed     99.99%
****  TOTAL      0.00%  0 sequences failed composition chi2 test (p-value<5%; df=19)

Create initial parsimony tree by phylogenetic likelihood library (PLL)... 0.001 seconds

NOTE: 0 MB RAM (0 GB) is required!
Estimate model parameters (epsilon = 0.100)
1. Initial log-likelihood: -2344.848
Optimal log-likelihood: -2342.364
Parameters optimization took 1 rounds (0.004 sec)
Computing ML distances based on estimated model parameters... 0.009 sec
Computing BIONJ tree...
0.000 seconds
Log-likelihood of BIONJ tree: -2340.167
--------------------------------------------------------------------
|             INITIALIZING CANDIDATE TREE SET                      |
--------------------------------------------------------------------
Generating 98 parsimony trees... 0.131 second
Computing log-likelihood of 98 initial trees ... 0.137 seconds
Current best score: -2340.167

Do NNI search on 20 best initial trees
Estimate model parameters (epsilon = 0.100)
BETTER TREE FOUND at iteration 1: -2340.167
UPDATE BEST LOG-LIKELIHOOD: -2340.167
Iteration 10 / LogL: -2340.167 / Time: 0h:0m:0s
Iteration 20 / LogL: -2340.187 / Time: 0h:0m:0s
Finish initializing candidate tree set (1)
Current best tree score: -2340.167 / CPU time: 0.553
Number of iterations: 20
--------------------------------------------------------------------
|               OPTIMIZING CANDIDATE TREE SET                      |
--------------------------------------------------------------------
UPDATE BEST LOG-LIKELIHOOD: -2340.167
Iteration 30 / LogL: -2340.173 / Time: 0h:0m:0s (0h:0m:1s left)
Iteration 40 / LogL: -2340.167 / Time: 0h:0m:0s (0h:0m:1s left)
Iteration 50 / LogL: -2340.167 / Time: 0h:0m:1s (0h:0m:1s left)
Iteration 60 / LogL: -2340.174 / Time: 0h:0m:1s (0h:0m:0s left)
Iteration 70 / LogL: -2340.167 / Time: 0h:0m:1s (0h:0m:0s left)
Iteration 80 / LogL: -2340.183 / Time: 0h:0m:1s (0h:0m:0s left)
UPDATE BEST LOG-LIKELIHOOD: -2340.167
Iteration 90 / LogL: -2340.167 / Time: 0h:0m:1s (0h:0m:0s left)
Iteration 100 / LogL: -2340.167 / Time: 0h:0m:1s (0h:0m:0s left)
TREE SEARCH COMPLETED AFTER 102 ITERATIONS / Time: 0h:0m:1s

--------------------------------------------------------------------
|                    FINALIZING TREE SEARCH                        |
--------------------------------------------------------------------
Performs final model parameters optimization
Estimate model parameters (epsilon = 0.010)
1. Initial log-likelihood: -2340.167
Optimal log-likelihood: -2340.167
Parameters optimization took 1 rounds (0.002 sec)
BEST SCORE FOUND : -2340.167
Total tree length: 1.290

Total number of iterations: 102
CPU time used for tree search: 1.945 sec (0h:0m:1s)
Wall-clock time used for tree search: 1.945 sec (0h:0m:1s)
Total CPU time used: 1.974 sec (0h:0m:1s)
Total wall-clock time used: 1.974 sec (0h:0m:1s)

Analysis results written to: 
  IQ-TREE report:                /scratch/ga42vor/simulating_quartets/accuracy_comparision/t2/t2.fasta.iqtree
  Maximum-likelihood tree:       /scratch/ga42vor/simulating_quartets/accuracy_comparision/t2/t2.fasta.treefile
  Likelihood distances:          /scratch/ga42vor/simulating_quartets/accuracy_comparision/t2/t2.fasta.mldist
  Screen log file:               /scratch/ga42vor/simulating_quartets/accuracy_comparision/t2/t2.fasta.log

Date and Time: Wed May 27 22:59:05 2020
