IQ-TREE multicore version 2.0.5 for Linux 64-bit built May 15 2020
Developed by Bui Quang Minh, Nguyen Lam Tung, Olga Chernomor,
Heiko Schmidt, Dominik Schrempf, Michael Woodhams.

Host:    cip2ryzen1.cip.ph.tum.de (AVX2, FMA3, 15 GB RAM)
Command: ../iqtree-2.0.5-Linux/bin/iqtree2 -s /scratch/ga42vor/simulating_quartets/accuracy_comparision/training1_31/training1_31.fasta -m WAG -redo
Seed:    911256 (Using SPRNG - Scalable Parallel Random Number Generator)
Time:    Wed May 27 23:01:56 2020
Kernel:  AVX+FMA - 1 threads (16 CPU cores detected)

HINT: Use -nt option to specify number of threads because your CPU has 16 cores!
HINT: -nt AUTO will automatically determine the best number of threads to use.

Reading alignment file /scratch/ga42vor/simulating_quartets/accuracy_comparision/training1_31/training1_31.fasta ... Fasta format detected
Alignment most likely contains protein sequences
Alignment has 20 sequences with 200 columns, 119 distinct patterns
93 parsimony-informative, 12 singleton sites, 95 constant sites
         Gap/Ambiguity  Composition  p-value
   1  taxon0     0.00%    passed     90.16%
   2  taxon1     0.00%    passed     91.25%
   3  taxon2     0.00%    passed    100.00%
   4  taxon3     0.00%    passed     99.94%
   5  taxon4     0.00%    passed     97.81%
   6  taxon5     0.00%    passed     99.49%
   7  taxon6     0.00%    passed    100.00%
   8  taxon7     0.00%    passed     99.99%
   9  taxon8     0.00%    passed    100.00%
  10  taxon9     0.00%    passed     99.88%
  11  taxon10    0.00%    passed     99.96%
  12  taxon11    0.00%    passed     99.99%
  13  taxon12    0.00%    passed     99.92%
  14  taxon13    0.00%    passed     99.52%
  15  taxon14    0.00%    passed     90.78%
  16  taxon15    0.00%    passed     76.21%
  17  taxon16    0.00%    passed     99.30%
  18  taxon17    0.00%    passed     99.04%
  19  taxon18    0.00%    passed     99.70%
  20  taxon19    0.00%    passed     95.75%
****  TOTAL      0.00%  0 sequences failed composition chi2 test (p-value<5%; df=19)

Create initial parsimony tree by phylogenetic likelihood library (PLL)... 0.001 seconds

NOTE: 0 MB RAM (0 GB) is required!
Estimate model parameters (epsilon = 0.100)
1. Initial log-likelihood: -3102.191
Optimal log-likelihood: -3097.895
Parameters optimization took 1 rounds (0.004 sec)
Computing ML distances based on estimated model parameters... 0.011 sec
Computing BIONJ tree...
0.000 seconds
Log-likelihood of BIONJ tree: -3118.830
--------------------------------------------------------------------
|             INITIALIZING CANDIDATE TREE SET                      |
--------------------------------------------------------------------
Generating 98 parsimony trees... 0.099 second
Computing log-likelihood of 98 initial trees ... 0.137 seconds
Current best score: -3097.895

Do NNI search on 20 best initial trees
Estimate model parameters (epsilon = 0.100)
BETTER TREE FOUND at iteration 1: -3097.895
Iteration 10 / LogL: -3097.968 / Time: 0h:0m:0s
Iteration 20 / LogL: -3097.921 / Time: 0h:0m:0s
Finish initializing candidate tree set (1)
Current best tree score: -3097.895 / CPU time: 0.488
Number of iterations: 20
--------------------------------------------------------------------
|               OPTIMIZING CANDIDATE TREE SET                      |
--------------------------------------------------------------------
Iteration 30 / LogL: -3097.907 / Time: 0h:0m:0s (0h:0m:1s left)
Iteration 40 / LogL: -3097.896 / Time: 0h:0m:0s (0h:0m:1s left)
Iteration 50 / LogL: -3097.910 / Time: 0h:0m:1s (0h:0m:1s left)
Iteration 60 / LogL: -3097.912 / Time: 0h:0m:1s (0h:0m:0s left)
Iteration 70 / LogL: -3097.901 / Time: 0h:0m:1s (0h:0m:0s left)
Iteration 80 / LogL: -3097.952 / Time: 0h:0m:1s (0h:0m:0s left)
Iteration 90 / LogL: -3097.935 / Time: 0h:0m:1s (0h:0m:0s left)
Iteration 100 / LogL: -3097.921 / Time: 0h:0m:1s (0h:0m:0s left)
TREE SEARCH COMPLETED AFTER 102 ITERATIONS / Time: 0h:0m:1s

--------------------------------------------------------------------
|                    FINALIZING TREE SEARCH                        |
--------------------------------------------------------------------
Performs final model parameters optimization
Estimate model parameters (epsilon = 0.010)
1. Initial log-likelihood: -3097.895
Optimal log-likelihood: -3097.895
Parameters optimization took 1 rounds (0.002 sec)
BEST SCORE FOUND : -3097.895
Total tree length: 2.100

Total number of iterations: 102
CPU time used for tree search: 1.811 sec (0h:0m:1s)
Wall-clock time used for tree search: 1.811 sec (0h:0m:1s)
Total CPU time used: 1.843 sec (0h:0m:1s)
Total wall-clock time used: 1.844 sec (0h:0m:1s)

Analysis results written to: 
  IQ-TREE report:                /scratch/ga42vor/simulating_quartets/accuracy_comparision/training1_31/training1_31.fasta.iqtree
  Maximum-likelihood tree:       /scratch/ga42vor/simulating_quartets/accuracy_comparision/training1_31/training1_31.fasta.treefile
  Likelihood distances:          /scratch/ga42vor/simulating_quartets/accuracy_comparision/training1_31/training1_31.fasta.mldist
  Screen log file:               /scratch/ga42vor/simulating_quartets/accuracy_comparision/training1_31/training1_31.fasta.log

Date and Time: Wed May 27 23:01:58 2020
