IQ-TREE multicore version 2.0.5 for Linux 64-bit built May 15 2020
Developed by Bui Quang Minh, Nguyen Lam Tung, Olga Chernomor,
Heiko Schmidt, Dominik Schrempf, Michael Woodhams.

Host:    cip2ryzen1.cip.ph.tum.de (AVX2, FMA3, 15 GB RAM)
Command: ../iqtree-2.0.5-Linux/bin/iqtree2 -s /scratch/ga42vor/simulating_quartets/accuracy_comparision/training1_40/training1_40.fasta -redo -m WAG
Seed:    400494 (Using SPRNG - Scalable Parallel Random Number Generator)
Time:    Thu May 28 17:04:36 2020
Kernel:  AVX+FMA - 1 threads (16 CPU cores detected)

HINT: Use -nt option to specify number of threads because your CPU has 16 cores!
HINT: -nt AUTO will automatically determine the best number of threads to use.

Reading alignment file /scratch/ga42vor/simulating_quartets/accuracy_comparision/training1_40/training1_40.fasta ... Fasta format detected
Alignment most likely contains protein sequences
Alignment has 20 sequences with 200 columns, 200 distinct patterns
197 parsimony-informative, 3 singleton sites, 0 constant sites
         Gap/Ambiguity  Composition  p-value
   1  taxon0     0.00%    passed     28.45%
   2  taxon1     0.00%    passed     67.94%
   3  taxon2     0.00%    passed     51.16%
   4  taxon3     0.00%    passed     59.75%
   5  taxon4     0.00%    passed     36.55%
   6  taxon5     0.00%    passed     25.49%
   7  taxon6     0.00%    passed     51.17%
   8  taxon7     0.00%    passed     41.19%
   9  taxon8     0.00%    passed     99.79%
  10  taxon9     0.00%    passed     71.57%
  11  taxon10    0.00%    passed     96.06%
  12  taxon11    0.00%    passed     56.89%
  13  taxon12    0.00%    passed     98.33%
  14  taxon13    0.00%    passed     96.25%
  15  taxon14    0.00%    passed     89.29%
  16  taxon15    0.00%    passed     64.11%
  17  taxon16    0.00%    passed     56.52%
  18  taxon17    0.00%    passed     65.54%
  19  taxon18    0.00%    passed     38.76%
  20  taxon19    0.00%    passed     84.09%
****  TOTAL      0.00%  0 sequences failed composition chi2 test (p-value<5%; df=19)

Create initial parsimony tree by phylogenetic likelihood library (PLL)... 0.001 seconds

NOTE: 0 MB RAM (0 GB) is required!
Estimate model parameters (epsilon = 0.100)
1. Initial log-likelihood: -10064.094
Optimal log-likelihood: -10012.714
Parameters optimization took 1 rounds (0.007 sec)
Computing ML distances based on estimated model parameters... 0.014 sec
WARNING: Some pairwise ML distances are too long (saturated)
Computing BIONJ tree...
0.000 seconds
Log-likelihood of BIONJ tree: -10020.861
--------------------------------------------------------------------
|             INITIALIZING CANDIDATE TREE SET                      |
--------------------------------------------------------------------
Generating 98 parsimony trees... 0.187 second
Computing log-likelihood of 98 initial trees ... 0.204 seconds
Current best score: -10012.714

Do NNI search on 20 best initial trees
Estimate model parameters (epsilon = 0.100)
BETTER TREE FOUND at iteration 1: -10008.940
Iteration 10 / LogL: -10009.336 / Time: 0h:0m:0s
Iteration 20 / LogL: -10008.962 / Time: 0h:0m:0s
Finish initializing candidate tree set (3)
Current best tree score: -10008.940 / CPU time: 0.847
Number of iterations: 20
--------------------------------------------------------------------
|               OPTIMIZING CANDIDATE TREE SET                      |
--------------------------------------------------------------------
Iteration 30 / LogL: -10008.966 / Time: 0h:0m:1s (0h:0m:2s left)
Iteration 40 / LogL: -10009.204 / Time: 0h:0m:1s (0h:0m:2s left)
Iteration 50 / LogL: -10008.994 / Time: 0h:0m:1s (0h:0m:1s left)
Iteration 60 / LogL: -10008.963 / Time: 0h:0m:2s (0h:0m:1s left)
Iteration 70 / LogL: -10008.970 / Time: 0h:0m:2s (0h:0m:1s left)
Iteration 80 / LogL: -10008.953 / Time: 0h:0m:2s (0h:0m:0s left)
Iteration 90 / LogL: -10008.955 / Time: 0h:0m:2s (0h:0m:0s left)
Iteration 100 / LogL: -10011.125 / Time: 0h:0m:3s (0h:0m:0s left)
TREE SEARCH COMPLETED AFTER 102 ITERATIONS / Time: 0h:0m:3s

--------------------------------------------------------------------
|                    FINALIZING TREE SEARCH                        |
--------------------------------------------------------------------
Performs final model parameters optimization
Estimate model parameters (epsilon = 0.010)
1. Initial log-likelihood: -10008.940
Optimal log-likelihood: -10008.940
Parameters optimization took 1 rounds (0.003 sec)
BEST SCORE FOUND : -10008.940
Total tree length: 16.144

Total number of iterations: 102
CPU time used for tree search: 3.245 sec (0h:0m:3s)
Wall-clock time used for tree search: 3.246 sec (0h:0m:3s)
Total CPU time used: 3.289 sec (0h:0m:3s)
Total wall-clock time used: 3.289 sec (0h:0m:3s)

Analysis results written to: 
  IQ-TREE report:                /scratch/ga42vor/simulating_quartets/accuracy_comparision/training1_40/training1_40.fasta.iqtree
  Maximum-likelihood tree:       /scratch/ga42vor/simulating_quartets/accuracy_comparision/training1_40/training1_40.fasta.treefile
  Likelihood distances:          /scratch/ga42vor/simulating_quartets/accuracy_comparision/training1_40/training1_40.fasta.mldist
  Screen log file:               /scratch/ga42vor/simulating_quartets/accuracy_comparision/training1_40/training1_40.fasta.log

Date and Time: Thu May 28 17:04:39 2020
