IQ-TREE multicore version 2.0.5 for Linux 64-bit built May 15 2020
Developed by Bui Quang Minh, Nguyen Lam Tung, Olga Chernomor,
Heiko Schmidt, Dominik Schrempf, Michael Woodhams.

Host:    cip2ryzen1.cip.ph.tum.de (AVX2, FMA3, 15 GB RAM)
Command: ../iqtree-2.0.5-Linux/bin/iqtree2 -s /scratch/ga42vor/simulating_quartets/accuracy_comparision/training1_nohet_42/training1_nohet_42.fasta -redo -m WAG
Seed:    862456 (Using SPRNG - Scalable Parallel Random Number Generator)
Time:    Thu May 28 16:19:48 2020
Kernel:  AVX+FMA - 1 threads (16 CPU cores detected)

HINT: Use -nt option to specify number of threads because your CPU has 16 cores!
HINT: -nt AUTO will automatically determine the best number of threads to use.

Reading alignment file /scratch/ga42vor/simulating_quartets/accuracy_comparision/training1_nohet_42/training1_nohet_42.fasta ... Fasta format detected
Alignment most likely contains protein sequences
Alignment has 20 sequences with 200 columns, 173 distinct patterns
137 parsimony-informative, 21 singleton sites, 42 constant sites
         Gap/Ambiguity  Composition  p-value
   1  taxon0     0.00%    passed     99.62%
   2  taxon1     0.00%    passed     98.55%
   3  taxon2     0.00%    passed     93.48%
   4  taxon3     0.00%    passed     99.48%
   5  taxon4     0.00%    passed     97.97%
   6  taxon5     0.00%    passed     96.41%
   7  taxon6     0.00%    passed     99.85%
   8  taxon7     0.00%    passed     99.50%
   9  taxon8     0.00%    passed     94.74%
  10  taxon9     0.00%    passed     99.84%
  11  taxon10    0.00%    passed     98.57%
  12  taxon11    0.00%    passed     99.93%
  13  taxon12    0.00%    passed     99.21%
  14  taxon13    0.00%    passed     99.77%
  15  taxon14    0.00%    passed    100.00%
  16  taxon15    0.00%    passed     99.26%
  17  taxon16    0.00%    passed     99.91%
  18  taxon17    0.00%    passed     99.55%
  19  taxon18    0.00%    passed     97.27%
  20  taxon19    0.00%    passed     99.94%
****  TOTAL      0.00%  0 sequences failed composition chi2 test (p-value<5%; df=19)

Create initial parsimony tree by phylogenetic likelihood library (PLL)... 0.002 seconds

NOTE: 0 MB RAM (0 GB) is required!
Estimate model parameters (epsilon = 0.100)
1. Initial log-likelihood: -4534.524
Optimal log-likelihood: -4517.329
Parameters optimization took 1 rounds (0.007 sec)
Computing ML distances based on estimated model parameters... 0.007 sec
Computing BIONJ tree...
0.000 seconds
Log-likelihood of BIONJ tree: -4541.352
--------------------------------------------------------------------
|             INITIALIZING CANDIDATE TREE SET                      |
--------------------------------------------------------------------
Generating 98 parsimony trees... 0.168 second
Computing log-likelihood of 98 initial trees ... 0.187 seconds
Current best score: -4517.329

Do NNI search on 20 best initial trees
Estimate model parameters (epsilon = 0.100)
BETTER TREE FOUND at iteration 1: -4511.419
Iteration 10 / LogL: -4511.419 / Time: 0h:0m:0s
Iteration 20 / LogL: -4511.420 / Time: 0h:0m:0s
Finish initializing candidate tree set (2)
Current best tree score: -4511.419 / CPU time: 0.856
Number of iterations: 20
--------------------------------------------------------------------
|               OPTIMIZING CANDIDATE TREE SET                      |
--------------------------------------------------------------------
Iteration 30 / LogL: -4511.427 / Time: 0h:0m:1s (0h:0m:2s left)
Iteration 40 / LogL: -4511.421 / Time: 0h:0m:1s (0h:0m:2s left)
Iteration 50 / LogL: -4513.652 / Time: 0h:0m:1s (0h:0m:1s left)
Iteration 60 / LogL: -4511.426 / Time: 0h:0m:1s (0h:0m:1s left)
Iteration 70 / LogL: -4511.450 / Time: 0h:0m:2s (0h:0m:0s left)
Iteration 80 / LogL: -4511.420 / Time: 0h:0m:2s (0h:0m:0s left)
Iteration 90 / LogL: -4511.426 / Time: 0h:0m:2s (0h:0m:0s left)
Iteration 100 / LogL: -4511.430 / Time: 0h:0m:3s (0h:0m:0s left)
TREE SEARCH COMPLETED AFTER 102 ITERATIONS / Time: 0h:0m:3s

--------------------------------------------------------------------
|                    FINALIZING TREE SEARCH                        |
--------------------------------------------------------------------
Performs final model parameters optimization
Estimate model parameters (epsilon = 0.010)
1. Initial log-likelihood: -4511.419
Optimal log-likelihood: -4511.419
Parameters optimization took 1 rounds (0.003 sec)
BEST SCORE FOUND : -4511.419
Total tree length: 3.713

Total number of iterations: 102
CPU time used for tree search: 3.098 sec (0h:0m:3s)
Wall-clock time used for tree search: 3.099 sec (0h:0m:3s)
Total CPU time used: 3.132 sec (0h:0m:3s)
Total wall-clock time used: 3.133 sec (0h:0m:3s)

Analysis results written to: 
  IQ-TREE report:                /scratch/ga42vor/simulating_quartets/accuracy_comparision/training1_nohet_42/training1_nohet_42.fasta.iqtree
  Maximum-likelihood tree:       /scratch/ga42vor/simulating_quartets/accuracy_comparision/training1_nohet_42/training1_nohet_42.fasta.treefile
  Likelihood distances:          /scratch/ga42vor/simulating_quartets/accuracy_comparision/training1_nohet_42/training1_nohet_42.fasta.mldist
  Screen log file:               /scratch/ga42vor/simulating_quartets/accuracy_comparision/training1_nohet_42/training1_nohet_42.fasta.log

Date and Time: Thu May 28 16:19:51 2020
