IQ-TREE multicore version 2.0.5 for Linux 64-bit built May 15 2020
Developed by Bui Quang Minh, Nguyen Lam Tung, Olga Chernomor,
Heiko Schmidt, Dominik Schrempf, Michael Woodhams.

Host:    cip2ryzen1.cip.ph.tum.de (AVX2, FMA3, 15 GB RAM)
Command: ../iqtree-2.0.5-Linux/bin/iqtree2 -s /scratch/ga42vor/simulating_quartets/accuracy_comparision/t13/t13.fasta -m WAG -redo
Seed:    567797 (Using SPRNG - Scalable Parallel Random Number Generator)
Time:    Wed May 27 22:59:29 2020
Kernel:  AVX+FMA - 1 threads (16 CPU cores detected)

HINT: Use -nt option to specify number of threads because your CPU has 16 cores!
HINT: -nt AUTO will automatically determine the best number of threads to use.

Reading alignment file /scratch/ga42vor/simulating_quartets/accuracy_comparision/t13/t13.fasta ... Fasta format detected
Alignment most likely contains protein sequences
Alignment has 20 sequences with 200 columns, 200 distinct patterns
200 parsimony-informative, 0 singleton sites, 0 constant sites
         Gap/Ambiguity  Composition  p-value
   1  taxon0     0.00%    passed     68.21%
   2  taxon1     0.00%    passed      9.85%
   3  taxon2     0.00%    passed     54.85%
   4  taxon3     0.00%    passed     76.67%
   5  taxon4     0.00%    passed     78.49%
   6  taxon5     0.00%    passed     54.44%
   7  taxon6     0.00%    passed     19.98%
   8  taxon7     0.00%    passed     24.32%
   9  taxon8     0.00%    passed     49.29%
  10  taxon9     0.00%    passed     70.66%
  11  taxon10    0.00%    passed     81.38%
  12  taxon11    0.00%    passed     83.77%
  13  taxon12    0.00%    passed     36.13%
  14  taxon13    0.00%    passed     62.86%
  15  taxon14    0.00%    passed     55.86%
  16  taxon15    0.00%    passed     21.35%
  17  taxon16    0.00%    passed     80.02%
  18  taxon17    0.00%    passed     46.00%
  19  taxon18    0.00%    passed     38.89%
  20  taxon19    0.00%    passed     29.54%
****  TOTAL      0.00%  0 sequences failed composition chi2 test (p-value<5%; df=19)

Create initial parsimony tree by phylogenetic likelihood library (PLL)... 0.002 seconds

NOTE: 0 MB RAM (0 GB) is required!
Estimate model parameters (epsilon = 0.100)
1. Initial log-likelihood: -10672.484
Optimal log-likelihood: -10602.522
Parameters optimization took 1 rounds (0.007 sec)
Computing ML distances based on estimated model parameters... 0.016 sec
WARNING: Some pairwise ML distances are too long (saturated)
Computing BIONJ tree...
0.000 seconds
Log-likelihood of BIONJ tree: -10586.148
--------------------------------------------------------------------
|             INITIALIZING CANDIDATE TREE SET                      |
--------------------------------------------------------------------
Generating 98 parsimony trees... 0.196 second
Computing log-likelihood of 98 initial trees ... 0.219 seconds
Current best score: -10586.148

Do NNI search on 20 best initial trees
Estimate model parameters (epsilon = 0.100)
BETTER TREE FOUND at iteration 1: -10581.127
Iteration 10 / LogL: -10581.221 / Time: 0h:0m:0s
Iteration 20 / LogL: -10581.154 / Time: 0h:0m:0s
Finish initializing candidate tree set (1)
Current best tree score: -10581.127 / CPU time: 0.929
Number of iterations: 20
--------------------------------------------------------------------
|               OPTIMIZING CANDIDATE TREE SET                      |
--------------------------------------------------------------------
Iteration 30 / LogL: -10581.177 / Time: 0h:0m:1s (0h:0m:3s left)
Iteration 40 / LogL: -10581.145 / Time: 0h:0m:1s (0h:0m:2s left)
Iteration 50 / LogL: -10586.479 / Time: 0h:0m:1s (0h:0m:2s left)
Iteration 60 / LogL: -10581.236 / Time: 0h:0m:2s (0h:0m:1s left)
Iteration 70 / LogL: -10581.145 / Time: 0h:0m:2s (0h:0m:1s left)
Iteration 80 / LogL: -10581.206 / Time: 0h:0m:3s (0h:0m:0s left)
Iteration 90 / LogL: -10581.569 / Time: 0h:0m:3s (0h:0m:0s left)
Iteration 100 / LogL: -10581.146 / Time: 0h:0m:3s (0h:0m:0s left)
TREE SEARCH COMPLETED AFTER 102 ITERATIONS / Time: 0h:0m:3s

--------------------------------------------------------------------
|                    FINALIZING TREE SEARCH                        |
--------------------------------------------------------------------
Performs final model parameters optimization
Estimate model parameters (epsilon = 0.010)
1. Initial log-likelihood: -10581.127
Optimal log-likelihood: -10581.127
Parameters optimization took 1 rounds (0.003 sec)
BEST SCORE FOUND : -10581.127
Total tree length: 17.633

Total number of iterations: 102
CPU time used for tree search: 3.690 sec (0h:0m:3s)
Wall-clock time used for tree search: 3.691 sec (0h:0m:3s)
Total CPU time used: 3.738 sec (0h:0m:3s)
Total wall-clock time used: 3.739 sec (0h:0m:3s)

Analysis results written to: 
  IQ-TREE report:                /scratch/ga42vor/simulating_quartets/accuracy_comparision/t13/t13.fasta.iqtree
  Maximum-likelihood tree:       /scratch/ga42vor/simulating_quartets/accuracy_comparision/t13/t13.fasta.treefile
  Likelihood distances:          /scratch/ga42vor/simulating_quartets/accuracy_comparision/t13/t13.fasta.mldist
  Screen log file:               /scratch/ga42vor/simulating_quartets/accuracy_comparision/t13/t13.fasta.log

Date and Time: Wed May 27 22:59:33 2020
