IQ-TREE multicore version 2.0.5 for Linux 64-bit built May 15 2020
Developed by Bui Quang Minh, Nguyen Lam Tung, Olga Chernomor,
Heiko Schmidt, Dominik Schrempf, Michael Woodhams.

Host:    cip2ryzen1.cip.ph.tum.de (AVX2, FMA3, 15 GB RAM)
Command: ../iqtree-2.0.5-Linux/bin/iqtree2 -s /scratch/ga42vor/simulating_quartets/accuracy_comparision/training3_nohet_48/training3_nohet_48.fasta -redo -m WAG
Seed:    507337 (Using SPRNG - Scalable Parallel Random Number Generator)
Time:    Thu May 28 16:18:24 2020
Kernel:  AVX+FMA - 1 threads (16 CPU cores detected)

HINT: Use -nt option to specify number of threads because your CPU has 16 cores!
HINT: -nt AUTO will automatically determine the best number of threads to use.

Reading alignment file /scratch/ga42vor/simulating_quartets/accuracy_comparision/training3_nohet_48/training3_nohet_48.fasta ... Fasta format detected
Alignment most likely contains protein sequences
Alignment has 20 sequences with 200 columns, 176 distinct patterns
140 parsimony-informative, 18 singleton sites, 42 constant sites
         Gap/Ambiguity  Composition  p-value
   1  taxon0     0.00%    passed     97.79%
   2  taxon1     0.00%    passed     99.32%
   3  taxon2     0.00%    passed     99.88%
   4  taxon3     0.00%    passed     99.99%
   5  taxon4     0.00%    passed     97.53%
   6  taxon5     0.00%    passed     99.21%
   7  taxon6     0.00%    passed     99.65%
   8  taxon7     0.00%    passed     99.96%
   9  taxon8     0.00%    passed     99.85%
  10  taxon9     0.00%    passed    100.00%
  11  taxon10    0.00%    passed     99.98%
  12  taxon11    0.00%    passed     99.94%
  13  taxon12    0.00%    passed     99.95%
  14  taxon13    0.00%    passed     99.78%
  15  taxon14    0.00%    passed     97.44%
  16  taxon15    0.00%    passed     95.49%
  17  taxon16    0.00%    passed     99.22%
  18  taxon17    0.00%    passed     98.11%
  19  taxon18    0.00%    passed     97.44%
  20  taxon19    0.00%    passed     99.77%
****  TOTAL      0.00%  0 sequences failed composition chi2 test (p-value<5%; df=19)

Create initial parsimony tree by phylogenetic likelihood library (PLL)... 0.002 seconds

NOTE: 0 MB RAM (0 GB) is required!
Estimate model parameters (epsilon = 0.100)
1. Initial log-likelihood: -4220.160
Optimal log-likelihood: -4206.981
Parameters optimization took 1 rounds (0.006 sec)
Computing ML distances based on estimated model parameters... 0.009 sec
Computing BIONJ tree...
0.000 seconds
Log-likelihood of BIONJ tree: -4215.845
--------------------------------------------------------------------
|             INITIALIZING CANDIDATE TREE SET                      |
--------------------------------------------------------------------
Generating 98 parsimony trees... 0.147 second
Computing log-likelihood of 98 initial trees ... 0.181 seconds
Current best score: -4204.482

Do NNI search on 20 best initial trees
Estimate model parameters (epsilon = 0.100)
BETTER TREE FOUND at iteration 1: -4204.106
Iteration 10 / LogL: -4208.192 / Time: 0h:0m:0s
Iteration 20 / LogL: -4209.274 / Time: 0h:0m:0s
Finish initializing candidate tree set (9)
Current best tree score: -4204.106 / CPU time: 0.593
Number of iterations: 20
--------------------------------------------------------------------
|               OPTIMIZING CANDIDATE TREE SET                      |
--------------------------------------------------------------------
Iteration 30 / LogL: -4204.751 / Time: 0h:0m:0s (0h:0m:2s left)
Iteration 40 / LogL: -4204.136 / Time: 0h:0m:1s (0h:0m:1s left)
Iteration 50 / LogL: -4205.150 / Time: 0h:0m:1s (0h:0m:1s left)
Iteration 60 / LogL: -4204.740 / Time: 0h:0m:1s (0h:0m:1s left)
Iteration 70 / LogL: -4205.187 / Time: 0h:0m:1s (0h:0m:0s left)
Iteration 80 / LogL: -4211.425 / Time: 0h:0m:2s (0h:0m:0s left)
Iteration 90 / LogL: -4204.124 / Time: 0h:0m:2s (0h:0m:0s left)
Iteration 100 / LogL: -4205.157 / Time: 0h:0m:2s (0h:0m:0s left)
TREE SEARCH COMPLETED AFTER 102 ITERATIONS / Time: 0h:0m:2s

--------------------------------------------------------------------
|                    FINALIZING TREE SEARCH                        |
--------------------------------------------------------------------
Performs final model parameters optimization
Estimate model parameters (epsilon = 0.010)
1. Initial log-likelihood: -4204.106
Optimal log-likelihood: -4204.106
Parameters optimization took 1 rounds (0.003 sec)
BEST SCORE FOUND : -4204.106
Total tree length: 3.354

Total number of iterations: 102
CPU time used for tree search: 2.573 sec (0h:0m:2s)
Wall-clock time used for tree search: 2.573 sec (0h:0m:2s)
Total CPU time used: 2.610 sec (0h:0m:2s)
Total wall-clock time used: 2.611 sec (0h:0m:2s)

Analysis results written to: 
  IQ-TREE report:                /scratch/ga42vor/simulating_quartets/accuracy_comparision/training3_nohet_48/training3_nohet_48.fasta.iqtree
  Maximum-likelihood tree:       /scratch/ga42vor/simulating_quartets/accuracy_comparision/training3_nohet_48/training3_nohet_48.fasta.treefile
  Likelihood distances:          /scratch/ga42vor/simulating_quartets/accuracy_comparision/training3_nohet_48/training3_nohet_48.fasta.mldist
  Screen log file:               /scratch/ga42vor/simulating_quartets/accuracy_comparision/training3_nohet_48/training3_nohet_48.fasta.log

Date and Time: Thu May 28 16:18:27 2020
