IQ-TREE multicore version 2.0.5 for Linux 64-bit built May 15 2020
Developed by Bui Quang Minh, Nguyen Lam Tung, Olga Chernomor,
Heiko Schmidt, Dominik Schrempf, Michael Woodhams.

Host:    cip2ryzen1.cip.ph.tum.de (AVX2, FMA3, 15 GB RAM)
Command: ../iqtree-2.0.5-Linux/bin/iqtree2 -s /scratch/ga42vor/simulating_quartets/accuracy_comparision/training1_nohet_38/training1_nohet_38.fasta -redo -m WAG
Seed:    574300 (Using SPRNG - Scalable Parallel Random Number Generator)
Time:    Thu May 28 16:19:39 2020
Kernel:  AVX+FMA - 1 threads (16 CPU cores detected)

HINT: Use -nt option to specify number of threads because your CPU has 16 cores!
HINT: -nt AUTO will automatically determine the best number of threads to use.

Reading alignment file /scratch/ga42vor/simulating_quartets/accuracy_comparision/training1_nohet_38/training1_nohet_38.fasta ... Fasta format detected
Alignment most likely contains protein sequences
Alignment has 20 sequences with 200 columns, 170 distinct patterns
121 parsimony-informative, 33 singleton sites, 46 constant sites
         Gap/Ambiguity  Composition  p-value
   1  taxon0     0.00%    passed     99.24%
   2  taxon1     0.00%    passed     99.90%
   3  taxon2     0.00%    passed     99.96%
   4  taxon3     0.00%    passed     99.26%
   5  taxon4     0.00%    passed     97.45%
   6  taxon5     0.00%    passed     99.99%
   7  taxon6     0.00%    passed     99.94%
   8  taxon7     0.00%    passed    100.00%
   9  taxon8     0.00%    passed     99.42%
  10  taxon9     0.00%    passed     97.98%
  11  taxon10    0.00%    passed     98.25%
  12  taxon11    0.00%    passed     99.54%
  13  taxon12    0.00%    passed     99.86%
  14  taxon13    0.00%    passed     99.65%
  15  taxon14    0.00%    passed     99.51%
  16  taxon15    0.00%    passed     86.42%
  17  taxon16    0.00%    passed     99.36%
  18  taxon17    0.00%    passed     99.19%
  19  taxon18    0.00%    passed     96.91%
  20  taxon19    0.00%    passed     99.44%
****  TOTAL      0.00%  0 sequences failed composition chi2 test (p-value<5%; df=19)

Create initial parsimony tree by phylogenetic likelihood library (PLL)... 0.001 seconds

NOTE: 0 MB RAM (0 GB) is required!
Estimate model parameters (epsilon = 0.100)
1. Initial log-likelihood: -3743.193
Optimal log-likelihood: -3727.456
Parameters optimization took 1 rounds (0.006 sec)
Computing ML distances based on estimated model parameters... 0.010 sec
Computing BIONJ tree...
0.000 seconds
Log-likelihood of BIONJ tree: -3736.051
--------------------------------------------------------------------
|             INITIALIZING CANDIDATE TREE SET                      |
--------------------------------------------------------------------
Generating 98 parsimony trees... 0.166 second
Computing log-likelihood of 98 initial trees ... 0.172 seconds
Current best score: -3727.456

Do NNI search on 20 best initial trees
Estimate model parameters (epsilon = 0.100)
BETTER TREE FOUND at iteration 1: -3723.627
Iteration 10 / LogL: -3723.629 / Time: 0h:0m:0s
Iteration 20 / LogL: -3723.630 / Time: 0h:0m:0s
Finish initializing candidate tree set (2)
Current best tree score: -3723.627 / CPU time: 0.715
Number of iterations: 20
--------------------------------------------------------------------
|               OPTIMIZING CANDIDATE TREE SET                      |
--------------------------------------------------------------------
Iteration 30 / LogL: -3723.637 / Time: 0h:0m:1s (0h:0m:2s left)
Iteration 40 / LogL: -3845.928 / Time: 0h:0m:1s (0h:0m:2s left)
Iteration 50 / LogL: -3723.635 / Time: 0h:0m:1s (0h:0m:1s left)
Iteration 60 / LogL: -3723.636 / Time: 0h:0m:2s (0h:0m:1s left)
Iteration 70 / LogL: -3723.645 / Time: 0h:0m:2s (0h:0m:1s left)
Iteration 80 / LogL: -3723.631 / Time: 0h:0m:2s (0h:0m:0s left)
Iteration 90 / LogL: -3723.638 / Time: 0h:0m:2s (0h:0m:0s left)
Iteration 100 / LogL: -3723.632 / Time: 0h:0m:3s (0h:0m:0s left)
TREE SEARCH COMPLETED AFTER 102 ITERATIONS / Time: 0h:0m:3s

--------------------------------------------------------------------
|                    FINALIZING TREE SEARCH                        |
--------------------------------------------------------------------
Performs final model parameters optimization
Estimate model parameters (epsilon = 0.010)
1. Initial log-likelihood: -3723.627
Optimal log-likelihood: -3723.627
Parameters optimization took 1 rounds (0.003 sec)
BEST SCORE FOUND : -3723.627
Total tree length: 2.671

Total number of iterations: 102
CPU time used for tree search: 3.219 sec (0h:0m:3s)
Wall-clock time used for tree search: 3.219 sec (0h:0m:3s)
Total CPU time used: 3.255 sec (0h:0m:3s)
Total wall-clock time used: 3.256 sec (0h:0m:3s)

Analysis results written to: 
  IQ-TREE report:                /scratch/ga42vor/simulating_quartets/accuracy_comparision/training1_nohet_38/training1_nohet_38.fasta.iqtree
  Maximum-likelihood tree:       /scratch/ga42vor/simulating_quartets/accuracy_comparision/training1_nohet_38/training1_nohet_38.fasta.treefile
  Likelihood distances:          /scratch/ga42vor/simulating_quartets/accuracy_comparision/training1_nohet_38/training1_nohet_38.fasta.mldist
  Screen log file:               /scratch/ga42vor/simulating_quartets/accuracy_comparision/training1_nohet_38/training1_nohet_38.fasta.log

Date and Time: Thu May 28 16:19:42 2020
