IQ-TREE multicore version 2.0.5 for Linux 64-bit built May 15 2020
Developed by Bui Quang Minh, Nguyen Lam Tung, Olga Chernomor,
Heiko Schmidt, Dominik Schrempf, Michael Woodhams.

Host:    cip2ryzen1.cip.ph.tum.de (AVX2, FMA3, 15 GB RAM)
Command: ../iqtree-2.0.5-Linux/bin/iqtree2 -s /scratch/ga42vor/simulating_quartets/accuracy_comparision/training3_16/training3_16.fasta -m WAG -redo
Seed:    186446 (Using SPRNG - Scalable Parallel Random Number Generator)
Time:    Wed May 27 23:03:23 2020
Kernel:  AVX+FMA - 1 threads (16 CPU cores detected)

HINT: Use -nt option to specify number of threads because your CPU has 16 cores!
HINT: -nt AUTO will automatically determine the best number of threads to use.

Reading alignment file /scratch/ga42vor/simulating_quartets/accuracy_comparision/training3_16/training3_16.fasta ... Fasta format detected
Alignment most likely contains protein sequences
Alignment has 20 sequences with 200 columns, 200 distinct patterns
193 parsimony-informative, 7 singleton sites, 0 constant sites
         Gap/Ambiguity  Composition  p-value
   1  taxon0     0.00%    passed     86.97%
   2  taxon1     0.00%    passed     88.66%
   3  taxon2     0.00%    passed     91.40%
   4  taxon3     0.00%    passed     78.02%
   5  taxon4     0.00%    passed     50.76%
   6  taxon5     0.00%    passed     55.21%
   7  taxon6     0.00%    passed     74.92%
   8  taxon7     0.00%    passed     42.27%
   9  taxon8     0.00%    passed     91.49%
  10  taxon9     0.00%    passed     87.73%
  11  taxon10    0.00%    passed     35.27%
  12  taxon11    0.00%    passed     79.71%
  13  taxon12    0.00%    passed     97.68%
  14  taxon13    0.00%    passed     89.04%
  15  taxon14    0.00%    passed     41.54%
  16  taxon15    0.00%    passed     93.72%
  17  taxon16    0.00%    passed     92.84%
  18  taxon17    0.00%    passed     75.45%
  19  taxon18    0.00%    passed     91.68%
  20  taxon19    0.00%    passed     94.75%
****  TOTAL      0.00%  0 sequences failed composition chi2 test (p-value<5%; df=19)

Create initial parsimony tree by phylogenetic likelihood library (PLL)... 0.002 seconds

NOTE: 0 MB RAM (0 GB) is required!
Estimate model parameters (epsilon = 0.100)
1. Initial log-likelihood: -9578.421
Optimal log-likelihood: -9536.304
Parameters optimization took 1 rounds (0.007 sec)
Computing ML distances based on estimated model parameters... 0.012 sec
Computing BIONJ tree...
0.000 seconds
Log-likelihood of BIONJ tree: -9537.351
--------------------------------------------------------------------
|             INITIALIZING CANDIDATE TREE SET                      |
--------------------------------------------------------------------
Generating 98 parsimony trees... 0.226 second
Computing log-likelihood of 98 initial trees ... 0.210 seconds
Current best score: -9531.564

Do NNI search on 20 best initial trees
Estimate model parameters (epsilon = 0.100)
BETTER TREE FOUND at iteration 1: -9528.495
Iteration 10 / LogL: -9528.524 / Time: 0h:0m:0s
Iteration 20 / LogL: -9528.619 / Time: 0h:0m:0s
Finish initializing candidate tree set (1)
Current best tree score: -9528.495 / CPU time: 0.895
Number of iterations: 20
--------------------------------------------------------------------
|               OPTIMIZING CANDIDATE TREE SET                      |
--------------------------------------------------------------------
Iteration 30 / LogL: -9528.619 / Time: 0h:0m:1s (0h:0m:2s left)
Iteration 40 / LogL: -9528.548 / Time: 0h:0m:1s (0h:0m:2s left)
Iteration 50 / LogL: -9528.554 / Time: 0h:0m:1s (0h:0m:1s left)
Iteration 60 / LogL: -9528.550 / Time: 0h:0m:2s (0h:0m:1s left)
Iteration 70 / LogL: -9528.501 / Time: 0h:0m:2s (0h:0m:1s left)
Iteration 80 / LogL: -9528.761 / Time: 0h:0m:2s (0h:0m:0s left)
Iteration 90 / LogL: -9529.190 / Time: 0h:0m:2s (0h:0m:0s left)
Iteration 100 / LogL: -9529.042 / Time: 0h:0m:3s (0h:0m:0s left)
TREE SEARCH COMPLETED AFTER 102 ITERATIONS / Time: 0h:0m:3s

--------------------------------------------------------------------
|                    FINALIZING TREE SEARCH                        |
--------------------------------------------------------------------
Performs final model parameters optimization
Estimate model parameters (epsilon = 0.010)
1. Initial log-likelihood: -9528.495
Optimal log-likelihood: -9528.495
Parameters optimization took 1 rounds (0.003 sec)
BEST SCORE FOUND : -9528.495
Total tree length: 12.880

Total number of iterations: 102
CPU time used for tree search: 3.250 sec (0h:0m:3s)
Wall-clock time used for tree search: 3.251 sec (0h:0m:3s)
Total CPU time used: 3.290 sec (0h:0m:3s)
Total wall-clock time used: 3.291 sec (0h:0m:3s)

Analysis results written to: 
  IQ-TREE report:                /scratch/ga42vor/simulating_quartets/accuracy_comparision/training3_16/training3_16.fasta.iqtree
  Maximum-likelihood tree:       /scratch/ga42vor/simulating_quartets/accuracy_comparision/training3_16/training3_16.fasta.treefile
  Likelihood distances:          /scratch/ga42vor/simulating_quartets/accuracy_comparision/training3_16/training3_16.fasta.mldist
  Screen log file:               /scratch/ga42vor/simulating_quartets/accuracy_comparision/training3_16/training3_16.fasta.log

Date and Time: Wed May 27 23:03:26 2020
