IQ-TREE multicore version 2.0.5 for Linux 64-bit built May 15 2020
Developed by Bui Quang Minh, Nguyen Lam Tung, Olga Chernomor,
Heiko Schmidt, Dominik Schrempf, Michael Woodhams.

Host:    cip2ryzen1.cip.ph.tum.de (AVX2, FMA3, 15 GB RAM)
Command: ../iqtree-2.0.5-Linux/bin/iqtree2 -s /scratch/ga42vor/simulating_quartets/accuracy_comparision/training2_5/training2_5.fasta -redo -m WAG
Seed:    247526 (Using SPRNG - Scalable Parallel Random Number Generator)
Time:    Thu May 28 17:05:12 2020
Kernel:  AVX+FMA - 1 threads (16 CPU cores detected)

HINT: Use -nt option to specify number of threads because your CPU has 16 cores!
HINT: -nt AUTO will automatically determine the best number of threads to use.

Reading alignment file /scratch/ga42vor/simulating_quartets/accuracy_comparision/training2_5/training2_5.fasta ... Fasta format detected
Alignment most likely contains protein sequences
Alignment has 20 sequences with 200 columns, 112 distinct patterns
64 parsimony-informative, 29 singleton sites, 107 constant sites
         Gap/Ambiguity  Composition  p-value
   1  taxon0     0.00%    passed     96.94%
   2  taxon1     0.00%    passed     94.16%
   3  taxon2     0.00%    passed     99.99%
   4  taxon3     0.00%    passed     99.98%
   5  taxon4     0.00%    passed     99.99%
   6  taxon5     0.00%    passed    100.00%
   7  taxon6     0.00%    passed     99.99%
   8  taxon7     0.00%    passed     97.94%
   9  taxon8     0.00%    passed     99.85%
  10  taxon9     0.00%    passed     99.99%
  11  taxon10    0.00%    passed     99.67%
  12  taxon11    0.00%    passed     99.85%
  13  taxon12    0.00%    passed     92.21%
  14  taxon13    0.00%    passed     98.52%
  15  taxon14    0.00%    passed     90.33%
  16  taxon15    0.00%    passed     98.67%
  17  taxon16    0.00%    passed     97.55%
  18  taxon17    0.00%    passed     95.68%
  19  taxon18    0.00%    passed     99.63%
  20  taxon19    0.00%    passed     99.84%
****  TOTAL      0.00%  0 sequences failed composition chi2 test (p-value<5%; df=19)

Create initial parsimony tree by phylogenetic likelihood library (PLL)... 0.002 seconds

NOTE: 0 MB RAM (0 GB) is required!
Estimate model parameters (epsilon = 0.100)
1. Initial log-likelihood: -2589.336
Optimal log-likelihood: -2584.948
Parameters optimization took 1 rounds (0.005 sec)
Computing ML distances based on estimated model parameters... 0.007 sec
Computing BIONJ tree...
0.000 seconds
Log-likelihood of BIONJ tree: -2587.432
--------------------------------------------------------------------
|             INITIALIZING CANDIDATE TREE SET                      |
--------------------------------------------------------------------
Generating 98 parsimony trees... 0.106 second
Computing log-likelihood of 98 initial trees ... 0.128 seconds
Current best score: -2575.499

Do NNI search on 20 best initial trees
Estimate model parameters (epsilon = 0.100)
BETTER TREE FOUND at iteration 1: -2575.447
Iteration 10 / LogL: -2575.458 / Time: 0h:0m:0s
Iteration 20 / LogL: -2575.490 / Time: 0h:0m:0s
Finish initializing candidate tree set (1)
Current best tree score: -2575.447 / CPU time: 0.416
Number of iterations: 20
--------------------------------------------------------------------
|               OPTIMIZING CANDIDATE TREE SET                      |
--------------------------------------------------------------------
Iteration 30 / LogL: -2575.455 / Time: 0h:0m:0s (0h:0m:1s left)
Iteration 40 / LogL: -2575.460 / Time: 0h:0m:0s (0h:0m:1s left)
Iteration 50 / LogL: -2579.448 / Time: 0h:0m:0s (0h:0m:0s left)
Iteration 60 / LogL: -2588.123 / Time: 0h:0m:1s (0h:0m:0s left)
Iteration 70 / LogL: -2575.464 / Time: 0h:0m:1s (0h:0m:0s left)
Iteration 80 / LogL: -2575.458 / Time: 0h:0m:1s (0h:0m:0s left)
Iteration 90 / LogL: -2579.459 / Time: 0h:0m:1s (0h:0m:0s left)
Iteration 100 / LogL: -2589.383 / Time: 0h:0m:1s (0h:0m:0s left)
TREE SEARCH COMPLETED AFTER 102 ITERATIONS / Time: 0h:0m:1s

--------------------------------------------------------------------
|                    FINALIZING TREE SEARCH                        |
--------------------------------------------------------------------
Performs final model parameters optimization
Estimate model parameters (epsilon = 0.010)
1. Initial log-likelihood: -2575.447
Optimal log-likelihood: -2575.447
Parameters optimization took 1 rounds (0.002 sec)
BEST SCORE FOUND : -2575.447
Total tree length: 1.438

Total number of iterations: 102
CPU time used for tree search: 1.738 sec (0h:0m:1s)
Wall-clock time used for tree search: 1.739 sec (0h:0m:1s)
Total CPU time used: 1.771 sec (0h:0m:1s)
Total wall-clock time used: 1.772 sec (0h:0m:1s)

Analysis results written to: 
  IQ-TREE report:                /scratch/ga42vor/simulating_quartets/accuracy_comparision/training2_5/training2_5.fasta.iqtree
  Maximum-likelihood tree:       /scratch/ga42vor/simulating_quartets/accuracy_comparision/training2_5/training2_5.fasta.treefile
  Likelihood distances:          /scratch/ga42vor/simulating_quartets/accuracy_comparision/training2_5/training2_5.fasta.mldist
  Screen log file:               /scratch/ga42vor/simulating_quartets/accuracy_comparision/training2_5/training2_5.fasta.log

Date and Time: Thu May 28 17:05:14 2020
