IQ-TREE multicore version 2.0.5 for Linux 64-bit built May 15 2020
Developed by Bui Quang Minh, Nguyen Lam Tung, Olga Chernomor,
Heiko Schmidt, Dominik Schrempf, Michael Woodhams.

Host:    cip2ryzen1.cip.ph.tum.de (AVX2, FMA3, 15 GB RAM)
Command: ../iqtree-2.0.5-Linux/bin/iqtree2 -s /scratch/ga42vor/simulating_quartets/accuracy_comparision/training2_42/training2_42.fasta -redo -m WAG
Seed:    652535 (Using SPRNG - Scalable Parallel Random Number Generator)
Time:    Thu May 28 17:06:35 2020
Kernel:  AVX+FMA - 1 threads (16 CPU cores detected)

HINT: Use -nt option to specify number of threads because your CPU has 16 cores!
HINT: -nt AUTO will automatically determine the best number of threads to use.

Reading alignment file /scratch/ga42vor/simulating_quartets/accuracy_comparision/training2_42/training2_42.fasta ... Fasta format detected
Alignment most likely contains protein sequences
Alignment has 20 sequences with 200 columns, 197 distinct patterns
169 parsimony-informative, 20 singleton sites, 11 constant sites
         Gap/Ambiguity  Composition  p-value
   1  taxon0     0.00%    passed     94.54%
   2  taxon1     0.00%    passed     98.81%
   3  taxon2     0.00%    passed     98.19%
   4  taxon3     0.00%    passed     99.66%
   5  taxon4     0.00%    passed     91.14%
   6  taxon5     0.00%    passed     92.44%
   7  taxon6     0.00%    passed     95.15%
   8  taxon7     0.00%    passed     99.85%
   9  taxon8     0.00%    passed     69.39%
  10  taxon9     0.00%    passed     92.02%
  11  taxon10    0.00%    passed     99.90%
  12  taxon11    0.00%    passed     95.61%
  13  taxon12    0.00%    passed     91.26%
  14  taxon13    0.00%    passed     99.99%
  15  taxon14    0.00%    passed     86.08%
  16  taxon15    0.00%    passed     92.23%
  17  taxon16    0.00%    passed     99.15%
  18  taxon17    0.00%    passed     81.58%
  19  taxon18    0.00%    passed     96.68%
  20  taxon19    0.00%    passed     96.51%
****  TOTAL      0.00%  0 sequences failed composition chi2 test (p-value<5%; df=19)

Create initial parsimony tree by phylogenetic likelihood library (PLL)... 0.002 seconds

NOTE: 0 MB RAM (0 GB) is required!
Estimate model parameters (epsilon = 0.100)
1. Initial log-likelihood: -6534.038
Optimal log-likelihood: -6524.867
Parameters optimization took 1 rounds (0.007 sec)
Computing ML distances based on estimated model parameters... 0.012 sec
Computing BIONJ tree...
0.000 seconds
Log-likelihood of BIONJ tree: -6524.867
--------------------------------------------------------------------
|             INITIALIZING CANDIDATE TREE SET                      |
--------------------------------------------------------------------
Generating 99 parsimony trees... 0.175 second
Computing log-likelihood of 99 initial trees ... 0.219 seconds
Current best score: -6524.867

Do NNI search on 20 best initial trees
Estimate model parameters (epsilon = 0.100)
BETTER TREE FOUND at iteration 1: -6524.867
Iteration 10 / LogL: -6525.366 / Time: 0h:0m:0s
Iteration 20 / LogL: -6524.871 / Time: 0h:0m:0s
Finish initializing candidate tree set (2)
Current best tree score: -6524.867 / CPU time: 0.821
Number of iterations: 20
--------------------------------------------------------------------
|               OPTIMIZING CANDIDATE TREE SET                      |
--------------------------------------------------------------------
Iteration 30 / LogL: -6524.879 / Time: 0h:0m:1s (0h:0m:2s left)
Iteration 40 / LogL: -6524.969 / Time: 0h:0m:1s (0h:0m:2s left)
Iteration 50 / LogL: -6642.611 / Time: 0h:0m:1s (0h:0m:1s left)
Iteration 60 / LogL: -6524.870 / Time: 0h:0m:1s (0h:0m:1s left)
Iteration 70 / LogL: -6524.898 / Time: 0h:0m:2s (0h:0m:1s left)
Iteration 80 / LogL: -6524.872 / Time: 0h:0m:2s (0h:0m:0s left)
Iteration 90 / LogL: -6524.886 / Time: 0h:0m:2s (0h:0m:0s left)
Iteration 100 / LogL: -6524.908 / Time: 0h:0m:3s (0h:0m:0s left)
TREE SEARCH COMPLETED AFTER 102 ITERATIONS / Time: 0h:0m:3s

--------------------------------------------------------------------
|                    FINALIZING TREE SEARCH                        |
--------------------------------------------------------------------
Performs final model parameters optimization
Estimate model parameters (epsilon = 0.010)
1. Initial log-likelihood: -6524.867
Optimal log-likelihood: -6524.867
Parameters optimization took 1 rounds (0.006 sec)
BEST SCORE FOUND : -6524.867
Total tree length: 5.903

Total number of iterations: 102
CPU time used for tree search: 3.102 sec (0h:0m:3s)
Wall-clock time used for tree search: 3.103 sec (0h:0m:3s)
Total CPU time used: 3.147 sec (0h:0m:3s)
Total wall-clock time used: 3.148 sec (0h:0m:3s)

Analysis results written to: 
  IQ-TREE report:                /scratch/ga42vor/simulating_quartets/accuracy_comparision/training2_42/training2_42.fasta.iqtree
  Maximum-likelihood tree:       /scratch/ga42vor/simulating_quartets/accuracy_comparision/training2_42/training2_42.fasta.treefile
  Likelihood distances:          /scratch/ga42vor/simulating_quartets/accuracy_comparision/training2_42/training2_42.fasta.mldist
  Screen log file:               /scratch/ga42vor/simulating_quartets/accuracy_comparision/training2_42/training2_42.fasta.log

Date and Time: Thu May 28 17:06:38 2020
