IQ-TREE multicore version 2.0.5 for Linux 64-bit built May 15 2020
Developed by Bui Quang Minh, Nguyen Lam Tung, Olga Chernomor,
Heiko Schmidt, Dominik Schrempf, Michael Woodhams.

Host:    cip2ryzen1.cip.ph.tum.de (AVX2, FMA3, 15 GB RAM)
Command: ../iqtree-2.0.5-Linux/bin/iqtree2 -s /scratch/ga42vor/simulating_quartets/accuracy_comparision/training3_nohet_9/training3_nohet_9.fasta -redo -m WAG
Seed:    887206 (Using SPRNG - Scalable Parallel Random Number Generator)
Time:    Thu May 28 17:12:19 2020
Kernel:  AVX+FMA - 1 threads (16 CPU cores detected)

HINT: Use -nt option to specify number of threads because your CPU has 16 cores!
HINT: -nt AUTO will automatically determine the best number of threads to use.

Reading alignment file /scratch/ga42vor/simulating_quartets/accuracy_comparision/training3_nohet_9/training3_nohet_9.fasta ... Fasta format detected
Alignment most likely contains protein sequences
Alignment has 20 sequences with 200 columns, 39 distinct patterns
17 parsimony-informative, 2 singleton sites, 181 constant sites
         Gap/Ambiguity  Composition  p-value
   1  taxon0     0.00%    passed    100.00%
   2  taxon1     0.00%    passed    100.00%
   3  taxon2     0.00%    passed    100.00%
   4  taxon3     0.00%    passed     99.99%
   5  taxon4     0.00%    passed    100.00%
   6  taxon5     0.00%    passed    100.00%
   7  taxon6     0.00%    passed    100.00%
   8  taxon7     0.00%    passed    100.00%
   9  taxon8     0.00%    passed    100.00%
  10  taxon9     0.00%    passed    100.00%
  11  taxon10    0.00%    passed    100.00%
  12  taxon11    0.00%    passed    100.00%
  13  taxon12    0.00%    passed    100.00%
  14  taxon13    0.00%    passed    100.00%
  15  taxon14    0.00%    passed    100.00%
  16  taxon15    0.00%    passed    100.00%
  17  taxon16    0.00%    passed    100.00%
  18  taxon17    0.00%    passed    100.00%
  19  taxon18    0.00%    passed    100.00%
  20  taxon19    0.00%    passed    100.00%
****  TOTAL      0.00%  0 sequences failed composition chi2 test (p-value<5%; df=19)
NOTE: taxon1 is identical to taxon0 but kept for subsequent analysis
NOTE: taxon16 is identical to taxon5 but kept for subsequent analysis
NOTE: taxon18 is identical to taxon7 but kept for subsequent analysis
NOTE: taxon9 is identical to taxon8 but kept for subsequent analysis
NOTE: taxon11 is identical to taxon10 but kept for subsequent analysis
NOTE: taxon15 is identical to taxon13 but kept for subsequent analysis
NOTE: 2 identical sequences (see below) will be ignored for subsequent analysis
NOTE: taxon19 (identical to taxon7) is ignored but added at the end
NOTE: taxon12 (identical to taxon10) is ignored but added at the end
Alignment was printed to /scratch/ga42vor/simulating_quartets/accuracy_comparision/training3_nohet_9/training3_nohet_9.fasta.uniqueseq.phy

For your convenience alignment with unique sequences printed to /scratch/ga42vor/simulating_quartets/accuracy_comparision/training3_nohet_9/training3_nohet_9.fasta.uniqueseq.phy

Create initial parsimony tree by phylogenetic likelihood library (PLL)... 0.000 seconds

NOTE: 0 MB RAM (0 GB) is required!
Estimate model parameters (epsilon = 0.100)
1. Initial log-likelihood: -765.611
Optimal log-likelihood: -763.536
Parameters optimization took 1 rounds (0.002 sec)
Computing ML distances based on estimated model parameters... 0.005 sec
Computing BIONJ tree...
0.000 seconds
Log-likelihood of BIONJ tree: -760.867
--------------------------------------------------------------------
|             INITIALIZING CANDIDATE TREE SET                      |
--------------------------------------------------------------------
Generating 98 parsimony trees... 0.047 second
Computing log-likelihood of 98 initial trees ... 0.056 seconds
Current best score: -759.976

Do NNI search on 20 best initial trees
Estimate model parameters (epsilon = 0.100)
BETTER TREE FOUND at iteration 1: -759.954
Iteration 10 / LogL: -760.872 / Time: 0h:0m:0s
Iteration 20 / LogL: -762.005 / Time: 0h:0m:0s
Finish initializing candidate tree set (14)
Current best tree score: -759.954 / CPU time: 0.204
Number of iterations: 20
--------------------------------------------------------------------
|               OPTIMIZING CANDIDATE TREE SET                      |
--------------------------------------------------------------------
Iteration 30 / LogL: -759.955 / Time: 0h:0m:0s (0h:0m:0s left)
Iteration 40 / LogL: -759.955 / Time: 0h:0m:0s (0h:0m:0s left)
Iteration 50 / LogL: -760.701 / Time: 0h:0m:0s (0h:0m:0s left)
Iteration 60 / LogL: -759.955 / Time: 0h:0m:0s (0h:0m:0s left)
BETTER TREE FOUND at iteration 67: -759.954
Iteration 70 / LogL: -768.057 / Time: 0h:0m:0s (0h:0m:0s left)
Iteration 80 / LogL: -759.956 / Time: 0h:0m:0s (0h:0m:0s left)
Iteration 90 / LogL: -759.961 / Time: 0h:0m:0s (0h:0m:0s left)
Iteration 100 / LogL: -762.935 / Time: 0h:0m:0s (0h:0m:0s left)
Iteration 110 / LogL: -759.955 / Time: 0h:0m:1s (0h:0m:0s left)
Iteration 120 / LogL: -759.956 / Time: 0h:0m:1s (0h:0m:0s left)
Iteration 130 / LogL: -759.960 / Time: 0h:0m:1s (0h:0m:0s left)
Iteration 140 / LogL: -759.959 / Time: 0h:0m:1s (0h:0m:0s left)
Iteration 150 / LogL: -759.956 / Time: 0h:0m:1s (0h:0m:0s left)
Iteration 160 / LogL: -759.956 / Time: 0h:0m:1s (0h:0m:0s left)
TREE SEARCH COMPLETED AFTER 168 ITERATIONS / Time: 0h:0m:1s

--------------------------------------------------------------------
|                    FINALIZING TREE SEARCH                        |
--------------------------------------------------------------------
Performs final model parameters optimization
Estimate model parameters (epsilon = 0.010)
1. Initial log-likelihood: -759.954
Optimal log-likelihood: -759.954
Parameters optimization took 1 rounds (0.001 sec)
BEST SCORE FOUND : -759.954
Total tree length: 0.122

Total number of iterations: 168
CPU time used for tree search: 1.552 sec (0h:0m:1s)
Wall-clock time used for tree search: 1.552 sec (0h:0m:1s)
Total CPU time used: 1.578 sec (0h:0m:1s)
Total wall-clock time used: 1.578 sec (0h:0m:1s)

Analysis results written to: 
  IQ-TREE report:                /scratch/ga42vor/simulating_quartets/accuracy_comparision/training3_nohet_9/training3_nohet_9.fasta.iqtree
  Maximum-likelihood tree:       /scratch/ga42vor/simulating_quartets/accuracy_comparision/training3_nohet_9/training3_nohet_9.fasta.treefile
  Likelihood distances:          /scratch/ga42vor/simulating_quartets/accuracy_comparision/training3_nohet_9/training3_nohet_9.fasta.mldist
  Screen log file:               /scratch/ga42vor/simulating_quartets/accuracy_comparision/training3_nohet_9/training3_nohet_9.fasta.log

Date and Time: Thu May 28 17:12:21 2020
