IQ-TREE multicore version 2.0.5 for Linux 64-bit built May 15 2020
Developed by Bui Quang Minh, Nguyen Lam Tung, Olga Chernomor,
Heiko Schmidt, Dominik Schrempf, Michael Woodhams.

Host:    cip2ryzen1.cip.ph.tum.de (AVX2, FMA3, 15 GB RAM)
Command: ../iqtree-2.0.5-Linux/bin/iqtree2 -s /scratch/ga42vor/simulating_quartets/accuracy_comparision/training3_nohet_17/training3_nohet_17.fasta -redo -m WAG
Seed:    9522 (Using SPRNG - Scalable Parallel Random Number Generator)
Time:    Thu May 28 16:17:25 2020
Kernel:  AVX+FMA - 1 threads (16 CPU cores detected)

HINT: Use -nt option to specify number of threads because your CPU has 16 cores!
HINT: -nt AUTO will automatically determine the best number of threads to use.

Reading alignment file /scratch/ga42vor/simulating_quartets/accuracy_comparision/training3_nohet_17/training3_nohet_17.fasta ... Fasta format detected
Alignment most likely contains protein sequences
Alignment has 20 sequences with 200 columns, 98 distinct patterns
68 parsimony-informative, 14 singleton sites, 118 constant sites
         Gap/Ambiguity  Composition  p-value
   1  taxon0     0.00%    passed     99.98%
   2  taxon1     0.00%    passed     99.71%
   3  taxon2     0.00%    passed     99.99%
   4  taxon3     0.00%    passed     99.98%
   5  taxon4     0.00%    passed     99.83%
   6  taxon5     0.00%    passed     99.75%
   7  taxon6     0.00%    passed     99.21%
   8  taxon7     0.00%    passed     99.62%
   9  taxon8     0.00%    passed     99.99%
  10  taxon9     0.00%    passed    100.00%
  11  taxon10    0.00%    passed     99.97%
  12  taxon11    0.00%    passed     99.99%
  13  taxon12    0.00%    passed    100.00%
  14  taxon13    0.00%    passed    100.00%
  15  taxon14    0.00%    passed    100.00%
  16  taxon15    0.00%    passed     99.99%
  17  taxon16    0.00%    passed    100.00%
  18  taxon17    0.00%    passed    100.00%
  19  taxon18    0.00%    passed     99.99%
  20  taxon19    0.00%    passed     99.99%
****  TOTAL      0.00%  0 sequences failed composition chi2 test (p-value<5%; df=19)

Create initial parsimony tree by phylogenetic likelihood library (PLL)... 0.002 seconds

NOTE: 0 MB RAM (0 GB) is required!
Estimate model parameters (epsilon = 0.100)
1. Initial log-likelihood: -1585.988
Optimal log-likelihood: -1581.745
Parameters optimization took 1 rounds (0.003 sec)
Computing ML distances based on estimated model parameters... 0.006 sec
Computing BIONJ tree...
0.000 seconds
Log-likelihood of BIONJ tree: -1582.500
--------------------------------------------------------------------
|             INITIALIZING CANDIDATE TREE SET                      |
--------------------------------------------------------------------
Generating 98 parsimony trees... 0.092 second
Computing log-likelihood of 98 initial trees ... 0.116 seconds
Current best score: -1578.980

Do NNI search on 20 best initial trees
Estimate model parameters (epsilon = 0.100)
BETTER TREE FOUND at iteration 1: -1578.869
UPDATE BEST LOG-LIKELIHOOD: -1578.864
UPDATE BEST LOG-LIKELIHOOD: -1578.864
UPDATE BEST LOG-LIKELIHOOD: -1578.864
Iteration 10 / LogL: -1578.864 / Time: 0h:0m:0s
UPDATE BEST LOG-LIKELIHOOD: -1578.864
Iteration 20 / LogL: -1579.335 / Time: 0h:0m:0s
Finish initializing candidate tree set (3)
Current best tree score: -1578.864 / CPU time: 0.474
Number of iterations: 20
--------------------------------------------------------------------
|               OPTIMIZING CANDIDATE TREE SET                      |
--------------------------------------------------------------------
Iteration 30 / LogL: -1579.335 / Time: 0h:0m:0s (0h:0m:1s left)
UPDATE BEST LOG-LIKELIHOOD: -1578.864
Iteration 40 / LogL: -1578.864 / Time: 0h:0m:0s (0h:0m:1s left)
UPDATE BEST LOG-LIKELIHOOD: -1578.864
Iteration 50 / LogL: -1579.069 / Time: 0h:0m:1s (0h:0m:1s left)
Iteration 60 / LogL: -1579.069 / Time: 0h:0m:1s (0h:0m:0s left)
Iteration 70 / LogL: -1579.067 / Time: 0h:0m:1s (0h:0m:0s left)
Iteration 80 / LogL: -1579.068 / Time: 0h:0m:1s (0h:0m:0s left)
Iteration 90 / LogL: -1582.129 / Time: 0h:0m:1s (0h:0m:0s left)
Iteration 100 / LogL: -1578.865 / Time: 0h:0m:2s (0h:0m:0s left)
TREE SEARCH COMPLETED AFTER 102 ITERATIONS / Time: 0h:0m:2s

--------------------------------------------------------------------
|                    FINALIZING TREE SEARCH                        |
--------------------------------------------------------------------
Performs final model parameters optimization
Estimate model parameters (epsilon = 0.010)
1. Initial log-likelihood: -1578.864
Optimal log-likelihood: -1578.864
Parameters optimization took 1 rounds (0.002 sec)
BEST SCORE FOUND : -1578.864
Total tree length: 0.717

Total number of iterations: 102
CPU time used for tree search: 2.133 sec (0h:0m:2s)
Wall-clock time used for tree search: 2.137 sec (0h:0m:2s)
Total CPU time used: 2.165 sec (0h:0m:2s)
Total wall-clock time used: 2.171 sec (0h:0m:2s)

Analysis results written to: 
  IQ-TREE report:                /scratch/ga42vor/simulating_quartets/accuracy_comparision/training3_nohet_17/training3_nohet_17.fasta.iqtree
  Maximum-likelihood tree:       /scratch/ga42vor/simulating_quartets/accuracy_comparision/training3_nohet_17/training3_nohet_17.fasta.treefile
  Likelihood distances:          /scratch/ga42vor/simulating_quartets/accuracy_comparision/training3_nohet_17/training3_nohet_17.fasta.mldist
  Screen log file:               /scratch/ga42vor/simulating_quartets/accuracy_comparision/training3_nohet_17/training3_nohet_17.fasta.log

Date and Time: Thu May 28 16:17:27 2020
