IQ-TREE multicore version 2.0.5 for Linux 64-bit built May 15 2020
Developed by Bui Quang Minh, Nguyen Lam Tung, Olga Chernomor,
Heiko Schmidt, Dominik Schrempf, Michael Woodhams.

Host:    cip2ryzen1.cip.ph.tum.de (AVX2, FMA3, 15 GB RAM)
Command: ../iqtree-2.0.5-Linux/bin/iqtree2 -s /scratch/ga42vor/simulating_quartets/accuracy_comparision/training2_nohet_36/training2_nohet_36.fasta -redo -m WAG
Seed:    298138 (Using SPRNG - Scalable Parallel Random Number Generator)
Time:    Thu May 28 17:11:33 2020
Kernel:  AVX+FMA - 1 threads (16 CPU cores detected)

HINT: Use -nt option to specify number of threads because your CPU has 16 cores!
HINT: -nt AUTO will automatically determine the best number of threads to use.

Reading alignment file /scratch/ga42vor/simulating_quartets/accuracy_comparision/training2_nohet_36/training2_nohet_36.fasta ... Fasta format detected
Alignment most likely contains protein sequences
Alignment has 20 sequences with 200 columns, 147 distinct patterns
92 parsimony-informative, 36 singleton sites, 72 constant sites
         Gap/Ambiguity  Composition  p-value
   1  taxon0     0.00%    passed     99.93%
   2  taxon1     0.00%    passed    100.00%
   3  taxon2     0.00%    passed    100.00%
   4  taxon3     0.00%    passed    100.00%
   5  taxon4     0.00%    passed    100.00%
   6  taxon5     0.00%    passed     99.99%
   7  taxon6     0.00%    passed    100.00%
   8  taxon7     0.00%    passed     99.99%
   9  taxon8     0.00%    passed     99.99%
  10  taxon9     0.00%    passed     99.95%
  11  taxon10    0.00%    passed     99.98%
  12  taxon11    0.00%    passed     99.99%
  13  taxon12    0.00%    passed    100.00%
  14  taxon13    0.00%    passed     99.91%
  15  taxon14    0.00%    passed    100.00%
  16  taxon15    0.00%    passed     99.99%
  17  taxon16    0.00%    passed    100.00%
  18  taxon17    0.00%    passed    100.00%
  19  taxon18    0.00%    passed     99.97%
  20  taxon19    0.00%    passed     99.95%
****  TOTAL      0.00%  0 sequences failed composition chi2 test (p-value<5%; df=19)

Create initial parsimony tree by phylogenetic likelihood library (PLL)... 0.001 seconds

NOTE: 0 MB RAM (0 GB) is required!
Estimate model parameters (epsilon = 0.100)
1. Initial log-likelihood: -2841.653
Optimal log-likelihood: -2838.324
Parameters optimization took 1 rounds (0.005 sec)
Computing ML distances based on estimated model parameters... 0.009 sec
Computing BIONJ tree...
0.000 seconds
Log-likelihood of BIONJ tree: -2845.032
--------------------------------------------------------------------
|             INITIALIZING CANDIDATE TREE SET                      |
--------------------------------------------------------------------
Generating 98 parsimony trees... 0.123 second
Computing log-likelihood of 98 initial trees ... 0.168 seconds
Current best score: -2830.329

Do NNI search on 20 best initial trees
Estimate model parameters (epsilon = 0.100)
BETTER TREE FOUND at iteration 1: -2829.828
Iteration 10 / LogL: -2830.926 / Time: 0h:0m:0s
Iteration 20 / LogL: -2830.501 / Time: 0h:0m:0s
Finish initializing candidate tree set (10)
Current best tree score: -2829.828 / CPU time: 0.549
Number of iterations: 20
--------------------------------------------------------------------
|               OPTIMIZING CANDIDATE TREE SET                      |
--------------------------------------------------------------------
Iteration 30 / LogL: -2829.835 / Time: 0h:0m:0s (0h:0m:1s left)
Iteration 40 / LogL: -2829.841 / Time: 0h:0m:1s (0h:0m:1s left)
Iteration 50 / LogL: -2830.546 / Time: 0h:0m:1s (0h:0m:1s left)
Iteration 60 / LogL: -2831.384 / Time: 0h:0m:1s (0h:0m:1s left)
Iteration 70 / LogL: -2833.284 / Time: 0h:0m:1s (0h:0m:0s left)
Iteration 80 / LogL: -2829.840 / Time: 0h:0m:1s (0h:0m:0s left)
Iteration 90 / LogL: -2829.836 / Time: 0h:0m:2s (0h:0m:0s left)
Iteration 100 / LogL: -2831.356 / Time: 0h:0m:2s (0h:0m:0s left)
TREE SEARCH COMPLETED AFTER 102 ITERATIONS / Time: 0h:0m:2s

--------------------------------------------------------------------
|                    FINALIZING TREE SEARCH                        |
--------------------------------------------------------------------
Performs final model parameters optimization
Estimate model parameters (epsilon = 0.010)
1. Initial log-likelihood: -2829.828
Optimal log-likelihood: -2829.828
Parameters optimization took 1 rounds (0.002 sec)
BEST SCORE FOUND : -2829.828
Total tree length: 1.812

Total number of iterations: 102
CPU time used for tree search: 2.423 sec (0h:0m:2s)
Wall-clock time used for tree search: 2.424 sec (0h:0m:2s)
Total CPU time used: 2.457 sec (0h:0m:2s)
Total wall-clock time used: 2.458 sec (0h:0m:2s)

Analysis results written to: 
  IQ-TREE report:                /scratch/ga42vor/simulating_quartets/accuracy_comparision/training2_nohet_36/training2_nohet_36.fasta.iqtree
  Maximum-likelihood tree:       /scratch/ga42vor/simulating_quartets/accuracy_comparision/training2_nohet_36/training2_nohet_36.fasta.treefile
  Likelihood distances:          /scratch/ga42vor/simulating_quartets/accuracy_comparision/training2_nohet_36/training2_nohet_36.fasta.mldist
  Screen log file:               /scratch/ga42vor/simulating_quartets/accuracy_comparision/training2_nohet_36/training2_nohet_36.fasta.log

Date and Time: Thu May 28 17:11:35 2020
