IQ-TREE multicore version 2.0.5 for Linux 64-bit built May 15 2020
Developed by Bui Quang Minh, Nguyen Lam Tung, Olga Chernomor,
Heiko Schmidt, Dominik Schrempf, Michael Woodhams.

Host:    cip2ryzen1.cip.ph.tum.de (AVX2, FMA3, 15 GB RAM)
Command: ../iqtree-2.0.5-Linux/bin/iqtree2 -s /scratch/ga42vor/simulating_quartets/accuracy_comparision/training1_48/training1_48.fasta -m WAG -redo
Seed:    603285 (Using SPRNG - Scalable Parallel Random Number Generator)
Time:    Wed May 27 23:02:37 2020
Kernel:  AVX+FMA - 1 threads (16 CPU cores detected)

HINT: Use -nt option to specify number of threads because your CPU has 16 cores!
HINT: -nt AUTO will automatically determine the best number of threads to use.

Reading alignment file /scratch/ga42vor/simulating_quartets/accuracy_comparision/training1_48/training1_48.fasta ... Fasta format detected
Alignment most likely contains protein sequences
Alignment has 20 sequences with 200 columns, 151 distinct patterns
121 parsimony-informative, 17 singleton sites, 62 constant sites
         Gap/Ambiguity  Composition  p-value
   1  taxon0     0.00%    passed     99.80%
   2  taxon1     0.00%    passed     99.98%
   3  taxon2     0.00%    passed     94.16%
   4  taxon3     0.00%    passed     99.43%
   5  taxon4     0.00%    passed     92.16%
   6  taxon5     0.00%    passed     65.72%
   7  taxon6     0.00%    passed     98.22%
   8  taxon7     0.00%    passed     99.98%
   9  taxon8     0.00%    passed     99.14%
  10  taxon9     0.00%    passed     98.03%
  11  taxon10    0.00%    passed     99.87%
  12  taxon11    0.00%    passed     97.73%
  13  taxon12    0.00%    passed     93.10%
  14  taxon13    0.00%    passed     96.37%
  15  taxon14    0.00%    passed     93.93%
  16  taxon15    0.00%    passed     97.85%
  17  taxon16    0.00%    passed     99.40%
  18  taxon17    0.00%    passed     92.58%
  19  taxon18    0.00%    passed     97.75%
  20  taxon19    0.00%    passed     95.84%
****  TOTAL      0.00%  0 sequences failed composition chi2 test (p-value<5%; df=19)

Create initial parsimony tree by phylogenetic likelihood library (PLL)... 0.001 seconds

NOTE: 0 MB RAM (0 GB) is required!
Estimate model parameters (epsilon = 0.100)
1. Initial log-likelihood: -5240.885
Optimal log-likelihood: -5225.316
Parameters optimization took 1 rounds (0.006 sec)
Computing ML distances based on estimated model parameters... 0.010 sec
Computing BIONJ tree...
0.000 seconds
Log-likelihood of BIONJ tree: -5225.316
--------------------------------------------------------------------
|             INITIALIZING CANDIDATE TREE SET                      |
--------------------------------------------------------------------
Generating 99 parsimony trees... 0.136 second
Computing log-likelihood of 99 initial trees ... 0.173 seconds
Current best score: -5225.316

Do NNI search on 20 best initial trees
Estimate model parameters (epsilon = 0.100)
BETTER TREE FOUND at iteration 1: -5225.316
Iteration 10 / LogL: -5225.327 / Time: 0h:0m:0s
Iteration 20 / LogL: -5225.356 / Time: 0h:0m:0s
Finish initializing candidate tree set (1)
Current best tree score: -5225.316 / CPU time: 0.631
Number of iterations: 20
--------------------------------------------------------------------
|               OPTIMIZING CANDIDATE TREE SET                      |
--------------------------------------------------------------------
Iteration 30 / LogL: -5225.334 / Time: 0h:0m:0s (0h:0m:2s left)
Iteration 40 / LogL: -5225.426 / Time: 0h:0m:1s (0h:0m:1s left)
Iteration 50 / LogL: -5225.356 / Time: 0h:0m:1s (0h:0m:1s left)
Iteration 60 / LogL: -5225.328 / Time: 0h:0m:1s (0h:0m:0s left)
Iteration 70 / LogL: -5225.529 / Time: 0h:0m:1s (0h:0m:0s left)
Iteration 80 / LogL: -5225.369 / Time: 0h:0m:1s (0h:0m:0s left)
Iteration 90 / LogL: -5225.338 / Time: 0h:0m:2s (0h:0m:0s left)
Iteration 100 / LogL: -5225.398 / Time: 0h:0m:2s (0h:0m:0s left)
TREE SEARCH COMPLETED AFTER 102 ITERATIONS / Time: 0h:0m:2s

--------------------------------------------------------------------
|                    FINALIZING TREE SEARCH                        |
--------------------------------------------------------------------
Performs final model parameters optimization
Estimate model parameters (epsilon = 0.010)
1. Initial log-likelihood: -5225.316
Optimal log-likelihood: -5225.316
Parameters optimization took 1 rounds (0.003 sec)
BEST SCORE FOUND : -5225.316
Total tree length: 4.333

Total number of iterations: 102
CPU time used for tree search: 2.207 sec (0h:0m:2s)
Wall-clock time used for tree search: 2.210 sec (0h:0m:2s)
Total CPU time used: 2.242 sec (0h:0m:2s)
Total wall-clock time used: 2.246 sec (0h:0m:2s)

Analysis results written to: 
  IQ-TREE report:                /scratch/ga42vor/simulating_quartets/accuracy_comparision/training1_48/training1_48.fasta.iqtree
  Maximum-likelihood tree:       /scratch/ga42vor/simulating_quartets/accuracy_comparision/training1_48/training1_48.fasta.treefile
  Likelihood distances:          /scratch/ga42vor/simulating_quartets/accuracy_comparision/training1_48/training1_48.fasta.mldist
  Screen log file:               /scratch/ga42vor/simulating_quartets/accuracy_comparision/training1_48/training1_48.fasta.log

Date and Time: Wed May 27 23:02:39 2020
