IQ-TREE multicore version 2.0.5 for Linux 64-bit built May 15 2020
Developed by Bui Quang Minh, Nguyen Lam Tung, Olga Chernomor,
Heiko Schmidt, Dominik Schrempf, Michael Woodhams.

Host:    cip2ryzen1.cip.ph.tum.de (AVX2, FMA3, 15 GB RAM)
Command: ../iqtree-2.0.5-Linux/bin/iqtree2 -s /scratch/ga42vor/simulating_quartets/accuracy_comparision/training3_13/training3_13.fasta -redo -m WAG
Seed:    608514 (Using SPRNG - Scalable Parallel Random Number Generator)
Time:    Thu May 28 17:07:25 2020
Kernel:  AVX+FMA - 1 threads (16 CPU cores detected)

HINT: Use -nt option to specify number of threads because your CPU has 16 cores!
HINT: -nt AUTO will automatically determine the best number of threads to use.

Reading alignment file /scratch/ga42vor/simulating_quartets/accuracy_comparision/training3_13/training3_13.fasta ... Fasta format detected
Alignment most likely contains protein sequences
Alignment has 20 sequences with 200 columns, 118 distinct patterns
83 parsimony-informative, 16 singleton sites, 101 constant sites
         Gap/Ambiguity  Composition  p-value
   1  taxon0     0.00%    passed     99.97%
   2  taxon1     0.00%    passed     99.99%
   3  taxon2     0.00%    passed     99.98%
   4  taxon3     0.00%    passed     99.99%
   5  taxon4     0.00%    passed     99.67%
   6  taxon5     0.00%    passed     99.97%
   7  taxon6     0.00%    passed     99.88%
   8  taxon7     0.00%    passed     99.97%
   9  taxon8     0.00%    passed     99.96%
  10  taxon9     0.00%    passed     99.79%
  11  taxon10    0.00%    passed     93.41%
  12  taxon11    0.00%    passed     87.46%
  13  taxon12    0.00%    passed    100.00%
  14  taxon13    0.00%    passed    100.00%
  15  taxon14    0.00%    passed     99.99%
  16  taxon15    0.00%    passed     97.83%
  17  taxon16    0.00%    passed     99.96%
  18  taxon17    0.00%    passed     99.99%
  19  taxon18    0.00%    passed    100.00%
  20  taxon19    0.00%    passed    100.00%
****  TOTAL      0.00%  0 sequences failed composition chi2 test (p-value<5%; df=19)

Create initial parsimony tree by phylogenetic likelihood library (PLL)... 0.001 seconds

NOTE: 0 MB RAM (0 GB) is required!
Estimate model parameters (epsilon = 0.100)
1. Initial log-likelihood: -2440.462
Optimal log-likelihood: -2430.423
Parameters optimization took 1 rounds (0.005 sec)
Computing ML distances based on estimated model parameters... 0.008 sec
Computing BIONJ tree...
0.000 seconds
Log-likelihood of BIONJ tree: -2464.990
--------------------------------------------------------------------
|             INITIALIZING CANDIDATE TREE SET                      |
--------------------------------------------------------------------
Generating 98 parsimony trees... 0.098 second
Computing log-likelihood of 98 initial trees ... 0.136 seconds
Current best score: -2430.423

Do NNI search on 20 best initial trees
Estimate model parameters (epsilon = 0.100)
BETTER TREE FOUND at iteration 1: -2429.976
Iteration 10 / LogL: -2429.987 / Time: 0h:0m:0s
UPDATE BEST LOG-LIKELIHOOD: -2429.976
Iteration 20 / LogL: -2429.976 / Time: 0h:0m:0s
Finish initializing candidate tree set (1)
Current best tree score: -2429.976 / CPU time: 0.431
Number of iterations: 20
--------------------------------------------------------------------
|               OPTIMIZING CANDIDATE TREE SET                      |
--------------------------------------------------------------------
UPDATE BEST LOG-LIKELIHOOD: -2429.976
Iteration 30 / LogL: -2429.981 / Time: 0h:0m:0s (0h:0m:1s left)
UPDATE BEST LOG-LIKELIHOOD: -2429.976
Iteration 40 / LogL: -2438.006 / Time: 0h:0m:0s (0h:0m:1s left)
UPDATE BEST LOG-LIKELIHOOD: -2429.976
Iteration 50 / LogL: -2433.929 / Time: 0h:0m:1s (0h:0m:1s left)
Iteration 60 / LogL: -2441.959 / Time: 0h:0m:1s (0h:0m:0s left)
UPDATE BEST LOG-LIKELIHOOD: -2429.976
Iteration 70 / LogL: -2429.979 / Time: 0h:0m:1s (0h:0m:0s left)
Iteration 80 / LogL: -2429.983 / Time: 0h:0m:1s (0h:0m:0s left)
Iteration 90 / LogL: -2429.996 / Time: 0h:0m:1s (0h:0m:0s left)
Iteration 100 / LogL: -2429.976 / Time: 0h:0m:1s (0h:0m:0s left)
TREE SEARCH COMPLETED AFTER 102 ITERATIONS / Time: 0h:0m:2s

--------------------------------------------------------------------
|                    FINALIZING TREE SEARCH                        |
--------------------------------------------------------------------
Performs final model parameters optimization
Estimate model parameters (epsilon = 0.010)
1. Initial log-likelihood: -2429.976
Optimal log-likelihood: -2429.976
Parameters optimization took 1 rounds (0.002 sec)
BEST SCORE FOUND : -2429.976
Total tree length: 1.458

Total number of iterations: 102
CPU time used for tree search: 1.984 sec (0h:0m:1s)
Wall-clock time used for tree search: 1.985 sec (0h:0m:1s)
Total CPU time used: 2.015 sec (0h:0m:2s)
Total wall-clock time used: 2.015 sec (0h:0m:2s)

Analysis results written to: 
  IQ-TREE report:                /scratch/ga42vor/simulating_quartets/accuracy_comparision/training3_13/training3_13.fasta.iqtree
  Maximum-likelihood tree:       /scratch/ga42vor/simulating_quartets/accuracy_comparision/training3_13/training3_13.fasta.treefile
  Likelihood distances:          /scratch/ga42vor/simulating_quartets/accuracy_comparision/training3_13/training3_13.fasta.mldist
  Screen log file:               /scratch/ga42vor/simulating_quartets/accuracy_comparision/training3_13/training3_13.fasta.log

Date and Time: Thu May 28 17:07:27 2020
