IQ-TREE multicore version 2.0.5 for Linux 64-bit built May 15 2020
Developed by Bui Quang Minh, Nguyen Lam Tung, Olga Chernomor,
Heiko Schmidt, Dominik Schrempf, Michael Woodhams.

Host:    cip2ryzen1.cip.ph.tum.de (AVX2, FMA3, 15 GB RAM)
Command: ../iqtree-2.0.5-Linux/bin/iqtree2 -s /scratch/ga42vor/simulating_quartets/accuracy_comparision/training3_nohet_27/training3_nohet_27.fasta -redo -m WAG
Seed:    820317 (Using SPRNG - Scalable Parallel Random Number Generator)
Time:    Thu May 28 17:12:58 2020
Kernel:  AVX+FMA - 1 threads (16 CPU cores detected)

HINT: Use -nt option to specify number of threads because your CPU has 16 cores!
HINT: -nt AUTO will automatically determine the best number of threads to use.

Reading alignment file /scratch/ga42vor/simulating_quartets/accuracy_comparision/training3_nohet_27/training3_nohet_27.fasta ... Fasta format detected
Alignment most likely contains protein sequences
Alignment has 20 sequences with 200 columns, 90 distinct patterns
55 parsimony-informative, 20 singleton sites, 125 constant sites
         Gap/Ambiguity  Composition  p-value
   1  taxon0     0.00%    passed     99.65%
   2  taxon1     0.00%    passed     99.91%
   3  taxon2     0.00%    passed     99.91%
   4  taxon3     0.00%    passed     97.25%
   5  taxon4     0.00%    passed     96.50%
   6  taxon5     0.00%    passed     98.04%
   7  taxon6     0.00%    passed    100.00%
   8  taxon7     0.00%    passed    100.00%
   9  taxon8     0.00%    passed    100.00%
  10  taxon9     0.00%    passed    100.00%
  11  taxon10    0.00%    passed    100.00%
  12  taxon11    0.00%    passed    100.00%
  13  taxon12    0.00%    passed    100.00%
  14  taxon13    0.00%    passed    100.00%
  15  taxon14    0.00%    passed    100.00%
  16  taxon15    0.00%    passed    100.00%
  17  taxon16    0.00%    passed    100.00%
  18  taxon17    0.00%    passed    100.00%
  19  taxon18    0.00%    passed     99.99%
  20  taxon19    0.00%    passed     99.97%
****  TOTAL      0.00%  0 sequences failed composition chi2 test (p-value<5%; df=19)

Create initial parsimony tree by phylogenetic likelihood library (PLL)... 0.001 seconds

NOTE: 0 MB RAM (0 GB) is required!
Estimate model parameters (epsilon = 0.100)
1. Initial log-likelihood: -1624.814
Optimal log-likelihood: -1623.449
Parameters optimization took 1 rounds (0.004 sec)
Computing ML distances based on estimated model parameters... 0.008 sec
Computing BIONJ tree...
0.000 seconds
Log-likelihood of BIONJ tree: -1630.050
--------------------------------------------------------------------
|             INITIALIZING CANDIDATE TREE SET                      |
--------------------------------------------------------------------
Generating 98 parsimony trees... 0.102 second
Computing log-likelihood of 98 initial trees ... 0.114 seconds
Current best score: -1618.260

Do NNI search on 20 best initial trees
Estimate model parameters (epsilon = 0.100)
BETTER TREE FOUND at iteration 1: -1618.166
Iteration 10 / LogL: -1620.725 / Time: 0h:0m:0s
Iteration 20 / LogL: -1622.389 / Time: 0h:0m:0s
Finish initializing candidate tree set (12)
Current best tree score: -1618.166 / CPU time: 0.433
Number of iterations: 20
--------------------------------------------------------------------
|               OPTIMIZING CANDIDATE TREE SET                      |
--------------------------------------------------------------------
Iteration 30 / LogL: -1619.578 / Time: 0h:0m:0s (0h:0m:1s left)
Iteration 40 / LogL: -1732.150 / Time: 0h:0m:0s (0h:0m:1s left)
Iteration 50 / LogL: -1618.198 / Time: 0h:0m:0s (0h:0m:1s left)
Iteration 60 / LogL: -1619.630 / Time: 0h:0m:1s (0h:0m:0s left)
Iteration 70 / LogL: -1619.629 / Time: 0h:0m:1s (0h:0m:0s left)
Iteration 80 / LogL: -1618.167 / Time: 0h:0m:1s (0h:0m:0s left)
Iteration 90 / LogL: -1667.002 / Time: 0h:0m:1s (0h:0m:0s left)
Iteration 100 / LogL: -1619.579 / Time: 0h:0m:1s (0h:0m:0s left)
TREE SEARCH COMPLETED AFTER 102 ITERATIONS / Time: 0h:0m:1s

--------------------------------------------------------------------
|                    FINALIZING TREE SEARCH                        |
--------------------------------------------------------------------
Performs final model parameters optimization
Estimate model parameters (epsilon = 0.010)
1. Initial log-likelihood: -1618.166
Optimal log-likelihood: -1618.166
Parameters optimization took 1 rounds (0.002 sec)
BEST SCORE FOUND : -1618.166
Total tree length: 0.714

Total number of iterations: 102
CPU time used for tree search: 1.818 sec (0h:0m:1s)
Wall-clock time used for tree search: 1.818 sec (0h:0m:1s)
Total CPU time used: 1.845 sec (0h:0m:1s)
Total wall-clock time used: 1.846 sec (0h:0m:1s)

Analysis results written to: 
  IQ-TREE report:                /scratch/ga42vor/simulating_quartets/accuracy_comparision/training3_nohet_27/training3_nohet_27.fasta.iqtree
  Maximum-likelihood tree:       /scratch/ga42vor/simulating_quartets/accuracy_comparision/training3_nohet_27/training3_nohet_27.fasta.treefile
  Likelihood distances:          /scratch/ga42vor/simulating_quartets/accuracy_comparision/training3_nohet_27/training3_nohet_27.fasta.mldist
  Screen log file:               /scratch/ga42vor/simulating_quartets/accuracy_comparision/training3_nohet_27/training3_nohet_27.fasta.log

Date and Time: Thu May 28 17:13:00 2020
