IQ-TREE multicore version 2.0.5 for Linux 64-bit built May 15 2020
Developed by Bui Quang Minh, Nguyen Lam Tung, Olga Chernomor,
Heiko Schmidt, Dominik Schrempf, Michael Woodhams.

Host:    cip2ryzen1.cip.ph.tum.de (AVX2, FMA3, 15 GB RAM)
Command: ../iqtree-2.0.5-Linux/bin/iqtree2 -s /scratch/ga42vor/simulating_quartets/accuracy_comparision/training2_49/training2_49.fasta -redo -m WAG
Seed:    723930 (Using SPRNG - Scalable Parallel Random Number Generator)
Time:    Thu May 28 17:06:52 2020
Kernel:  AVX+FMA - 1 threads (16 CPU cores detected)

HINT: Use -nt option to specify number of threads because your CPU has 16 cores!
HINT: -nt AUTO will automatically determine the best number of threads to use.

Reading alignment file /scratch/ga42vor/simulating_quartets/accuracy_comparision/training2_49/training2_49.fasta ... Fasta format detected
Alignment most likely contains protein sequences
Alignment has 20 sequences with 200 columns, 108 distinct patterns
58 parsimony-informative, 31 singleton sites, 111 constant sites
         Gap/Ambiguity  Composition  p-value
   1  taxon0     0.00%    passed     99.39%
   2  taxon1     0.00%    passed     99.98%
   3  taxon2     0.00%    passed     99.32%
   4  taxon3     0.00%    passed    100.00%
   5  taxon4     0.00%    passed    100.00%
   6  taxon5     0.00%    passed    100.00%
   7  taxon6     0.00%    passed    100.00%
   8  taxon7     0.00%    passed    100.00%
   9  taxon8     0.00%    passed    100.00%
  10  taxon9     0.00%    passed    100.00%
  11  taxon10    0.00%    passed     99.99%
  12  taxon11    0.00%    passed     99.96%
  13  taxon12    0.00%    passed     99.96%
  14  taxon13    0.00%    passed    100.00%
  15  taxon14    0.00%    passed     99.09%
  16  taxon15    0.00%    passed    100.00%
  17  taxon16    0.00%    passed     99.64%
  18  taxon17    0.00%    passed     99.66%
  19  taxon18    0.00%    passed     99.97%
  20  taxon19    0.00%    passed     99.92%
****  TOTAL      0.00%  0 sequences failed composition chi2 test (p-value<5%; df=19)

Create initial parsimony tree by phylogenetic likelihood library (PLL)... 0.001 seconds

NOTE: 0 MB RAM (0 GB) is required!
Estimate model parameters (epsilon = 0.100)
1. Initial log-likelihood: -2126.238
Optimal log-likelihood: -2123.295
Parameters optimization took 1 rounds (0.004 sec)
Computing ML distances based on estimated model parameters... 0.009 sec
Computing BIONJ tree...
0.000 seconds
Log-likelihood of BIONJ tree: -2124.096
--------------------------------------------------------------------
|             INITIALIZING CANDIDATE TREE SET                      |
--------------------------------------------------------------------
Generating 98 parsimony trees... 0.084 second
Computing log-likelihood of 98 initial trees ... 0.129 seconds
Current best score: -2123.139

Do NNI search on 20 best initial trees
Estimate model parameters (epsilon = 0.100)
BETTER TREE FOUND at iteration 1: -2122.454
UPDATE BEST LOG-LIKELIHOOD: -2122.454
Iteration 10 / LogL: -2122.455 / Time: 0h:0m:0s
Iteration 20 / LogL: -2122.454 / Time: 0h:0m:0s
Finish initializing candidate tree set (2)
Current best tree score: -2122.454 / CPU time: 0.414
Number of iterations: 20
--------------------------------------------------------------------
|               OPTIMIZING CANDIDATE TREE SET                      |
--------------------------------------------------------------------
UPDATE BEST LOG-LIKELIHOOD: -2122.454
Iteration 30 / LogL: -2122.454 / Time: 0h:0m:0s (0h:0m:1s left)
Iteration 40 / LogL: -2122.454 / Time: 0h:0m:0s (0h:0m:1s left)
Iteration 50 / LogL: -2122.470 / Time: 0h:0m:0s (0h:0m:1s left)
BETTER TREE FOUND at iteration 60: -2122.454
Iteration 60 / LogL: -2122.454 / Time: 0h:0m:1s (0h:0m:1s left)
Iteration 70 / LogL: -2122.455 / Time: 0h:0m:1s (0h:0m:1s left)
Iteration 80 / LogL: -2122.458 / Time: 0h:0m:1s (0h:0m:1s left)
Iteration 90 / LogL: -2122.455 / Time: 0h:0m:1s (0h:0m:1s left)
Iteration 100 / LogL: -2123.119 / Time: 0h:0m:1s (0h:0m:1s left)
UPDATE BEST LOG-LIKELIHOOD: -2122.454
Iteration 110 / LogL: -2122.645 / Time: 0h:0m:2s (0h:0m:0s left)
UPDATE BEST LOG-LIKELIHOOD: -2122.454
Iteration 120 / LogL: -2122.454 / Time: 0h:0m:2s (0h:0m:0s left)
Iteration 130 / LogL: -2122.454 / Time: 0h:0m:2s (0h:0m:0s left)
Iteration 140 / LogL: -2122.467 / Time: 0h:0m:2s (0h:0m:0s left)
Iteration 150 / LogL: -2122.457 / Time: 0h:0m:2s (0h:0m:0s left)
Iteration 160 / LogL: -2122.454 / Time: 0h:0m:2s (0h:0m:0s left)
TREE SEARCH COMPLETED AFTER 161 ITERATIONS / Time: 0h:0m:3s

--------------------------------------------------------------------
|                    FINALIZING TREE SEARCH                        |
--------------------------------------------------------------------
Performs final model parameters optimization
Estimate model parameters (epsilon = 0.010)
1. Initial log-likelihood: -2122.454
Optimal log-likelihood: -2122.454
Parameters optimization took 1 rounds (0.002 sec)
BEST SCORE FOUND : -2122.454
Total tree length: 1.129

Total number of iterations: 161
CPU time used for tree search: 2.978 sec (0h:0m:2s)
Wall-clock time used for tree search: 2.979 sec (0h:0m:2s)
Total CPU time used: 3.006 sec (0h:0m:3s)
Total wall-clock time used: 3.014 sec (0h:0m:3s)

Analysis results written to: 
  IQ-TREE report:                /scratch/ga42vor/simulating_quartets/accuracy_comparision/training2_49/training2_49.fasta.iqtree
  Maximum-likelihood tree:       /scratch/ga42vor/simulating_quartets/accuracy_comparision/training2_49/training2_49.fasta.treefile
  Likelihood distances:          /scratch/ga42vor/simulating_quartets/accuracy_comparision/training2_49/training2_49.fasta.mldist
  Screen log file:               /scratch/ga42vor/simulating_quartets/accuracy_comparision/training2_49/training2_49.fasta.log

Date and Time: Thu May 28 17:06:55 2020
