IQ-TREE multicore version 2.0.5 for Linux 64-bit built May 15 2020
Developed by Bui Quang Minh, Nguyen Lam Tung, Olga Chernomor,
Heiko Schmidt, Dominik Schrempf, Michael Woodhams.

Host:    cip2ryzen1.cip.ph.tum.de (AVX2, FMA3, 15 GB RAM)
Command: ../iqtree-2.0.5-Linux/bin/iqtree2 -s /scratch/ga42vor/simulating_quartets/accuracy_comparision/training1_29/training1_29.fasta -redo -m WAG
Seed:    390017 (Using SPRNG - Scalable Parallel Random Number Generator)
Time:    Thu May 28 17:04:09 2020
Kernel:  AVX+FMA - 1 threads (16 CPU cores detected)

HINT: Use -nt option to specify number of threads because your CPU has 16 cores!
HINT: -nt AUTO will automatically determine the best number of threads to use.

Reading alignment file /scratch/ga42vor/simulating_quartets/accuracy_comparision/training1_29/training1_29.fasta ... Fasta format detected
Alignment most likely contains protein sequences
Alignment has 20 sequences with 200 columns, 131 distinct patterns
94 parsimony-informative, 18 singleton sites, 88 constant sites
         Gap/Ambiguity  Composition  p-value
   1  taxon0     0.00%    passed     99.58%
   2  taxon1     0.00%    passed     99.64%
   3  taxon2     0.00%    passed     97.97%
   4  taxon3     0.00%    passed     89.69%
   5  taxon4     0.00%    passed     94.56%
   6  taxon5     0.00%    passed     99.08%
   7  taxon6     0.00%    passed     99.70%
   8  taxon7     0.00%    passed     99.88%
   9  taxon8     0.00%    passed     99.61%
  10  taxon9     0.00%    passed     96.14%
  11  taxon10    0.00%    passed     99.09%
  12  taxon11    0.00%    passed     99.96%
  13  taxon12    0.00%    passed     99.15%
  14  taxon13    0.00%    passed     99.91%
  15  taxon14    0.00%    passed     99.90%
  16  taxon15    0.00%    passed     96.52%
  17  taxon16    0.00%    passed     97.26%
  18  taxon17    0.00%    passed     62.40%
  19  taxon18    0.00%    passed     99.05%
  20  taxon19    0.00%    passed     99.26%
****  TOTAL      0.00%  0 sequences failed composition chi2 test (p-value<5%; df=19)

Create initial parsimony tree by phylogenetic likelihood library (PLL)... 0.001 seconds

NOTE: 0 MB RAM (0 GB) is required!
Estimate model parameters (epsilon = 0.100)
1. Initial log-likelihood: -3386.656
Optimal log-likelihood: -3381.609
Parameters optimization took 1 rounds (0.005 sec)
Computing ML distances based on estimated model parameters... 0.011 sec
Computing BIONJ tree...
0.000 seconds
Log-likelihood of BIONJ tree: -3381.609
--------------------------------------------------------------------
|             INITIALIZING CANDIDATE TREE SET                      |
--------------------------------------------------------------------
Generating 99 parsimony trees... 0.102 second
Computing log-likelihood of 99 initial trees ... 0.153 seconds
Current best score: -3381.609

Do NNI search on 20 best initial trees
Estimate model parameters (epsilon = 0.100)
BETTER TREE FOUND at iteration 1: -3381.609
Iteration 10 / LogL: -3381.611 / Time: 0h:0m:0s
Iteration 20 / LogL: -3381.649 / Time: 0h:0m:0s
Finish initializing candidate tree set (1)
Current best tree score: -3381.609 / CPU time: 0.534
Number of iterations: 20
--------------------------------------------------------------------
|               OPTIMIZING CANDIDATE TREE SET                      |
--------------------------------------------------------------------
Iteration 30 / LogL: -3381.615 / Time: 0h:0m:0s (0h:0m:1s left)
Iteration 40 / LogL: -3381.627 / Time: 0h:0m:0s (0h:0m:1s left)
Iteration 50 / LogL: -3381.610 / Time: 0h:0m:1s (0h:0m:1s left)
Iteration 60 / LogL: -3381.618 / Time: 0h:0m:1s (0h:0m:0s left)
Iteration 70 / LogL: -3381.614 / Time: 0h:0m:1s (0h:0m:0s left)
Iteration 80 / LogL: -3381.612 / Time: 0h:0m:1s (0h:0m:0s left)
Iteration 90 / LogL: -3381.658 / Time: 0h:0m:1s (0h:0m:0s left)
Iteration 100 / LogL: -3381.619 / Time: 0h:0m:2s (0h:0m:0s left)
TREE SEARCH COMPLETED AFTER 102 ITERATIONS / Time: 0h:0m:2s

--------------------------------------------------------------------
|                    FINALIZING TREE SEARCH                        |
--------------------------------------------------------------------
Performs final model parameters optimization
Estimate model parameters (epsilon = 0.010)
1. Initial log-likelihood: -3381.609
Optimal log-likelihood: -3381.609
Parameters optimization took 1 rounds (0.004 sec)
BEST SCORE FOUND : -3381.609
Total tree length: 2.195

Total number of iterations: 102
CPU time used for tree search: 2.056 sec (0h:0m:2s)
Wall-clock time used for tree search: 2.056 sec (0h:0m:2s)
Total CPU time used: 2.090 sec (0h:0m:2s)
Total wall-clock time used: 2.090 sec (0h:0m:2s)

Analysis results written to: 
  IQ-TREE report:                /scratch/ga42vor/simulating_quartets/accuracy_comparision/training1_29/training1_29.fasta.iqtree
  Maximum-likelihood tree:       /scratch/ga42vor/simulating_quartets/accuracy_comparision/training1_29/training1_29.fasta.treefile
  Likelihood distances:          /scratch/ga42vor/simulating_quartets/accuracy_comparision/training1_29/training1_29.fasta.mldist
  Screen log file:               /scratch/ga42vor/simulating_quartets/accuracy_comparision/training1_29/training1_29.fasta.log

Date and Time: Thu May 28 17:04:11 2020
