IQ-TREE multicore version 2.0.5 for Linux 64-bit built May 15 2020
Developed by Bui Quang Minh, Nguyen Lam Tung, Olga Chernomor,
Heiko Schmidt, Dominik Schrempf, Michael Woodhams.

Host:    cip2ryzen1.cip.ph.tum.de (AVX2, FMA3, 15 GB RAM)
Command: ../iqtree-2.0.5-Linux/bin/iqtree2 -s /scratch/ga42vor/simulating_quartets/accuracy_comparision/training2_9/training2_9.fasta -m WAG -redo
Seed:    766435 (Using SPRNG - Scalable Parallel Random Number Generator)
Time:    Wed May 27 23:05:54 2020
Kernel:  AVX+FMA - 1 threads (16 CPU cores detected)

HINT: Use -nt option to specify number of threads because your CPU has 16 cores!
HINT: -nt AUTO will automatically determine the best number of threads to use.

Reading alignment file /scratch/ga42vor/simulating_quartets/accuracy_comparision/training2_9/training2_9.fasta ... Fasta format detected
Alignment most likely contains protein sequences
Alignment has 20 sequences with 200 columns, 119 distinct patterns
83 parsimony-informative, 21 singleton sites, 96 constant sites
         Gap/Ambiguity  Composition  p-value
   1  taxon0     0.00%    passed     98.61%
   2  taxon1     0.00%    passed     66.54%
   3  taxon2     0.00%    passed     99.94%
   4  taxon3     0.00%    passed     99.11%
   5  taxon4     0.00%    passed     99.31%
   6  taxon5     0.00%    passed     86.72%
   7  taxon6     0.00%    passed     99.91%
   8  taxon7     0.00%    passed     98.93%
   9  taxon8     0.00%    passed     93.09%
  10  taxon9     0.00%    passed     99.53%
  11  taxon10    0.00%    passed    100.00%
  12  taxon11    0.00%    passed     99.90%
  13  taxon12    0.00%    passed     99.92%
  14  taxon13    0.00%    passed     98.51%
  15  taxon14    0.00%    passed     99.99%
  16  taxon15    0.00%    passed    100.00%
  17  taxon16    0.00%    passed    100.00%
  18  taxon17    0.00%    passed    100.00%
  19  taxon18    0.00%    passed    100.00%
  20  taxon19    0.00%    passed    100.00%
****  TOTAL      0.00%  0 sequences failed composition chi2 test (p-value<5%; df=19)

Create initial parsimony tree by phylogenetic likelihood library (PLL)... 0.001 seconds

NOTE: 0 MB RAM (0 GB) is required!
Estimate model parameters (epsilon = 0.100)
1. Initial log-likelihood: -2669.631
Optimal log-likelihood: -2664.729
Parameters optimization took 1 rounds (0.005 sec)
Computing ML distances based on estimated model parameters... 0.007 sec
Computing BIONJ tree...
0.000 seconds
Log-likelihood of BIONJ tree: -2661.942
--------------------------------------------------------------------
|             INITIALIZING CANDIDATE TREE SET                      |
--------------------------------------------------------------------
Generating 98 parsimony trees... 0.122 second
Computing log-likelihood of 98 initial trees ... 0.147 seconds
Current best score: -2661.942

Do NNI search on 20 best initial trees
Estimate model parameters (epsilon = 0.100)
BETTER TREE FOUND at iteration 1: -2661.942
Iteration 10 / LogL: -2661.942 / Time: 0h:0m:0s
Iteration 20 / LogL: -2662.204 / Time: 0h:0m:0s
Finish initializing candidate tree set (3)
Current best tree score: -2661.942 / CPU time: 0.554
Number of iterations: 20
--------------------------------------------------------------------
|               OPTIMIZING CANDIDATE TREE SET                      |
--------------------------------------------------------------------
Iteration 30 / LogL: -2662.198 / Time: 0h:0m:0s (0h:0m:1s left)
Iteration 40 / LogL: -2661.950 / Time: 0h:0m:0s (0h:0m:1s left)
Iteration 50 / LogL: -2675.610 / Time: 0h:0m:1s (0h:0m:1s left)
Iteration 60 / LogL: -2661.985 / Time: 0h:0m:1s (0h:0m:0s left)
Iteration 70 / LogL: -2661.957 / Time: 0h:0m:1s (0h:0m:0s left)
Iteration 80 / LogL: -2666.172 / Time: 0h:0m:1s (0h:0m:0s left)
Iteration 90 / LogL: -2661.953 / Time: 0h:0m:1s (0h:0m:0s left)
Iteration 100 / LogL: -2681.196 / Time: 0h:0m:2s (0h:0m:0s left)
TREE SEARCH COMPLETED AFTER 102 ITERATIONS / Time: 0h:0m:2s

--------------------------------------------------------------------
|                    FINALIZING TREE SEARCH                        |
--------------------------------------------------------------------
Performs final model parameters optimization
Estimate model parameters (epsilon = 0.010)
1. Initial log-likelihood: -2661.942
Optimal log-likelihood: -2661.942
Parameters optimization took 1 rounds (0.002 sec)
BEST SCORE FOUND : -2661.942
Total tree length: 1.600

Total number of iterations: 102
CPU time used for tree search: 2.160 sec (0h:0m:2s)
Wall-clock time used for tree search: 2.160 sec (0h:0m:2s)
Total CPU time used: 2.189 sec (0h:0m:2s)
Total wall-clock time used: 2.190 sec (0h:0m:2s)

Analysis results written to: 
  IQ-TREE report:                /scratch/ga42vor/simulating_quartets/accuracy_comparision/training2_9/training2_9.fasta.iqtree
  Maximum-likelihood tree:       /scratch/ga42vor/simulating_quartets/accuracy_comparision/training2_9/training2_9.fasta.treefile
  Likelihood distances:          /scratch/ga42vor/simulating_quartets/accuracy_comparision/training2_9/training2_9.fasta.mldist
  Screen log file:               /scratch/ga42vor/simulating_quartets/accuracy_comparision/training2_9/training2_9.fasta.log

Date and Time: Wed May 27 23:05:56 2020
