IQ-TREE multicore version 2.0.5 for Linux 64-bit built May 15 2020
Developed by Bui Quang Minh, Nguyen Lam Tung, Olga Chernomor,
Heiko Schmidt, Dominik Schrempf, Michael Woodhams.

Host:    cip2ryzen1.cip.ph.tum.de (AVX2, FMA3, 15 GB RAM)
Command: ../iqtree-2.0.5-Linux/bin/iqtree2 -s /scratch/ga42vor/simulating_quartets/accuracy_comparision/training3_39/training3_39.fasta -m WAG -redo
Seed:    214021 (Using SPRNG - Scalable Parallel Random Number Generator)
Time:    Wed May 27 23:04:22 2020
Kernel:  AVX+FMA - 1 threads (16 CPU cores detected)

HINT: Use -nt option to specify number of threads because your CPU has 16 cores!
HINT: -nt AUTO will automatically determine the best number of threads to use.

Reading alignment file /scratch/ga42vor/simulating_quartets/accuracy_comparision/training3_39/training3_39.fasta ... Fasta format detected
Alignment most likely contains protein sequences
Alignment has 20 sequences with 200 columns, 129 distinct patterns
89 parsimony-informative, 21 singleton sites, 90 constant sites
         Gap/Ambiguity  Composition  p-value
   1  taxon0     0.00%    passed     89.84%
   2  taxon1     0.00%    passed     86.18%
   3  taxon2     0.00%    passed     98.03%
   4  taxon3     0.00%    passed     86.82%
   5  taxon4     0.00%    passed     93.79%
   6  taxon5     0.00%    passed     99.91%
   7  taxon6     0.00%    passed     98.74%
   8  taxon7     0.00%    passed    100.00%
   9  taxon8     0.00%    passed    100.00%
  10  taxon9     0.00%    passed    100.00%
  11  taxon10    0.00%    passed     99.99%
  12  taxon11    0.00%    passed     99.95%
  13  taxon12    0.00%    passed    100.00%
  14  taxon13    0.00%    passed    100.00%
  15  taxon14    0.00%    passed    100.00%
  16  taxon15    0.00%    passed    100.00%
  17  taxon16    0.00%    passed     99.99%
  18  taxon17    0.00%    passed     99.87%
  19  taxon18    0.00%    passed     99.95%
  20  taxon19    0.00%    passed    100.00%
****  TOTAL      0.00%  0 sequences failed composition chi2 test (p-value<5%; df=19)

Create initial parsimony tree by phylogenetic likelihood library (PLL)... 0.001 seconds

NOTE: 0 MB RAM (0 GB) is required!
Estimate model parameters (epsilon = 0.100)
1. Initial log-likelihood: -2406.517
Optimal log-likelihood: -2403.038
Parameters optimization took 1 rounds (0.005 sec)
Computing ML distances based on estimated model parameters... 0.009 sec
Computing BIONJ tree...
0.000 seconds
Log-likelihood of BIONJ tree: -2413.952
--------------------------------------------------------------------
|             INITIALIZING CANDIDATE TREE SET                      |
--------------------------------------------------------------------
Generating 98 parsimony trees... 0.111 second
Computing log-likelihood of 98 initial trees ... 0.151 seconds
Current best score: -2402.470

Do NNI search on 20 best initial trees
Estimate model parameters (epsilon = 0.100)
BETTER TREE FOUND at iteration 1: -2402.417
UPDATE BEST LOG-LIKELIHOOD: -2402.417
Iteration 10 / LogL: -2402.421 / Time: 0h:0m:0s
Iteration 20 / LogL: -2402.418 / Time: 0h:0m:0s
Finish initializing candidate tree set (2)
Current best tree score: -2402.417 / CPU time: 0.499
Number of iterations: 20
--------------------------------------------------------------------
|               OPTIMIZING CANDIDATE TREE SET                      |
--------------------------------------------------------------------
UPDATE BEST LOG-LIKELIHOOD: -2402.417
Iteration 30 / LogL: -2402.419 / Time: 0h:0m:0s (0h:0m:1s left)
Iteration 40 / LogL: -2402.426 / Time: 0h:0m:0s (0h:0m:1s left)
Iteration 50 / LogL: -2402.573 / Time: 0h:0m:1s (0h:0m:1s left)
Iteration 60 / LogL: -2402.417 / Time: 0h:0m:1s (0h:0m:1s left)
Iteration 70 / LogL: -2402.417 / Time: 0h:0m:1s (0h:0m:0s left)
Iteration 80 / LogL: -2402.417 / Time: 0h:0m:1s (0h:0m:0s left)
Iteration 90 / LogL: -2444.569 / Time: 0h:0m:2s (0h:0m:0s left)
Iteration 100 / LogL: -2402.586 / Time: 0h:0m:2s (0h:0m:0s left)
TREE SEARCH COMPLETED AFTER 102 ITERATIONS / Time: 0h:0m:2s

--------------------------------------------------------------------
|                    FINALIZING TREE SEARCH                        |
--------------------------------------------------------------------
Performs final model parameters optimization
Estimate model parameters (epsilon = 0.010)
1. Initial log-likelihood: -2402.417
Optimal log-likelihood: -2402.417
Parameters optimization took 1 rounds (0.003 sec)
BEST SCORE FOUND : -2402.417
Total tree length: 1.390

Total number of iterations: 102
CPU time used for tree search: 2.370 sec (0h:0m:2s)
Wall-clock time used for tree search: 2.371 sec (0h:0m:2s)
Total CPU time used: 2.403 sec (0h:0m:2s)
Total wall-clock time used: 2.404 sec (0h:0m:2s)

Analysis results written to: 
  IQ-TREE report:                /scratch/ga42vor/simulating_quartets/accuracy_comparision/training3_39/training3_39.fasta.iqtree
  Maximum-likelihood tree:       /scratch/ga42vor/simulating_quartets/accuracy_comparision/training3_39/training3_39.fasta.treefile
  Likelihood distances:          /scratch/ga42vor/simulating_quartets/accuracy_comparision/training3_39/training3_39.fasta.mldist
  Screen log file:               /scratch/ga42vor/simulating_quartets/accuracy_comparision/training3_39/training3_39.fasta.log

Date and Time: Wed May 27 23:04:24 2020
