IQ-TREE multicore version 2.0.5 for Linux 64-bit built May 15 2020
Developed by Bui Quang Minh, Nguyen Lam Tung, Olga Chernomor,
Heiko Schmidt, Dominik Schrempf, Michael Woodhams.

Host:    cip2ryzen1.cip.ph.tum.de (AVX2, FMA3, 15 GB RAM)
Command: ../iqtree-2.0.5-Linux/bin/iqtree2 -s /scratch/ga42vor/simulating_quartets/accuracy_comparision/training1_nohet_30/training1_nohet_30.fasta -redo -m WAG
Seed:    934684 (Using SPRNG - Scalable Parallel Random Number Generator)
Time:    Thu May 28 17:09:43 2020
Kernel:  AVX+FMA - 1 threads (16 CPU cores detected)

HINT: Use -nt option to specify number of threads because your CPU has 16 cores!
HINT: -nt AUTO will automatically determine the best number of threads to use.

Reading alignment file /scratch/ga42vor/simulating_quartets/accuracy_comparision/training1_nohet_30/training1_nohet_30.fasta ... Fasta format detected
Alignment most likely contains protein sequences
Alignment has 20 sequences with 200 columns, 42 distinct patterns
22 parsimony-informative, 1 singleton sites, 177 constant sites
         Gap/Ambiguity  Composition  p-value
   1  taxon0     0.00%    passed     99.54%
   2  taxon1     0.00%    passed     99.59%
   3  taxon2     0.00%    passed    100.00%
   4  taxon3     0.00%    passed    100.00%
   5  taxon4     0.00%    passed    100.00%
   6  taxon5     0.00%    passed    100.00%
   7  taxon6     0.00%    passed    100.00%
   8  taxon7     0.00%    passed    100.00%
   9  taxon8     0.00%    passed    100.00%
  10  taxon9     0.00%    passed    100.00%
  11  taxon10    0.00%    passed    100.00%
  12  taxon11    0.00%    passed    100.00%
  13  taxon12    0.00%    passed    100.00%
  14  taxon13    0.00%    passed    100.00%
  15  taxon14    0.00%    passed    100.00%
  16  taxon15    0.00%    passed    100.00%
  17  taxon16    0.00%    passed    100.00%
  18  taxon17    0.00%    passed    100.00%
  19  taxon18    0.00%    passed    100.00%
  20  taxon19    0.00%    passed    100.00%
****  TOTAL      0.00%  0 sequences failed composition chi2 test (p-value<5%; df=19)
NOTE: taxon6 is identical to taxon5 but kept for subsequent analysis
NOTE: taxon12 is identical to taxon11 but kept for subsequent analysis
NOTE: taxon19 is identical to taxon18 but kept for subsequent analysis
NOTE: 1 identical sequences (see below) will be ignored for subsequent analysis
NOTE: taxon14 (identical to taxon11) is ignored but added at the end
Alignment was printed to /scratch/ga42vor/simulating_quartets/accuracy_comparision/training1_nohet_30/training1_nohet_30.fasta.uniqueseq.phy

For your convenience alignment with unique sequences printed to /scratch/ga42vor/simulating_quartets/accuracy_comparision/training1_nohet_30/training1_nohet_30.fasta.uniqueseq.phy

Create initial parsimony tree by phylogenetic likelihood library (PLL)... 0.001 seconds

NOTE: 0 MB RAM (0 GB) is required!
Estimate model parameters (epsilon = 0.100)
1. Initial log-likelihood: -954.665
Optimal log-likelihood: -954.595
Parameters optimization took 1 rounds (0.001 sec)
Computing ML distances based on estimated model parameters... 0.006 sec
Computing BIONJ tree...
0.000 seconds
Log-likelihood of BIONJ tree: -952.451
--------------------------------------------------------------------
|             INITIALIZING CANDIDATE TREE SET                      |
--------------------------------------------------------------------
Generating 98 parsimony trees... 0.067 second
Computing log-likelihood of 98 initial trees ... 0.065 seconds
Current best score: -952.451

Do NNI search on 20 best initial trees
Estimate model parameters (epsilon = 0.100)
BETTER TREE FOUND at iteration 1: -952.448
Iteration 10 / LogL: -952.449 / Time: 0h:0m:0s
Iteration 20 / LogL: -952.807 / Time: 0h:0m:0s
Finish initializing candidate tree set (13)
Current best tree score: -952.448 / CPU time: 0.246
Number of iterations: 20
--------------------------------------------------------------------
|               OPTIMIZING CANDIDATE TREE SET                      |
--------------------------------------------------------------------
Iteration 30 / LogL: -952.451 / Time: 0h:0m:0s (0h:0m:0s left)
Estimate model parameters (epsilon = 0.100)
BETTER TREE FOUND at iteration 32: -950.623
BETTER TREE FOUND at iteration 36: -950.623
Iteration 40 / LogL: -950.623 / Time: 0h:0m:0s (0h:0m:1s left)
Iteration 50 / LogL: -950.624 / Time: 0h:0m:0s (0h:0m:0s left)
Iteration 60 / LogL: -950.624 / Time: 0h:0m:0s (0h:0m:0s left)
Iteration 70 / LogL: -959.516 / Time: 0h:0m:0s (0h:0m:0s left)
Iteration 80 / LogL: -952.807 / Time: 0h:0m:0s (0h:0m:0s left)
UPDATE BEST LOG-LIKELIHOOD: -950.623
Iteration 90 / LogL: -950.623 / Time: 0h:0m:0s (0h:0m:0s left)
Iteration 100 / LogL: -950.624 / Time: 0h:0m:1s (0h:0m:0s left)
Iteration 110 / LogL: -974.994 / Time: 0h:0m:1s (0h:0m:0s left)
Iteration 120 / LogL: -950.624 / Time: 0h:0m:1s (0h:0m:0s left)
Iteration 130 / LogL: -951.461 / Time: 0h:0m:1s (0h:0m:0s left)
TREE SEARCH COMPLETED AFTER 137 ITERATIONS / Time: 0h:0m:1s

--------------------------------------------------------------------
|                    FINALIZING TREE SEARCH                        |
--------------------------------------------------------------------
Performs final model parameters optimization
Estimate model parameters (epsilon = 0.010)
1. Initial log-likelihood: -950.623
Optimal log-likelihood: -950.623
Parameters optimization took 1 rounds (0.001 sec)
BEST SCORE FOUND : -950.623
Total tree length: 0.222

Total number of iterations: 137
CPU time used for tree search: 1.345 sec (0h:0m:1s)
Wall-clock time used for tree search: 1.345 sec (0h:0m:1s)
Total CPU time used: 1.368 sec (0h:0m:1s)
Total wall-clock time used: 1.370 sec (0h:0m:1s)

Analysis results written to: 
  IQ-TREE report:                /scratch/ga42vor/simulating_quartets/accuracy_comparision/training1_nohet_30/training1_nohet_30.fasta.iqtree
  Maximum-likelihood tree:       /scratch/ga42vor/simulating_quartets/accuracy_comparision/training1_nohet_30/training1_nohet_30.fasta.treefile
  Likelihood distances:          /scratch/ga42vor/simulating_quartets/accuracy_comparision/training1_nohet_30/training1_nohet_30.fasta.mldist
  Screen log file:               /scratch/ga42vor/simulating_quartets/accuracy_comparision/training1_nohet_30/training1_nohet_30.fasta.log

Date and Time: Thu May 28 17:09:45 2020
