IQ-TREE multicore version 2.0.5 for Linux 64-bit built May 15 2020
Developed by Bui Quang Minh, Nguyen Lam Tung, Olga Chernomor,
Heiko Schmidt, Dominik Schrempf, Michael Woodhams.

Host:    cip2ryzen1.cip.ph.tum.de (AVX2, FMA3, 15 GB RAM)
Command: ../iqtree-2.0.5-Linux/bin/iqtree2 -s /scratch/ga42vor/simulating_quartets/accuracy_comparision/training1_41/training1_41.fasta -redo -m WAG
Seed:    887992 (Using SPRNG - Scalable Parallel Random Number Generator)
Time:    Thu May 28 17:04:39 2020
Kernel:  AVX+FMA - 1 threads (16 CPU cores detected)

HINT: Use -nt option to specify number of threads because your CPU has 16 cores!
HINT: -nt AUTO will automatically determine the best number of threads to use.

Reading alignment file /scratch/ga42vor/simulating_quartets/accuracy_comparision/training1_41/training1_41.fasta ... Fasta format detected
Alignment most likely contains protein sequences
Alignment has 20 sequences with 200 columns, 137 distinct patterns
99 parsimony-informative, 19 singleton sites, 82 constant sites
         Gap/Ambiguity  Composition  p-value
   1  taxon0     0.00%    passed     99.54%
   2  taxon1     0.00%    passed     93.43%
   3  taxon2     0.00%    passed     98.66%
   4  taxon3     0.00%    passed     99.22%
   5  taxon4     0.00%    passed     98.93%
   6  taxon5     0.00%    passed     99.74%
   7  taxon6     0.00%    passed     99.83%
   8  taxon7     0.00%    passed     99.54%
   9  taxon8     0.00%    passed     99.73%
  10  taxon9     0.00%    passed     99.33%
  11  taxon10    0.00%    passed     99.75%
  12  taxon11    0.00%    passed     99.95%
  13  taxon12    0.00%    passed     96.34%
  14  taxon13    0.00%    passed     99.26%
  15  taxon14    0.00%    passed     82.62%
  16  taxon15    0.00%    passed     52.27%
  17  taxon16    0.00%    passed     75.52%
  18  taxon17    0.00%    passed     93.83%
  19  taxon18    0.00%    passed     99.91%
  20  taxon19    0.00%    passed     99.97%
****  TOTAL      0.00%  0 sequences failed composition chi2 test (p-value<5%; df=19)

Create initial parsimony tree by phylogenetic likelihood library (PLL)... 0.001 seconds

NOTE: 0 MB RAM (0 GB) is required!
Estimate model parameters (epsilon = 0.100)
1. Initial log-likelihood: -3915.531
Optimal log-likelihood: -3907.678
Parameters optimization took 1 rounds (0.005 sec)
Computing ML distances based on estimated model parameters... 0.008 sec
Computing BIONJ tree...
0.000 seconds
Log-likelihood of BIONJ tree: -3909.733
--------------------------------------------------------------------
|             INITIALIZING CANDIDATE TREE SET                      |
--------------------------------------------------------------------
Generating 98 parsimony trees... 0.105 second
Computing log-likelihood of 98 initial trees ... 0.152 seconds
Current best score: -3907.678

Do NNI search on 20 best initial trees
Estimate model parameters (epsilon = 0.100)
BETTER TREE FOUND at iteration 1: -3907.677
Iteration 10 / LogL: -3907.721 / Time: 0h:0m:0s
Iteration 20 / LogL: -3907.700 / Time: 0h:0m:0s
Finish initializing candidate tree set (1)
Current best tree score: -3907.677 / CPU time: 0.562
Number of iterations: 20
--------------------------------------------------------------------
|               OPTIMIZING CANDIDATE TREE SET                      |
--------------------------------------------------------------------
Iteration 30 / LogL: -3907.689 / Time: 0h:0m:0s (0h:0m:1s left)
Iteration 40 / LogL: -3907.719 / Time: 0h:0m:0s (0h:0m:1s left)
Iteration 50 / LogL: -3907.684 / Time: 0h:0m:1s (0h:0m:1s left)
Iteration 60 / LogL: -3908.016 / Time: 0h:0m:1s (0h:0m:0s left)
Iteration 70 / LogL: -3907.686 / Time: 0h:0m:1s (0h:0m:0s left)
Iteration 80 / LogL: -3907.690 / Time: 0h:0m:1s (0h:0m:0s left)
Iteration 90 / LogL: -3907.716 / Time: 0h:0m:1s (0h:0m:0s left)
Iteration 100 / LogL: -3907.728 / Time: 0h:0m:2s (0h:0m:0s left)
TREE SEARCH COMPLETED AFTER 102 ITERATIONS / Time: 0h:0m:2s

--------------------------------------------------------------------
|                    FINALIZING TREE SEARCH                        |
--------------------------------------------------------------------
Performs final model parameters optimization
Estimate model parameters (epsilon = 0.010)
1. Initial log-likelihood: -3907.677
Optimal log-likelihood: -3907.677
Parameters optimization took 1 rounds (0.002 sec)
BEST SCORE FOUND : -3907.677
Total tree length: 2.816

Total number of iterations: 102
CPU time used for tree search: 2.188 sec (0h:0m:2s)
Wall-clock time used for tree search: 2.189 sec (0h:0m:2s)
Total CPU time used: 2.218 sec (0h:0m:2s)
Total wall-clock time used: 2.218 sec (0h:0m:2s)

Analysis results written to: 
  IQ-TREE report:                /scratch/ga42vor/simulating_quartets/accuracy_comparision/training1_41/training1_41.fasta.iqtree
  Maximum-likelihood tree:       /scratch/ga42vor/simulating_quartets/accuracy_comparision/training1_41/training1_41.fasta.treefile
  Likelihood distances:          /scratch/ga42vor/simulating_quartets/accuracy_comparision/training1_41/training1_41.fasta.mldist
  Screen log file:               /scratch/ga42vor/simulating_quartets/accuracy_comparision/training1_41/training1_41.fasta.log

Date and Time: Thu May 28 17:04:42 2020
