IQ-TREE multicore version 2.0.5 for Linux 64-bit built May 15 2020
Developed by Bui Quang Minh, Nguyen Lam Tung, Olga Chernomor,
Heiko Schmidt, Dominik Schrempf, Michael Woodhams.

Host:    cip2ryzen1.cip.ph.tum.de (AVX2, FMA3, 15 GB RAM)
Command: ../iqtree-2.0.5-Linux/bin/iqtree2 -s /scratch/ga42vor/simulating_quartets/accuracy_comparision/training3_10/training3_10.fasta -m WAG -redo
Seed:    385453 (Using SPRNG - Scalable Parallel Random Number Generator)
Time:    Wed May 27 23:03:08 2020
Kernel:  AVX+FMA - 1 threads (16 CPU cores detected)

HINT: Use -nt option to specify number of threads because your CPU has 16 cores!
HINT: -nt AUTO will automatically determine the best number of threads to use.

Reading alignment file /scratch/ga42vor/simulating_quartets/accuracy_comparision/training3_10/training3_10.fasta ... Fasta format detected
Alignment most likely contains protein sequences
Alignment has 20 sequences with 200 columns, 180 distinct patterns
136 parsimony-informative, 34 singleton sites, 30 constant sites
         Gap/Ambiguity  Composition  p-value
   1  taxon0     0.00%    passed     99.96%
   2  taxon1     0.00%    passed     92.34%
   3  taxon2     0.00%    passed     99.99%
   4  taxon3     0.00%    passed     98.64%
   5  taxon4     0.00%    passed     99.99%
   6  taxon5     0.00%    passed     98.53%
   7  taxon6     0.00%    passed    100.00%
   8  taxon7     0.00%    passed     99.40%
   9  taxon8     0.00%    passed     99.94%
  10  taxon9     0.00%    passed     99.62%
  11  taxon10    0.00%    passed     95.81%
  12  taxon11    0.00%    passed     99.89%
  13  taxon12    0.00%    passed     98.33%
  14  taxon13    0.00%    passed     97.22%
  15  taxon14    0.00%    passed     99.95%
  16  taxon15    0.00%    passed     99.99%
  17  taxon16    0.00%    passed     99.82%
  18  taxon17    0.00%    passed     98.44%
  19  taxon18    0.00%    passed     94.85%
  20  taxon19    0.00%    passed     98.19%
****  TOTAL      0.00%  0 sequences failed composition chi2 test (p-value<5%; df=19)

Create initial parsimony tree by phylogenetic likelihood library (PLL)... 0.001 seconds

NOTE: 0 MB RAM (0 GB) is required!
Estimate model parameters (epsilon = 0.100)
1. Initial log-likelihood: -4253.257
Optimal log-likelihood: -4243.202
Parameters optimization took 1 rounds (0.005 sec)
Computing ML distances based on estimated model parameters... 0.007 sec
Computing BIONJ tree...
0.000 seconds
Log-likelihood of BIONJ tree: -4255.484
--------------------------------------------------------------------
|             INITIALIZING CANDIDATE TREE SET                      |
--------------------------------------------------------------------
Generating 98 parsimony trees... 0.152 second
Computing log-likelihood of 98 initial trees ... 0.182 seconds
Current best score: -4229.171

Do NNI search on 20 best initial trees
Estimate model parameters (epsilon = 0.100)
BETTER TREE FOUND at iteration 1: -4229.027
Iteration 10 / LogL: -4239.121 / Time: 0h:0m:0s
Iteration 20 / LogL: -4233.668 / Time: 0h:0m:0s
Finish initializing candidate tree set (5)
Current best tree score: -4229.027 / CPU time: 0.698
Number of iterations: 20
--------------------------------------------------------------------
|               OPTIMIZING CANDIDATE TREE SET                      |
--------------------------------------------------------------------
Iteration 30 / LogL: -4229.030 / Time: 0h:0m:0s (0h:0m:2s left)
Iteration 40 / LogL: -4235.539 / Time: 0h:0m:1s (0h:0m:1s left)
Iteration 50 / LogL: -4235.524 / Time: 0h:0m:1s (0h:0m:1s left)
Iteration 60 / LogL: -4229.028 / Time: 0h:0m:1s (0h:0m:1s left)
Iteration 70 / LogL: -4235.521 / Time: 0h:0m:2s (0h:0m:0s left)
Iteration 80 / LogL: -4229.031 / Time: 0h:0m:2s (0h:0m:0s left)
Iteration 90 / LogL: -4229.155 / Time: 0h:0m:2s (0h:0m:0s left)
Iteration 100 / LogL: -4233.666 / Time: 0h:0m:2s (0h:0m:0s left)
TREE SEARCH COMPLETED AFTER 102 ITERATIONS / Time: 0h:0m:2s

--------------------------------------------------------------------
|                    FINALIZING TREE SEARCH                        |
--------------------------------------------------------------------
Performs final model parameters optimization
Estimate model parameters (epsilon = 0.010)
1. Initial log-likelihood: -4229.027
Optimal log-likelihood: -4229.027
Parameters optimization took 1 rounds (0.003 sec)
BEST SCORE FOUND : -4229.027
Total tree length: 3.324

Total number of iterations: 102
CPU time used for tree search: 2.880 sec (0h:0m:2s)
Wall-clock time used for tree search: 2.881 sec (0h:0m:2s)
Total CPU time used: 2.911 sec (0h:0m:2s)
Total wall-clock time used: 2.912 sec (0h:0m:2s)

Analysis results written to: 
  IQ-TREE report:                /scratch/ga42vor/simulating_quartets/accuracy_comparision/training3_10/training3_10.fasta.iqtree
  Maximum-likelihood tree:       /scratch/ga42vor/simulating_quartets/accuracy_comparision/training3_10/training3_10.fasta.treefile
  Likelihood distances:          /scratch/ga42vor/simulating_quartets/accuracy_comparision/training3_10/training3_10.fasta.mldist
  Screen log file:               /scratch/ga42vor/simulating_quartets/accuracy_comparision/training3_10/training3_10.fasta.log

Date and Time: Wed May 27 23:03:11 2020
