IQ-TREE multicore version 2.0.5 for Linux 64-bit built May 15 2020
Developed by Bui Quang Minh, Nguyen Lam Tung, Olga Chernomor,
Heiko Schmidt, Dominik Schrempf, Michael Woodhams.

Host:    cip2ryzen1.cip.ph.tum.de (AVX2, FMA3, 15 GB RAM)
Command: ../iqtree-2.0.5-Linux/bin/iqtree2 -s /scratch/ga42vor/simulating_quartets/accuracy_comparision/t0/t0.fasta -m WAG -redo
Seed:    190972 (Using SPRNG - Scalable Parallel Random Number Generator)
Time:    Wed May 27 22:59:00 2020
Kernel:  AVX+FMA - 1 threads (16 CPU cores detected)

HINT: Use -nt option to specify number of threads because your CPU has 16 cores!
HINT: -nt AUTO will automatically determine the best number of threads to use.

Reading alignment file /scratch/ga42vor/simulating_quartets/accuracy_comparision/t0/t0.fasta ... Fasta format detected
Alignment most likely contains protein sequences
Alignment has 20 sequences with 200 columns, 105 distinct patterns
77 parsimony-informative, 9 singleton sites, 113 constant sites
         Gap/Ambiguity  Composition  p-value
   1  taxon0     0.00%    passed     99.54%
   2  taxon1     0.00%    passed     75.19%
   3  taxon2     0.00%    passed     23.08%
   4  taxon3     0.00%    passed     99.52%
   5  taxon4     0.00%    passed     55.55%
   6  taxon5     0.00%    passed     99.97%
   7  taxon6     0.00%    passed     98.83%
   8  taxon7     0.00%    passed     98.84%
   9  taxon8     0.00%    passed    100.00%
  10  taxon9     0.00%    passed     99.99%
  11  taxon10    0.00%    passed     99.99%
  12  taxon11    0.00%    passed     97.13%
  13  taxon12    0.00%    passed     99.13%
  14  taxon13    0.00%    passed     99.97%
  15  taxon14    0.00%    passed     99.98%
  16  taxon15    0.00%    passed     99.97%
  17  taxon16    0.00%    passed     99.96%
  18  taxon17    0.00%    passed     99.83%
  19  taxon18    0.00%    passed     99.93%
  20  taxon19    0.00%    passed     99.86%
****  TOTAL      0.00%  0 sequences failed composition chi2 test (p-value<5%; df=19)

Create initial parsimony tree by phylogenetic likelihood library (PLL)... 0.001 seconds

NOTE: 0 MB RAM (0 GB) is required!
Estimate model parameters (epsilon = 0.100)
1. Initial log-likelihood: -2734.729
Optimal log-likelihood: -2731.518
Parameters optimization took 1 rounds (0.004 sec)
Computing ML distances based on estimated model parameters... 0.009 sec
Computing BIONJ tree...
0.000 seconds
Log-likelihood of BIONJ tree: -2751.313
--------------------------------------------------------------------
|             INITIALIZING CANDIDATE TREE SET                      |
--------------------------------------------------------------------
Generating 98 parsimony trees... 0.097 second
Computing log-likelihood of 98 initial trees ... 0.125 seconds
Current best score: -2731.518

Do NNI search on 20 best initial trees
Estimate model parameters (epsilon = 0.100)
BETTER TREE FOUND at iteration 1: -2731.518
Iteration 10 / LogL: -2731.576 / Time: 0h:0m:0s
Iteration 20 / LogL: -2731.529 / Time: 0h:0m:0s
Finish initializing candidate tree set (1)
Current best tree score: -2731.518 / CPU time: 0.449
Number of iterations: 20
--------------------------------------------------------------------
|               OPTIMIZING CANDIDATE TREE SET                      |
--------------------------------------------------------------------
Iteration 30 / LogL: -2731.538 / Time: 0h:0m:0s (0h:0m:1s left)
Iteration 40 / LogL: -2731.563 / Time: 0h:0m:0s (0h:0m:1s left)
Iteration 50 / LogL: -2731.520 / Time: 0h:0m:0s (0h:0m:0s left)
Iteration 60 / LogL: -2731.538 / Time: 0h:0m:1s (0h:0m:0s left)
Iteration 70 / LogL: -2731.527 / Time: 0h:0m:1s (0h:0m:0s left)
Iteration 80 / LogL: -2731.582 / Time: 0h:0m:1s (0h:0m:0s left)
Iteration 90 / LogL: -2731.518 / Time: 0h:0m:1s (0h:0m:0s left)
Iteration 100 / LogL: -2731.535 / Time: 0h:0m:1s (0h:0m:0s left)
TREE SEARCH COMPLETED AFTER 102 ITERATIONS / Time: 0h:0m:1s

--------------------------------------------------------------------
|                    FINALIZING TREE SEARCH                        |
--------------------------------------------------------------------
Performs final model parameters optimization
Estimate model parameters (epsilon = 0.010)
1. Initial log-likelihood: -2731.518
Optimal log-likelihood: -2731.518
Parameters optimization took 1 rounds (0.003 sec)
BEST SCORE FOUND : -2731.518
Total tree length: 1.691

Total number of iterations: 102
CPU time used for tree search: 1.599 sec (0h:0m:1s)
Wall-clock time used for tree search: 1.599 sec (0h:0m:1s)
Total CPU time used: 1.629 sec (0h:0m:1s)
Total wall-clock time used: 1.629 sec (0h:0m:1s)

Analysis results written to: 
  IQ-TREE report:                /scratch/ga42vor/simulating_quartets/accuracy_comparision/t0/t0.fasta.iqtree
  Maximum-likelihood tree:       /scratch/ga42vor/simulating_quartets/accuracy_comparision/t0/t0.fasta.treefile
  Likelihood distances:          /scratch/ga42vor/simulating_quartets/accuracy_comparision/t0/t0.fasta.mldist
  Screen log file:               /scratch/ga42vor/simulating_quartets/accuracy_comparision/t0/t0.fasta.log

Date and Time: Wed May 27 22:59:01 2020
