IQ-TREE multicore version 2.0.5 for Linux 64-bit built May 15 2020
Developed by Bui Quang Minh, Nguyen Lam Tung, Olga Chernomor,
Heiko Schmidt, Dominik Schrempf, Michael Woodhams.

Host:    cip2ryzen1.cip.ph.tum.de (AVX2, FMA3, 15 GB RAM)
Command: ../iqtree-2.0.5-Linux/bin/iqtree2 -s /scratch/ga42vor/simulating_quartets/accuracy_comparision/training1_0/training1_0.fasta -m WAG -redo
Seed:    452443 (Using SPRNG - Scalable Parallel Random Number Generator)
Time:    Wed May 27 23:00:41 2020
Kernel:  AVX+FMA - 1 threads (16 CPU cores detected)

HINT: Use -nt option to specify number of threads because your CPU has 16 cores!
HINT: -nt AUTO will automatically determine the best number of threads to use.

Reading alignment file /scratch/ga42vor/simulating_quartets/accuracy_comparision/training1_0/training1_0.fasta ... Fasta format detected
Alignment most likely contains protein sequences
Alignment has 20 sequences with 200 columns, 160 distinct patterns
112 parsimony-informative, 31 singleton sites, 56 constant sites
         Gap/Ambiguity  Composition  p-value
   1  taxon0     0.00%    passed     95.71%
   2  taxon1     0.00%    passed     97.20%
   3  taxon2     0.00%    passed     95.61%
   4  taxon3     0.00%    passed     99.37%
   5  taxon4     0.00%    passed     99.25%
   6  taxon5     0.00%    passed     99.47%
   7  taxon6     0.00%    passed     99.94%
   8  taxon7     0.00%    passed     99.98%
   9  taxon8     0.00%    passed    100.00%
  10  taxon9     0.00%    passed     99.96%
  11  taxon10    0.00%    passed     99.99%
  12  taxon11    0.00%    passed     99.78%
  13  taxon12    0.00%    passed     99.59%
  14  taxon13    0.00%    passed     95.77%
  15  taxon14    0.00%    passed     99.99%
  16  taxon15    0.00%    passed     99.93%
  17  taxon16    0.00%    passed     87.58%
  18  taxon17    0.00%    passed     87.51%
  19  taxon18    0.00%    passed     99.49%
  20  taxon19    0.00%    passed     98.14%
****  TOTAL      0.00%  0 sequences failed composition chi2 test (p-value<5%; df=19)

Create initial parsimony tree by phylogenetic likelihood library (PLL)... 0.002 seconds

NOTE: 0 MB RAM (0 GB) is required!
Estimate model parameters (epsilon = 0.100)
1. Initial log-likelihood: -4194.586
Optimal log-likelihood: -4189.843
Parameters optimization took 1 rounds (0.005 sec)
Computing ML distances based on estimated model parameters... 0.008 sec
Computing BIONJ tree...
0.000 seconds
Log-likelihood of BIONJ tree: -4189.843
--------------------------------------------------------------------
|             INITIALIZING CANDIDATE TREE SET                      |
--------------------------------------------------------------------
Generating 99 parsimony trees... 0.144 second
Computing log-likelihood of 99 initial trees ... 0.175 seconds
Current best score: -4189.843

Do NNI search on 20 best initial trees
Estimate model parameters (epsilon = 0.100)
BETTER TREE FOUND at iteration 1: -4189.843
Iteration 10 / LogL: -4189.888 / Time: 0h:0m:0s
Iteration 20 / LogL: -4189.844 / Time: 0h:0m:0s
Finish initializing candidate tree set (1)
Current best tree score: -4189.843 / CPU time: 0.671
Number of iterations: 20
--------------------------------------------------------------------
|               OPTIMIZING CANDIDATE TREE SET                      |
--------------------------------------------------------------------
Iteration 30 / LogL: -4189.853 / Time: 0h:0m:0s (0h:0m:2s left)
Iteration 40 / LogL: -4189.851 / Time: 0h:0m:1s (0h:0m:1s left)
Iteration 50 / LogL: -4189.870 / Time: 0h:0m:1s (0h:0m:1s left)
Iteration 60 / LogL: -4189.851 / Time: 0h:0m:1s (0h:0m:1s left)
Iteration 70 / LogL: -4189.844 / Time: 0h:0m:1s (0h:0m:0s left)
Iteration 80 / LogL: -4189.853 / Time: 0h:0m:2s (0h:0m:0s left)
Iteration 90 / LogL: -4189.846 / Time: 0h:0m:2s (0h:0m:0s left)
Iteration 100 / LogL: -4189.865 / Time: 0h:0m:2s (0h:0m:0s left)
TREE SEARCH COMPLETED AFTER 102 ITERATIONS / Time: 0h:0m:2s

--------------------------------------------------------------------
|                    FINALIZING TREE SEARCH                        |
--------------------------------------------------------------------
Performs final model parameters optimization
Estimate model parameters (epsilon = 0.010)
1. Initial log-likelihood: -4189.843
Optimal log-likelihood: -4189.843
Parameters optimization took 1 rounds (0.002 sec)
BEST SCORE FOUND : -4189.843
Total tree length: 3.000

Total number of iterations: 102
CPU time used for tree search: 2.472 sec (0h:0m:2s)
Wall-clock time used for tree search: 2.472 sec (0h:0m:2s)
Total CPU time used: 2.503 sec (0h:0m:2s)
Total wall-clock time used: 2.504 sec (0h:0m:2s)

Analysis results written to: 
  IQ-TREE report:                /scratch/ga42vor/simulating_quartets/accuracy_comparision/training1_0/training1_0.fasta.iqtree
  Maximum-likelihood tree:       /scratch/ga42vor/simulating_quartets/accuracy_comparision/training1_0/training1_0.fasta.treefile
  Likelihood distances:          /scratch/ga42vor/simulating_quartets/accuracy_comparision/training1_0/training1_0.fasta.mldist
  Screen log file:               /scratch/ga42vor/simulating_quartets/accuracy_comparision/training1_0/training1_0.fasta.log

Date and Time: Wed May 27 23:00:43 2020
