IQ-TREE multicore version 2.0.5 for Linux 64-bit built May 15 2020
Developed by Bui Quang Minh, Nguyen Lam Tung, Olga Chernomor,
Heiko Schmidt, Dominik Schrempf, Michael Woodhams.

Host:    cip2ryzen1.cip.ph.tum.de (AVX2, FMA3, 15 GB RAM)
Command: ../iqtree-2.0.5-Linux/bin/iqtree2 -s /scratch/ga42vor/simulating_quartets/accuracy_comparision/training3_nohet_10/training3_nohet_10.fasta -redo -m WAG
Seed:    655877 (Using SPRNG - Scalable Parallel Random Number Generator)
Time:    Thu May 28 17:12:21 2020
Kernel:  AVX+FMA - 1 threads (16 CPU cores detected)

HINT: Use -nt option to specify number of threads because your CPU has 16 cores!
HINT: -nt AUTO will automatically determine the best number of threads to use.

Reading alignment file /scratch/ga42vor/simulating_quartets/accuracy_comparision/training3_nohet_10/training3_nohet_10.fasta ... Fasta format detected
Alignment most likely contains protein sequences
Alignment has 20 sequences with 200 columns, 163 distinct patterns
128 parsimony-informative, 21 singleton sites, 51 constant sites
         Gap/Ambiguity  Composition  p-value
   1  taxon0     0.00%    passed     99.99%
   2  taxon1     0.00%    passed     99.11%
   3  taxon2     0.00%    passed     97.89%
   4  taxon3     0.00%    passed     99.36%
   5  taxon4     0.00%    passed    100.00%
   6  taxon5     0.00%    passed     99.96%
   7  taxon6     0.00%    passed     99.90%
   8  taxon7     0.00%    passed     96.74%
   9  taxon8     0.00%    passed    100.00%
  10  taxon9     0.00%    passed    100.00%
  11  taxon10    0.00%    passed     99.81%
  12  taxon11    0.00%    passed     97.98%
  13  taxon12    0.00%    passed     99.99%
  14  taxon13    0.00%    passed     94.62%
  15  taxon14    0.00%    passed     99.87%
  16  taxon15    0.00%    passed     96.25%
  17  taxon16    0.00%    passed    100.00%
  18  taxon17    0.00%    passed     99.91%
  19  taxon18    0.00%    passed     99.95%
  20  taxon19    0.00%    passed     99.86%
****  TOTAL      0.00%  0 sequences failed composition chi2 test (p-value<5%; df=19)

Create initial parsimony tree by phylogenetic likelihood library (PLL)... 0.001 seconds

NOTE: 0 MB RAM (0 GB) is required!
Estimate model parameters (epsilon = 0.100)
1. Initial log-likelihood: -3808.380
Optimal log-likelihood: -3800.627
Parameters optimization took 1 rounds (0.006 sec)
Computing ML distances based on estimated model parameters... 0.008 sec
Computing BIONJ tree...
0.000 seconds
Log-likelihood of BIONJ tree: -3801.511
--------------------------------------------------------------------
|             INITIALIZING CANDIDATE TREE SET                      |
--------------------------------------------------------------------
Generating 98 parsimony trees... 0.172 second
Computing log-likelihood of 98 initial trees ... 0.175 seconds
Current best score: -3800.627

Do NNI search on 20 best initial trees
Estimate model parameters (epsilon = 0.100)
BETTER TREE FOUND at iteration 1: -3800.627
Estimate model parameters (epsilon = 0.100)
BETTER TREE FOUND at iteration 3: -3799.012
Iteration 10 / LogL: -3800.653 / Time: 0h:0m:0s
Iteration 20 / LogL: -3800.649 / Time: 0h:0m:0s
Finish initializing candidate tree set (2)
Current best tree score: -3799.012 / CPU time: 0.724
Number of iterations: 20
--------------------------------------------------------------------
|               OPTIMIZING CANDIDATE TREE SET                      |
--------------------------------------------------------------------
Iteration 30 / LogL: -3824.155 / Time: 0h:0m:0s (0h:0m:2s left)
Iteration 40 / LogL: -3800.646 / Time: 0h:0m:1s (0h:0m:1s left)
Iteration 50 / LogL: -3824.132 / Time: 0h:0m:1s (0h:0m:1s left)
Iteration 60 / LogL: -3799.014 / Time: 0h:0m:1s (0h:0m:1s left)
Iteration 70 / LogL: -3800.636 / Time: 0h:0m:1s (0h:0m:0s left)
Iteration 80 / LogL: -3800.630 / Time: 0h:0m:2s (0h:0m:0s left)
Iteration 90 / LogL: -3799.064 / Time: 0h:0m:2s (0h:0m:0s left)
Iteration 100 / LogL: -3800.638 / Time: 0h:0m:2s (0h:0m:0s left)
TREE SEARCH COMPLETED AFTER 104 ITERATIONS / Time: 0h:0m:2s

--------------------------------------------------------------------
|                    FINALIZING TREE SEARCH                        |
--------------------------------------------------------------------
Performs final model parameters optimization
Estimate model parameters (epsilon = 0.010)
1. Initial log-likelihood: -3799.012
Optimal log-likelihood: -3799.012
Parameters optimization took 1 rounds (0.003 sec)
BEST SCORE FOUND : -3799.012
Total tree length: 2.745

Total number of iterations: 104
CPU time used for tree search: 2.620 sec (0h:0m:2s)
Wall-clock time used for tree search: 2.621 sec (0h:0m:2s)
Total CPU time used: 2.651 sec (0h:0m:2s)
Total wall-clock time used: 2.655 sec (0h:0m:2s)

Analysis results written to: 
  IQ-TREE report:                /scratch/ga42vor/simulating_quartets/accuracy_comparision/training3_nohet_10/training3_nohet_10.fasta.iqtree
  Maximum-likelihood tree:       /scratch/ga42vor/simulating_quartets/accuracy_comparision/training3_nohet_10/training3_nohet_10.fasta.treefile
  Likelihood distances:          /scratch/ga42vor/simulating_quartets/accuracy_comparision/training3_nohet_10/training3_nohet_10.fasta.mldist
  Screen log file:               /scratch/ga42vor/simulating_quartets/accuracy_comparision/training3_nohet_10/training3_nohet_10.fasta.log

Date and Time: Thu May 28 17:12:24 2020
