IQ-TREE multicore version 2.0.5 for Linux 64-bit built May 15 2020
Developed by Bui Quang Minh, Nguyen Lam Tung, Olga Chernomor,
Heiko Schmidt, Dominik Schrempf, Michael Woodhams.

Host:    cip2ryzen1.cip.ph.tum.de (AVX2, FMA3, 15 GB RAM)
Command: ../iqtree-2.0.5-Linux/bin/iqtree2 -s /scratch/ga42vor/simulating_quartets/accuracy_comparision/training2_nohet_6/training2_nohet_6.fasta -redo -m WAG
Seed:    741777 (Using SPRNG - Scalable Parallel Random Number Generator)
Time:    Thu May 28 16:21:05 2020
Kernel:  AVX+FMA - 1 threads (16 CPU cores detected)

HINT: Use -nt option to specify number of threads because your CPU has 16 cores!
HINT: -nt AUTO will automatically determine the best number of threads to use.

Reading alignment file /scratch/ga42vor/simulating_quartets/accuracy_comparision/training2_nohet_6/training2_nohet_6.fasta ... Fasta format detected
Alignment most likely contains protein sequences
Alignment has 20 sequences with 200 columns, 80 distinct patterns
52 parsimony-informative, 10 singleton sites, 138 constant sites
         Gap/Ambiguity  Composition  p-value
   1  taxon0     0.00%    passed     99.96%
   2  taxon1     0.00%    passed     99.99%
   3  taxon2     0.00%    passed     99.98%
   4  taxon3     0.00%    passed     99.98%
   5  taxon4     0.00%    passed    100.00%
   6  taxon5     0.00%    passed     99.98%
   7  taxon6     0.00%    passed     99.99%
   8  taxon7     0.00%    passed     99.99%
   9  taxon8     0.00%    passed     99.99%
  10  taxon9     0.00%    passed    100.00%
  11  taxon10    0.00%    passed    100.00%
  12  taxon11    0.00%    passed     99.99%
  13  taxon12    0.00%    passed    100.00%
  14  taxon13    0.00%    passed    100.00%
  15  taxon14    0.00%    passed    100.00%
  16  taxon15    0.00%    passed    100.00%
  17  taxon16    0.00%    passed    100.00%
  18  taxon17    0.00%    passed     99.94%
  19  taxon18    0.00%    passed     99.99%
  20  taxon19    0.00%    passed     99.96%
****  TOTAL      0.00%  0 sequences failed composition chi2 test (p-value<5%; df=19)
NOTE: taxon3 is identical to taxon2 but kept for subsequent analysis

Create initial parsimony tree by phylogenetic likelihood library (PLL)... 0.001 seconds

NOTE: 0 MB RAM (0 GB) is required!
Estimate model parameters (epsilon = 0.100)
1. Initial log-likelihood: -1329.758
Optimal log-likelihood: -1328.348
Parameters optimization took 1 rounds (0.003 sec)
Computing ML distances based on estimated model parameters... 0.008 sec
Computing BIONJ tree...
0.000 seconds
Log-likelihood of BIONJ tree: -1322.194
--------------------------------------------------------------------
|             INITIALIZING CANDIDATE TREE SET                      |
--------------------------------------------------------------------
Generating 98 parsimony trees... 0.113 second
Computing log-likelihood of 98 initial trees ... 0.099 seconds
Current best score: -1317.493

Do NNI search on 20 best initial trees
Estimate model parameters (epsilon = 0.100)
BETTER TREE FOUND at iteration 1: -1317.459
Iteration 10 / LogL: -1320.844 / Time: 0h:0m:0s
Iteration 20 / LogL: -1332.369 / Time: 0h:0m:0s
Finish initializing candidate tree set (8)
Current best tree score: -1317.459 / CPU time: 0.346
Number of iterations: 20
--------------------------------------------------------------------
|               OPTIMIZING CANDIDATE TREE SET                      |
--------------------------------------------------------------------
Iteration 30 / LogL: -1319.537 / Time: 0h:0m:0s (0h:0m:1s left)
Iteration 40 / LogL: -1319.536 / Time: 0h:0m:0s (0h:0m:0s left)
Iteration 50 / LogL: -1319.536 / Time: 0h:0m:0s (0h:0m:0s left)
Iteration 60 / LogL: -1319.530 / Time: 0h:0m:0s (0h:0m:0s left)
Iteration 70 / LogL: -1319.532 / Time: 0h:0m:1s (0h:0m:0s left)
Iteration 80 / LogL: -1317.459 / Time: 0h:0m:1s (0h:0m:0s left)
Iteration 90 / LogL: -1317.461 / Time: 0h:0m:1s (0h:0m:0s left)
Iteration 100 / LogL: -1317.460 / Time: 0h:0m:1s (0h:0m:0s left)
TREE SEARCH COMPLETED AFTER 102 ITERATIONS / Time: 0h:0m:1s

--------------------------------------------------------------------
|                    FINALIZING TREE SEARCH                        |
--------------------------------------------------------------------
Performs final model parameters optimization
Estimate model parameters (epsilon = 0.010)
1. Initial log-likelihood: -1317.459
Optimal log-likelihood: -1317.459
Parameters optimization took 1 rounds (0.001 sec)
BEST SCORE FOUND : -1317.459
Total tree length: 0.522

Total number of iterations: 102
CPU time used for tree search: 1.495 sec (0h:0m:1s)
Wall-clock time used for tree search: 1.496 sec (0h:0m:1s)
Total CPU time used: 1.523 sec (0h:0m:1s)
Total wall-clock time used: 1.524 sec (0h:0m:1s)

Analysis results written to: 
  IQ-TREE report:                /scratch/ga42vor/simulating_quartets/accuracy_comparision/training2_nohet_6/training2_nohet_6.fasta.iqtree
  Maximum-likelihood tree:       /scratch/ga42vor/simulating_quartets/accuracy_comparision/training2_nohet_6/training2_nohet_6.fasta.treefile
  Likelihood distances:          /scratch/ga42vor/simulating_quartets/accuracy_comparision/training2_nohet_6/training2_nohet_6.fasta.mldist
  Screen log file:               /scratch/ga42vor/simulating_quartets/accuracy_comparision/training2_nohet_6/training2_nohet_6.fasta.log

Date and Time: Thu May 28 16:21:07 2020
