IQ-TREE multicore version 2.0.5 for Linux 64-bit built May 15 2020
Developed by Bui Quang Minh, Nguyen Lam Tung, Olga Chernomor,
Heiko Schmidt, Dominik Schrempf, Michael Woodhams.

Host:    cip2ryzen1.cip.ph.tum.de (AVX2, FMA3, 15 GB RAM)
Command: ../iqtree-2.0.5-Linux/bin/iqtree2 -s /scratch/ga42vor/simulating_quartets/accuracy_comparision/training1_49/training1_49.fasta -redo -m WAG
Seed:    449090 (Using SPRNG - Scalable Parallel Random Number Generator)
Time:    Thu May 28 17:04:58 2020
Kernel:  AVX+FMA - 1 threads (16 CPU cores detected)

HINT: Use -nt option to specify number of threads because your CPU has 16 cores!
HINT: -nt AUTO will automatically determine the best number of threads to use.

Reading alignment file /scratch/ga42vor/simulating_quartets/accuracy_comparision/training1_49/training1_49.fasta ... Fasta format detected
Alignment most likely contains protein sequences
Alignment has 20 sequences with 200 columns, 148 distinct patterns
112 parsimony-informative, 22 singleton sites, 66 constant sites
         Gap/Ambiguity  Composition  p-value
   1  taxon0     0.00%    passed     97.39%
   2  taxon1     0.00%    passed     96.15%
   3  taxon2     0.00%    passed     77.63%
   4  taxon3     0.00%    passed     84.27%
   5  taxon4     0.00%    passed     97.01%
   6  taxon5     0.00%    passed     83.67%
   7  taxon6     0.00%    passed     97.70%
   8  taxon7     0.00%    passed     99.64%
   9  taxon8     0.00%    passed     99.12%
  10  taxon9     0.00%    passed     83.12%
  11  taxon10    0.00%    passed     95.78%
  12  taxon11    0.00%    passed     99.85%
  13  taxon12    0.00%    passed     93.75%
  14  taxon13    0.00%    passed     68.27%
  15  taxon14    0.00%    passed     82.24%
  16  taxon15    0.00%    passed     99.86%
  17  taxon16    0.00%    passed     87.69%
  18  taxon17    0.00%    passed     98.07%
  19  taxon18    0.00%    passed     99.90%
  20  taxon19    0.00%    passed     98.64%
****  TOTAL      0.00%  0 sequences failed composition chi2 test (p-value<5%; df=19)

Create initial parsimony tree by phylogenetic likelihood library (PLL)... 0.001 seconds

NOTE: 0 MB RAM (0 GB) is required!
Estimate model parameters (epsilon = 0.100)
1. Initial log-likelihood: -4818.366
Optimal log-likelihood: -4812.696
Parameters optimization took 1 rounds (0.005 sec)
Computing ML distances based on estimated model parameters... 0.011 sec
Computing BIONJ tree...
0.000 seconds
Log-likelihood of BIONJ tree: -4814.185
--------------------------------------------------------------------
|             INITIALIZING CANDIDATE TREE SET                      |
--------------------------------------------------------------------
Generating 98 parsimony trees... 0.139 second
Computing log-likelihood of 98 initial trees ... 0.162 seconds
Current best score: -4812.696

Do NNI search on 20 best initial trees
Estimate model parameters (epsilon = 0.100)
BETTER TREE FOUND at iteration 1: -4812.696
Iteration 10 / LogL: -4812.719 / Time: 0h:0m:0s
Iteration 20 / LogL: -4812.856 / Time: 0h:0m:0s
Finish initializing candidate tree set (2)
Current best tree score: -4812.696 / CPU time: 0.601
Number of iterations: 20
--------------------------------------------------------------------
|               OPTIMIZING CANDIDATE TREE SET                      |
--------------------------------------------------------------------
Iteration 30 / LogL: -4812.717 / Time: 0h:0m:0s (0h:0m:1s left)
Iteration 40 / LogL: -4814.217 / Time: 0h:0m:1s (0h:0m:1s left)
Iteration 50 / LogL: -4812.754 / Time: 0h:0m:1s (0h:0m:1s left)
Iteration 60 / LogL: -4812.718 / Time: 0h:0m:1s (0h:0m:1s left)
Iteration 70 / LogL: -4812.799 / Time: 0h:0m:1s (0h:0m:0s left)
Iteration 80 / LogL: -4816.615 / Time: 0h:0m:1s (0h:0m:0s left)
Iteration 90 / LogL: -4812.712 / Time: 0h:0m:2s (0h:0m:0s left)
Iteration 100 / LogL: -4812.716 / Time: 0h:0m:2s (0h:0m:0s left)
TREE SEARCH COMPLETED AFTER 102 ITERATIONS / Time: 0h:0m:2s

--------------------------------------------------------------------
|                    FINALIZING TREE SEARCH                        |
--------------------------------------------------------------------
Performs final model parameters optimization
Estimate model parameters (epsilon = 0.010)
1. Initial log-likelihood: -4812.696
Optimal log-likelihood: -4812.696
Parameters optimization took 1 rounds (0.004 sec)
BEST SCORE FOUND : -4812.696
Total tree length: 3.519

Total number of iterations: 102
CPU time used for tree search: 2.300 sec (0h:0m:2s)
Wall-clock time used for tree search: 2.301 sec (0h:0m:2s)
Total CPU time used: 2.337 sec (0h:0m:2s)
Total wall-clock time used: 2.337 sec (0h:0m:2s)

Analysis results written to: 
  IQ-TREE report:                /scratch/ga42vor/simulating_quartets/accuracy_comparision/training1_49/training1_49.fasta.iqtree
  Maximum-likelihood tree:       /scratch/ga42vor/simulating_quartets/accuracy_comparision/training1_49/training1_49.fasta.treefile
  Likelihood distances:          /scratch/ga42vor/simulating_quartets/accuracy_comparision/training1_49/training1_49.fasta.mldist
  Screen log file:               /scratch/ga42vor/simulating_quartets/accuracy_comparision/training1_49/training1_49.fasta.log

Date and Time: Thu May 28 17:05:00 2020
