IQ-TREE multicore version 2.0.5 for Linux 64-bit built May 15 2020
Developed by Bui Quang Minh, Nguyen Lam Tung, Olga Chernomor,
Heiko Schmidt, Dominik Schrempf, Michael Woodhams.

Host:    cip2ryzen1.cip.ph.tum.de (AVX2, FMA3, 15 GB RAM)
Command: ../iqtree-2.0.5-Linux/bin/iqtree2 -s /scratch/ga42vor/simulating_quartets/accuracy_comparision/training1_27/training1_27.fasta -redo -m WAG
Seed:    540956 (Using SPRNG - Scalable Parallel Random Number Generator)
Time:    Thu May 28 17:04:04 2020
Kernel:  AVX+FMA - 1 threads (16 CPU cores detected)

HINT: Use -nt option to specify number of threads because your CPU has 16 cores!
HINT: -nt AUTO will automatically determine the best number of threads to use.

Reading alignment file /scratch/ga42vor/simulating_quartets/accuracy_comparision/training1_27/training1_27.fasta ... Fasta format detected
Alignment most likely contains protein sequences
Alignment has 20 sequences with 200 columns, 155 distinct patterns
119 parsimony-informative, 18 singleton sites, 63 constant sites
         Gap/Ambiguity  Composition  p-value
   1  taxon0     0.00%    passed     82.39%
   2  taxon1     0.00%    passed     90.44%
   3  taxon2     0.00%    passed     95.57%
   4  taxon3     0.00%    passed     95.83%
   5  taxon4     0.00%    passed     82.78%
   6  taxon5     0.00%    passed     98.14%
   7  taxon6     0.00%    passed     95.72%
   8  taxon7     0.00%    passed     89.79%
   9  taxon8     0.00%    passed     99.22%
  10  taxon9     0.00%    passed     99.27%
  11  taxon10    0.00%    passed     99.03%
  12  taxon11    0.00%    passed     98.76%
  13  taxon12    0.00%    passed     99.39%
  14  taxon13    0.00%    passed     96.28%
  15  taxon14    0.00%    passed     99.82%
  16  taxon15    0.00%    passed     99.96%
  17  taxon16    0.00%    passed     79.25%
  18  taxon17    0.00%    passed     98.72%
  19  taxon18    0.00%    passed     91.67%
  20  taxon19    0.00%    passed     99.82%
****  TOTAL      0.00%  0 sequences failed composition chi2 test (p-value<5%; df=19)

Create initial parsimony tree by phylogenetic likelihood library (PLL)... 0.001 seconds

NOTE: 0 MB RAM (0 GB) is required!
Estimate model parameters (epsilon = 0.100)
1. Initial log-likelihood: -5219.763
Optimal log-likelihood: -5209.503
Parameters optimization took 1 rounds (0.006 sec)
Computing ML distances based on estimated model parameters... 0.011 sec
Computing BIONJ tree...
0.000 seconds
Log-likelihood of BIONJ tree: -5206.059
--------------------------------------------------------------------
|             INITIALIZING CANDIDATE TREE SET                      |
--------------------------------------------------------------------
Generating 98 parsimony trees... 0.136 second
Computing log-likelihood of 98 initial trees ... 0.174 seconds
Current best score: -5206.059

Do NNI search on 20 best initial trees
Estimate model parameters (epsilon = 0.100)
BETTER TREE FOUND at iteration 1: -5206.059
Iteration 10 / LogL: -5206.181 / Time: 0h:0m:0s
Iteration 20 / LogL: -5206.088 / Time: 0h:0m:0s
Finish initializing candidate tree set (1)
Current best tree score: -5206.059 / CPU time: 0.648
Number of iterations: 20
--------------------------------------------------------------------
|               OPTIMIZING CANDIDATE TREE SET                      |
--------------------------------------------------------------------
Iteration 30 / LogL: -5206.399 / Time: 0h:0m:0s (0h:0m:2s left)
Iteration 40 / LogL: -5206.094 / Time: 0h:0m:1s (0h:0m:1s left)
Iteration 50 / LogL: -5206.091 / Time: 0h:0m:1s (0h:0m:1s left)
Iteration 60 / LogL: -5206.290 / Time: 0h:0m:1s (0h:0m:1s left)
Iteration 70 / LogL: -5206.293 / Time: 0h:0m:1s (0h:0m:0s left)
Iteration 80 / LogL: -5206.550 / Time: 0h:0m:1s (0h:0m:0s left)
Iteration 90 / LogL: -5206.101 / Time: 0h:0m:2s (0h:0m:0s left)
Iteration 100 / LogL: -5206.244 / Time: 0h:0m:2s (0h:0m:0s left)
TREE SEARCH COMPLETED AFTER 102 ITERATIONS / Time: 0h:0m:2s

--------------------------------------------------------------------
|                    FINALIZING TREE SEARCH                        |
--------------------------------------------------------------------
Performs final model parameters optimization
Estimate model parameters (epsilon = 0.010)
1. Initial log-likelihood: -5206.059
Optimal log-likelihood: -5206.059
Parameters optimization took 1 rounds (0.002 sec)
BEST SCORE FOUND : -5206.059
Total tree length: 4.450

Total number of iterations: 102
CPU time used for tree search: 2.379 sec (0h:0m:2s)
Wall-clock time used for tree search: 2.379 sec (0h:0m:2s)
Total CPU time used: 2.415 sec (0h:0m:2s)
Total wall-clock time used: 2.416 sec (0h:0m:2s)

Analysis results written to: 
  IQ-TREE report:                /scratch/ga42vor/simulating_quartets/accuracy_comparision/training1_27/training1_27.fasta.iqtree
  Maximum-likelihood tree:       /scratch/ga42vor/simulating_quartets/accuracy_comparision/training1_27/training1_27.fasta.treefile
  Likelihood distances:          /scratch/ga42vor/simulating_quartets/accuracy_comparision/training1_27/training1_27.fasta.mldist
  Screen log file:               /scratch/ga42vor/simulating_quartets/accuracy_comparision/training1_27/training1_27.fasta.log

Date and Time: Thu May 28 17:04:06 2020
