IQ-TREE multicore version 2.0.5 for Linux 64-bit built May 15 2020
Developed by Bui Quang Minh, Nguyen Lam Tung, Olga Chernomor,
Heiko Schmidt, Dominik Schrempf, Michael Woodhams.

Host:    cip2ryzen1.cip.ph.tum.de (AVX2, FMA3, 15 GB RAM)
Command: ../iqtree-2.0.5-Linux/bin/iqtree2 -s /scratch/ga42vor/simulating_quartets/accuracy_comparision/training2_4/training2_4.fasta -m WAG -redo
Seed:    819703 (Using SPRNG - Scalable Parallel Random Number Generator)
Time:    Wed May 27 23:05:40 2020
Kernel:  AVX+FMA - 1 threads (16 CPU cores detected)

HINT: Use -nt option to specify number of threads because your CPU has 16 cores!
HINT: -nt AUTO will automatically determine the best number of threads to use.

Reading alignment file /scratch/ga42vor/simulating_quartets/accuracy_comparision/training2_4/training2_4.fasta ... Fasta format detected
Alignment most likely contains protein sequences
Alignment has 20 sequences with 200 columns, 200 distinct patterns
188 parsimony-informative, 11 singleton sites, 1 constant sites
         Gap/Ambiguity  Composition  p-value
   1  taxon0     0.00%    passed     67.97%
   2  taxon1     0.00%    passed     81.53%
   3  taxon2     0.00%    passed     51.57%
   4  taxon3     0.00%    passed     93.24%
   5  taxon4     0.00%    passed     37.59%
   6  taxon5     0.00%    passed     39.09%
   7  taxon6     0.00%    passed     63.36%
   8  taxon7     0.00%    passed     82.50%
   9  taxon8     0.00%    passed     39.96%
  10  taxon9     0.00%    passed     86.71%
  11  taxon10    0.00%    passed     95.46%
  12  taxon11    0.00%    passed     79.49%
  13  taxon12    0.00%    passed     85.52%
  14  taxon13    0.00%    passed     47.86%
  15  taxon14    0.00%    passed      9.52%
  16  taxon15    0.00%    passed      7.99%
  17  taxon16    0.00%    passed     85.68%
  18  taxon17    0.00%    passed     89.57%
  19  taxon18    0.00%    passed     47.91%
  20  taxon19    0.00%    passed     12.03%
****  TOTAL      0.00%  0 sequences failed composition chi2 test (p-value<5%; df=19)

Create initial parsimony tree by phylogenetic likelihood library (PLL)... 0.001 seconds

NOTE: 0 MB RAM (0 GB) is required!
Estimate model parameters (epsilon = 0.100)
1. Initial log-likelihood: -8345.966
Optimal log-likelihood: -8320.654
Parameters optimization took 1 rounds (0.006 sec)
Computing ML distances based on estimated model parameters... 0.010 sec
Computing BIONJ tree...
0.000 seconds
Log-likelihood of BIONJ tree: -8321.036
--------------------------------------------------------------------
|             INITIALIZING CANDIDATE TREE SET                      |
--------------------------------------------------------------------
Generating 98 parsimony trees... 0.146 second
Computing log-likelihood of 98 initial trees ... 0.198 seconds
Current best score: -8320.654

Do NNI search on 20 best initial trees
Estimate model parameters (epsilon = 0.100)
BETTER TREE FOUND at iteration 1: -8320.653
Estimate model parameters (epsilon = 0.100)
UPDATE BEST LOG-LIKELIHOOD: -8320.606
Iteration 10 / LogL: -8320.632 / Time: 0h:0m:0s
Iteration 20 / LogL: -8320.626 / Time: 0h:0m:0s
Finish initializing candidate tree set (3)
Current best tree score: -8320.606 / CPU time: 0.724
Number of iterations: 20
--------------------------------------------------------------------
|               OPTIMIZING CANDIDATE TREE SET                      |
--------------------------------------------------------------------
Iteration 30 / LogL: -8320.956 / Time: 0h:0m:1s (0h:0m:2s left)
Iteration 40 / LogL: -8320.775 / Time: 0h:0m:1s (0h:0m:1s left)
Iteration 50 / LogL: -8320.663 / Time: 0h:0m:1s (0h:0m:1s left)
Iteration 60 / LogL: -8320.715 / Time: 0h:0m:1s (0h:0m:1s left)
Iteration 70 / LogL: -8320.713 / Time: 0h:0m:2s (0h:0m:0s left)
Iteration 80 / LogL: -8320.849 / Time: 0h:0m:2s (0h:0m:0s left)
Iteration 90 / LogL: -8321.462 / Time: 0h:0m:2s (0h:0m:0s left)
Iteration 100 / LogL: -8320.852 / Time: 0h:0m:2s (0h:0m:0s left)
TREE SEARCH COMPLETED AFTER 102 ITERATIONS / Time: 0h:0m:2s

--------------------------------------------------------------------
|                    FINALIZING TREE SEARCH                        |
--------------------------------------------------------------------
Performs final model parameters optimization
Estimate model parameters (epsilon = 0.010)
1. Initial log-likelihood: -8320.606
Optimal log-likelihood: -8320.606
Parameters optimization took 1 rounds (0.003 sec)
BEST SCORE FOUND : -8320.606
Total tree length: 9.203

Total number of iterations: 102
CPU time used for tree search: 2.804 sec (0h:0m:2s)
Wall-clock time used for tree search: 2.805 sec (0h:0m:2s)
Total CPU time used: 2.838 sec (0h:0m:2s)
Total wall-clock time used: 2.839 sec (0h:0m:2s)

Analysis results written to: 
  IQ-TREE report:                /scratch/ga42vor/simulating_quartets/accuracy_comparision/training2_4/training2_4.fasta.iqtree
  Maximum-likelihood tree:       /scratch/ga42vor/simulating_quartets/accuracy_comparision/training2_4/training2_4.fasta.treefile
  Likelihood distances:          /scratch/ga42vor/simulating_quartets/accuracy_comparision/training2_4/training2_4.fasta.mldist
  Screen log file:               /scratch/ga42vor/simulating_quartets/accuracy_comparision/training2_4/training2_4.fasta.log

Date and Time: Wed May 27 23:05:43 2020
