IQ-TREE multicore version 2.0.5 for Linux 64-bit built May 15 2020
Developed by Bui Quang Minh, Nguyen Lam Tung, Olga Chernomor,
Heiko Schmidt, Dominik Schrempf, Michael Woodhams.

Host:    cip2ryzen1.cip.ph.tum.de (AVX2, FMA3, 15 GB RAM)
Command: ../iqtree-2.0.5-Linux/bin/iqtree2 -s /scratch/ga42vor/simulating_quartets/accuracy_comparision/training1_nohet_36/training1_nohet_36.fasta -redo -m WAG
Seed:    828320 (Using SPRNG - Scalable Parallel Random Number Generator)
Time:    Thu May 28 17:09:53 2020
Kernel:  AVX+FMA - 1 threads (16 CPU cores detected)

HINT: Use -nt option to specify number of threads because your CPU has 16 cores!
HINT: -nt AUTO will automatically determine the best number of threads to use.

Reading alignment file /scratch/ga42vor/simulating_quartets/accuracy_comparision/training1_nohet_36/training1_nohet_36.fasta ... Fasta format detected
Alignment most likely contains protein sequences
Alignment has 20 sequences with 200 columns, 38 distinct patterns
16 parsimony-informative, 3 singleton sites, 181 constant sites
         Gap/Ambiguity  Composition  p-value
   1  taxon0     0.00%    passed    100.00%
   2  taxon1     0.00%    passed    100.00%
   3  taxon2     0.00%    passed    100.00%
   4  taxon3     0.00%    passed    100.00%
   5  taxon4     0.00%    passed    100.00%
   6  taxon5     0.00%    passed    100.00%
   7  taxon6     0.00%    passed    100.00%
   8  taxon7     0.00%    passed    100.00%
   9  taxon8     0.00%    passed    100.00%
  10  taxon9     0.00%    passed    100.00%
  11  taxon10    0.00%    passed    100.00%
  12  taxon11    0.00%    passed    100.00%
  13  taxon12    0.00%    passed    100.00%
  14  taxon13    0.00%    passed    100.00%
  15  taxon14    0.00%    passed    100.00%
  16  taxon15    0.00%    passed    100.00%
  17  taxon16    0.00%    passed    100.00%
  18  taxon17    0.00%    passed    100.00%
  19  taxon18    0.00%    passed    100.00%
  20  taxon19    0.00%    passed    100.00%
****  TOTAL      0.00%  0 sequences failed composition chi2 test (p-value<5%; df=19)
NOTE: taxon2 is identical to taxon1 but kept for subsequent analysis
NOTE: taxon5 is identical to taxon4 but kept for subsequent analysis
NOTE: taxon18 is identical to taxon17 but kept for subsequent analysis
NOTE: 2 identical sequences (see below) will be ignored for subsequent analysis
NOTE: taxon6 (identical to taxon4) is ignored but added at the end
NOTE: taxon19 (identical to taxon17) is ignored but added at the end
Alignment was printed to /scratch/ga42vor/simulating_quartets/accuracy_comparision/training1_nohet_36/training1_nohet_36.fasta.uniqueseq.phy

For your convenience alignment with unique sequences printed to /scratch/ga42vor/simulating_quartets/accuracy_comparision/training1_nohet_36/training1_nohet_36.fasta.uniqueseq.phy

Create initial parsimony tree by phylogenetic likelihood library (PLL)... 0.000 seconds

NOTE: 0 MB RAM (0 GB) is required!
Estimate model parameters (epsilon = 0.100)
1. Initial log-likelihood: -875.362
Optimal log-likelihood: -871.554
Parameters optimization took 1 rounds (0.002 sec)
Computing ML distances based on estimated model parameters... 0.006 sec
Computing BIONJ tree...
0.000 seconds
Log-likelihood of BIONJ tree: -866.115
--------------------------------------------------------------------
|             INITIALIZING CANDIDATE TREE SET                      |
--------------------------------------------------------------------
Generating 98 parsimony trees... 0.060 second
Computing log-likelihood of 98 initial trees ... 0.059 seconds
Current best score: -866.115

Do NNI search on 20 best initial trees
Estimate model parameters (epsilon = 0.100)
BETTER TREE FOUND at iteration 1: -865.518
UPDATE BEST LOG-LIKELIHOOD: -865.517
Iteration 10 / LogL: -865.518 / Time: 0h:0m:0s
UPDATE BEST LOG-LIKELIHOOD: -865.517
UPDATE BEST LOG-LIKELIHOOD: -865.517
Iteration 20 / LogL: -865.517 / Time: 0h:0m:0s
Finish initializing candidate tree set (8)
Current best tree score: -865.517 / CPU time: 0.263
Number of iterations: 20
--------------------------------------------------------------------
|               OPTIMIZING CANDIDATE TREE SET                      |
--------------------------------------------------------------------
Iteration 30 / LogL: -865.518 / Time: 0h:0m:0s (0h:0m:0s left)
Iteration 40 / LogL: -865.518 / Time: 0h:0m:0s (0h:0m:0s left)
Iteration 50 / LogL: -865.518 / Time: 0h:0m:0s (0h:0m:0s left)
BETTER TREE FOUND at iteration 57: -865.517
Iteration 60 / LogL: -865.517 / Time: 0h:0m:0s (0h:0m:1s left)
UPDATE BEST LOG-LIKELIHOOD: -865.517
Iteration 70 / LogL: -865.518 / Time: 0h:0m:0s (0h:0m:0s left)
Iteration 80 / LogL: -865.517 / Time: 0h:0m:0s (0h:0m:0s left)
Iteration 90 / LogL: -865.520 / Time: 0h:0m:0s (0h:0m:0s left)
Iteration 100 / LogL: -865.517 / Time: 0h:0m:1s (0h:0m:0s left)
Iteration 110 / LogL: -865.517 / Time: 0h:0m:1s (0h:0m:0s left)
Iteration 120 / LogL: -865.517 / Time: 0h:0m:1s (0h:0m:0s left)
Iteration 130 / LogL: -865.518 / Time: 0h:0m:1s (0h:0m:0s left)
Iteration 140 / LogL: -865.518 / Time: 0h:0m:1s (0h:0m:0s left)
Iteration 150 / LogL: -865.520 / Time: 0h:0m:1s (0h:0m:0s left)
TREE SEARCH COMPLETED AFTER 158 ITERATIONS / Time: 0h:0m:1s

--------------------------------------------------------------------
|                    FINALIZING TREE SEARCH                        |
--------------------------------------------------------------------
Performs final model parameters optimization
Estimate model parameters (epsilon = 0.010)
1. Initial log-likelihood: -865.517
Optimal log-likelihood: -865.517
Parameters optimization took 1 rounds (0.001 sec)
BEST SCORE FOUND : -865.517
Total tree length: 0.189

Total number of iterations: 158
CPU time used for tree search: 1.574 sec (0h:0m:1s)
Wall-clock time used for tree search: 1.574 sec (0h:0m:1s)
Total CPU time used: 1.594 sec (0h:0m:1s)
Total wall-clock time used: 1.594 sec (0h:0m:1s)

Analysis results written to: 
  IQ-TREE report:                /scratch/ga42vor/simulating_quartets/accuracy_comparision/training1_nohet_36/training1_nohet_36.fasta.iqtree
  Maximum-likelihood tree:       /scratch/ga42vor/simulating_quartets/accuracy_comparision/training1_nohet_36/training1_nohet_36.fasta.treefile
  Likelihood distances:          /scratch/ga42vor/simulating_quartets/accuracy_comparision/training1_nohet_36/training1_nohet_36.fasta.mldist
  Screen log file:               /scratch/ga42vor/simulating_quartets/accuracy_comparision/training1_nohet_36/training1_nohet_36.fasta.log

Date and Time: Thu May 28 17:09:55 2020
