IQ-TREE multicore version 2.0.5 for Linux 64-bit built May 15 2020
Developed by Bui Quang Minh, Nguyen Lam Tung, Olga Chernomor,
Heiko Schmidt, Dominik Schrempf, Michael Woodhams.

Host:    cip2ryzen1.cip.ph.tum.de (AVX2, FMA3, 15 GB RAM)
Command: ../iqtree-2.0.5-Linux/bin/iqtree2 -s /scratch/ga42vor/simulating_quartets/accuracy_comparision/training2_12/training2_12.fasta -redo -m WAG
Seed:    994903 (Using SPRNG - Scalable Parallel Random Number Generator)
Time:    Thu May 28 17:05:27 2020
Kernel:  AVX+FMA - 1 threads (16 CPU cores detected)

HINT: Use -nt option to specify number of threads because your CPU has 16 cores!
HINT: -nt AUTO will automatically determine the best number of threads to use.

Reading alignment file /scratch/ga42vor/simulating_quartets/accuracy_comparision/training2_12/training2_12.fasta ... Fasta format detected
Alignment most likely contains protein sequences
Alignment has 20 sequences with 200 columns, 197 distinct patterns
173 parsimony-informative, 18 singleton sites, 9 constant sites
         Gap/Ambiguity  Composition  p-value
   1  taxon0     0.00%    passed     94.86%
   2  taxon1     0.00%    passed     98.95%
   3  taxon2     0.00%    passed     95.29%
   4  taxon3     0.00%    passed     58.09%
   5  taxon4     0.00%    passed     82.05%
   6  taxon5     0.00%    passed     99.94%
   7  taxon6     0.00%    passed     95.18%
   8  taxon7     0.00%    passed     85.37%
   9  taxon8     0.00%    passed     91.07%
  10  taxon9     0.00%    passed     74.98%
  11  taxon10    0.00%    passed     81.14%
  12  taxon11    0.00%    passed     74.23%
  13  taxon12    0.00%    passed     81.05%
  14  taxon13    0.00%    passed     93.36%
  15  taxon14    0.00%    passed     79.58%
  16  taxon15    0.00%    passed     39.50%
  17  taxon16    0.00%    passed     82.99%
  18  taxon17    0.00%    passed     16.64%
  19  taxon18    0.00%    passed     56.05%
  20  taxon19    0.00%    passed     64.24%
****  TOTAL      0.00%  0 sequences failed composition chi2 test (p-value<5%; df=19)

Create initial parsimony tree by phylogenetic likelihood library (PLL)... 0.001 seconds

NOTE: 0 MB RAM (0 GB) is required!
Estimate model parameters (epsilon = 0.100)
1. Initial log-likelihood: -6690.772
Optimal log-likelihood: -6677.380
Parameters optimization took 1 rounds (0.007 sec)
Computing ML distances based on estimated model parameters... 0.013 sec
Computing BIONJ tree...
0.000 seconds
Log-likelihood of BIONJ tree: -6677.380
--------------------------------------------------------------------
|             INITIALIZING CANDIDATE TREE SET                      |
--------------------------------------------------------------------
Generating 99 parsimony trees... 0.141 second
Computing log-likelihood of 99 initial trees ... 0.209 seconds
Current best score: -6675.750

Do NNI search on 20 best initial trees
Estimate model parameters (epsilon = 0.100)
BETTER TREE FOUND at iteration 1: -6675.479
Iteration 10 / LogL: -6675.480 / Time: 0h:0m:0s
Iteration 20 / LogL: -6675.655 / Time: 0h:0m:0s
Finish initializing candidate tree set (3)
Current best tree score: -6675.479 / CPU time: 0.739
Number of iterations: 20
--------------------------------------------------------------------
|               OPTIMIZING CANDIDATE TREE SET                      |
--------------------------------------------------------------------
Iteration 30 / LogL: -6675.669 / Time: 0h:0m:1s (0h:0m:2s left)
Iteration 40 / LogL: -6675.514 / Time: 0h:0m:1s (0h:0m:2s left)
Iteration 50 / LogL: -6675.611 / Time: 0h:0m:1s (0h:0m:1s left)
Iteration 60 / LogL: -6675.520 / Time: 0h:0m:1s (0h:0m:1s left)
Iteration 70 / LogL: -6675.481 / Time: 0h:0m:2s (0h:0m:0s left)
Iteration 80 / LogL: -6675.565 / Time: 0h:0m:2s (0h:0m:0s left)
Iteration 90 / LogL: -6675.669 / Time: 0h:0m:2s (0h:0m:0s left)
Iteration 100 / LogL: -6679.373 / Time: 0h:0m:2s (0h:0m:0s left)
TREE SEARCH COMPLETED AFTER 102 ITERATIONS / Time: 0h:0m:2s

--------------------------------------------------------------------
|                    FINALIZING TREE SEARCH                        |
--------------------------------------------------------------------
Performs final model parameters optimization
Estimate model parameters (epsilon = 0.010)
1. Initial log-likelihood: -6675.479
Optimal log-likelihood: -6675.479
Parameters optimization took 1 rounds (0.003 sec)
BEST SCORE FOUND : -6675.479
Total tree length: 6.145

Total number of iterations: 102
CPU time used for tree search: 2.815 sec (0h:0m:2s)
Wall-clock time used for tree search: 2.816 sec (0h:0m:2s)
Total CPU time used: 2.855 sec (0h:0m:2s)
Total wall-clock time used: 2.855 sec (0h:0m:2s)

Analysis results written to: 
  IQ-TREE report:                /scratch/ga42vor/simulating_quartets/accuracy_comparision/training2_12/training2_12.fasta.iqtree
  Maximum-likelihood tree:       /scratch/ga42vor/simulating_quartets/accuracy_comparision/training2_12/training2_12.fasta.treefile
  Likelihood distances:          /scratch/ga42vor/simulating_quartets/accuracy_comparision/training2_12/training2_12.fasta.mldist
  Screen log file:               /scratch/ga42vor/simulating_quartets/accuracy_comparision/training2_12/training2_12.fasta.log

Date and Time: Thu May 28 17:05:30 2020
