IQ-TREE multicore version 2.0.5 for Linux 64-bit built May 15 2020
Developed by Bui Quang Minh, Nguyen Lam Tung, Olga Chernomor,
Heiko Schmidt, Dominik Schrempf, Michael Woodhams.

Host:    cip2ryzen1.cip.ph.tum.de (AVX2, FMA3, 15 GB RAM)
Command: ../iqtree-2.0.5-Linux/bin/iqtree2 -s /scratch/ga42vor/simulating_quartets/accuracy_comparision/training1_22/training1_22.fasta -m WAG -redo
Seed:    655420 (Using SPRNG - Scalable Parallel Random Number Generator)
Time:    Wed May 27 23:01:34 2020
Kernel:  AVX+FMA - 1 threads (16 CPU cores detected)

HINT: Use -nt option to specify number of threads because your CPU has 16 cores!
HINT: -nt AUTO will automatically determine the best number of threads to use.

Reading alignment file /scratch/ga42vor/simulating_quartets/accuracy_comparision/training1_22/training1_22.fasta ... Fasta format detected
Alignment most likely contains protein sequences
Alignment has 20 sequences with 200 columns, 195 distinct patterns
167 parsimony-informative, 20 singleton sites, 13 constant sites
         Gap/Ambiguity  Composition  p-value
   1  taxon0     0.00%    passed     97.76%
   2  taxon1     0.00%    passed     93.75%
   3  taxon2     0.00%    passed     61.88%
   4  taxon3     0.00%    passed     78.04%
   5  taxon4     0.00%    passed     38.68%
   6  taxon5     0.00%    passed     98.79%
   7  taxon6     0.00%    passed     99.13%
   8  taxon7     0.00%    passed     98.25%
   9  taxon8     0.00%    passed     92.71%
  10  taxon9     0.00%    passed     99.66%
  11  taxon10    0.00%    passed     98.63%
  12  taxon11    0.00%    passed     99.58%
  13  taxon12    0.00%    passed     73.40%
  14  taxon13    0.00%    passed     67.44%
  15  taxon14    0.00%    passed     44.82%
  16  taxon15    0.00%    passed     89.80%
  17  taxon16    0.00%    passed     76.36%
  18  taxon17    0.00%    passed     53.63%
  19  taxon18    0.00%    passed     74.97%
  20  taxon19    0.00%    passed     60.51%
****  TOTAL      0.00%  0 sequences failed composition chi2 test (p-value<5%; df=19)

Create initial parsimony tree by phylogenetic likelihood library (PLL)... 0.001 seconds

NOTE: 0 MB RAM (0 GB) is required!
Estimate model parameters (epsilon = 0.100)
1. Initial log-likelihood: -6735.381
Optimal log-likelihood: -6725.808
Parameters optimization took 1 rounds (0.007 sec)
Computing ML distances based on estimated model parameters... 0.013 sec
Computing BIONJ tree...
0.000 seconds
Log-likelihood of BIONJ tree: -6728.255
--------------------------------------------------------------------
|             INITIALIZING CANDIDATE TREE SET                      |
--------------------------------------------------------------------
Generating 98 parsimony trees... 0.141 second
Computing log-likelihood of 98 initial trees ... 0.212 seconds
Current best score: -6725.808

Do NNI search on 20 best initial trees
Estimate model parameters (epsilon = 0.100)
BETTER TREE FOUND at iteration 1: -6725.808
Iteration 10 / LogL: -6725.829 / Time: 0h:0m:0s
Iteration 20 / LogL: -6725.861 / Time: 0h:0m:0s
Finish initializing candidate tree set (1)
Current best tree score: -6725.808 / CPU time: 0.766
Number of iterations: 20
--------------------------------------------------------------------
|               OPTIMIZING CANDIDATE TREE SET                      |
--------------------------------------------------------------------
Iteration 30 / LogL: -6725.927 / Time: 0h:0m:1s (0h:0m:2s left)
Iteration 40 / LogL: -6725.829 / Time: 0h:0m:1s (0h:0m:2s left)
Iteration 50 / LogL: -6725.865 / Time: 0h:0m:1s (0h:0m:1s left)
Iteration 60 / LogL: -6725.833 / Time: 0h:0m:1s (0h:0m:1s left)
Iteration 70 / LogL: -6725.823 / Time: 0h:0m:2s (0h:0m:0s left)
Iteration 80 / LogL: -6726.577 / Time: 0h:0m:2s (0h:0m:0s left)
Iteration 90 / LogL: -6725.833 / Time: 0h:0m:2s (0h:0m:0s left)
Iteration 100 / LogL: -6725.839 / Time: 0h:0m:2s (0h:0m:0s left)
TREE SEARCH COMPLETED AFTER 102 ITERATIONS / Time: 0h:0m:3s

--------------------------------------------------------------------
|                    FINALIZING TREE SEARCH                        |
--------------------------------------------------------------------
Performs final model parameters optimization
Estimate model parameters (epsilon = 0.010)
1. Initial log-likelihood: -6725.808
Optimal log-likelihood: -6725.808
Parameters optimization took 1 rounds (0.003 sec)
BEST SCORE FOUND : -6725.808
Total tree length: 6.433

Total number of iterations: 102
CPU time used for tree search: 3.015 sec (0h:0m:3s)
Wall-clock time used for tree search: 3.016 sec (0h:0m:3s)
Total CPU time used: 3.057 sec (0h:0m:3s)
Total wall-clock time used: 3.058 sec (0h:0m:3s)

Analysis results written to: 
  IQ-TREE report:                /scratch/ga42vor/simulating_quartets/accuracy_comparision/training1_22/training1_22.fasta.iqtree
  Maximum-likelihood tree:       /scratch/ga42vor/simulating_quartets/accuracy_comparision/training1_22/training1_22.fasta.treefile
  Likelihood distances:          /scratch/ga42vor/simulating_quartets/accuracy_comparision/training1_22/training1_22.fasta.mldist
  Screen log file:               /scratch/ga42vor/simulating_quartets/accuracy_comparision/training1_22/training1_22.fasta.log

Date and Time: Wed May 27 23:01:37 2020
