IQ-TREE multicore version 2.0.5 for Linux 64-bit built May 15 2020
Developed by Bui Quang Minh, Nguyen Lam Tung, Olga Chernomor,
Heiko Schmidt, Dominik Schrempf, Michael Woodhams.

Host:    cip2ryzen1.cip.ph.tum.de (AVX2, FMA3, 15 GB RAM)
Command: ../iqtree-2.0.5-Linux/bin/iqtree2 -s /scratch/ga42vor/simulating_quartets/accuracy_comparision/training2_24/training2_24.fasta -redo -m WAG
Seed:    383739 (Using SPRNG - Scalable Parallel Random Number Generator)
Time:    Thu May 28 17:05:52 2020
Kernel:  AVX+FMA - 1 threads (16 CPU cores detected)

HINT: Use -nt option to specify number of threads because your CPU has 16 cores!
HINT: -nt AUTO will automatically determine the best number of threads to use.

Reading alignment file /scratch/ga42vor/simulating_quartets/accuracy_comparision/training2_24/training2_24.fasta ... Fasta format detected
Alignment most likely contains protein sequences
Alignment has 20 sequences with 200 columns, 126 distinct patterns
86 parsimony-informative, 24 singleton sites, 90 constant sites
         Gap/Ambiguity  Composition  p-value
   1  taxon0     0.00%    passed     99.42%
   2  taxon1     0.00%    passed     99.24%
   3  taxon2     0.00%    passed     99.97%
   4  taxon3     0.00%    passed     64.59%
   5  taxon4     0.00%    passed     56.20%
   6  taxon5     0.00%    passed     99.43%
   7  taxon6     0.00%    passed     97.61%
   8  taxon7     0.00%    passed     99.20%
   9  taxon8     0.00%    passed     99.98%
  10  taxon9     0.00%    passed     98.48%
  11  taxon10    0.00%    passed     99.90%
  12  taxon11    0.00%    passed     99.70%
  13  taxon12    0.00%    passed     99.91%
  14  taxon13    0.00%    passed     86.00%
  15  taxon14    0.00%    passed     79.36%
  16  taxon15    0.00%    passed     99.20%
  17  taxon16    0.00%    passed     99.88%
  18  taxon17    0.00%    passed     98.16%
  19  taxon18    0.00%    passed     98.18%
  20  taxon19    0.00%    passed     93.70%
****  TOTAL      0.00%  0 sequences failed composition chi2 test (p-value<5%; df=19)

Create initial parsimony tree by phylogenetic likelihood library (PLL)... 0.001 seconds

NOTE: 0 MB RAM (0 GB) is required!
Estimate model parameters (epsilon = 0.100)
1. Initial log-likelihood: -3679.995
Optimal log-likelihood: -3674.992
Parameters optimization took 1 rounds (0.005 sec)
Computing ML distances based on estimated model parameters... 0.010 sec
Computing BIONJ tree...
0.000 seconds
Log-likelihood of BIONJ tree: -3678.673
--------------------------------------------------------------------
|             INITIALIZING CANDIDATE TREE SET                      |
--------------------------------------------------------------------
Generating 98 parsimony trees... 0.123 second
Computing log-likelihood of 98 initial trees ... 0.146 seconds
Current best score: -3674.690

Do NNI search on 20 best initial trees
Estimate model parameters (epsilon = 0.100)
BETTER TREE FOUND at iteration 1: -3674.499
Iteration 10 / LogL: -3674.505 / Time: 0h:0m:0s
Iteration 20 / LogL: -3674.504 / Time: 0h:0m:0s
Finish initializing candidate tree set (2)
Current best tree score: -3674.499 / CPU time: 0.561
Number of iterations: 20
--------------------------------------------------------------------
|               OPTIMIZING CANDIDATE TREE SET                      |
--------------------------------------------------------------------
Iteration 30 / LogL: -3674.508 / Time: 0h:0m:0s (0h:0m:1s left)
Iteration 40 / LogL: -3688.228 / Time: 0h:0m:0s (0h:0m:1s left)
Iteration 50 / LogL: -3674.610 / Time: 0h:0m:1s (0h:0m:1s left)
Iteration 60 / LogL: -3688.227 / Time: 0h:0m:1s (0h:0m:0s left)
Iteration 70 / LogL: -3674.503 / Time: 0h:0m:1s (0h:0m:0s left)
Iteration 80 / LogL: -3674.703 / Time: 0h:0m:1s (0h:0m:0s left)
Iteration 90 / LogL: -3688.244 / Time: 0h:0m:1s (0h:0m:0s left)
Iteration 100 / LogL: -3674.513 / Time: 0h:0m:2s (0h:0m:0s left)
TREE SEARCH COMPLETED AFTER 102 ITERATIONS / Time: 0h:0m:2s

--------------------------------------------------------------------
|                    FINALIZING TREE SEARCH                        |
--------------------------------------------------------------------
Performs final model parameters optimization
Estimate model parameters (epsilon = 0.010)
1. Initial log-likelihood: -3674.499
Optimal log-likelihood: -3674.499
Parameters optimization took 1 rounds (0.002 sec)
BEST SCORE FOUND : -3674.499
Total tree length: 2.561

Total number of iterations: 102
CPU time used for tree search: 2.111 sec (0h:0m:2s)
Wall-clock time used for tree search: 2.114 sec (0h:0m:2s)
Total CPU time used: 2.143 sec (0h:0m:2s)
Total wall-clock time used: 2.147 sec (0h:0m:2s)

Analysis results written to: 
  IQ-TREE report:                /scratch/ga42vor/simulating_quartets/accuracy_comparision/training2_24/training2_24.fasta.iqtree
  Maximum-likelihood tree:       /scratch/ga42vor/simulating_quartets/accuracy_comparision/training2_24/training2_24.fasta.treefile
  Likelihood distances:          /scratch/ga42vor/simulating_quartets/accuracy_comparision/training2_24/training2_24.fasta.mldist
  Screen log file:               /scratch/ga42vor/simulating_quartets/accuracy_comparision/training2_24/training2_24.fasta.log

Date and Time: Thu May 28 17:05:54 2020
