IQ-TREE multicore version 2.0.5 for Linux 64-bit built May 15 2020
Developed by Bui Quang Minh, Nguyen Lam Tung, Olga Chernomor,
Heiko Schmidt, Dominik Schrempf, Michael Woodhams.

Host:    cip2ryzen1.cip.ph.tum.de (AVX2, FMA3, 15 GB RAM)
Command: ../iqtree-2.0.5-Linux/bin/iqtree2 -s /scratch/ga42vor/simulating_quartets/accuracy_comparision/training3_nohet_46/training3_nohet_46.fasta -redo -m WAG
Seed:    117133 (Using SPRNG - Scalable Parallel Random Number Generator)
Time:    Thu May 28 17:13:35 2020
Kernel:  AVX+FMA - 1 threads (16 CPU cores detected)

HINT: Use -nt option to specify number of threads because your CPU has 16 cores!
HINT: -nt AUTO will automatically determine the best number of threads to use.

Reading alignment file /scratch/ga42vor/simulating_quartets/accuracy_comparision/training3_nohet_46/training3_nohet_46.fasta ... Fasta format detected
Alignment most likely contains protein sequences
Alignment has 20 sequences with 200 columns, 165 distinct patterns
134 parsimony-informative, 13 singleton sites, 53 constant sites
         Gap/Ambiguity  Composition  p-value
   1  taxon0     0.00%    passed     93.22%
   2  taxon1     0.00%    passed     99.46%
   3  taxon2     0.00%    passed     99.86%
   4  taxon3     0.00%    passed     99.86%
   5  taxon4     0.00%    passed     99.14%
   6  taxon5     0.00%    passed     95.05%
   7  taxon6     0.00%    passed     88.99%
   8  taxon7     0.00%    passed     99.70%
   9  taxon8     0.00%    passed     98.35%
  10  taxon9     0.00%    passed     99.99%
  11  taxon10    0.00%    passed     91.28%
  12  taxon11    0.00%    passed     99.99%
  13  taxon12    0.00%    passed     99.55%
  14  taxon13    0.00%    passed     99.52%
  15  taxon14    0.00%    passed     99.84%
  16  taxon15    0.00%    passed     99.96%
  17  taxon16    0.00%    passed     99.91%
  18  taxon17    0.00%    passed     99.35%
  19  taxon18    0.00%    passed     99.82%
  20  taxon19    0.00%    passed     99.24%
****  TOTAL      0.00%  0 sequences failed composition chi2 test (p-value<5%; df=19)

Create initial parsimony tree by phylogenetic likelihood library (PLL)... 0.001 seconds

NOTE: 0 MB RAM (0 GB) is required!
Estimate model parameters (epsilon = 0.100)
1. Initial log-likelihood: -4335.812
Optimal log-likelihood: -4322.398
Parameters optimization took 1 rounds (0.006 sec)
Computing ML distances based on estimated model parameters... 0.009 sec
Computing BIONJ tree...
0.000 seconds
Log-likelihood of BIONJ tree: -4315.139
--------------------------------------------------------------------
|             INITIALIZING CANDIDATE TREE SET                      |
--------------------------------------------------------------------
Generating 98 parsimony trees... 0.162 second
Computing log-likelihood of 98 initial trees ... 0.171 seconds
Current best score: -4309.049

Do NNI search on 20 best initial trees
Estimate model parameters (epsilon = 0.100)
BETTER TREE FOUND at iteration 1: -4308.886
Estimate model parameters (epsilon = 0.100)
BETTER TREE FOUND at iteration 2: -4308.727
Iteration 10 / LogL: -4308.896 / Time: 0h:0m:0s
Iteration 20 / LogL: -4335.062 / Time: 0h:0m:0s
Finish initializing candidate tree set (6)
Current best tree score: -4308.727 / CPU time: 0.680
Number of iterations: 20
--------------------------------------------------------------------
|               OPTIMIZING CANDIDATE TREE SET                      |
--------------------------------------------------------------------
Iteration 30 / LogL: -4335.124 / Time: 0h:0m:0s (0h:0m:2s left)
Iteration 40 / LogL: -4308.731 / Time: 0h:0m:1s (0h:0m:1s left)
Iteration 50 / LogL: -4311.436 / Time: 0h:0m:1s (0h:0m:1s left)
Iteration 60 / LogL: -4308.742 / Time: 0h:0m:1s (0h:0m:1s left)
UPDATE BEST LOG-LIKELIHOOD: -4308.727
Iteration 70 / LogL: -4308.890 / Time: 0h:0m:1s (0h:0m:0s left)
Iteration 80 / LogL: -4308.730 / Time: 0h:0m:2s (0h:0m:0s left)
Iteration 90 / LogL: -4308.957 / Time: 0h:0m:2s (0h:0m:0s left)
Iteration 100 / LogL: -4308.735 / Time: 0h:0m:2s (0h:0m:0s left)
TREE SEARCH COMPLETED AFTER 103 ITERATIONS / Time: 0h:0m:2s

--------------------------------------------------------------------
|                    FINALIZING TREE SEARCH                        |
--------------------------------------------------------------------
Performs final model parameters optimization
Estimate model parameters (epsilon = 0.010)
1. Initial log-likelihood: -4308.727
Optimal log-likelihood: -4308.727
Parameters optimization took 1 rounds (0.003 sec)
BEST SCORE FOUND : -4308.727
Total tree length: 3.353

Total number of iterations: 103
CPU time used for tree search: 2.737 sec (0h:0m:2s)
Wall-clock time used for tree search: 2.738 sec (0h:0m:2s)
Total CPU time used: 2.774 sec (0h:0m:2s)
Total wall-clock time used: 2.775 sec (0h:0m:2s)

Analysis results written to: 
  IQ-TREE report:                /scratch/ga42vor/simulating_quartets/accuracy_comparision/training3_nohet_46/training3_nohet_46.fasta.iqtree
  Maximum-likelihood tree:       /scratch/ga42vor/simulating_quartets/accuracy_comparision/training3_nohet_46/training3_nohet_46.fasta.treefile
  Likelihood distances:          /scratch/ga42vor/simulating_quartets/accuracy_comparision/training3_nohet_46/training3_nohet_46.fasta.mldist
  Screen log file:               /scratch/ga42vor/simulating_quartets/accuracy_comparision/training3_nohet_46/training3_nohet_46.fasta.log

Date and Time: Thu May 28 17:13:37 2020
