IQ-TREE multicore version 2.0.5 for Linux 64-bit built May 15 2020
Developed by Bui Quang Minh, Nguyen Lam Tung, Olga Chernomor,
Heiko Schmidt, Dominik Schrempf, Michael Woodhams.

Host:    cip2ryzen1.cip.ph.tum.de (AVX2, FMA3, 15 GB RAM)
Command: ../iqtree-2.0.5-Linux/bin/iqtree2 -s /scratch/ga42vor/simulating_quartets/accuracy_comparision/training3_17/training3_17.fasta -m WAG -redo
Seed:    636533 (Using SPRNG - Scalable Parallel Random Number Generator)
Time:    Wed May 27 23:03:26 2020
Kernel:  AVX+FMA - 1 threads (16 CPU cores detected)

HINT: Use -nt option to specify number of threads because your CPU has 16 cores!
HINT: -nt AUTO will automatically determine the best number of threads to use.

Reading alignment file /scratch/ga42vor/simulating_quartets/accuracy_comparision/training3_17/training3_17.fasta ... Fasta format detected
Alignment most likely contains protein sequences
Alignment has 20 sequences with 200 columns, 137 distinct patterns
102 parsimony-informative, 21 singleton sites, 77 constant sites
         Gap/Ambiguity  Composition  p-value
   1  taxon0     0.00%    passed     99.99%
   2  taxon1     0.00%    passed     99.18%
   3  taxon2     0.00%    passed    100.00%
   4  taxon3     0.00%    passed    100.00%
   5  taxon4     0.00%    passed     96.57%
   6  taxon5     0.00%    passed     94.69%
   7  taxon6     0.00%    passed     99.97%
   8  taxon7     0.00%    passed     95.17%
   9  taxon8     0.00%    passed     97.57%
  10  taxon9     0.00%    passed     99.97%
  11  taxon10    0.00%    passed     99.98%
  12  taxon11    0.00%    passed     99.96%
  13  taxon12    0.00%    passed     99.10%
  14  taxon13    0.00%    passed     99.97%
  15  taxon14    0.00%    passed     99.51%
  16  taxon15    0.00%    passed     76.99%
  17  taxon16    0.00%    passed     98.78%
  18  taxon17    0.00%    passed     99.81%
  19  taxon18    0.00%    passed     98.11%
  20  taxon19    0.00%    passed     98.33%
****  TOTAL      0.00%  0 sequences failed composition chi2 test (p-value<5%; df=19)

Create initial parsimony tree by phylogenetic likelihood library (PLL)... 0.001 seconds

NOTE: 0 MB RAM (0 GB) is required!
Estimate model parameters (epsilon = 0.100)
1. Initial log-likelihood: -3169.214
Optimal log-likelihood: -3165.159
Parameters optimization took 1 rounds (0.006 sec)
Computing ML distances based on estimated model parameters... 0.009 sec
Computing BIONJ tree...
0.000 seconds
Log-likelihood of BIONJ tree: -3165.159
--------------------------------------------------------------------
|             INITIALIZING CANDIDATE TREE SET                      |
--------------------------------------------------------------------
Generating 99 parsimony trees... 0.116 second
Computing log-likelihood of 99 initial trees ... 0.162 seconds
Current best score: -3165.159

Do NNI search on 20 best initial trees
Estimate model parameters (epsilon = 0.100)
BETTER TREE FOUND at iteration 1: -3165.159
Iteration 10 / LogL: -3165.167 / Time: 0h:0m:0s
Iteration 20 / LogL: -3165.207 / Time: 0h:0m:0s
Finish initializing candidate tree set (1)
Current best tree score: -3165.159 / CPU time: 0.570
Number of iterations: 20
--------------------------------------------------------------------
|               OPTIMIZING CANDIDATE TREE SET                      |
--------------------------------------------------------------------
Iteration 30 / LogL: -3165.194 / Time: 0h:0m:0s (0h:0m:2s left)
Iteration 40 / LogL: -3165.162 / Time: 0h:0m:1s (0h:0m:1s left)
Iteration 50 / LogL: -3165.183 / Time: 0h:0m:1s (0h:0m:1s left)
Iteration 60 / LogL: -3165.162 / Time: 0h:0m:1s (0h:0m:0s left)
Iteration 70 / LogL: -3165.167 / Time: 0h:0m:1s (0h:0m:0s left)
Iteration 80 / LogL: -3165.181 / Time: 0h:0m:1s (0h:0m:0s left)
Iteration 90 / LogL: -3165.171 / Time: 0h:0m:2s (0h:0m:0s left)
Iteration 100 / LogL: -3165.317 / Time: 0h:0m:2s (0h:0m:0s left)
TREE SEARCH COMPLETED AFTER 102 ITERATIONS / Time: 0h:0m:2s

--------------------------------------------------------------------
|                    FINALIZING TREE SEARCH                        |
--------------------------------------------------------------------
Performs final model parameters optimization
Estimate model parameters (epsilon = 0.010)
1. Initial log-likelihood: -3165.159
Optimal log-likelihood: -3165.159
Parameters optimization took 1 rounds (0.002 sec)
BEST SCORE FOUND : -3165.159
Total tree length: 2.130

Total number of iterations: 102
CPU time used for tree search: 2.170 sec (0h:0m:2s)
Wall-clock time used for tree search: 2.170 sec (0h:0m:2s)
Total CPU time used: 2.203 sec (0h:0m:2s)
Total wall-clock time used: 2.206 sec (0h:0m:2s)

Analysis results written to: 
  IQ-TREE report:                /scratch/ga42vor/simulating_quartets/accuracy_comparision/training3_17/training3_17.fasta.iqtree
  Maximum-likelihood tree:       /scratch/ga42vor/simulating_quartets/accuracy_comparision/training3_17/training3_17.fasta.treefile
  Likelihood distances:          /scratch/ga42vor/simulating_quartets/accuracy_comparision/training3_17/training3_17.fasta.mldist
  Screen log file:               /scratch/ga42vor/simulating_quartets/accuracy_comparision/training3_17/training3_17.fasta.log

Date and Time: Wed May 27 23:03:28 2020
