IQ-TREE multicore version 2.0.5 for Linux 64-bit built May 15 2020
Developed by Bui Quang Minh, Nguyen Lam Tung, Olga Chernomor,
Heiko Schmidt, Dominik Schrempf, Michael Woodhams.

Host:    cip2ryzen1.cip.ph.tum.de (AVX2, FMA3, 15 GB RAM)
Command: ../iqtree-2.0.5-Linux/bin/iqtree2 -s /scratch/ga42vor/simulating_quartets/accuracy_comparision/training1_42/training1_42.fasta -m WAG -redo
Seed:    105531 (Using SPRNG - Scalable Parallel Random Number Generator)
Time:    Wed May 27 23:02:22 2020
Kernel:  AVX+FMA - 1 threads (16 CPU cores detected)

HINT: Use -nt option to specify number of threads because your CPU has 16 cores!
HINT: -nt AUTO will automatically determine the best number of threads to use.

Reading alignment file /scratch/ga42vor/simulating_quartets/accuracy_comparision/training1_42/training1_42.fasta ... Fasta format detected
Alignment most likely contains protein sequences
Alignment has 20 sequences with 200 columns, 198 distinct patterns
172 parsimony-informative, 23 singleton sites, 5 constant sites
         Gap/Ambiguity  Composition  p-value
   1  taxon0     0.00%    passed     45.83%
   2  taxon1     0.00%    passed     82.72%
   3  taxon2     0.00%    passed     97.73%
   4  taxon3     0.00%    passed     98.00%
   5  taxon4     0.00%    passed     68.21%
   6  taxon5     0.00%    passed     88.05%
   7  taxon6     0.00%    passed     71.71%
   8  taxon7     0.00%    passed     57.71%
   9  taxon8     0.00%    passed     33.46%
  10  taxon9     0.00%    passed     98.24%
  11  taxon10    0.00%    passed     92.67%
  12  taxon11    0.00%    passed     99.96%
  13  taxon12    0.00%    passed     85.79%
  14  taxon13    0.00%    passed     36.11%
  15  taxon14    0.00%    passed     99.29%
  16  taxon15    0.00%    failed      3.17%
  17  taxon16    0.00%    passed     12.19%
  18  taxon17    0.00%    passed     94.45%
  19  taxon18    0.00%    passed     11.96%
  20  taxon19    0.00%    passed     47.48%
****  TOTAL      0.00%  1 sequences failed composition chi2 test (p-value<5%; df=19)

Create initial parsimony tree by phylogenetic likelihood library (PLL)... 0.001 seconds

NOTE: 0 MB RAM (0 GB) is required!
Estimate model parameters (epsilon = 0.100)
1. Initial log-likelihood: -7672.106
Optimal log-likelihood: -7654.869
Parameters optimization took 1 rounds (0.007 sec)
Computing ML distances based on estimated model parameters... 0.012 sec
Computing BIONJ tree...
0.000 seconds
Log-likelihood of BIONJ tree: -7654.486
--------------------------------------------------------------------
|             INITIALIZING CANDIDATE TREE SET                      |
--------------------------------------------------------------------
Generating 98 parsimony trees... 0.154 second
Computing log-likelihood of 98 initial trees ... 0.207 seconds
Current best score: -7654.486

Do NNI search on 20 best initial trees
Estimate model parameters (epsilon = 0.100)
BETTER TREE FOUND at iteration 1: -7654.486
Iteration 10 / LogL: -7654.564 / Time: 0h:0m:0s
Iteration 20 / LogL: -7654.496 / Time: 0h:0m:0s
Finish initializing candidate tree set (2)
Current best tree score: -7654.486 / CPU time: 0.769
Number of iterations: 20
--------------------------------------------------------------------
|               OPTIMIZING CANDIDATE TREE SET                      |
--------------------------------------------------------------------
UPDATE BEST LOG-LIKELIHOOD: -7654.478
Iteration 30 / LogL: -7654.840 / Time: 0h:0m:1s (0h:0m:2s left)
Estimate model parameters (epsilon = 0.100)
UPDATE BEST LOG-LIKELIHOOD: -7654.465
Iteration 40 / LogL: -7664.928 / Time: 0h:0m:1s (0h:0m:2s left)
Iteration 50 / LogL: -7655.002 / Time: 0h:0m:1s (0h:0m:1s left)
Iteration 60 / LogL: -7654.653 / Time: 0h:0m:1s (0h:0m:1s left)
Iteration 70 / LogL: -7654.497 / Time: 0h:0m:2s (0h:0m:0s left)
Iteration 80 / LogL: -7655.785 / Time: 0h:0m:2s (0h:0m:0s left)
Iteration 90 / LogL: -7654.488 / Time: 0h:0m:2s (0h:0m:0s left)
Iteration 100 / LogL: -7654.486 / Time: 0h:0m:3s (0h:0m:0s left)
TREE SEARCH COMPLETED AFTER 102 ITERATIONS / Time: 0h:0m:3s

--------------------------------------------------------------------
|                    FINALIZING TREE SEARCH                        |
--------------------------------------------------------------------
Performs final model parameters optimization
Estimate model parameters (epsilon = 0.010)
1. Initial log-likelihood: -7654.465
Optimal log-likelihood: -7654.465
Parameters optimization took 1 rounds (0.003 sec)
BEST SCORE FOUND : -7654.465
Total tree length: 8.158

Total number of iterations: 102
CPU time used for tree search: 3.063 sec (0h:0m:3s)
Wall-clock time used for tree search: 3.064 sec (0h:0m:3s)
Total CPU time used: 3.100 sec (0h:0m:3s)
Total wall-clock time used: 3.102 sec (0h:0m:3s)

Analysis results written to: 
  IQ-TREE report:                /scratch/ga42vor/simulating_quartets/accuracy_comparision/training1_42/training1_42.fasta.iqtree
  Maximum-likelihood tree:       /scratch/ga42vor/simulating_quartets/accuracy_comparision/training1_42/training1_42.fasta.treefile
  Likelihood distances:          /scratch/ga42vor/simulating_quartets/accuracy_comparision/training1_42/training1_42.fasta.mldist
  Screen log file:               /scratch/ga42vor/simulating_quartets/accuracy_comparision/training1_42/training1_42.fasta.log

Date and Time: Wed May 27 23:02:25 2020
