IQ-TREE multicore version 2.0.5 for Linux 64-bit built May 15 2020
Developed by Bui Quang Minh, Nguyen Lam Tung, Olga Chernomor,
Heiko Schmidt, Dominik Schrempf, Michael Woodhams.

Host:    cip2ryzen1.cip.ph.tum.de (AVX2, FMA3, 15 GB RAM)
Command: ../iqtree-2.0.5-Linux/bin/iqtree2 -s /scratch/ga42vor/simulating_quartets/accuracy_comparision/training1_43/training1_43.fasta -m WAG -redo
Seed:    385316 (Using SPRNG - Scalable Parallel Random Number Generator)
Time:    Wed May 27 23:02:25 2020
Kernel:  AVX+FMA - 1 threads (16 CPU cores detected)

HINT: Use -nt option to specify number of threads because your CPU has 16 cores!
HINT: -nt AUTO will automatically determine the best number of threads to use.

Reading alignment file /scratch/ga42vor/simulating_quartets/accuracy_comparision/training1_43/training1_43.fasta ... Fasta format detected
Alignment most likely contains protein sequences
Alignment has 20 sequences with 200 columns, 120 distinct patterns
86 parsimony-informative, 15 singleton sites, 99 constant sites
         Gap/Ambiguity  Composition  p-value
   1  taxon0     0.00%    passed     99.88%
   2  taxon1     0.00%    passed     98.40%
   3  taxon2     0.00%    passed     95.94%
   4  taxon3     0.00%    passed     75.83%
   5  taxon4     0.00%    passed     91.24%
   6  taxon5     0.00%    passed     83.69%
   7  taxon6     0.00%    passed     99.99%
   8  taxon7     0.00%    passed     99.99%
   9  taxon8     0.00%    passed     99.99%
  10  taxon9     0.00%    passed     99.95%
  11  taxon10    0.00%    passed     31.62%
  12  taxon11    0.00%    passed     72.28%
  13  taxon12    0.00%    passed     99.84%
  14  taxon13    0.00%    passed     99.98%
  15  taxon14    0.00%    passed     99.88%
  16  taxon15    0.00%    passed     99.67%
  17  taxon16    0.00%    passed     96.19%
  18  taxon17    0.00%    passed     97.96%
  19  taxon18    0.00%    passed     98.48%
  20  taxon19    0.00%    passed     99.87%
****  TOTAL      0.00%  0 sequences failed composition chi2 test (p-value<5%; df=19)

Create initial parsimony tree by phylogenetic likelihood library (PLL)... 0.001 seconds

NOTE: 0 MB RAM (0 GB) is required!
Estimate model parameters (epsilon = 0.100)
1. Initial log-likelihood: -2828.794
Optimal log-likelihood: -2824.135
Parameters optimization took 1 rounds (0.005 sec)
Computing ML distances based on estimated model parameters... 0.010 sec
Computing BIONJ tree...
0.000 seconds
Log-likelihood of BIONJ tree: -2834.811
--------------------------------------------------------------------
|             INITIALIZING CANDIDATE TREE SET                      |
--------------------------------------------------------------------
Generating 98 parsimony trees... 0.113 second
Computing log-likelihood of 98 initial trees ... 0.140 seconds
Current best score: -2824.135

Do NNI search on 20 best initial trees
Estimate model parameters (epsilon = 0.100)
BETTER TREE FOUND at iteration 1: -2824.135
Iteration 10 / LogL: -2824.229 / Time: 0h:0m:0s
Iteration 20 / LogL: -2827.380 / Time: 0h:0m:0s
Finish initializing candidate tree set (3)
Current best tree score: -2824.135 / CPU time: 0.526
Number of iterations: 20
--------------------------------------------------------------------
|               OPTIMIZING CANDIDATE TREE SET                      |
--------------------------------------------------------------------
Iteration 30 / LogL: -2870.252 / Time: 0h:0m:0s (0h:0m:1s left)
Iteration 40 / LogL: -2836.492 / Time: 0h:0m:0s (0h:0m:1s left)
Iteration 50 / LogL: -2824.231 / Time: 0h:0m:1s (0h:0m:1s left)
Iteration 60 / LogL: -2824.140 / Time: 0h:0m:1s (0h:0m:0s left)
Iteration 70 / LogL: -2824.182 / Time: 0h:0m:1s (0h:0m:0s left)
Iteration 80 / LogL: -2829.438 / Time: 0h:0m:1s (0h:0m:0s left)
Iteration 90 / LogL: -2824.160 / Time: 0h:0m:1s (0h:0m:0s left)
Iteration 100 / LogL: -2824.353 / Time: 0h:0m:1s (0h:0m:0s left)
TREE SEARCH COMPLETED AFTER 102 ITERATIONS / Time: 0h:0m:2s

--------------------------------------------------------------------
|                    FINALIZING TREE SEARCH                        |
--------------------------------------------------------------------
Performs final model parameters optimization
Estimate model parameters (epsilon = 0.010)
1. Initial log-likelihood: -2824.135
Optimal log-likelihood: -2824.135
Parameters optimization took 1 rounds (0.002 sec)
BEST SCORE FOUND : -2824.135
Total tree length: 1.790

Total number of iterations: 102
CPU time used for tree search: 2.014 sec (0h:0m:2s)
Wall-clock time used for tree search: 2.014 sec (0h:0m:2s)
Total CPU time used: 2.045 sec (0h:0m:2s)
Total wall-clock time used: 2.046 sec (0h:0m:2s)

Analysis results written to: 
  IQ-TREE report:                /scratch/ga42vor/simulating_quartets/accuracy_comparision/training1_43/training1_43.fasta.iqtree
  Maximum-likelihood tree:       /scratch/ga42vor/simulating_quartets/accuracy_comparision/training1_43/training1_43.fasta.treefile
  Likelihood distances:          /scratch/ga42vor/simulating_quartets/accuracy_comparision/training1_43/training1_43.fasta.mldist
  Screen log file:               /scratch/ga42vor/simulating_quartets/accuracy_comparision/training1_43/training1_43.fasta.log

Date and Time: Wed May 27 23:02:27 2020
