IQ-TREE multicore version 2.0.5 for Linux 64-bit built May 15 2020
Developed by Bui Quang Minh, Nguyen Lam Tung, Olga Chernomor,
Heiko Schmidt, Dominik Schrempf, Michael Woodhams.

Host:    cip2ryzen1.cip.ph.tum.de (AVX2, FMA3, 15 GB RAM)
Command: ../iqtree-2.0.5-Linux/bin/iqtree2 -s /scratch/ga42vor/simulating_quartets/accuracy_comparision/training2_nohet_14/training2_nohet_14.fasta -redo -m WAG
Seed:    210844 (Using SPRNG - Scalable Parallel Random Number Generator)
Time:    Thu May 28 17:10:51 2020
Kernel:  AVX+FMA - 1 threads (16 CPU cores detected)

HINT: Use -nt option to specify number of threads because your CPU has 16 cores!
HINT: -nt AUTO will automatically determine the best number of threads to use.

Reading alignment file /scratch/ga42vor/simulating_quartets/accuracy_comparision/training2_nohet_14/training2_nohet_14.fasta ... Fasta format detected
Alignment most likely contains protein sequences
Alignment has 20 sequences with 200 columns, 153 distinct patterns
122 parsimony-informative, 17 singleton sites, 61 constant sites
         Gap/Ambiguity  Composition  p-value
   1  taxon0     0.00%    passed     82.46%
   2  taxon1     0.00%    passed     99.91%
   3  taxon2     0.00%    passed     99.99%
   4  taxon3     0.00%    passed     99.98%
   5  taxon4     0.00%    passed     99.98%
   6  taxon5     0.00%    passed     97.89%
   7  taxon6     0.00%    passed     99.91%
   8  taxon7     0.00%    passed     99.99%
   9  taxon8     0.00%    passed     99.93%
  10  taxon9     0.00%    passed     99.97%
  11  taxon10    0.00%    passed     99.93%
  12  taxon11    0.00%    passed     99.62%
  13  taxon12    0.00%    passed     99.64%
  14  taxon13    0.00%    passed    100.00%
  15  taxon14    0.00%    passed     99.94%
  16  taxon15    0.00%    passed     98.75%
  17  taxon16    0.00%    passed     88.51%
  18  taxon17    0.00%    passed     96.41%
  19  taxon18    0.00%    passed     99.50%
  20  taxon19    0.00%    passed     99.92%
****  TOTAL      0.00%  0 sequences failed composition chi2 test (p-value<5%; df=19)

Create initial parsimony tree by phylogenetic likelihood library (PLL)... 0.002 seconds

NOTE: 0 MB RAM (0 GB) is required!
Estimate model parameters (epsilon = 0.100)
1. Initial log-likelihood: -3235.757
Optimal log-likelihood: -3226.959
Parameters optimization took 1 rounds (0.006 sec)
Computing ML distances based on estimated model parameters... 0.010 sec
Computing BIONJ tree...
0.000 seconds
Log-likelihood of BIONJ tree: -3230.034
--------------------------------------------------------------------
|             INITIALIZING CANDIDATE TREE SET                      |
--------------------------------------------------------------------
Generating 98 parsimony trees... 0.164 second
Computing log-likelihood of 98 initial trees ... 0.168 seconds
Current best score: -3226.397

Do NNI search on 20 best initial trees
Estimate model parameters (epsilon = 0.100)
BETTER TREE FOUND at iteration 1: -3226.297
Estimate model parameters (epsilon = 0.100)
BETTER TREE FOUND at iteration 5: -3226.269
Iteration 10 / LogL: -3226.826 / Time: 0h:0m:0s
Iteration 20 / LogL: -3226.448 / Time: 0h:0m:0s
Finish initializing candidate tree set (9)
Current best tree score: -3226.269 / CPU time: 0.623
Number of iterations: 20
--------------------------------------------------------------------
|               OPTIMIZING CANDIDATE TREE SET                      |
--------------------------------------------------------------------
Iteration 30 / LogL: -3226.278 / Time: 0h:0m:0s (0h:0m:2s left)
Estimate model parameters (epsilon = 0.100)
BETTER TREE FOUND at iteration 40: -3225.774
Iteration 40 / LogL: -3225.774 / Time: 0h:0m:1s (0h:0m:2s left)
Estimate model parameters (epsilon = 0.100)
BETTER TREE FOUND at iteration 45: -3225.692
Iteration 50 / LogL: -3225.777 / Time: 0h:0m:1s (0h:0m:2s left)
Iteration 60 / LogL: -3226.326 / Time: 0h:0m:1s (0h:0m:2s left)
Iteration 70 / LogL: -3225.798 / Time: 0h:0m:1s (0h:0m:2s left)
Iteration 80 / LogL: -3226.625 / Time: 0h:0m:2s (0h:0m:1s left)
Iteration 90 / LogL: -3225.693 / Time: 0h:0m:2s (0h:0m:1s left)
Iteration 100 / LogL: -3226.330 / Time: 0h:0m:2s (0h:0m:1s left)
Iteration 110 / LogL: -3226.454 / Time: 0h:0m:2s (0h:0m:0s left)
Iteration 120 / LogL: -3225.777 / Time: 0h:0m:3s (0h:0m:0s left)
Iteration 130 / LogL: -3226.652 / Time: 0h:0m:3s (0h:0m:0s left)
Iteration 140 / LogL: -3226.298 / Time: 0h:0m:3s (0h:0m:0s left)
TREE SEARCH COMPLETED AFTER 146 ITERATIONS / Time: 0h:0m:3s

--------------------------------------------------------------------
|                    FINALIZING TREE SEARCH                        |
--------------------------------------------------------------------
Performs final model parameters optimization
Estimate model parameters (epsilon = 0.010)
1. Initial log-likelihood: -3225.692
Optimal log-likelihood: -3225.692
Parameters optimization took 1 rounds (0.002 sec)
BEST SCORE FOUND : -3225.692
Total tree length: 2.153

Total number of iterations: 146
CPU time used for tree search: 3.652 sec (0h:0m:3s)
Wall-clock time used for tree search: 3.653 sec (0h:0m:3s)
Total CPU time used: 3.689 sec (0h:0m:3s)
Total wall-clock time used: 3.690 sec (0h:0m:3s)

Analysis results written to: 
  IQ-TREE report:                /scratch/ga42vor/simulating_quartets/accuracy_comparision/training2_nohet_14/training2_nohet_14.fasta.iqtree
  Maximum-likelihood tree:       /scratch/ga42vor/simulating_quartets/accuracy_comparision/training2_nohet_14/training2_nohet_14.fasta.treefile
  Likelihood distances:          /scratch/ga42vor/simulating_quartets/accuracy_comparision/training2_nohet_14/training2_nohet_14.fasta.mldist
  Screen log file:               /scratch/ga42vor/simulating_quartets/accuracy_comparision/training2_nohet_14/training2_nohet_14.fasta.log

Date and Time: Thu May 28 17:10:54 2020
