IQ-TREE multicore version 2.0.5 for Linux 64-bit built May 15 2020
Developed by Bui Quang Minh, Nguyen Lam Tung, Olga Chernomor,
Heiko Schmidt, Dominik Schrempf, Michael Woodhams.

Host:    cip2ryzen1.cip.ph.tum.de (AVX2, FMA3, 15 GB RAM)
Command: ../iqtree-2.0.5-Linux/bin/iqtree2 -s /scratch/ga42vor/simulating_quartets/accuracy_comparision/training1_0/training1_0.fasta -redo -m WAG
Seed:    394112 (Using SPRNG - Scalable Parallel Random Number Generator)
Time:    Thu May 28 17:02:59 2020
Kernel:  AVX+FMA - 1 threads (16 CPU cores detected)

HINT: Use -nt option to specify number of threads because your CPU has 16 cores!
HINT: -nt AUTO will automatically determine the best number of threads to use.

Reading alignment file /scratch/ga42vor/simulating_quartets/accuracy_comparision/training1_0/training1_0.fasta ... Fasta format detected
Alignment most likely contains protein sequences
Alignment has 20 sequences with 200 columns, 130 distinct patterns
88 parsimony-informative, 23 singleton sites, 89 constant sites
         Gap/Ambiguity  Composition  p-value
   1  taxon0     0.00%    passed     99.97%
   2  taxon1     0.00%    passed     99.82%
   3  taxon2     0.00%    passed     99.86%
   4  taxon3     0.00%    passed    100.00%
   5  taxon4     0.00%    passed     99.92%
   6  taxon5     0.00%    passed     99.05%
   7  taxon6     0.00%    passed     95.51%
   8  taxon7     0.00%    passed     99.94%
   9  taxon8     0.00%    passed     99.37%
  10  taxon9     0.00%    passed     99.69%
  11  taxon10    0.00%    passed     99.90%
  12  taxon11    0.00%    passed     99.97%
  13  taxon12    0.00%    passed     99.95%
  14  taxon13    0.00%    passed     99.16%
  15  taxon14    0.00%    passed     96.26%
  16  taxon15    0.00%    passed     99.45%
  17  taxon16    0.00%    passed     94.24%
  18  taxon17    0.00%    passed     81.05%
  19  taxon18    0.00%    passed     99.04%
  20  taxon19    0.00%    passed     89.40%
****  TOTAL      0.00%  0 sequences failed composition chi2 test (p-value<5%; df=19)

Create initial parsimony tree by phylogenetic likelihood library (PLL)... 0.001 seconds

NOTE: 0 MB RAM (0 GB) is required!
Estimate model parameters (epsilon = 0.100)
1. Initial log-likelihood: -3338.920
Optimal log-likelihood: -3335.048
Parameters optimization took 1 rounds (0.004 sec)
Computing ML distances based on estimated model parameters... 0.008 sec
Computing BIONJ tree...
0.000 seconds
Log-likelihood of BIONJ tree: -3335.048
--------------------------------------------------------------------
|             INITIALIZING CANDIDATE TREE SET                      |
--------------------------------------------------------------------
Generating 99 parsimony trees... 0.097 second
Computing log-likelihood of 99 initial trees ... 0.149 seconds
Current best score: -3335.048

Do NNI search on 20 best initial trees
Estimate model parameters (epsilon = 0.100)
BETTER TREE FOUND at iteration 1: -3335.048
Iteration 10 / LogL: -3335.073 / Time: 0h:0m:0s
Iteration 20 / LogL: -3335.066 / Time: 0h:0m:0s
Finish initializing candidate tree set (1)
Current best tree score: -3335.048 / CPU time: 0.559
Number of iterations: 20
--------------------------------------------------------------------
|               OPTIMIZING CANDIDATE TREE SET                      |
--------------------------------------------------------------------
Iteration 30 / LogL: -3335.089 / Time: 0h:0m:0s (0h:0m:1s left)
Iteration 40 / LogL: -3335.109 / Time: 0h:0m:0s (0h:0m:1s left)
Iteration 50 / LogL: -3335.102 / Time: 0h:0m:1s (0h:0m:1s left)
Iteration 60 / LogL: -3335.064 / Time: 0h:0m:1s (0h:0m:0s left)
Iteration 70 / LogL: -3335.067 / Time: 0h:0m:1s (0h:0m:0s left)
Iteration 80 / LogL: -3335.097 / Time: 0h:0m:1s (0h:0m:0s left)
Iteration 90 / LogL: -3335.085 / Time: 0h:0m:1s (0h:0m:0s left)
Iteration 100 / LogL: -3335.062 / Time: 0h:0m:2s (0h:0m:0s left)
TREE SEARCH COMPLETED AFTER 102 ITERATIONS / Time: 0h:0m:2s

--------------------------------------------------------------------
|                    FINALIZING TREE SEARCH                        |
--------------------------------------------------------------------
Performs final model parameters optimization
Estimate model parameters (epsilon = 0.010)
1. Initial log-likelihood: -3335.048
Optimal log-likelihood: -3335.048
Parameters optimization took 1 rounds (0.002 sec)
BEST SCORE FOUND : -3335.048
Total tree length: 2.161

Total number of iterations: 102
CPU time used for tree search: 2.003 sec (0h:0m:2s)
Wall-clock time used for tree search: 2.004 sec (0h:0m:2s)
Total CPU time used: 2.038 sec (0h:0m:2s)
Total wall-clock time used: 2.040 sec (0h:0m:2s)

Analysis results written to: 
  IQ-TREE report:                /scratch/ga42vor/simulating_quartets/accuracy_comparision/training1_0/training1_0.fasta.iqtree
  Maximum-likelihood tree:       /scratch/ga42vor/simulating_quartets/accuracy_comparision/training1_0/training1_0.fasta.treefile
  Likelihood distances:          /scratch/ga42vor/simulating_quartets/accuracy_comparision/training1_0/training1_0.fasta.mldist
  Screen log file:               /scratch/ga42vor/simulating_quartets/accuracy_comparision/training1_0/training1_0.fasta.log

Date and Time: Thu May 28 17:03:01 2020
