IQ-TREE multicore version 2.0.5 for Linux 64-bit built May 15 2020
Developed by Bui Quang Minh, Nguyen Lam Tung, Olga Chernomor,
Heiko Schmidt, Dominik Schrempf, Michael Woodhams.

Host:    cip2ryzen1.cip.ph.tum.de (AVX2, FMA3, 15 GB RAM)
Command: ../iqtree-2.0.5-Linux/bin/iqtree2 -s /scratch/ga42vor/simulating_quartets/accuracy_comparision/training3_nohet_17/training3_nohet_17.fasta -redo -m WAG
Seed:    383644 (Using SPRNG - Scalable Parallel Random Number Generator)
Time:    Thu May 28 17:12:37 2020
Kernel:  AVX+FMA - 1 threads (16 CPU cores detected)

HINT: Use -nt option to specify number of threads because your CPU has 16 cores!
HINT: -nt AUTO will automatically determine the best number of threads to use.

Reading alignment file /scratch/ga42vor/simulating_quartets/accuracy_comparision/training3_nohet_17/training3_nohet_17.fasta ... Fasta format detected
Alignment most likely contains protein sequences
Alignment has 20 sequences with 200 columns, 148 distinct patterns
105 parsimony-informative, 25 singleton sites, 70 constant sites
         Gap/Ambiguity  Composition  p-value
   1  taxon0     0.00%    passed    100.00%
   2  taxon1     0.00%    passed    100.00%
   3  taxon2     0.00%    passed     99.99%
   4  taxon3     0.00%    passed     99.96%
   5  taxon4     0.00%    passed     99.99%
   6  taxon5     0.00%    passed    100.00%
   7  taxon6     0.00%    passed     98.35%
   8  taxon7     0.00%    passed     99.33%
   9  taxon8     0.00%    passed    100.00%
  10  taxon9     0.00%    passed    100.00%
  11  taxon10    0.00%    passed     99.97%
  12  taxon11    0.00%    passed    100.00%
  13  taxon12    0.00%    passed     99.97%
  14  taxon13    0.00%    passed     99.24%
  15  taxon14    0.00%    passed     99.75%
  16  taxon15    0.00%    passed     99.95%
  17  taxon16    0.00%    passed     89.54%
  18  taxon17    0.00%    passed     99.34%
  19  taxon18    0.00%    passed     94.71%
  20  taxon19    0.00%    passed     99.68%
****  TOTAL      0.00%  0 sequences failed composition chi2 test (p-value<5%; df=19)

Create initial parsimony tree by phylogenetic likelihood library (PLL)... 0.001 seconds

NOTE: 0 MB RAM (0 GB) is required!
Estimate model parameters (epsilon = 0.100)
1. Initial log-likelihood: -3104.339
Optimal log-likelihood: -3098.744
Parameters optimization took 1 rounds (0.004 sec)
Computing ML distances based on estimated model parameters... 0.007 sec
Computing BIONJ tree...
0.000 seconds
Log-likelihood of BIONJ tree: -3091.659
--------------------------------------------------------------------
|             INITIALIZING CANDIDATE TREE SET                      |
--------------------------------------------------------------------
Generating 98 parsimony trees... 0.146 second
Computing log-likelihood of 97 initial trees ... 0.157 seconds
Current best score: -3090.786

Do NNI search on 20 best initial trees
Estimate model parameters (epsilon = 0.100)
BETTER TREE FOUND at iteration 1: -3090.675
Estimate model parameters (epsilon = 0.100)
BETTER TREE FOUND at iteration 2: -3090.567
Estimate model parameters (epsilon = 0.100)
BETTER TREE FOUND at iteration 8: -3085.957
Iteration 10 / LogL: -3086.002 / Time: 0h:0m:0s
Iteration 20 / LogL: -3090.569 / Time: 0h:0m:0s
Finish initializing candidate tree set (5)
Current best tree score: -3085.957 / CPU time: 0.621
Number of iterations: 20
--------------------------------------------------------------------
|               OPTIMIZING CANDIDATE TREE SET                      |
--------------------------------------------------------------------
Iteration 30 / LogL: -3085.970 / Time: 0h:0m:0s (0h:0m:2s left)
Iteration 40 / LogL: -3085.962 / Time: 0h:0m:1s (0h:0m:1s left)
Iteration 50 / LogL: -3090.649 / Time: 0h:0m:1s (0h:0m:1s left)
Iteration 60 / LogL: -3085.959 / Time: 0h:0m:1s (0h:0m:1s left)
Iteration 70 / LogL: -3090.568 / Time: 0h:0m:1s (0h:0m:0s left)
Iteration 80 / LogL: -3090.692 / Time: 0h:0m:1s (0h:0m:0s left)
Iteration 90 / LogL: -3085.959 / Time: 0h:0m:2s (0h:0m:0s left)
Iteration 100 / LogL: -3090.575 / Time: 0h:0m:2s (0h:0m:0s left)
TREE SEARCH COMPLETED AFTER 109 ITERATIONS / Time: 0h:0m:2s

--------------------------------------------------------------------
|                    FINALIZING TREE SEARCH                        |
--------------------------------------------------------------------
Performs final model parameters optimization
Estimate model parameters (epsilon = 0.010)
1. Initial log-likelihood: -3085.957
Optimal log-likelihood: -3085.957
Parameters optimization took 1 rounds (0.003 sec)
BEST SCORE FOUND : -3085.957
Total tree length: 1.969

Total number of iterations: 109
CPU time used for tree search: 2.553 sec (0h:0m:2s)
Wall-clock time used for tree search: 2.554 sec (0h:0m:2s)
Total CPU time used: 2.580 sec (0h:0m:2s)
Total wall-clock time used: 2.581 sec (0h:0m:2s)

Analysis results written to: 
  IQ-TREE report:                /scratch/ga42vor/simulating_quartets/accuracy_comparision/training3_nohet_17/training3_nohet_17.fasta.iqtree
  Maximum-likelihood tree:       /scratch/ga42vor/simulating_quartets/accuracy_comparision/training3_nohet_17/training3_nohet_17.fasta.treefile
  Likelihood distances:          /scratch/ga42vor/simulating_quartets/accuracy_comparision/training3_nohet_17/training3_nohet_17.fasta.mldist
  Screen log file:               /scratch/ga42vor/simulating_quartets/accuracy_comparision/training3_nohet_17/training3_nohet_17.fasta.log

Date and Time: Thu May 28 17:12:39 2020
