IQ-TREE multicore version 2.0.5 for Linux 64-bit built May 15 2020
Developed by Bui Quang Minh, Nguyen Lam Tung, Olga Chernomor,
Heiko Schmidt, Dominik Schrempf, Michael Woodhams.

Host:    cip2ryzen1.cip.ph.tum.de (AVX2, FMA3, 15 GB RAM)
Command: ../iqtree-2.0.5-Linux/bin/iqtree2 -s /scratch/ga42vor/simulating_quartets/accuracy_comparision/t12/t12.fasta -m WAG -redo
Seed:    190670 (Using SPRNG - Scalable Parallel Random Number Generator)
Time:    Wed May 27 22:59:27 2020
Kernel:  AVX+FMA - 1 threads (16 CPU cores detected)

HINT: Use -nt option to specify number of threads because your CPU has 16 cores!
HINT: -nt AUTO will automatically determine the best number of threads to use.

Reading alignment file /scratch/ga42vor/simulating_quartets/accuracy_comparision/t12/t12.fasta ... Fasta format detected
Alignment most likely contains protein sequences
Alignment has 20 sequences with 200 columns, 132 distinct patterns
103 parsimony-informative, 9 singleton sites, 88 constant sites
         Gap/Ambiguity  Composition  p-value
   1  taxon0     0.00%    passed     99.97%
   2  taxon1     0.00%    passed     99.74%
   3  taxon2     0.00%    passed     97.57%
   4  taxon3     0.00%    passed     91.92%
   5  taxon4     0.00%    passed     99.37%
   6  taxon5     0.00%    passed     99.88%
   7  taxon6     0.00%    passed    100.00%
   8  taxon7     0.00%    passed     96.84%
   9  taxon8     0.00%    passed     98.79%
  10  taxon9     0.00%    passed     99.96%
  11  taxon10    0.00%    passed     99.59%
  12  taxon11    0.00%    passed     99.15%
  13  taxon12    0.00%    passed     96.64%
  14  taxon13    0.00%    passed     99.79%
  15  taxon14    0.00%    passed     87.04%
  16  taxon15    0.00%    passed     98.56%
  17  taxon16    0.00%    passed     99.88%
  18  taxon17    0.00%    passed    100.00%
  19  taxon18    0.00%    passed     98.56%
  20  taxon19    0.00%    passed     99.35%
****  TOTAL      0.00%  0 sequences failed composition chi2 test (p-value<5%; df=19)

Create initial parsimony tree by phylogenetic likelihood library (PLL)... 0.001 seconds

NOTE: 0 MB RAM (0 GB) is required!
Estimate model parameters (epsilon = 0.100)
1. Initial log-likelihood: -4405.042
Optimal log-likelihood: -4397.260
Parameters optimization took 1 rounds (0.006 sec)
Computing ML distances based on estimated model parameters... 0.008 sec
Computing BIONJ tree...
0.000 seconds
Log-likelihood of BIONJ tree: -4384.086
--------------------------------------------------------------------
|             INITIALIZING CANDIDATE TREE SET                      |
--------------------------------------------------------------------
Generating 98 parsimony trees... 0.102 second
Computing log-likelihood of 98 initial trees ... 0.148 seconds
Current best score: -4384.086

Do NNI search on 20 best initial trees
Estimate model parameters (epsilon = 0.100)
BETTER TREE FOUND at iteration 1: -4384.086
Iteration 10 / LogL: -4385.283 / Time: 0h:0m:0s
Iteration 20 / LogL: -4384.120 / Time: 0h:0m:0s
Finish initializing candidate tree set (2)
Current best tree score: -4384.086 / CPU time: 0.503
Number of iterations: 20
--------------------------------------------------------------------
|               OPTIMIZING CANDIDATE TREE SET                      |
--------------------------------------------------------------------
Iteration 30 / LogL: -4384.175 / Time: 0h:0m:0s (0h:0m:1s left)
Iteration 40 / LogL: -4384.116 / Time: 0h:0m:0s (0h:0m:1s left)
Iteration 50 / LogL: -4384.898 / Time: 0h:0m:1s (0h:0m:1s left)
Iteration 60 / LogL: -4384.182 / Time: 0h:0m:1s (0h:0m:0s left)
Iteration 70 / LogL: -4384.097 / Time: 0h:0m:1s (0h:0m:0s left)
Iteration 80 / LogL: -4384.140 / Time: 0h:0m:1s (0h:0m:0s left)
UPDATE BEST LOG-LIKELIHOOD: -4384.086
Iteration 90 / LogL: -4384.168 / Time: 0h:0m:1s (0h:0m:0s left)
Iteration 100 / LogL: -4384.100 / Time: 0h:0m:2s (0h:0m:0s left)
TREE SEARCH COMPLETED AFTER 102 ITERATIONS / Time: 0h:0m:2s

--------------------------------------------------------------------
|                    FINALIZING TREE SEARCH                        |
--------------------------------------------------------------------
Performs final model parameters optimization
Estimate model parameters (epsilon = 0.010)
1. Initial log-likelihood: -4384.086
Optimal log-likelihood: -4384.086
Parameters optimization took 1 rounds (0.002 sec)
BEST SCORE FOUND : -4384.086
Total tree length: 3.408

Total number of iterations: 102
CPU time used for tree search: 2.086 sec (0h:0m:2s)
Wall-clock time used for tree search: 2.087 sec (0h:0m:2s)
Total CPU time used: 2.123 sec (0h:0m:2s)
Total wall-clock time used: 2.124 sec (0h:0m:2s)

Analysis results written to: 
  IQ-TREE report:                /scratch/ga42vor/simulating_quartets/accuracy_comparision/t12/t12.fasta.iqtree
  Maximum-likelihood tree:       /scratch/ga42vor/simulating_quartets/accuracy_comparision/t12/t12.fasta.treefile
  Likelihood distances:          /scratch/ga42vor/simulating_quartets/accuracy_comparision/t12/t12.fasta.mldist
  Screen log file:               /scratch/ga42vor/simulating_quartets/accuracy_comparision/t12/t12.fasta.log

Date and Time: Wed May 27 22:59:29 2020
