IQ-TREE multicore version 2.0.5 for Linux 64-bit built May 15 2020
Developed by Bui Quang Minh, Nguyen Lam Tung, Olga Chernomor,
Heiko Schmidt, Dominik Schrempf, Michael Woodhams.

Host:    cip2ryzen1.cip.ph.tum.de (AVX2, FMA3, 15 GB RAM)
Command: ../iqtree-2.0.5-Linux/bin/iqtree2 -s /scratch/ga42vor/simulating_quartets/accuracy_comparision/t14/t14.fasta -m WAG -redo
Seed:    491386 (Using SPRNG - Scalable Parallel Random Number Generator)
Time:    Wed May 27 22:59:33 2020
Kernel:  AVX+FMA - 1 threads (16 CPU cores detected)

HINT: Use -nt option to specify number of threads because your CPU has 16 cores!
HINT: -nt AUTO will automatically determine the best number of threads to use.

Reading alignment file /scratch/ga42vor/simulating_quartets/accuracy_comparision/t14/t14.fasta ... Fasta format detected
Alignment most likely contains protein sequences
Alignment has 20 sequences with 200 columns, 148 distinct patterns
105 parsimony-informative, 25 singleton sites, 70 constant sites
         Gap/Ambiguity  Composition  p-value
   1  taxon0     0.00%    passed     99.45%
   2  taxon1     0.00%    passed     92.66%
   3  taxon2     0.00%    passed     99.74%
   4  taxon3     0.00%    passed     96.28%
   5  taxon4     0.00%    passed     99.61%
   6  taxon5     0.00%    passed     80.67%
   7  taxon6     0.00%    passed     99.00%
   8  taxon7     0.00%    passed     91.68%
   9  taxon8     0.00%    passed     75.27%
  10  taxon9     0.00%    passed     99.23%
  11  taxon10    0.00%    passed     99.28%
  12  taxon11    0.00%    passed     98.10%
  13  taxon12    0.00%    passed     46.03%
  14  taxon13    0.00%    passed     95.75%
  15  taxon14    0.00%    passed     68.79%
  16  taxon15    0.00%    passed     72.56%
  17  taxon16    0.00%    passed     97.37%
  18  taxon17    0.00%    passed     99.69%
  19  taxon18    0.00%    passed     25.38%
  20  taxon19    0.00%    passed      7.97%
****  TOTAL      0.00%  0 sequences failed composition chi2 test (p-value<5%; df=19)

Create initial parsimony tree by phylogenetic likelihood library (PLL)... 0.001 seconds

NOTE: 0 MB RAM (0 GB) is required!
Estimate model parameters (epsilon = 0.100)
1. Initial log-likelihood: -4646.672
Optimal log-likelihood: -4641.169
Parameters optimization took 1 rounds (0.005 sec)
Computing ML distances based on estimated model parameters... 0.010 sec
Computing BIONJ tree...
0.000 seconds
Log-likelihood of BIONJ tree: -4638.128
--------------------------------------------------------------------
|             INITIALIZING CANDIDATE TREE SET                      |
--------------------------------------------------------------------
Generating 98 parsimony trees... 0.154 second
Computing log-likelihood of 98 initial trees ... 0.168 seconds
Current best score: -4638.128

Do NNI search on 20 best initial trees
Estimate model parameters (epsilon = 0.100)
BETTER TREE FOUND at iteration 1: -4638.128
Iteration 10 / LogL: -4638.130 / Time: 0h:0m:0s
Iteration 20 / LogL: -4638.136 / Time: 0h:0m:0s
Finish initializing candidate tree set (1)
Current best tree score: -4638.128 / CPU time: 0.669
Number of iterations: 20
--------------------------------------------------------------------
|               OPTIMIZING CANDIDATE TREE SET                      |
--------------------------------------------------------------------
Iteration 30 / LogL: -4638.130 / Time: 0h:0m:0s (0h:0m:2s left)
Iteration 40 / LogL: -4638.138 / Time: 0h:0m:1s (0h:0m:1s left)
Iteration 50 / LogL: -4638.138 / Time: 0h:0m:1s (0h:0m:1s left)
Iteration 60 / LogL: -4638.135 / Time: 0h:0m:1s (0h:0m:1s left)
Iteration 70 / LogL: -4638.189 / Time: 0h:0m:1s (0h:0m:0s left)
Iteration 80 / LogL: -4638.140 / Time: 0h:0m:1s (0h:0m:0s left)
Iteration 90 / LogL: -4638.198 / Time: 0h:0m:2s (0h:0m:0s left)
Iteration 100 / LogL: -4638.297 / Time: 0h:0m:2s (0h:0m:0s left)
TREE SEARCH COMPLETED AFTER 102 ITERATIONS / Time: 0h:0m:2s

--------------------------------------------------------------------
|                    FINALIZING TREE SEARCH                        |
--------------------------------------------------------------------
Performs final model parameters optimization
Estimate model parameters (epsilon = 0.010)
1. Initial log-likelihood: -4638.128
Optimal log-likelihood: -4638.128
Parameters optimization took 1 rounds (0.002 sec)
BEST SCORE FOUND : -4638.128
Total tree length: 3.735

Total number of iterations: 102
CPU time used for tree search: 2.216 sec (0h:0m:2s)
Wall-clock time used for tree search: 2.216 sec (0h:0m:2s)
Total CPU time used: 2.248 sec (0h:0m:2s)
Total wall-clock time used: 2.253 sec (0h:0m:2s)

Analysis results written to: 
  IQ-TREE report:                /scratch/ga42vor/simulating_quartets/accuracy_comparision/t14/t14.fasta.iqtree
  Maximum-likelihood tree:       /scratch/ga42vor/simulating_quartets/accuracy_comparision/t14/t14.fasta.treefile
  Likelihood distances:          /scratch/ga42vor/simulating_quartets/accuracy_comparision/t14/t14.fasta.mldist
  Screen log file:               /scratch/ga42vor/simulating_quartets/accuracy_comparision/t14/t14.fasta.log

Date and Time: Wed May 27 22:59:35 2020
