IQ-TREE multicore version 2.0.5 for Linux 64-bit built May 15 2020
Developed by Bui Quang Minh, Nguyen Lam Tung, Olga Chernomor,
Heiko Schmidt, Dominik Schrempf, Michael Woodhams.

Host:    cip2ryzen1.cip.ph.tum.de (AVX2, FMA3, 15 GB RAM)
Command: ../iqtree-2.0.5-Linux/bin/iqtree2 -s /scratch/ga42vor/simulating_quartets/accuracy_comparision/training2_1/training2_1.fasta -redo -m WAG
Seed:    663970 (Using SPRNG - Scalable Parallel Random Number Generator)
Time:    Thu May 28 17:05:02 2020
Kernel:  AVX+FMA - 1 threads (16 CPU cores detected)

HINT: Use -nt option to specify number of threads because your CPU has 16 cores!
HINT: -nt AUTO will automatically determine the best number of threads to use.

Reading alignment file /scratch/ga42vor/simulating_quartets/accuracy_comparision/training2_1/training2_1.fasta ... Fasta format detected
Alignment most likely contains protein sequences
Alignment has 20 sequences with 200 columns, 190 distinct patterns
134 parsimony-informative, 44 singleton sites, 22 constant sites
         Gap/Ambiguity  Composition  p-value
   1  taxon0     0.00%    passed     90.52%
   2  taxon1     0.00%    passed     73.34%
   3  taxon2     0.00%    passed     96.40%
   4  taxon3     0.00%    passed     96.34%
   5  taxon4     0.00%    passed     99.91%
   6  taxon5     0.00%    passed     99.91%
   7  taxon6     0.00%    passed     99.22%
   8  taxon7     0.00%    passed     92.37%
   9  taxon8     0.00%    passed     99.37%
  10  taxon9     0.00%    passed     92.39%
  11  taxon10    0.00%    passed     96.03%
  12  taxon11    0.00%    passed     99.36%
  13  taxon12    0.00%    passed     99.93%
  14  taxon13    0.00%    passed     68.21%
  15  taxon14    0.00%    passed     83.25%
  16  taxon15    0.00%    passed     89.45%
  17  taxon16    0.00%    passed     99.15%
  18  taxon17    0.00%    passed     99.95%
  19  taxon18    0.00%    passed     81.34%
  20  taxon19    0.00%    passed     58.50%
****  TOTAL      0.00%  0 sequences failed composition chi2 test (p-value<5%; df=19)

Create initial parsimony tree by phylogenetic likelihood library (PLL)... 0.001 seconds

NOTE: 0 MB RAM (0 GB) is required!
Estimate model parameters (epsilon = 0.100)
1. Initial log-likelihood: -4891.519
Optimal log-likelihood: -4885.703
Parameters optimization took 1 rounds (0.007 sec)
Computing ML distances based on estimated model parameters... 0.011 sec
Computing BIONJ tree...
0.000 seconds
Log-likelihood of BIONJ tree: -4879.498
--------------------------------------------------------------------
|             INITIALIZING CANDIDATE TREE SET                      |
--------------------------------------------------------------------
Generating 98 parsimony trees... 0.122 second
Computing log-likelihood of 98 initial trees ... 0.196 seconds
Current best score: -4879.498

Do NNI search on 20 best initial trees
Estimate model parameters (epsilon = 0.100)
BETTER TREE FOUND at iteration 1: -4879.498
Iteration 10 / LogL: -4879.745 / Time: 0h:0m:0s
Iteration 20 / LogL: -4879.519 / Time: 0h:0m:0s
Finish initializing candidate tree set (1)
Current best tree score: -4879.498 / CPU time: 0.699
Number of iterations: 20
--------------------------------------------------------------------
|               OPTIMIZING CANDIDATE TREE SET                      |
--------------------------------------------------------------------
Iteration 30 / LogL: -4879.511 / Time: 0h:0m:0s (0h:0m:2s left)
Iteration 40 / LogL: -4879.562 / Time: 0h:0m:1s (0h:0m:1s left)
Iteration 50 / LogL: -4879.519 / Time: 0h:0m:1s (0h:0m:1s left)
Iteration 60 / LogL: -4879.518 / Time: 0h:0m:1s (0h:0m:1s left)
Iteration 70 / LogL: -4879.599 / Time: 0h:0m:1s (0h:0m:0s left)
Iteration 80 / LogL: -4879.513 / Time: 0h:0m:2s (0h:0m:0s left)
Iteration 90 / LogL: -4879.566 / Time: 0h:0m:2s (0h:0m:0s left)
Iteration 100 / LogL: -4879.498 / Time: 0h:0m:2s (0h:0m:0s left)
TREE SEARCH COMPLETED AFTER 102 ITERATIONS / Time: 0h:0m:2s

--------------------------------------------------------------------
|                    FINALIZING TREE SEARCH                        |
--------------------------------------------------------------------
Performs final model parameters optimization
Estimate model parameters (epsilon = 0.010)
1. Initial log-likelihood: -4879.498
Optimal log-likelihood: -4879.498
Parameters optimization took 1 rounds (0.003 sec)
BEST SCORE FOUND : -4879.498
Total tree length: 3.827

Total number of iterations: 102
CPU time used for tree search: 2.628 sec (0h:0m:2s)
Wall-clock time used for tree search: 2.629 sec (0h:0m:2s)
Total CPU time used: 2.665 sec (0h:0m:2s)
Total wall-clock time used: 2.666 sec (0h:0m:2s)

Analysis results written to: 
  IQ-TREE report:                /scratch/ga42vor/simulating_quartets/accuracy_comparision/training2_1/training2_1.fasta.iqtree
  Maximum-likelihood tree:       /scratch/ga42vor/simulating_quartets/accuracy_comparision/training2_1/training2_1.fasta.treefile
  Likelihood distances:          /scratch/ga42vor/simulating_quartets/accuracy_comparision/training2_1/training2_1.fasta.mldist
  Screen log file:               /scratch/ga42vor/simulating_quartets/accuracy_comparision/training2_1/training2_1.fasta.log

Date and Time: Thu May 28 17:05:05 2020
