IQ-TREE multicore version 2.0.5 for Linux 64-bit built May 15 2020
Developed by Bui Quang Minh, Nguyen Lam Tung, Olga Chernomor,
Heiko Schmidt, Dominik Schrempf, Michael Woodhams.

Host:    cip2ryzen1.cip.ph.tum.de (AVX2, FMA3, 15 GB RAM)
Command: ../iqtree-2.0.5-Linux/bin/iqtree2 -s /scratch/ga42vor/simulating_quartets/accuracy_comparision/training2_39/training2_39.fasta -m WAG -redo
Seed:    2047 (Using SPRNG - Scalable Parallel Random Number Generator)
Time:    Wed May 27 23:07:00 2020
Kernel:  AVX+FMA - 1 threads (16 CPU cores detected)

HINT: Use -nt option to specify number of threads because your CPU has 16 cores!
HINT: -nt AUTO will automatically determine the best number of threads to use.

Reading alignment file /scratch/ga42vor/simulating_quartets/accuracy_comparision/training2_39/training2_39.fasta ... Fasta format detected
Alignment most likely contains protein sequences
Alignment has 20 sequences with 200 columns, 192 distinct patterns
152 parsimony-informative, 32 singleton sites, 16 constant sites
         Gap/Ambiguity  Composition  p-value
   1  taxon0     0.00%    passed     91.71%
   2  taxon1     0.00%    passed     99.81%
   3  taxon2     0.00%    passed     87.20%
   4  taxon3     0.00%    passed     99.35%
   5  taxon4     0.00%    passed     81.14%
   6  taxon5     0.00%    passed     94.34%
   7  taxon6     0.00%    passed     84.18%
   8  taxon7     0.00%    passed     93.31%
   9  taxon8     0.00%    passed     96.83%
  10  taxon9     0.00%    passed     89.56%
  11  taxon10    0.00%    passed     97.36%
  12  taxon11    0.00%    passed     90.74%
  13  taxon12    0.00%    passed     78.50%
  14  taxon13    0.00%    passed     99.87%
  15  taxon14    0.00%    passed     86.61%
  16  taxon15    0.00%    passed     95.71%
  17  taxon16    0.00%    passed     31.11%
  18  taxon17    0.00%    passed     19.49%
  19  taxon18    0.00%    passed     98.01%
  20  taxon19    0.00%    passed     27.50%
****  TOTAL      0.00%  0 sequences failed composition chi2 test (p-value<5%; df=19)

Create initial parsimony tree by phylogenetic likelihood library (PLL)... 0.001 seconds

NOTE: 0 MB RAM (0 GB) is required!
Estimate model parameters (epsilon = 0.100)
1. Initial log-likelihood: -5278.873
Optimal log-likelihood: -5271.313
Parameters optimization took 1 rounds (0.007 sec)
Computing ML distances based on estimated model parameters... 0.012 sec
Computing BIONJ tree...
0.000 seconds
Log-likelihood of BIONJ tree: -5272.157
--------------------------------------------------------------------
|             INITIALIZING CANDIDATE TREE SET                      |
--------------------------------------------------------------------
Generating 98 parsimony trees... 0.145 second
Computing log-likelihood of 98 initial trees ... 0.198 seconds
Current best score: -5271.313

Do NNI search on 20 best initial trees
Estimate model parameters (epsilon = 0.100)
BETTER TREE FOUND at iteration 1: -5271.313
Iteration 10 / LogL: -5271.320 / Time: 0h:0m:0s
Iteration 20 / LogL: -5271.318 / Time: 0h:0m:0s
Finish initializing candidate tree set (1)
Current best tree score: -5271.313 / CPU time: 0.714
Number of iterations: 20
--------------------------------------------------------------------
|               OPTIMIZING CANDIDATE TREE SET                      |
--------------------------------------------------------------------
Iteration 30 / LogL: -5271.319 / Time: 0h:0m:0s (0h:0m:2s left)
Iteration 40 / LogL: -5271.326 / Time: 0h:0m:1s (0h:0m:1s left)
Iteration 50 / LogL: -5271.340 / Time: 0h:0m:1s (0h:0m:1s left)
Iteration 60 / LogL: -5271.313 / Time: 0h:0m:1s (0h:0m:1s left)
Iteration 70 / LogL: -5271.357 / Time: 0h:0m:1s (0h:0m:0s left)
Iteration 80 / LogL: -5271.817 / Time: 0h:0m:2s (0h:0m:0s left)
Iteration 90 / LogL: -5271.322 / Time: 0h:0m:2s (0h:0m:0s left)
Iteration 100 / LogL: -5271.316 / Time: 0h:0m:2s (0h:0m:0s left)
TREE SEARCH COMPLETED AFTER 102 ITERATIONS / Time: 0h:0m:2s

--------------------------------------------------------------------
|                    FINALIZING TREE SEARCH                        |
--------------------------------------------------------------------
Performs final model parameters optimization
Estimate model parameters (epsilon = 0.010)
1. Initial log-likelihood: -5271.313
Optimal log-likelihood: -5271.313
Parameters optimization took 1 rounds (0.003 sec)
BEST SCORE FOUND : -5271.313
Total tree length: 4.365

Total number of iterations: 102
CPU time used for tree search: 2.696 sec (0h:0m:2s)
Wall-clock time used for tree search: 2.697 sec (0h:0m:2s)
Total CPU time used: 2.736 sec (0h:0m:2s)
Total wall-clock time used: 2.737 sec (0h:0m:2s)

Analysis results written to: 
  IQ-TREE report:                /scratch/ga42vor/simulating_quartets/accuracy_comparision/training2_39/training2_39.fasta.iqtree
  Maximum-likelihood tree:       /scratch/ga42vor/simulating_quartets/accuracy_comparision/training2_39/training2_39.fasta.treefile
  Likelihood distances:          /scratch/ga42vor/simulating_quartets/accuracy_comparision/training2_39/training2_39.fasta.mldist
  Screen log file:               /scratch/ga42vor/simulating_quartets/accuracy_comparision/training2_39/training2_39.fasta.log

Date and Time: Wed May 27 23:07:03 2020
