IQ-TREE multicore version 2.0.5 for Linux 64-bit built May 15 2020
Developed by Bui Quang Minh, Nguyen Lam Tung, Olga Chernomor,
Heiko Schmidt, Dominik Schrempf, Michael Woodhams.

Host:    cip2ryzen1.cip.ph.tum.de (AVX2, FMA3, 15 GB RAM)
Command: ../iqtree-2.0.5-Linux/bin/iqtree2 -s /scratch/ga42vor/simulating_quartets/accuracy_comparision/training1_15/training1_15.fasta -redo -m WAG
Seed:    195579 (Using SPRNG - Scalable Parallel Random Number Generator)
Time:    Thu May 28 17:03:35 2020
Kernel:  AVX+FMA - 1 threads (16 CPU cores detected)

HINT: Use -nt option to specify number of threads because your CPU has 16 cores!
HINT: -nt AUTO will automatically determine the best number of threads to use.

Reading alignment file /scratch/ga42vor/simulating_quartets/accuracy_comparision/training1_15/training1_15.fasta ... Fasta format detected
Alignment most likely contains protein sequences
Alignment has 20 sequences with 200 columns, 134 distinct patterns
92 parsimony-informative, 24 singleton sites, 84 constant sites
         Gap/Ambiguity  Composition  p-value
   1  taxon0     0.00%    passed     99.55%
   2  taxon1     0.00%    passed     98.37%
   3  taxon2     0.00%    passed     99.91%
   4  taxon3     0.00%    passed    100.00%
   5  taxon4     0.00%    passed     99.97%
   6  taxon5     0.00%    passed     99.68%
   7  taxon6     0.00%    passed     99.44%
   8  taxon7     0.00%    passed     99.82%
   9  taxon8     0.00%    passed     92.03%
  10  taxon9     0.00%    passed     95.63%
  11  taxon10    0.00%    passed     99.98%
  12  taxon11    0.00%    passed     99.24%
  13  taxon12    0.00%    passed     99.74%
  14  taxon13    0.00%    passed     99.96%
  15  taxon14    0.00%    passed     99.99%
  16  taxon15    0.00%    passed     98.41%
  17  taxon16    0.00%    passed    100.00%
  18  taxon17    0.00%    passed     99.77%
  19  taxon18    0.00%    passed     97.88%
  20  taxon19    0.00%    passed     95.71%
****  TOTAL      0.00%  0 sequences failed composition chi2 test (p-value<5%; df=19)

Create initial parsimony tree by phylogenetic likelihood library (PLL)... 0.001 seconds

NOTE: 0 MB RAM (0 GB) is required!
Estimate model parameters (epsilon = 0.100)
1. Initial log-likelihood: -4216.169
Optimal log-likelihood: -4207.810
Parameters optimization took 1 rounds (0.005 sec)
Computing ML distances based on estimated model parameters... 0.010 sec
Computing BIONJ tree...
0.000 seconds
Log-likelihood of BIONJ tree: -4210.091
--------------------------------------------------------------------
|             INITIALIZING CANDIDATE TREE SET                      |
--------------------------------------------------------------------
Generating 98 parsimony trees... 0.118 second
Computing log-likelihood of 98 initial trees ... 0.146 seconds
Current best score: -4207.810

Do NNI search on 20 best initial trees
Estimate model parameters (epsilon = 0.100)
BETTER TREE FOUND at iteration 1: -4207.810
Iteration 10 / LogL: -4207.843 / Time: 0h:0m:0s
Iteration 20 / LogL: -4207.816 / Time: 0h:0m:0s
Finish initializing candidate tree set (1)
Current best tree score: -4207.810 / CPU time: 0.510
Number of iterations: 20
--------------------------------------------------------------------
|               OPTIMIZING CANDIDATE TREE SET                      |
--------------------------------------------------------------------
Iteration 30 / LogL: -4207.817 / Time: 0h:0m:0s (0h:0m:1s left)
Iteration 40 / LogL: -4207.826 / Time: 0h:0m:0s (0h:0m:1s left)
Iteration 50 / LogL: -4207.829 / Time: 0h:0m:1s (0h:0m:1s left)
Iteration 60 / LogL: -4207.893 / Time: 0h:0m:1s (0h:0m:0s left)
Iteration 70 / LogL: -4207.835 / Time: 0h:0m:1s (0h:0m:0s left)
Iteration 80 / LogL: -4207.815 / Time: 0h:0m:1s (0h:0m:0s left)
Iteration 90 / LogL: -4207.831 / Time: 0h:0m:1s (0h:0m:0s left)
Iteration 100 / LogL: -4207.878 / Time: 0h:0m:1s (0h:0m:0s left)
TREE SEARCH COMPLETED AFTER 102 ITERATIONS / Time: 0h:0m:1s

--------------------------------------------------------------------
|                    FINALIZING TREE SEARCH                        |
--------------------------------------------------------------------
Performs final model parameters optimization
Estimate model parameters (epsilon = 0.010)
1. Initial log-likelihood: -4207.810
Optimal log-likelihood: -4207.810
Parameters optimization took 1 rounds (0.003 sec)
BEST SCORE FOUND : -4207.810
Total tree length: 3.264

Total number of iterations: 102
CPU time used for tree search: 1.878 sec (0h:0m:1s)
Wall-clock time used for tree search: 1.878 sec (0h:0m:1s)
Total CPU time used: 1.911 sec (0h:0m:1s)
Total wall-clock time used: 1.912 sec (0h:0m:1s)

Analysis results written to: 
  IQ-TREE report:                /scratch/ga42vor/simulating_quartets/accuracy_comparision/training1_15/training1_15.fasta.iqtree
  Maximum-likelihood tree:       /scratch/ga42vor/simulating_quartets/accuracy_comparision/training1_15/training1_15.fasta.treefile
  Likelihood distances:          /scratch/ga42vor/simulating_quartets/accuracy_comparision/training1_15/training1_15.fasta.mldist
  Screen log file:               /scratch/ga42vor/simulating_quartets/accuracy_comparision/training1_15/training1_15.fasta.log

Date and Time: Thu May 28 17:03:37 2020
