IQ-TREE multicore version 2.0.5 for Linux 64-bit built May 15 2020
Developed by Bui Quang Minh, Nguyen Lam Tung, Olga Chernomor,
Heiko Schmidt, Dominik Schrempf, Michael Woodhams.

Host:    cip2ryzen1.cip.ph.tum.de (AVX2, FMA3, 15 GB RAM)
Command: ../iqtree-2.0.5-Linux/bin/iqtree2 -s /scratch/ga42vor/simulating_quartets/accuracy_comparision/training2_nohet_9/training2_nohet_9.fasta -redo -m WAG
Seed:    494070 (Using SPRNG - Scalable Parallel Random Number Generator)
Time:    Thu May 28 16:21:10 2020
Kernel:  AVX+FMA - 1 threads (16 CPU cores detected)

HINT: Use -nt option to specify number of threads because your CPU has 16 cores!
HINT: -nt AUTO will automatically determine the best number of threads to use.

Reading alignment file /scratch/ga42vor/simulating_quartets/accuracy_comparision/training2_nohet_9/training2_nohet_9.fasta ... Fasta format detected
Alignment most likely contains protein sequences
Alignment has 20 sequences with 200 columns, 177 distinct patterns
135 parsimony-informative, 28 singleton sites, 37 constant sites
         Gap/Ambiguity  Composition  p-value
   1  taxon0     0.00%    passed     99.58%
   2  taxon1     0.00%    passed     99.99%
   3  taxon2     0.00%    passed     99.90%
   4  taxon3     0.00%    passed     97.03%
   5  taxon4     0.00%    passed     98.33%
   6  taxon5     0.00%    passed     98.31%
   7  taxon6     0.00%    passed     99.94%
   8  taxon7     0.00%    passed     97.02%
   9  taxon8     0.00%    passed     99.98%
  10  taxon9     0.00%    passed     92.58%
  11  taxon10    0.00%    passed     99.14%
  12  taxon11    0.00%    passed     99.12%
  13  taxon12    0.00%    passed     99.80%
  14  taxon13    0.00%    passed     92.59%
  15  taxon14    0.00%    passed     99.92%
  16  taxon15    0.00%    passed     99.68%
  17  taxon16    0.00%    passed     99.48%
  18  taxon17    0.00%    passed     86.41%
  19  taxon18    0.00%    passed     92.95%
  20  taxon19    0.00%    passed     99.56%
****  TOTAL      0.00%  0 sequences failed composition chi2 test (p-value<5%; df=19)

Create initial parsimony tree by phylogenetic likelihood library (PLL)... 0.001 seconds

NOTE: 0 MB RAM (0 GB) is required!
Estimate model parameters (epsilon = 0.100)
1. Initial log-likelihood: -3903.315
Optimal log-likelihood: -3895.564
Parameters optimization took 1 rounds (0.006 sec)
Computing ML distances based on estimated model parameters... 0.009 sec
Computing BIONJ tree...
0.000 seconds
Log-likelihood of BIONJ tree: -3899.647
--------------------------------------------------------------------
|             INITIALIZING CANDIDATE TREE SET                      |
--------------------------------------------------------------------
Generating 98 parsimony trees... 0.168 second
Computing log-likelihood of 98 initial trees ... 0.195 seconds
Current best score: -3887.093

Do NNI search on 20 best initial trees
Estimate model parameters (epsilon = 0.100)
BETTER TREE FOUND at iteration 1: -3885.590
Iteration 10 / LogL: -3885.610 / Time: 0h:0m:0s
Estimate model parameters (epsilon = 0.100)
BETTER TREE FOUND at iteration 11: -3885.496
Iteration 20 / LogL: -3885.591 / Time: 0h:0m:0s
Finish initializing candidate tree set (2)
Current best tree score: -3885.496 / CPU time: 0.762
Number of iterations: 20
--------------------------------------------------------------------
|               OPTIMIZING CANDIDATE TREE SET                      |
--------------------------------------------------------------------
Iteration 30 / LogL: -3885.592 / Time: 0h:0m:1s (0h:0m:3s left)
Iteration 40 / LogL: -3885.518 / Time: 0h:0m:1s (0h:0m:2s left)
Iteration 50 / LogL: -3885.601 / Time: 0h:0m:1s (0h:0m:1s left)
Iteration 60 / LogL: -3885.511 / Time: 0h:0m:1s (0h:0m:1s left)
Iteration 70 / LogL: -3885.499 / Time: 0h:0m:2s (0h:0m:1s left)
Iteration 80 / LogL: -3885.608 / Time: 0h:0m:2s (0h:0m:0s left)
Iteration 90 / LogL: -3885.594 / Time: 0h:0m:2s (0h:0m:0s left)
Iteration 100 / LogL: -3885.611 / Time: 0h:0m:2s (0h:0m:0s left)
Iteration 110 / LogL: -3885.605 / Time: 0h:0m:3s (0h:0m:0s left)
TREE SEARCH COMPLETED AFTER 112 ITERATIONS / Time: 0h:0m:3s

--------------------------------------------------------------------
|                    FINALIZING TREE SEARCH                        |
--------------------------------------------------------------------
Performs final model parameters optimization
Estimate model parameters (epsilon = 0.010)
1. Initial log-likelihood: -3885.496
Optimal log-likelihood: -3885.496
Parameters optimization took 1 rounds (0.003 sec)
BEST SCORE FOUND : -3885.496
Total tree length: 2.832

Total number of iterations: 112
CPU time used for tree search: 3.107 sec (0h:0m:3s)
Wall-clock time used for tree search: 3.108 sec (0h:0m:3s)
Total CPU time used: 3.143 sec (0h:0m:3s)
Total wall-clock time used: 3.144 sec (0h:0m:3s)

Analysis results written to: 
  IQ-TREE report:                /scratch/ga42vor/simulating_quartets/accuracy_comparision/training2_nohet_9/training2_nohet_9.fasta.iqtree
  Maximum-likelihood tree:       /scratch/ga42vor/simulating_quartets/accuracy_comparision/training2_nohet_9/training2_nohet_9.fasta.treefile
  Likelihood distances:          /scratch/ga42vor/simulating_quartets/accuracy_comparision/training2_nohet_9/training2_nohet_9.fasta.mldist
  Screen log file:               /scratch/ga42vor/simulating_quartets/accuracy_comparision/training2_nohet_9/training2_nohet_9.fasta.log

Date and Time: Thu May 28 16:21:13 2020
