IQ-TREE multicore version 2.0.5 for Linux 64-bit built May 15 2020
Developed by Bui Quang Minh, Nguyen Lam Tung, Olga Chernomor,
Heiko Schmidt, Dominik Schrempf, Michael Woodhams.

Host:    cip2ryzen1.cip.ph.tum.de (AVX2, FMA3, 15 GB RAM)
Command: ../iqtree-2.0.5-Linux/bin/iqtree2 -s /scratch/ga42vor/simulating_quartets/accuracy_comparision/training2_14/training2_14.fasta -redo -m WAG
Seed:    892092 (Using SPRNG - Scalable Parallel Random Number Generator)
Time:    Thu May 28 17:05:32 2020
Kernel:  AVX+FMA - 1 threads (16 CPU cores detected)

HINT: Use -nt option to specify number of threads because your CPU has 16 cores!
HINT: -nt AUTO will automatically determine the best number of threads to use.

Reading alignment file /scratch/ga42vor/simulating_quartets/accuracy_comparision/training2_14/training2_14.fasta ... Fasta format detected
Alignment most likely contains protein sequences
Alignment has 20 sequences with 200 columns, 128 distinct patterns
98 parsimony-informative, 16 singleton sites, 86 constant sites
         Gap/Ambiguity  Composition  p-value
   1  taxon0     0.00%    passed     92.02%
   2  taxon1     0.00%    passed     79.76%
   3  taxon2     0.00%    passed     79.89%
   4  taxon3     0.00%    passed     99.83%
   5  taxon4     0.00%    passed     98.62%
   6  taxon5     0.00%    passed     96.16%
   7  taxon6     0.00%    passed     92.59%
   8  taxon7     0.00%    passed     89.71%
   9  taxon8     0.00%    passed     94.82%
  10  taxon9     0.00%    passed     93.76%
  11  taxon10    0.00%    passed     98.07%
  12  taxon11    0.00%    passed     98.79%
  13  taxon12    0.00%    passed     99.86%
  14  taxon13    0.00%    passed     99.96%
  15  taxon14    0.00%    passed     99.51%
  16  taxon15    0.00%    passed     98.47%
  17  taxon16    0.00%    passed     90.50%
  18  taxon17    0.00%    passed     98.66%
  19  taxon18    0.00%    passed     77.70%
  20  taxon19    0.00%    passed     98.76%
****  TOTAL      0.00%  0 sequences failed composition chi2 test (p-value<5%; df=19)

Create initial parsimony tree by phylogenetic likelihood library (PLL)... 0.001 seconds

NOTE: 0 MB RAM (0 GB) is required!
Estimate model parameters (epsilon = 0.100)
1. Initial log-likelihood: -3457.529
Optimal log-likelihood: -3451.048
Parameters optimization took 1 rounds (0.005 sec)
Computing ML distances based on estimated model parameters... 0.010 sec
Computing BIONJ tree...
0.000 seconds
Log-likelihood of BIONJ tree: -3453.408
--------------------------------------------------------------------
|             INITIALIZING CANDIDATE TREE SET                      |
--------------------------------------------------------------------
Generating 98 parsimony trees... 