IQ-TREE multicore version 2.0.5 for Linux 64-bit built May 15 2020
Developed by Bui Quang Minh, Nguyen Lam Tung, Olga Chernomor,
Heiko Schmidt, Dominik Schrempf, Michael Woodhams.

Host:    cip2ryzen1.cip.ph.tum.de (AVX2, FMA3, 15 GB RAM)
Command: ../iqtree-2.0.5-Linux/bin/iqtree2 -s /scratch/ga42vor/simulating_quartets/accuracy_comparision/training2_nohet_36/training2_nohet_36.fasta -redo -m WAG
Seed:    18380 (Using SPRNG - Scalable Parallel Random Number Generator)
Time:    Thu May 28 16:22:00 2020
Kernel:  AVX+FMA - 1 threads (16 CPU cores detected)

HINT: Use -nt option to specify number of threads because your CPU has 16 cores!
HINT: -nt AUTO will automatically determine the best number of threads to use.

Reading alignment file /scratch/ga42vor/simulating_quartets/accuracy_comparision/training2_nohet_36/training2_nohet_36.fasta ... Fasta format detected
Alignment most likely contains protein sequences
Alignment has 20 sequences with 200 columns, 58 distinct patterns
41 parsimony-informative, 1 singleton sites, 158 constant sites
         Gap/Ambiguity  Composition  p-value
   1  taxon0     0.00%    passed    100.00%
   2  taxon1     0.00%    passed    100.00%
   3  taxon2     0.00%    passed    100.00%
   4  taxon3     0.00%    passed    100.00%
   5  taxon4     0.00%    passed    100.00%
   6  taxon5     0.00%    passed    100.00%
   7  taxon6     0.00%    passed    100.00%
   8  taxon7     0.00%    passed    100.00%
   9  taxon8     0.00%    passed    100.00%
  10  taxon9     0.00%    passed    100.00%
  11  taxon10    0.00%    passed    100.00%
  12  taxon11    0.00%    passed    100.00%
  13  taxon12    0.00%    passed    100.00%
  14  taxon13    0.00%    passed    100.00%
  15  taxon14    0.00%    passed     99.84%
  16  taxon15    0.00%    passed     99.80%
  17  taxon16    0.00%    passed     99.39%
  18  taxon17    0.00%    passed     99.18%
  19  taxon18    0.00%    passed     99.39%
  20  taxon19    0.00%    passed     99.39%
****  TOTAL      0.00%  0 sequences failed composition chi2 test (p-value<5%; df=18)
NOTE: taxon4 is identical to taxon3 but kept for subsequent analysis
NOTE: taxon9 is identical to taxon8 but kept for subsequent analysis
NOTE: taxon18 is identical to taxon16 but kept for subsequent analysis
NOTE: 6 identical sequences (see below) will be ignored for subsequent analysis
NOTE: taxon5 (identical to taxon3) is ignored but added at the end
NOTE: taxon6 (identical to taxon3) is ignored but added at the end
NOTE: taxon7 (identical to taxon3) is ignored but added at the end
NOTE: taxon12 (identical to taxon8) is ignored but added at the end
NOTE: taxon13 (identical to taxon8) is ignored but added at the end
NOTE: taxon19 (identical to taxon16) is ignored but added at the end
Alignment was printed to /scratch/ga42vor/simulating_quartets/accuracy_comparision/training2_nohet_36/training2_nohet_36.fasta.uniqueseq.phy

For your convenience alignment with unique sequences printed to /scratch/ga42vor/simulating_quartets/accuracy_comparision/training2_nohet_36/training2_nohet_36.fasta.uniqueseq.phy
NOTE: State(s) C not present in alignment and thus removed from Markov process to prevent numerical problems
NOTE: 1 states (see above) are not present and thus removed from Markov process to prevent numerical problems

Create initial parsimony tree by phylogenetic likelihood library (PLL)... 0.001 seconds

NOTE: 0 MB RAM (0 GB) is required!
Estimate model parameters (epsilon = 0.100)
1. Initial log-likelihood: -900.206
Optimal log-likelihood: -900.133
Parameters optimization took 1 rounds (0.001 sec)
Computing ML distances based on estimated model parameters... 0.004 sec
Computing BIONJ tree...
0.000 seconds
Log-likelihood of BIONJ tree: -900.134
--------------------------------------------------------------------
|             INITIALIZING CANDIDATE TREE SET                      |
--------------------------------------------------------------------
Generating 98 parsimony trees... 0.047 second
Computing log-likelihood of 98 initial trees ... 0.054 seconds
Current best score: -900.133

Do NNI search on 20 best initial trees
Estimate model parameters (epsilon = 0.100)
BETTER TREE FOUND at iteration 1: -900.133
Iteration 10 / LogL: -900.133 / Time: 0h:0m:0s
Iteration 20 / LogL: -900.133 / Time: 0h:0m:0s
Finish initializing candidate tree set (9)
Current best tree score: -900.133 / CPU time: 0.150
Number of iterations: 20
--------------------------------------------------------------------
|               OPTIMIZING CANDIDATE TREE SET                      |
--------------------------------------------------------------------
Iteration 30 / LogL: -900.134 / Time: 0h:0m:0s (0h:0m:0s left)
UPDATE BEST LOG-LIKELIHOOD: -900.133
UPDATE BEST LOG-LIKELIHOOD: -900.133
Iteration 40 / LogL: -900.133 / Time: 0h:0m:0s (0h:0m:0s left)
Iteration 50 / LogL: -900.134 / Time: 0h:0m:0s (0h:0m:0s left)
Iteration 60 / LogL: -900.133 / Time: 0h:0m:0s (0h:0m:0s left)
UPDATE BEST LOG-LIKELIHOOD: -900.133
Iteration 70 / LogL: -900.558 / Time: 0h:0m:0s (0h:0m:0s left)
Iteration 80 / LogL: -900.133 / Time: 0h:0m:0s (0h:0m:0s left)
Iteration 90 / LogL: -900.133 / Time: 0h:0m:0s (0h:0m:0s left)
UPDATE BEST LOG-LIKELIHOOD: -900.133
Iteration 100 / LogL: -900.133 / Time: 0h:0m:0s (0h:0m:0s left)
TREE SEARCH COMPLETED AFTER 102 ITERATIONS / Time: 0h:0m:0s

--------------------------------------------------------------------
|                    FINALIZING TREE SEARCH                        |
--------------------------------------------------------------------
Performs final model parameters optimization
Estimate model parameters (epsilon = 0.010)
1. Initial log-likelihood: -900.133
Optimal log-likelihood: -900.133
Parameters optimization took 1 rounds (0.001 sec)
BEST SCORE FOUND : -900.133
Total tree length: 0.261

Total number of iterations: 102
CPU time used for tree search: 0.647 sec (0h:0m:0s)
Wall-clock time used for tree search: 0.647 sec (0h:0m:0s)
Total CPU time used: 0.662 sec (0h:0m:0s)
Total wall-clock time used: 0.663 sec (0h:0m:0s)

Analysis results written to: 
  IQ-TREE report:                /scratch/ga42vor/simulating_quartets/accuracy_comparision/training2_nohet_36/training2_nohet_36.fasta.iqtree
  Maximum-likelihood tree:       /scratch/ga42vor/simulating_quartets/accuracy_comparision/training2_nohet_36/training2_nohet_36.fasta.treefile
  Likelihood distances:          /scratch/ga42vor/simulating_quartets/accuracy_comparision/training2_nohet_36/training2_nohet_36.fasta.mldist
  Screen log file:               /scratch/ga42vor/simulating_quartets/accuracy_comparision/training2_nohet_36/training2_nohet_36.fasta.log

Date and Time: Thu May 28 16:22:00 2020
