IQ-TREE multicore version 2.0.5 for Linux 64-bit built May 15 2020
Developed by Bui Quang Minh, Nguyen Lam Tung, Olga Chernomor,
Heiko Schmidt, Dominik Schrempf, Michael Woodhams.

Host:    cip2ryzen1.cip.ph.tum.de (AVX2, FMA3, 15 GB RAM)
Command: ../iqtree-2.0.5-Linux/bin/iqtree2 -s /scratch/ga42vor/simulating_quartets/accuracy_comparision/training3_6/training3_6.fasta -m WAG -redo
Seed:    300706 (Using SPRNG - Scalable Parallel Random Number Generator)
Time:    Wed May 27 23:02:58 2020
Kernel:  AVX+FMA - 1 threads (16 CPU cores detected)

HINT: Use -nt option to specify number of threads because your CPU has 16 cores!
HINT: -nt AUTO will automatically determine the best number of threads to use.

Reading alignment file /scratch/ga42vor/simulating_quartets/accuracy_comparision/training3_6/training3_6.fasta ... Fasta format detected
Alignment most likely contains protein sequences
Alignment has 20 sequences with 200 columns, 126 distinct patterns
98 parsimony-informative, 10 singleton sites, 92 constant sites
         Gap/Ambiguity  Composition  p-value
   1  taxon0     0.00%    passed      8.68%
   2  taxon1     0.00%    passed     99.70%
   3  taxon2     0.00%    passed     99.76%
   4  taxon3     0.00%    passed     96.19%
   5  taxon4     0.00%    passed     65.09%
   6  taxon5     0.00%    passed     83.54%
   7  taxon6     0.00%    passed     99.81%
   8  taxon7     0.00%    passed     98.23%
   9  taxon8     0.00%    passed     90.69%
  10  taxon9     0.00%    passed     92.40%
  11  taxon10    0.00%    passed     99.31%
  12  taxon11    0.00%    passed     99.91%
  13  taxon12    0.00%    passed     98.49%
  14  taxon13    0.00%    passed     97.80%
  15  taxon14    0.00%    passed     99.20%
  16  taxon15    0.00%    passed     99.80%
  17  taxon16    0.00%    passed     99.70%
  18  taxon17    0.00%    passed     99.98%
  19  taxon18    0.00%    passed     95.60%
  20  taxon19    0.00%    passed     78.69%
****  TOTAL      0.00%  0 sequences failed composition chi2 test (p-value<5%; df=19)

Create initial parsimony tree by phylogenetic likelihood library (PLL)... 0.001 seconds

NOTE: 0 MB RAM (0 GB) is required!
Estimate model parameters (epsilon = 0.100)
1. Initial log-likelihood: -3367.023
Optimal log-likelihood: -3363.721
Parameters optimization took 1 rounds (0.005 sec)
Computing ML distances based on estimated model parameters... 0.010 sec
Computing BIONJ tree...
0.000 seconds
Log-likelihood of BIONJ tree: -3363.721
--------------------------------------------------------------------
|             INITIALIZING CANDIDATE TREE SET                      |
--------------------------------------------------------------------
Generating 99 parsimony trees... 0.104 second
Computing log-likelihood of 99 initial trees ... 0.148 seconds
Current best score: -3363.721

Do NNI search on 20 best initial trees
Estimate model parameters (epsilon = 0.100)
BETTER TREE FOUND at iteration 1: -3363.721
Iteration 10 / LogL: -3363.915 / Time: 0h:0m:0s
Iteration 20 / LogL: -3363.725 / Time: 0h:0m:0s
Finish initializing candidate tree set (2)
Current best tree score: -3363.721 / CPU time: 0.546
Number of iterations: 20
--------------------------------------------------------------------
|               OPTIMIZING CANDIDATE TREE SET                      |
--------------------------------------------------------------------
Iteration 30 / LogL: -3363.760 / Time: 0h:0m:0s (0h:0m:1s left)
Iteration 40 / LogL: -3363.721 / Time: 0h:0m:0s (0h:0m:1s left)
Iteration 50 / LogL: -3363.726 / Time: 0h:0m:1s (0h:0m:1s left)
Iteration 60 / LogL: -3363.745 / Time: 0h:0m:1s (0h:0m:0s left)
Iteration 70 / LogL: -3363.726 / Time: 0h:0m:1s (0h:0m:0s left)
Iteration 80 / LogL: -3363.777 / Time: 0h:0m:1s (0h:0m:0s left)
Iteration 90 / LogL: -3363.757 / Time: 0h:0m:1s (0h:0m:0s left)
Iteration 100 / LogL: -3363.722 / Time: 0h:0m:2s (0h:0m:0s left)
TREE SEARCH COMPLETED AFTER 102 ITERATIONS / Time: 0h:0m:2s

--------------------------------------------------------------------
|                    FINALIZING TREE SEARCH                        |
--------------------------------------------------------------------
Performs final model parameters optimization
Estimate model parameters (epsilon = 0.010)
1. Initial log-likelihood: -3363.721
Optimal log-likelihood: -3363.721
Parameters optimization took 1 rounds (0.003 sec)
BEST SCORE FOUND : -3363.721
Total tree length: 2.169

Total number of iterations: 102
CPU time used for tree search: 2.050 sec (0h:0m:2s)
Wall-clock time used for tree search: 2.050 sec (0h:0m:2s)
Total CPU time used: 2.083 sec (0h:0m:2s)
Total wall-clock time used: 2.084 sec (0h:0m:2s)

Analysis results written to: 
  IQ-TREE report:                /scratch/ga42vor/simulating_quartets/accuracy_comparision/training3_6/training3_6.fasta.iqtree
  Maximum-likelihood tree:       /scratch/ga42vor/simulating_quartets/accuracy_comparision/training3_6/training3_6.fasta.treefile
  Likelihood distances:          /scratch/ga42vor/simulating_quartets/accuracy_comparision/training3_6/training3_6.fasta.mldist
  Screen log file:               /scratch/ga42vor/simulating_quartets/accuracy_comparision/training3_6/training3_6.fasta.log

Date and Time: Wed May 27 23:03:00 2020
