IQ-TREE multicore version 2.0.5 for Linux 64-bit built May 15 2020
Developed by Bui Quang Minh, Nguyen Lam Tung, Olga Chernomor,
Heiko Schmidt, Dominik Schrempf, Michael Woodhams.

Host:    cip2ryzen1.cip.ph.tum.de (AVX2, FMA3, 15 GB RAM)
Command: ../iqtree-2.0.5-Linux/bin/iqtree2 -s /scratch/ga42vor/simulating_quartets/accuracy_comparision/training2_36/training2_36.fasta -m WAG -redo
Seed:    644653 (Using SPRNG - Scalable Parallel Random Number Generator)
Time:    Wed May 27 23:06:53 2020
Kernel:  AVX+FMA - 1 threads (16 CPU cores detected)

HINT: Use -nt option to specify number of threads because your CPU has 16 cores!
HINT: -nt AUTO will automatically determine the best number of threads to use.

Reading alignment file /scratch/ga42vor/simulating_quartets/accuracy_comparision/training2_36/training2_36.fasta ... Fasta format detected
Alignment most likely contains protein sequences
Alignment has 20 sequences with 200 columns, 182 distinct patterns
121 parsimony-informative, 48 singleton sites, 31 constant sites
         Gap/Ambiguity  Composition  p-value
   1  taxon0     0.00%    passed     99.54%
   2  taxon1     0.00%    passed     99.66%
   3  taxon2     0.00%    passed     99.98%
   4  taxon3     0.00%    passed     97.45%
   5  taxon4     0.00%    passed     99.89%
   6  taxon5     0.00%    passed     99.70%
   7  taxon6     0.00%    passed     96.78%
   8  taxon7     0.00%    passed     99.83%
   9  taxon8     0.00%    passed     99.84%
  10  taxon9     0.00%    passed     98.80%
  11  taxon10    0.00%    passed     99.90%
  12  taxon11    0.00%    passed     95.62%
  13  taxon12    0.00%    passed     81.50%
  14  taxon13    0.00%    passed     83.88%
  15  taxon14    0.00%    passed     99.40%
  16  taxon15    0.00%    passed     98.62%
  17  taxon16    0.00%    passed     99.94%
  18  taxon17    0.00%    passed     99.81%
  19  taxon18    0.00%    passed     85.62%
  20  taxon19    0.00%    passed     87.51%
****  TOTAL      0.00%  0 sequences failed composition chi2 test (p-value<5%; df=19)

Create initial parsimony tree by phylogenetic likelihood library (PLL)... 0.002 seconds

NOTE: 0 MB RAM (0 GB) is required!
Estimate model parameters (epsilon = 0.100)
1. Initial log-likelihood: -4778.864
Optimal log-likelihood: -4770.884
Parameters optimization took 1 rounds (0.007 sec)
Computing ML distances based on estimated model parameters... 0.011 sec
Computing BIONJ tree...
0.000 seconds
Log-likelihood of BIONJ tree: -4770.424
--------------------------------------------------------------------
|             INITIALIZING CANDIDATE TREE SET                      |
--------------------------------------------------------------------
Generating 98 parsimony trees... 0.167 second
Computing log-likelihood of 98 initial trees ... 0.194 seconds
Current best score: -4769.871

Do NNI search on 20 best initial trees
Estimate model parameters (epsilon = 0.100)
BETTER TREE FOUND at iteration 1: -4767.138
Iteration 10 / LogL: -4768.282 / Time: 0h:0m:0s
Iteration 20 / LogL: -4769.109 / Time: 0h:0m:0s
Finish initializing candidate tree set (3)
Current best tree score: -4767.138 / CPU time: 0.818
Number of iterations: 20
--------------------------------------------------------------------
|               OPTIMIZING CANDIDATE TREE SET                      |
--------------------------------------------------------------------
Iteration 30 / LogL: -4767.146 / Time: 0h:0m:1s (0h:0m:2s left)
Iteration 40 / LogL: -4769.120 / Time: 0h:0m:1s (0h:0m:2s left)
Iteration 50 / LogL: -4767.161 / Time: 0h:0m:1s (0h:0m:1s left)
Iteration 60 / LogL: -4768.282 / Time: 0h:0m:1s (0h:0m:1s left)
Iteration 70 / LogL: -4768.394 / Time: 0h:0m:2s (0h:0m:0s left)
Iteration 80 / LogL: -4768.293 / Time: 0h:0m:2s (0h:0m:0s left)
Iteration 90 / LogL: -4767.142 / Time: 0h:0m:2s (0h:0m:0s left)
Iteration 100 / LogL: -4768.304 / Time: 0h:0m:2s (0h:0m:0s left)
TREE SEARCH COMPLETED AFTER 102 ITERATIONS / Time: 0h:0m:3s

--------------------------------------------------------------------
|                    FINALIZING TREE SEARCH                        |
--------------------------------------------------------------------
Performs final model parameters optimization
Estimate model parameters (epsilon = 0.010)
1. Initial log-likelihood: -4767.138
Optimal log-likelihood: -4767.138
Parameters optimization took 1 rounds (0.003 sec)
BEST SCORE FOUND : -4767.138
Total tree length: 3.664

Total number of iterations: 102
CPU time used for tree search: 2.967 sec (0h:0m:2s)
Wall-clock time used for tree search: 2.968 sec (0h:0m:2s)
Total CPU time used: 3.003 sec (0h:0m:3s)
Total wall-clock time used: 3.008 sec (0h:0m:3s)

Analysis results written to: 
  IQ-TREE report:                /scratch/ga42vor/simulating_quartets/accuracy_comparision/training2_36/training2_36.fasta.iqtree
  Maximum-likelihood tree:       /scratch/ga42vor/simulating_quartets/accuracy_comparision/training2_36/training2_36.fasta.treefile
  Likelihood distances:          /scratch/ga42vor/simulating_quartets/accuracy_comparision/training2_36/training2_36.fasta.mldist
  Screen log file:               /scratch/ga42vor/simulating_quartets/accuracy_comparision/training2_36/training2_36.fasta.log

Date and Time: Wed May 27 23:06:56 2020
