IQ-TREE multicore version 2.0.5 for Linux 64-bit built May 15 2020
Developed by Bui Quang Minh, Nguyen Lam Tung, Olga Chernomor,
Heiko Schmidt, Dominik Schrempf, Michael Woodhams.

Host:    cip2ryzen1.cip.ph.tum.de (AVX2, FMA3, 15 GB RAM)
Command: ../iqtree-2.0.5-Linux/bin/iqtree2 -s /scratch/ga42vor/simulating_quartets/accuracy_comparision/training3_nohet_7/training3_nohet_7.fasta -redo -m WAG
Seed:    960963 (Using SPRNG - Scalable Parallel Random Number Generator)
Time:    Thu May 28 17:12:14 2020
Kernel:  AVX+FMA - 1 threads (16 CPU cores detected)

HINT: Use -nt option to specify number of threads because your CPU has 16 cores!
HINT: -nt AUTO will automatically determine the best number of threads to use.

Reading alignment file /scratch/ga42vor/simulating_quartets/accuracy_comparision/training3_nohet_7/training3_nohet_7.fasta ... Fasta format detected
Alignment most likely contains protein sequences
Alignment has 20 sequences with 200 columns, 165 distinct patterns
128 parsimony-informative, 20 singleton sites, 52 constant sites
         Gap/Ambiguity  Composition  p-value
   1  taxon0     0.00%    passed     99.19%
   2  taxon1     0.00%    passed     99.44%
   3  taxon2     0.00%    passed     98.00%
   4  taxon3     0.00%    passed     99.91%
   5  taxon4     0.00%    passed     99.20%
   6  taxon5     0.00%    passed     99.69%
   7  taxon6     0.00%    passed     99.07%
   8  taxon7     0.00%    passed     83.87%
   9  taxon8     0.00%    passed     99.82%
  10  taxon9     0.00%    passed     95.42%
  11  taxon10    0.00%    passed     99.69%
  12  taxon11    0.00%    passed     99.96%
  13  taxon12    0.00%    passed     99.92%
  14  taxon13    0.00%    passed     99.87%
  15  taxon14    0.00%    passed     85.90%
  16  taxon15    0.00%    passed     99.51%
  17  taxon16    0.00%    passed     99.99%
  18  taxon17    0.00%    passed     99.99%
  19  taxon18    0.00%    passed     99.99%
  20  taxon19    0.00%    passed     99.74%
****  TOTAL      0.00%  0 sequences failed composition chi2 test (p-value<5%; df=19)

Create initial parsimony tree by phylogenetic likelihood library (PLL)... 0.002 seconds

NOTE: 0 MB RAM (0 GB) is required!
Estimate model parameters (epsilon = 0.100)
1. Initial log-likelihood: -3703.763
Optimal log-likelihood: -3690.734
Parameters optimization took 1 rounds (0.005 sec)
Computing ML distances based on estimated model parameters... 0.008 sec
Computing BIONJ tree...
0.000 seconds
Log-likelihood of BIONJ tree: -3700.780
--------------------------------------------------------------------
|             INITIALIZING CANDIDATE TREE SET                      |
--------------------------------------------------------------------
Generating 98 parsimony trees... 0.176 second
Computing log-likelihood of 98 initial trees ... 0.173 seconds
Current best score: -3690.734

Do NNI search on 20 best initial trees
Estimate model parameters (epsilon = 0.100)
BETTER TREE FOUND at iteration 1: -3690.564
Estimate model parameters (epsilon = 0.100)
BETTER TREE FOUND at iteration 10: -3689.914
Iteration 10 / LogL: -3689.914 / Time: 0h:0m:0s
Estimate model parameters (epsilon = 0.100)
BETTER TREE FOUND at iteration 12: -3689.865
Iteration 20 / LogL: -3693.034 / Time: 0h:0m:0s
Finish initializing candidate tree set (9)
Current best tree score: -3689.865 / CPU time: 0.718
Number of iterations: 20
--------------------------------------------------------------------
|               OPTIMIZING CANDIDATE TREE SET                      |
--------------------------------------------------------------------
Iteration 30 / LogL: -3689.924 / Time: 0h:0m:1s (0h:0m:2s left)
Iteration 40 / LogL: -3690.572 / Time: 0h:0m:1s (0h:0m:2s left)
Iteration 50 / LogL: -3690.613 / Time: 0h:0m:1s (0h:0m:1s left)
Iteration 60 / LogL: -3689.866 / Time: 0h:0m:1s (0h:0m:1s left)
Iteration 70 / LogL: -3690.568 / Time: 0h:0m:2s (0h:0m:1s left)
Iteration 80 / LogL: -3703.130 / Time: 0h:0m:2s (0h:0m:0s left)
Iteration 90 / LogL: -3690.571 / Time: 0h:0m:2s (0h:0m:0s left)
Iteration 100 / LogL: -3797.630 / Time: 0h:0m:2s (0h:0m:0s left)
Iteration 110 / LogL: -3690.568 / Time: 0h:0m:3s (0h:0m:0s left)
TREE SEARCH COMPLETED AFTER 113 ITERATIONS / Time: 0h:0m:3s

--------------------------------------------------------------------
|                    FINALIZING TREE SEARCH                        |
--------------------------------------------------------------------
Performs final model parameters optimization
Estimate model parameters (epsilon = 0.010)
1. Initial log-likelihood: -3689.865
Optimal log-likelihood: -3689.865
Parameters optimization took 1 rounds (0.003 sec)
BEST SCORE FOUND : -3689.865
Total tree length: 2.672

Total number of iterations: 113
CPU time used for tree search: 3.204 sec (0h:0m:3s)
Wall-clock time used for tree search: 3.204 sec (0h:0m:3s)
Total CPU time used: 3.244 sec (0h:0m:3s)
Total wall-clock time used: 3.245 sec (0h:0m:3s)

Analysis results written to: 
  IQ-TREE report:                /scratch/ga42vor/simulating_quartets/accuracy_comparision/training3_nohet_7/training3_nohet_7.fasta.iqtree
  Maximum-likelihood tree:       /scratch/ga42vor/simulating_quartets/accuracy_comparision/training3_nohet_7/training3_nohet_7.fasta.treefile
  Likelihood distances:          /scratch/ga42vor/simulating_quartets/accuracy_comparision/training3_nohet_7/training3_nohet_7.fasta.mldist
  Screen log file:               /scratch/ga42vor/simulating_quartets/accuracy_comparision/training3_nohet_7/training3_nohet_7.fasta.log

Date and Time: Thu May 28 17:12:18 2020
