IQ-TREE multicore version 2.0.5 for Linux 64-bit built May 15 2020
Developed by Bui Quang Minh, Nguyen Lam Tung, Olga Chernomor,
Heiko Schmidt, Dominik Schrempf, Michael Woodhams.

Host:    cip2ryzen1.cip.ph.tum.de (AVX2, FMA3, 15 GB RAM)
Command: ../iqtree-2.0.5-Linux/bin/iqtree2 -s /scratch/ga42vor/simulating_quartets/accuracy_comparision/training3_5/training3_5.fasta -redo -m WAG
Seed:    846126 (Using SPRNG - Scalable Parallel Random Number Generator)
Time:    Thu May 28 17:07:06 2020
Kernel:  AVX+FMA - 1 threads (16 CPU cores detected)

HINT: Use -nt option to specify number of threads because your CPU has 16 cores!
HINT: -nt AUTO will automatically determine the best number of threads to use.

Reading alignment file /scratch/ga42vor/simulating_quartets/accuracy_comparision/training3_5/training3_5.fasta ... Fasta format detected
Alignment most likely contains protein sequences
Alignment has 20 sequences with 200 columns, 154 distinct patterns
109 parsimony-informative, 29 singleton sites, 62 constant sites
         Gap/Ambiguity  Composition  p-value
   1  taxon0     0.00%    passed     96.57%
   2  taxon1     0.00%    passed     99.77%
   3  taxon2     0.00%    passed     96.53%
   4  taxon3     0.00%    passed     98.81%
   5  taxon4     0.00%    passed     91.13%
   6  taxon5     0.00%    passed     89.56%
   7  taxon6     0.00%    passed     99.72%
   8  taxon7     0.00%    passed    100.00%
   9  taxon8     0.00%    passed     99.78%
  10  taxon9     0.00%    passed     94.65%
  11  taxon10    0.00%    passed     99.10%
  12  taxon11    0.00%    passed     98.49%
  13  taxon12    0.00%    passed     96.72%
  14  taxon13    0.00%    passed     99.91%
  15  taxon14    0.00%    passed     99.65%
  16  taxon15    0.00%    passed     56.35%
  17  taxon16    0.00%    passed     46.78%
  18  taxon17    0.00%    passed     99.11%
  19  taxon18    0.00%    passed     92.91%
  20  taxon19    0.00%    passed     98.63%
****  TOTAL      0.00%  0 sequences failed composition chi2 test (p-value<5%; df=19)

Create initial parsimony tree by phylogenetic likelihood library (PLL)... 0.001 seconds

NOTE: 0 MB RAM (0 GB) is required!
Estimate model parameters (epsilon = 0.100)
1. Initial log-likelihood: -3621.294
Optimal log-likelihood: -3616.937
Parameters optimization took 1 rounds (0.005 sec)
Computing ML distances based on estimated model parameters... 0.004 sec
Computing BIONJ tree...
0.000 seconds
Log-likelihood of BIONJ tree: -3623.825
--------------------------------------------------------------------
|             INITIALIZING CANDIDATE TREE SET                      |
--------------------------------------------------------------------
Generating 98 parsimony trees... 0.128 second
Computing log-likelihood of 98 initial trees ... 0.171 seconds
Current best score: -3616.937

Do NNI search on 20 best initial trees
Estimate model parameters (epsilon = 0.100)
BETTER TREE FOUND at iteration 1: -3616.937
Iteration 10 / LogL: -3616.988 / Time: 0h:0m:0s
Iteration 20 / LogL: -3616.975 / Time: 0h:0m:0s
Finish initializing candidate tree set (1)
Current best tree score: -3616.937 / CPU time: 0.599
Number of iterations: 20
--------------------------------------------------------------------
|               OPTIMIZING CANDIDATE TREE SET                      |
--------------------------------------------------------------------
Iteration 30 / LogL: -3616.996 / Time: 0h:0m:0s (0h:0m:2s left)
Iteration 40 / LogL: -3616.941 / Time: 0h:0m:1s (0h:0m:1s left)
Iteration 50 / LogL: -3616.980 / Time: 0h:0m:1s (0h:0m:1s left)
Iteration 60 / LogL: -3616.942 / Time: 0h:0m:1s (0h:0m:1s left)
Iteration 70 / LogL: -3616.943 / Time: 0h:0m:1s (0h:0m:0s left)
Iteration 80 / LogL: -3616.937 / Time: 0h:0m:1s (0h:0m:0s left)
Iteration 90 / LogL: -3616.946 / Time: 0h:0m:2s (0h:0m:0s left)
Iteration 100 / LogL: -3616.945 / Time: 0h:0m:2s (0h:0m:0s left)
TREE SEARCH COMPLETED AFTER 102 ITERATIONS / Time: 0h:0m:2s

--------------------------------------------------------------------
|                    FINALIZING TREE SEARCH                        |
--------------------------------------------------------------------
Performs final model parameters optimization
Estimate model parameters (epsilon = 0.010)
1. Initial log-likelihood: -3616.937
Optimal log-likelihood: -3616.937
Parameters optimization took 1 rounds (0.005 sec)
BEST SCORE FOUND : -3616.937
Total tree length: 2.361

Total number of iterations: 102
CPU time used for tree search: 2.252 sec (0h:0m:2s)
Wall-clock time used for tree search: 2.253 sec (0h:0m:2s)
Total CPU time used: 2.287 sec (0h:0m:2s)
Total wall-clock time used: 2.293 sec (0h:0m:2s)

Analysis results written to: 
  IQ-TREE report:                /scratch/ga42vor/simulating_quartets/accuracy_comparision/training3_5/training3_5.fasta.iqtree
  Maximum-likelihood tree:       /scratch/ga42vor/simulating_quartets/accuracy_comparision/training3_5/training3_5.fasta.treefile
  Likelihood distances:          /scratch/ga42vor/simulating_quartets/accuracy_comparision/training3_5/training3_5.fasta.mldist
  Screen log file:               /scratch/ga42vor/simulating_quartets/accuracy_comparision/training3_5/training3_5.fasta.log

Date and Time: Thu May 28 17:07:09 2020
