IQ-TREE multicore version 2.0.5 for Linux 64-bit built May 15 2020
Developed by Bui Quang Minh, Nguyen Lam Tung, Olga Chernomor,
Heiko Schmidt, Dominik Schrempf, Michael Woodhams.

Host:    cip2ryzen1.cip.ph.tum.de (AVX2, FMA3, 15 GB RAM)
Command: ../iqtree-2.0.5-Linux/bin/iqtree2 -s /scratch/ga42vor/simulating_quartets/accuracy_comparision/training2_nohet_20/training2_nohet_20.fasta -redo -m WAG
Seed:    975448 (Using SPRNG - Scalable Parallel Random Number Generator)
Time:    Thu May 28 16:21:33 2020
Kernel:  AVX+FMA - 1 threads (16 CPU cores detected)

HINT: Use -nt option to specify number of threads because your CPU has 16 cores!
HINT: -nt AUTO will automatically determine the best number of threads to use.

Reading alignment file /scratch/ga42vor/simulating_quartets/accuracy_comparision/training2_nohet_20/training2_nohet_20.fasta ... Fasta format detected
Alignment most likely contains protein sequences
Alignment has 20 sequences with 200 columns, 84 distinct patterns
55 parsimony-informative, 14 singleton sites, 131 constant sites
         Gap/Ambiguity  Composition  p-value
   1  taxon0     0.00%    passed     99.61%
   2  taxon1     0.00%    passed     99.91%
   3  taxon2     0.00%    passed     99.92%
   4  taxon3     0.00%    passed     99.99%
   5  taxon4     0.00%    passed     99.88%
   6  taxon5     0.00%    passed     99.93%
   7  taxon6     0.00%    passed    100.00%
   8  taxon7     0.00%    passed    100.00%
   9  taxon8     0.00%    passed    100.00%
  10  taxon9     0.00%    passed     99.99%
  11  taxon10    0.00%    passed     99.97%
  12  taxon11    0.00%    passed     99.99%
  13  taxon12    0.00%    passed     99.26%
  14  taxon13    0.00%    passed     99.30%
  15  taxon14    0.00%    passed     99.62%
  16  taxon15    0.00%    passed     99.51%
  17  taxon16    0.00%    passed     99.62%
  18  taxon17    0.00%    passed     98.64%
  19  taxon18    0.00%    passed     99.58%
  20  taxon19    0.00%    passed     98.89%
****  TOTAL      0.00%  0 sequences failed composition chi2 test (p-value<5%; df=19)

Create initial parsimony tree by phylogenetic likelihood library (PLL)... 0.001 seconds

NOTE: 0 MB RAM (0 GB) is required!
Estimate model parameters (epsilon = 0.100)
1. Initial log-likelihood: -1391.422
Optimal log-likelihood: -1388.201
Parameters optimization took 1 rounds (0.003 sec)
Computing ML distances based on estimated model parameters... 0.008 sec
Computing BIONJ tree...
0.000 seconds
Log-likelihood of BIONJ tree: -1398.473
--------------------------------------------------------------------
|             INITIALIZING CANDIDATE TREE SET                      |
--------------------------------------------------------------------
Generating 98 parsimony trees... 0.089 second
Computing log-likelihood of 98 initial trees ... 0.102 seconds
Current best score: -1378.776

Do NNI search on 20 best initial trees
Estimate model parameters (epsilon = 0.100)
BETTER TREE FOUND at iteration 1: -1378.768
Estimate model parameters (epsilon = 0.100)
BETTER TREE FOUND at iteration 4: -1378.621
UPDATE BEST LOG-LIKELIHOOD: -1378.621
Iteration 10 / LogL: -1378.621 / Time: 0h:0m:0s
Iteration 20 / LogL: -1387.104 / Time: 0h:0m:0s
Finish initializing candidate tree set (9)
Current best tree score: -1378.621 / CPU time: 0.365
Number of iterations: 20
--------------------------------------------------------------------
|               OPTIMIZING CANDIDATE TREE SET                      |
--------------------------------------------------------------------
Iteration 30 / LogL: -1378.768 / Time: 0h:0m:0s (0h:0m:1s left)
Iteration 40 / LogL: -1382.106 / Time: 0h:0m:0s (0h:0m:1s left)
Iteration 50 / LogL: -1382.106 / Time: 0h:0m:0s (0h:0m:0s left)
Iteration 60 / LogL: -1378.768 / Time: 0h:0m:1s (0h:0m:0s left)
Iteration 70 / LogL: -1387.008 / Time: 0h:0m:1s (0h:0m:0s left)
Iteration 80 / LogL: -1379.074 / Time: 0h:0m:1s (0h:0m:0s left)
Iteration 90 / LogL: -1378.621 / Time: 0h:0m:1s (0h:0m:0s left)
Iteration 100 / LogL: -1380.151 / Time: 0h:0m:1s (0h:0m:0s left)
TREE SEARCH COMPLETED AFTER 105 ITERATIONS / Time: 0h:0m:1s

--------------------------------------------------------------------
|                    FINALIZING TREE SEARCH                        |
--------------------------------------------------------------------
Performs final model parameters optimization
Estimate model parameters (epsilon = 0.010)
1. Initial log-likelihood: -1378.621
Optimal log-likelihood: -1378.621
Parameters optimization took 1 rounds (0.002 sec)
BEST SCORE FOUND : -1378.621
Total tree length: 0.573

Total number of iterations: 105
CPU time used for tree search: 1.672 sec (0h:0m:1s)
Wall-clock time used for tree search: 1.672 sec (0h:0m:1s)
Total CPU time used: 1.704 sec (0h:0m:1s)
Total wall-clock time used: 1.705 sec (0h:0m:1s)

Analysis results written to: 
  IQ-TREE report:                /scratch/ga42vor/simulating_quartets/accuracy_comparision/training2_nohet_20/training2_nohet_20.fasta.iqtree
  Maximum-likelihood tree:       /scratch/ga42vor/simulating_quartets/accuracy_comparision/training2_nohet_20/training2_nohet_20.fasta.treefile
  Likelihood distances:          /scratch/ga42vor/simulating_quartets/accuracy_comparision/training2_nohet_20/training2_nohet_20.fasta.mldist
  Screen log file:               /scratch/ga42vor/simulating_quartets/accuracy_comparision/training2_nohet_20/training2_nohet_20.fasta.log

Date and Time: Thu May 28 16:21:35 2020
