IQ-TREE multicore version 2.0.5 for Linux 64-bit built May 15 2020
Developed by Bui Quang Minh, Nguyen Lam Tung, Olga Chernomor,
Heiko Schmidt, Dominik Schrempf, Michael Woodhams.

Host:    cip2ryzen1.cip.ph.tum.de (AVX2, FMA3, 15 GB RAM)
Command: ../iqtree-2.0.5-Linux/bin/iqtree2 -s /scratch/ga42vor/simulating_quartets/accuracy_comparision/training1_38/training1_38.fasta -m WAG -redo
Seed:    302227 (Using SPRNG - Scalable Parallel Random Number Generator)
Time:    Wed May 27 23:02:12 2020
Kernel:  AVX+FMA - 1 threads (16 CPU cores detected)

HINT: Use -nt option to specify number of threads because your CPU has 16 cores!
HINT: -nt AUTO will automatically determine the best number of threads to use.

Reading alignment file /scratch/ga42vor/simulating_quartets/accuracy_comparision/training1_38/training1_38.fasta ... Fasta format detected
Alignment most likely contains protein sequences
Alignment has 20 sequences with 200 columns, 186 distinct patterns
154 parsimony-informative, 18 singleton sites, 28 constant sites
         Gap/Ambiguity  Composition  p-value
   1  taxon0     0.00%    passed     76.40%
   2  taxon1     0.00%    passed     98.04%
   3  taxon2     0.00%    passed     93.87%
   4  taxon3     0.00%    passed     73.60%
   5  taxon4     0.00%    passed     55.97%
   6  taxon5     0.00%    passed     45.67%
   7  taxon6     0.00%    passed     96.73%
   8  taxon7     0.00%    passed     98.26%
   9  taxon8     0.00%    passed     86.31%
  10  taxon9     0.00%    passed     99.68%
  11  taxon10    0.00%    passed     99.87%
  12  taxon11    0.00%    passed     96.31%
  13  taxon12    0.00%    passed     99.93%
  14  taxon13    0.00%    passed     96.21%
  15  taxon14    0.00%    passed     97.76%
  16  taxon15    0.00%    passed     32.47%
  17  taxon16    0.00%    passed     96.39%
  18  taxon17    0.00%    passed     57.56%
  19  taxon18    0.00%    passed     63.62%
  20  taxon19    0.00%    passed     66.44%
****  TOTAL      0.00%  0 sequences failed composition chi2 test (p-value<5%; df=19)

Create initial parsimony tree by phylogenetic likelihood library (PLL)... 0.001 seconds

NOTE: 0 MB RAM (0 GB) is required!
Estimate model parameters (epsilon = 0.100)
1. Initial log-likelihood: -5181.397
Optimal log-likelihood: -5172.148
Parameters optimization took 1 rounds (0.007 sec)
Computing ML distances based on estimated model parameters... 0.012 sec
Computing BIONJ tree...
0.000 seconds
Log-likelihood of BIONJ tree: -5174.539
--------------------------------------------------------------------
|             INITIALIZING CANDIDATE TREE SET                      |
--------------------------------------------------------------------
Generating 98 parsimony trees... 0.139 second
Computing log-likelihood of 98 initial trees ... 0.201 seconds
Current best score: -5172.148

Do NNI search on 20 best initial trees
Estimate model parameters (epsilon = 0.100)
BETTER TREE FOUND at iteration 1: -5172.148
Iteration 10 / LogL: -5172.220 / Time: 0h:0m:0s
Iteration 20 / LogL: -5172.190 / Time: 0h:0m:0s
Finish initializing candidate tree set (2)
Current best tree score: -5172.148 / CPU time: 0.706
Number of iterations: 20
--------------------------------------------------------------------
|               OPTIMIZING CANDIDATE TREE SET                      |
--------------------------------------------------------------------
Iteration 30 / LogL: -5172.176 / Time: 0h:0m:0s (0h:0m:2s left)
Iteration 40 / LogL: -5172.210 / Time: 0h:0m:1s (0h:0m:1s left)
Iteration 50 / LogL: -5172.150 / Time: 0h:0m:1s (0h:0m:1s left)
Iteration 60 / LogL: -5172.285 / Time: 0h:0m:1s (0h:0m:1s left)
Iteration 70 / LogL: -5172.707 / Time: 0h:0m:2s (0h:0m:0s left)
Iteration 80 / LogL: -5172.149 / Time: 0h:0m:2s (0h:0m:0s left)
Iteration 90 / LogL: -5172.172 / Time: 0h:0m:2s (0h:0m:0s left)
Iteration 100 / LogL: -5172.173 / Time: 0h:0m:2s (0h:0m:0s left)
TREE SEARCH COMPLETED AFTER 102 ITERATIONS / Time: 0h:0m:2s

--------------------------------------------------------------------
|                    FINALIZING TREE SEARCH                        |
--------------------------------------------------------------------
Performs final model parameters optimization
Estimate model parameters (epsilon = 0.010)
1. Initial log-likelihood: -5172.148
Optimal log-likelihood: -5172.148
Parameters optimization took 1 rounds (0.003 sec)
BEST SCORE FOUND : -5172.148
Total tree length: 4.359

Total number of iterations: 102
CPU time used for tree search: 2.837 sec (0h:0m:2s)
Wall-clock time used for tree search: 2.838 sec (0h:0m:2s)
Total CPU time used: 2.876 sec (0h:0m:2s)
Total wall-clock time used: 2.877 sec (0h:0m:2s)

Analysis results written to: 
  IQ-TREE report:                /scratch/ga42vor/simulating_quartets/accuracy_comparision/training1_38/training1_38.fasta.iqtree
  Maximum-likelihood tree:       /scratch/ga42vor/simulating_quartets/accuracy_comparision/training1_38/training1_38.fasta.treefile
  Likelihood distances:          /scratch/ga42vor/simulating_quartets/accuracy_comparision/training1_38/training1_38.fasta.mldist
  Screen log file:               /scratch/ga42vor/simulating_quartets/accuracy_comparision/training1_38/training1_38.fasta.log

Date and Time: Wed May 27 23:02:15 2020
