IQ-TREE multicore version 2.0.5 for Linux 64-bit built May 15 2020
Developed by Bui Quang Minh, Nguyen Lam Tung, Olga Chernomor,
Heiko Schmidt, Dominik Schrempf, Michael Woodhams.

Host:    cip2ryzen1.cip.ph.tum.de (AVX2, FMA3, 15 GB RAM)
Command: ../iqtree-2.0.5-Linux/bin/iqtree2 -s /scratch/ga42vor/simulating_quartets/accuracy_comparision/training3_20/training3_20.fasta -redo -m WAG
Seed:    428873 (Using SPRNG - Scalable Parallel Random Number Generator)
Time:    Thu May 28 17:07:40 2020
Kernel:  AVX+FMA - 1 threads (16 CPU cores detected)

HINT: Use -nt option to specify number of threads because your CPU has 16 cores!
HINT: -nt AUTO will automatically determine the best number of threads to use.

Reading alignment file /scratch/ga42vor/simulating_quartets/accuracy_comparision/training3_20/training3_20.fasta ... Fasta format detected
Alignment most likely contains protein sequences
Alignment has 20 sequences with 200 columns, 138 distinct patterns
102 parsimony-informative, 19 singleton sites, 79 constant sites
         Gap/Ambiguity  Composition  p-value
   1  taxon0     0.00%    passed    100.00%
   2  taxon1     0.00%    passed     99.99%
   3  taxon2     0.00%    passed     99.54%
   4  taxon3     0.00%    passed     98.52%
   5  taxon4     0.00%    passed     99.89%
   6  taxon5     0.00%    passed     99.97%
   7  taxon6     0.00%    passed     99.99%
   8  taxon7     0.00%    passed     99.83%
   9  taxon8     0.00%    passed     97.65%
  10  taxon9     0.00%    passed     90.00%
  11  taxon10    0.00%    passed     96.75%
  12  taxon11    0.00%    passed     99.15%
  13  taxon12    0.00%    passed     97.79%
  14  taxon13    0.00%    passed     92.98%
  15  taxon14    0.00%    passed     97.93%
  16  taxon15    0.00%    passed     88.01%
  17  taxon16    0.00%    passed     99.47%
  18  taxon17    0.00%    passed     99.38%
  19  taxon18    0.00%    passed     97.56%
  20  taxon19    0.00%    passed     93.74%
****  TOTAL      0.00%  0 sequences failed composition chi2 test (p-value<5%; df=19)

Create initial parsimony tree by phylogenetic likelihood library (PLL)... 0.001 seconds

NOTE: 0 MB RAM (0 GB) is required!
Estimate model parameters (epsilon = 0.100)
1. Initial log-likelihood: -3528.388
Optimal log-likelihood: -3523.406
Parameters optimization took 1 rounds (0.005 sec)
Computing ML distances based on estimated model parameters... 0.011 sec
Computing BIONJ tree...
0.000 seconds
Log-likelihood of BIONJ tree: -3523.406
--------------------------------------------------------------------
|             INITIALIZING CANDIDATE TREE SET                      |
--------------------------------------------------------------------
Generating 99 parsimony trees... 0.122 second
Computing log-likelihood of 99 initial trees ... 0.159 seconds
Current best score: -3523.406

Do NNI search on 20 best initial trees
Estimate model parameters (epsilon = 0.100)
BETTER TREE FOUND at iteration 1: -3523.406
Iteration 10 / LogL: -3523.409 / Time: 0h:0m:0s
Iteration 20 / LogL: -3523.431 / Time: 0h:0m:0s
Finish initializing candidate tree set (2)
Current best tree score: -3523.406 / CPU time: 0.562
Number of iterations: 20
--------------------------------------------------------------------
|               OPTIMIZING CANDIDATE TREE SET                      |
--------------------------------------------------------------------
Iteration 30 / LogL: -3558.874 / Time: 0h:0m:0s (0h:0m:1s left)
Iteration 40 / LogL: -3523.642 / Time: 0h:0m:0s (0h:0m:1s left)
Iteration 50 / LogL: -3523.429 / Time: 0h:0m:1s (0h:0m:1s left)
UPDATE BEST LOG-LIKELIHOOD: -3523.406
Iteration 60 / LogL: -3523.480 / Time: 0h:0m:1s (0h:0m:0s left)
Iteration 70 / LogL: -3523.410 / Time: 0h:0m:1s (0h:0m:0s left)
Iteration 80 / LogL: -3523.434 / Time: 0h:0m:1s (0h:0m:0s left)
Iteration 90 / LogL: -3523.416 / Time: 0h:0m:1s (0h:0m:0s left)
Iteration 100 / LogL: -3523.440 / Time: 0h:0m:2s (0h:0m:0s left)
TREE SEARCH COMPLETED AFTER 102 ITERATIONS / Time: 0h:0m:2s

--------------------------------------------------------------------
|                    FINALIZING TREE SEARCH                        |
--------------------------------------------------------------------
Performs final model parameters optimization
Estimate model parameters (epsilon = 0.010)
1. Initial log-likelihood: -3523.406
Optimal log-likelihood: -3523.406
Parameters optimization took 1 rounds (0.004 sec)
BEST SCORE FOUND : -3523.406
Total tree length: 2.391

Total number of iterations: 102
CPU time used for tree search: 2.176 sec (0h:0m:2s)
Wall-clock time used for tree search: 2.177 sec (0h:0m:2s)
Total CPU time used: 2.213 sec (0h:0m:2s)
Total wall-clock time used: 2.214 sec (0h:0m:2s)

Analysis results written to: 
  IQ-TREE report:                /scratch/ga42vor/simulating_quartets/accuracy_comparision/training3_20/training3_20.fasta.iqtree
  Maximum-likelihood tree:       /scratch/ga42vor/simulating_quartets/accuracy_comparision/training3_20/training3_20.fasta.treefile
  Likelihood distances:          /scratch/ga42vor/simulating_quartets/accuracy_comparision/training3_20/training3_20.fasta.mldist
  Screen log file:               /scratch/ga42vor/simulating_quartets/accuracy_comparision/training3_20/training3_20.fasta.log

Date and Time: Thu May 28 17:07:42 2020
