IQ-TREE multicore version 2.0.5 for Linux 64-bit built May 15 2020
Developed by Bui Quang Minh, Nguyen Lam Tung, Olga Chernomor,
Heiko Schmidt, Dominik Schrempf, Michael Woodhams.

Host:    cip2ryzen1.cip.ph.tum.de (AVX2, FMA3, 15 GB RAM)
Command: ../iqtree-2.0.5-Linux/bin/iqtree2 -s /scratch/ga42vor/simulating_quartets/accuracy_comparision/training2_32/training2_32.fasta -redo -m WAG
Seed:    750555 (Using SPRNG - Scalable Parallel Random Number Generator)
Time:    Thu May 28 17:06:10 2020
Kernel:  AVX+FMA - 1 threads (16 CPU cores detected)

HINT: Use -nt option to specify number of threads because your CPU has 16 cores!
HINT: -nt AUTO will automatically determine the best number of threads to use.

Reading alignment file /scratch/ga42vor/simulating_quartets/accuracy_comparision/training2_32/training2_32.fasta ... Fasta format detected
Alignment most likely contains protein sequences
Alignment has 20 sequences with 200 columns, 103 distinct patterns
69 parsimony-informative, 15 singleton sites, 115 constant sites
         Gap/Ambiguity  Composition  p-value
   1  taxon0     0.00%    passed     99.94%
   2  taxon1     0.00%    passed     99.58%
   3  taxon2     0.00%    passed     99.87%
   4  taxon3     0.00%    passed     99.98%
   5  taxon4     0.00%    passed     99.94%
   6  taxon5     0.00%    passed     99.98%
   7  taxon6     0.00%    passed     99.97%
   8  taxon7     0.00%    passed    100.00%
   9  taxon8     0.00%    passed    100.00%
  10  taxon9     0.00%    passed     99.99%
  11  taxon10    0.00%    passed    100.00%
  12  taxon11    0.00%    passed     99.90%
  13  taxon12    0.00%    passed     99.98%
  14  taxon13    0.00%    passed     99.97%
  15  taxon14    0.00%    passed     99.64%
  16  taxon15    0.00%    passed     97.75%
  17  taxon16    0.00%    passed     94.08%
  18  taxon17    0.00%    passed     94.26%
  19  taxon18    0.00%    passed     99.25%
  20  taxon19    0.00%    passed     99.93%
****  TOTAL      0.00%  0 sequences failed composition chi2 test (p-value<5%; df=19)

Create initial parsimony tree by phylogenetic likelihood library (PLL)... 0.002 seconds

NOTE: 0 MB RAM (0 GB) is required!
Estimate model parameters (epsilon = 0.100)
1. Initial log-likelihood: -2574.764
Optimal log-likelihood: -2568.730
Parameters optimization took 1 rounds (0.004 sec)
Computing ML distances based on estimated model parameters... 0.007 sec
Computing BIONJ tree...
0.000 seconds
Log-likelihood of BIONJ tree: -2573.655
--------------------------------------------------------------------
|             INITIALIZING CANDIDATE TREE SET                      |
--------------------------------------------------------------------
Generating 98 parsimony trees... 0.115 second
Computing log-likelihood of 98 initial trees ... 0.124 seconds
Current best score: -2567.642

Do NNI search on 20 best initial trees
Estimate model parameters (epsilon = 0.100)
BETTER TREE FOUND at iteration 1: -2567.563
Iteration 10 / LogL: -2567.569 / Time: 0h:0m:0s
Iteration 20 / LogL: -2567.578 / Time: 0h:0m:0s
Finish initializing candidate tree set (1)
Current best tree score: -2567.563 / CPU time: 0.451
Number of iterations: 20
--------------------------------------------------------------------
|               OPTIMIZING CANDIDATE TREE SET                      |
--------------------------------------------------------------------
UPDATE BEST LOG-LIKELIHOOD: -2567.563
Iteration 30 / LogL: -2567.563 / Time: 0h:0m:0s (0h:0m:1s left)
Iteration 40 / LogL: -2574.071 / Time: 0h:0m:0s (0h:0m:1s left)
Iteration 50 / LogL: -2567.599 / Time: 0h:0m:0s (0h:0m:0s left)
Iteration 60 / LogL: -2567.775 / Time: 0h:0m:1s (0h:0m:0s left)
Iteration 70 / LogL: -2567.573 / Time: 0h:0m:1s (0h:0m:0s left)
Iteration 80 / LogL: -2567.563 / Time: 0h:0m:1s (0h:0m:0s left)
Iteration 90 / LogL: -2567.563 / Time: 0h:0m:1s (0h:0m:0s left)
Iteration 100 / LogL: -2567.578 / Time: 0h:0m:1s (0h:0m:0s left)
TREE SEARCH COMPLETED AFTER 102 ITERATIONS / Time: 0h:0m:1s

--------------------------------------------------------------------
|                    FINALIZING TREE SEARCH                        |
--------------------------------------------------------------------
Performs final model parameters optimization
Estimate model parameters (epsilon = 0.010)
1. Initial log-likelihood: -2567.563
Optimal log-likelihood: -2567.563
Parameters optimization took 1 rounds (0.002 sec)
BEST SCORE FOUND : -2567.563
Total tree length: 1.457

Total number of iterations: 102
CPU time used for tree search: 1.692 sec (0h:0m:1s)
Wall-clock time used for tree search: 1.692 sec (0h:0m:1s)
Total CPU time used: 1.722 sec (0h:0m:1s)
Total wall-clock time used: 1.723 sec (0h:0m:1s)

Analysis results written to: 
  IQ-TREE report:                /scratch/ga42vor/simulating_quartets/accuracy_comparision/training2_32/training2_32.fasta.iqtree
  Maximum-likelihood tree:       /scratch/ga42vor/simulating_quartets/accuracy_comparision/training2_32/training2_32.fasta.treefile
  Likelihood distances:          /scratch/ga42vor/simulating_quartets/accuracy_comparision/training2_32/training2_32.fasta.mldist
  Screen log file:               /scratch/ga42vor/simulating_quartets/accuracy_comparision/training2_32/training2_32.fasta.log

Date and Time: Thu May 28 17:06:12 2020
