IQ-TREE multicore version 2.0.5 for Linux 64-bit built May 15 2020
Developed by Bui Quang Minh, Nguyen Lam Tung, Olga Chernomor,
Heiko Schmidt, Dominik Schrempf, Michael Woodhams.

Host:    cip2ryzen1.cip.ph.tum.de (AVX2, FMA3, 15 GB RAM)
Command: ../iqtree-2.0.5-Linux/bin/iqtree2 -s /scratch/ga42vor/simulating_quartets/accuracy_comparision/training2_8/training2_8.fasta -m WAG -redo
Seed:    537162 (Using SPRNG - Scalable Parallel Random Number Generator)
Time:    Wed May 27 23:05:51 2020
Kernel:  AVX+FMA - 1 threads (16 CPU cores detected)

HINT: Use -nt option to specify number of threads because your CPU has 16 cores!
HINT: -nt AUTO will automatically determine the best number of threads to use.

Reading alignment file /scratch/ga42vor/simulating_quartets/accuracy_comparision/training2_8/training2_8.fasta ... Fasta format detected
Alignment most likely contains protein sequences
Alignment has 20 sequences with 200 columns, 200 distinct patterns
177 parsimony-informative, 21 singleton sites, 2 constant sites
         Gap/Ambiguity  Composition  p-value
   1  taxon0     0.00%    passed     99.85%
   2  taxon1     0.00%    passed     23.00%
   3  taxon2     0.00%    passed     44.90%
   4  taxon3     0.00%    passed     98.54%
   5  taxon4     0.00%    passed     75.65%
   6  taxon5     0.00%    passed     96.92%
   7  taxon6     0.00%    passed     96.94%
   8  taxon7     0.00%    passed     95.35%
   9  taxon8     0.00%    passed     15.32%
  10  taxon9     0.00%    passed     83.98%
  11  taxon10    0.00%    passed     98.64%
  12  taxon11    0.00%    passed     41.98%
  13  taxon12    0.00%    passed     99.57%
  14  taxon13    0.00%    passed     79.86%
  15  taxon14    0.00%    passed     46.52%
  16  taxon15    0.00%    passed     99.30%
  17  taxon16    0.00%    passed     84.97%
  18  taxon17    0.00%    passed     72.60%
  19  taxon18    0.00%    passed     83.63%
  20  taxon19    0.00%    passed     59.83%
****  TOTAL      0.00%  0 sequences failed composition chi2 test (p-value<5%; df=19)

Create initial parsimony tree by phylogenetic likelihood library (PLL)... 0.003 seconds

NOTE: 0 MB RAM (0 GB) is required!
Estimate model parameters (epsilon = 0.100)
1. Initial log-likelihood: -7982.427
Optimal log-likelihood: -7955.092
Parameters optimization took 1 rounds (0.006 sec)
Computing ML distances based on estimated model parameters... 0.010 sec
Computing BIONJ tree...
0.000 seconds
Log-likelihood of BIONJ tree: -7954.815
--------------------------------------------------------------------
|             INITIALIZING CANDIDATE TREE SET                      |
--------------------------------------------------------------------
Generating 98 parsimony trees... 0.150 second
Computing log-likelihood of 98 initial trees ... 0.210 seconds
Current best score: -7951.395

Do NNI search on 20 best initial trees
Estimate model parameters (epsilon = 0.100)
BETTER TREE FOUND at iteration 1: -7950.935
Iteration 10 / LogL: -7951.096 / Time: 0h:0m:0s
Iteration 20 / LogL: -7950.941 / Time: 0h:0m:0s
Finish initializing candidate tree set (1)
Current best tree score: -7950.935 / CPU time: 0.748
Number of iterations: 20
--------------------------------------------------------------------
|               OPTIMIZING CANDIDATE TREE SET                      |
--------------------------------------------------------------------
Iteration 30 / LogL: -7950.938 / Time: 0h:0m:1s (0h:0m:2s left)
Iteration 40 / LogL: -7951.004 / Time: 0h:0m:1s (0h:0m:2s left)
Iteration 50 / LogL: -7951.043 / Time: 0h:0m:1s (0h:0m:1s left)
Iteration 60 / LogL: -7950.959 / Time: 0h:0m:1s (0h:0m:1s left)
Iteration 70 / LogL: -7950.938 / Time: 0h:0m:2s (0h:0m:0s left)
Iteration 80 / LogL: -7950.942 / Time: 0h:0m:2s (0h:0m:0s left)
Iteration 90 / LogL: -7950.938 / Time: 0h:0m:2s (0h:0m:0s left)
Iteration 100 / LogL: -7950.949 / Time: 0h:0m:3s (0h:0m:0s left)
TREE SEARCH COMPLETED AFTER 102 ITERATIONS / Time: 0h:0m:3s

--------------------------------------------------------------------
|                    FINALIZING TREE SEARCH                        |
--------------------------------------------------------------------
Performs final model parameters optimization
Estimate model parameters (epsilon = 0.010)
1. Initial log-likelihood: -7950.935
Optimal log-likelihood: -7950.935
Parameters optimization took 1 rounds (0.003 sec)
BEST SCORE FOUND : -7950.935
Total tree length: 8.933

Total number of iterations: 102
CPU time used for tree search: 3.031 sec (0h:0m:3s)
Wall-clock time used for tree search: 3.031 sec (0h:0m:3s)
Total CPU time used: 3.069 sec (0h:0m:3s)
Total wall-clock time used: 3.070 sec (0h:0m:3s)

Analysis results written to: 
  IQ-TREE report:                /scratch/ga42vor/simulating_quartets/accuracy_comparision/training2_8/training2_8.fasta.iqtree
  Maximum-likelihood tree:       /scratch/ga42vor/simulating_quartets/accuracy_comparision/training2_8/training2_8.fasta.treefile
  Likelihood distances:          /scratch/ga42vor/simulating_quartets/accuracy_comparision/training2_8/training2_8.fasta.mldist
  Screen log file:               /scratch/ga42vor/simulating_quartets/accuracy_comparision/training2_8/training2_8.fasta.log

Date and Time: Wed May 27 23:05:54 2020
