IQ-TREE multicore version 2.0.5 for Linux 64-bit built May 15 2020
Developed by Bui Quang Minh, Nguyen Lam Tung, Olga Chernomor,
Heiko Schmidt, Dominik Schrempf, Michael Woodhams.

Host:    cip2ryzen1.cip.ph.tum.de (AVX2, FMA3, 15 GB RAM)
Command: ../iqtree-2.0.5-Linux/bin/iqtree2 -s /scratch/ga42vor/simulating_quartets/accuracy_comparision/training2_nohet_39/training2_nohet_39.fasta -redo -m WAG
Seed:    874150 (Using SPRNG - Scalable Parallel Random Number Generator)
Time:    Thu May 28 16:22:04 2020
Kernel:  AVX+FMA - 1 threads (16 CPU cores detected)

HINT: Use -nt option to specify number of threads because your CPU has 16 cores!
HINT: -nt AUTO will automatically determine the best number of threads to use.

Reading alignment file /scratch/ga42vor/simulating_quartets/accuracy_comparision/training2_nohet_39/training2_nohet_39.fasta ... Fasta format detected
Alignment most likely contains protein sequences
Alignment has 20 sequences with 200 columns, 83 distinct patterns
56 parsimony-informative, 10 singleton sites, 134 constant sites
         Gap/Ambiguity  Composition  p-value
   1  taxon0     0.00%    passed     99.99%
   2  taxon1     0.00%    passed     99.96%
   3  taxon2     0.00%    passed    100.00%
   4  taxon3     0.00%    passed     99.99%
   5  taxon4     0.00%    passed    100.00%
   6  taxon5     0.00%    passed    100.00%
   7  taxon6     0.00%    passed    100.00%
   8  taxon7     0.00%    passed     99.98%
   9  taxon8     0.00%    passed    100.00%
  10  taxon9     0.00%    passed    100.00%
  11  taxon10    0.00%    passed    100.00%
  12  taxon11    0.00%    passed    100.00%
  13  taxon12    0.00%    passed     99.77%
  14  taxon13    0.00%    passed     99.88%
  15  taxon14    0.00%    passed     99.68%
  16  taxon15    0.00%    passed     99.87%
  17  taxon16    0.00%    passed     99.17%
  18  taxon17    0.00%    passed     99.83%
  19  taxon18    0.00%    passed     99.90%
  20  taxon19    0.00%    passed     99.87%
****  TOTAL      0.00%  0 sequences failed composition chi2 test (p-value<5%; df=19)

Create initial parsimony tree by phylogenetic likelihood library (PLL)... 0.001 seconds

NOTE: 0 MB RAM (0 GB) is required!
Estimate model parameters (epsilon = 0.100)
1. Initial log-likelihood: -1298.350
Optimal log-likelihood: -1298.230
Parameters optimization took 1 rounds (0.003 sec)
Computing ML distances based on estimated model parameters... 0.008 sec
Computing BIONJ tree...
0.000 seconds
Log-likelihood of BIONJ tree: -1303.657
--------------------------------------------------------------------
|             INITIALIZING CANDIDATE TREE SET                      |
--------------------------------------------------------------------
Generating 98 parsimony trees... 0.090 second
Computing log-likelihood of 98 initial trees ... 0.099 seconds
Current best score: -1294.106

Do NNI search on 20 best initial trees
Estimate model parameters (epsilon = 0.100)
BETTER TREE FOUND at iteration 1: -1294.092
BETTER TREE FOUND at iteration 8: -1294.092
Iteration 10 / LogL: -1296.499 / Time: 0h:0m:0s
Iteration 20 / LogL: -1295.452 / Time: 0h:0m:0s
Finish initializing candidate tree set (13)
Current best tree score: -1294.092 / CPU time: 0.348
Number of iterations: 20
--------------------------------------------------------------------
|               OPTIMIZING CANDIDATE TREE SET                      |
--------------------------------------------------------------------
UPDATE BEST LOG-LIKELIHOOD: -1294.092
Iteration 30 / LogL: -1499.846 / Time: 0h:0m:0s (0h:0m:1s left)
Iteration 40 / LogL: -1294.092 / Time: 0h:0m:0s (0h:0m:1s left)
Iteration 50 / LogL: -1294.092 / Time: 0h:0m:0s (0h:0m:0s left)
Iteration 60 / LogL: -1294.092 / Time: 0h:0m:0s (0h:0m:0s left)
Iteration 70 / LogL: -1294.092 / Time: 0h:0m:1s (0h:0m:0s left)
UPDATE BEST LOG-LIKELIHOOD: -1294.092
Iteration 80 / LogL: -1294.092 / Time: 0h:0m:1s (0h:0m:0s left)
Iteration 90 / LogL: -1294.092 / Time: 0h:0m:1s (0h:0m:0s left)
Iteration 100 / LogL: -1294.092 / Time: 0h:0m:1s (0h:0m:0s left)
TREE SEARCH COMPLETED AFTER 109 ITERATIONS / Time: 0h:0m:1s

--------------------------------------------------------------------
|                    FINALIZING TREE SEARCH                        |
--------------------------------------------------------------------
Performs final model parameters optimization
Estimate model parameters (epsilon = 0.010)
1. Initial log-likelihood: -1294.092
Optimal log-likelihood: -1294.092
Parameters optimization took 1 rounds (0.001 sec)
BEST SCORE FOUND : -1294.092
Total tree length: 0.521

Total number of iterations: 109
CPU time used for tree search: 1.662 sec (0h:0m:1s)
Wall-clock time used for tree search: 1.662 sec (0h:0m:1s)
Total CPU time used: 1.688 sec (0h:0m:1s)
Total wall-clock time used: 1.688 sec (0h:0m:1s)

Analysis results written to: 
  IQ-TREE report:                /scratch/ga42vor/simulating_quartets/accuracy_comparision/training2_nohet_39/training2_nohet_39.fasta.iqtree
  Maximum-likelihood tree:       /scratch/ga42vor/simulating_quartets/accuracy_comparision/training2_nohet_39/training2_nohet_39.fasta.treefile
  Likelihood distances:          /scratch/ga42vor/simulating_quartets/accuracy_comparision/training2_nohet_39/training2_nohet_39.fasta.mldist
  Screen log file:               /scratch/ga42vor/simulating_quartets/accuracy_comparision/training2_nohet_39/training2_nohet_39.fasta.log

Date and Time: Thu May 28 16:22:06 2020
