IQ-TREE multicore version 2.0.5 for Linux 64-bit built May 15 2020
Developed by Bui Quang Minh, Nguyen Lam Tung, Olga Chernomor,
Heiko Schmidt, Dominik Schrempf, Michael Woodhams.

Host:    cip2ryzen1.cip.ph.tum.de (AVX2, FMA3, 15 GB RAM)
Command: ../iqtree-2.0.5-Linux/bin/iqtree2 -s /scratch/ga42vor/simulating_quartets/accuracy_comparision/training3_19/training3_19.fasta -m WAG -redo
Seed:    460316 (Using SPRNG - Scalable Parallel Random Number Generator)
Time:    Wed May 27 23:03:32 2020
Kernel:  AVX+FMA - 1 threads (16 CPU cores detected)

HINT: Use -nt option to specify number of threads because your CPU has 16 cores!
HINT: -nt AUTO will automatically determine the best number of threads to use.

Reading alignment file /scratch/ga42vor/simulating_quartets/accuracy_comparision/training3_19/training3_19.fasta ... Fasta format detected
Alignment most likely contains protein sequences
Alignment has 20 sequences with 200 columns, 200 distinct patterns
184 parsimony-informative, 15 singleton sites, 1 constant sites
         Gap/Ambiguity  Composition  p-value
   1  taxon0     0.00%    passed      7.62%
   2  taxon1     0.00%    passed     96.01%
   3  taxon2     0.00%    passed     99.97%
   4  taxon3     0.00%    passed     72.58%
   5  taxon4     0.00%    passed     14.17%
   6  taxon5     0.00%    passed     90.10%
   7  taxon6     0.00%    passed     88.27%
   8  taxon7     0.00%    passed     30.55%
   9  taxon8     0.00%    passed     90.56%
  10  taxon9     0.00%    passed     92.10%
  11  taxon10    0.00%    passed     56.52%
  12  taxon11    0.00%    passed     97.23%
  13  taxon12    0.00%    passed     98.80%
  14  taxon13    0.00%    passed     50.30%
  15  taxon14    0.00%    passed     71.19%
  16  taxon15    0.00%    failed      4.42%
  17  taxon16    0.00%    passed     68.05%
  18  taxon17    0.00%    passed     90.42%
  19  taxon18    0.00%    passed     98.49%
  20  taxon19    0.00%    passed     61.19%
****  TOTAL      0.00%  1 sequences failed composition chi2 test (p-value<5%; df=19)

Create initial parsimony tree by phylogenetic likelihood library (PLL)... 0.002 seconds

NOTE: 0 MB RAM (0 GB) is required!
Estimate model parameters (epsilon = 0.100)
1. Initial log-likelihood: -7443.386
Optimal log-likelihood: -7414.388
Parameters optimization took 1 rounds (0.006 sec)
Computing ML distances based on estimated model parameters... 0.009 sec
Computing BIONJ tree...
0.000 seconds
Log-likelihood of BIONJ tree: -7411.832
--------------------------------------------------------------------
|             INITIALIZING CANDIDATE TREE SET                      |
--------------------------------------------------------------------
Generating 98 parsimony trees... 0.178 second
Computing log-likelihood of 98 initial trees ... 0.208 seconds
Current best score: -7408.842

Do NNI search on 20 best initial trees
Estimate model parameters (epsilon = 0.100)
BETTER TREE FOUND at iteration 1: -7407.920
Iteration 10 / LogL: -7407.934 / Time: 0h:0m:0s
Iteration 20 / LogL: -7407.970 / Time: 0h:0m:0s
Finish initializing candidate tree set (1)
Current best tree score: -7407.920 / CPU time: 0.824
Number of iterations: 20
--------------------------------------------------------------------
|               OPTIMIZING CANDIDATE TREE SET                      |
--------------------------------------------------------------------
Iteration 30 / LogL: -7407.958 / Time: 0h:0m:1s (0h:0m:2s left)
Iteration 40 / LogL: -7408.036 / Time: 0h:0m:1s (0h:0m:2s left)
Iteration 50 / LogL: -7408.073 / Time: 0h:0m:1s (0h:0m:1s left)
Iteration 60 / LogL: -7407.963 / Time: 0h:0m:1s (0h:0m:1s left)
Iteration 70 / LogL: -7407.970 / Time: 0h:0m:2s (0h:0m:0s left)
Iteration 80 / LogL: -7407.982 / Time: 0h:0m:2s (0h:0m:0s left)
Iteration 90 / LogL: -7408.001 / Time: 0h:0m:2s (0h:0m:0s left)
Iteration 100 / LogL: -7407.969 / Time: 0h:0m:3s (0h:0m:0s left)
TREE SEARCH COMPLETED AFTER 102 ITERATIONS / Time: 0h:0m:3s

--------------------------------------------------------------------
|                    FINALIZING TREE SEARCH                        |
--------------------------------------------------------------------
Performs final model parameters optimization
Estimate model parameters (epsilon = 0.010)
1. Initial log-likelihood: -7407.920
Optimal log-likelihood: -7407.920
Parameters optimization took 1 rounds (0.004 sec)
BEST SCORE FOUND : -7407.920
Total tree length: 8.505

Total number of iterations: 102
CPU time used for tree search: 3.078 sec (0h:0m:3s)
Wall-clock time used for tree search: 3.079 sec (0h:0m:3s)
Total CPU time used: 3.119 sec (0h:0m:3s)
Total wall-clock time used: 3.120 sec (0h:0m:3s)

Analysis results written to: 
  IQ-TREE report:                /scratch/ga42vor/simulating_quartets/accuracy_comparision/training3_19/training3_19.fasta.iqtree
  Maximum-likelihood tree:       /scratch/ga42vor/simulating_quartets/accuracy_comparision/training3_19/training3_19.fasta.treefile
  Likelihood distances:          /scratch/ga42vor/simulating_quartets/accuracy_comparision/training3_19/training3_19.fasta.mldist
  Screen log file:               /scratch/ga42vor/simulating_quartets/accuracy_comparision/training3_19/training3_19.fasta.log

Date and Time: Wed May 27 23:03:35 2020
