IQ-TREE multicore version 2.0.5 for Linux 64-bit built May 15 2020
Developed by Bui Quang Minh, Nguyen Lam Tung, Olga Chernomor,
Heiko Schmidt, Dominik Schrempf, Michael Woodhams.

Host:    cip2ryzen1.cip.ph.tum.de (AVX2, FMA3, 15 GB RAM)
Command: ../iqtree-2.0.5-Linux/bin/iqtree2 -s /scratch/ga42vor/simulating_quartets/accuracy_comparision/training1_22/training1_22.fasta -redo -m WAG
Seed:    228745 (Using SPRNG - Scalable Parallel Random Number Generator)
Time:    Thu May 28 17:03:51 2020
Kernel:  AVX+FMA - 1 threads (16 CPU cores detected)

HINT: Use -nt option to specify number of threads because your CPU has 16 cores!
HINT: -nt AUTO will automatically determine the best number of threads to use.

Reading alignment file /scratch/ga42vor/simulating_quartets/accuracy_comparision/training1_22/training1_22.fasta ... Fasta format detected
Alignment most likely contains protein sequences
Alignment has 20 sequences with 200 columns, 137 distinct patterns
99 parsimony-informative, 21 singleton sites, 80 constant sites
         Gap/Ambiguity  Composition  p-value
   1  taxon0     0.00%    passed     65.98%
   2  taxon1     0.00%    passed     79.27%
   3  taxon2     0.00%    passed     99.37%
   4  taxon3     0.00%    passed     99.99%
   5  taxon4     0.00%    passed     96.45%
   6  taxon5     0.00%    passed     98.04%
   7  taxon6     0.00%    passed     92.02%
   8  taxon7     0.00%    passed     99.54%
   9  taxon8     0.00%    passed     97.73%
  10  taxon9     0.00%    passed     95.88%
  11  taxon10    0.00%    passed     94.62%
  12  taxon11    0.00%    passed     98.39%
  13  taxon12    0.00%    passed     99.68%
  14  taxon13    0.00%    passed     99.87%
  15  taxon14    0.00%    passed     97.79%
  16  taxon15    0.00%    passed     99.91%
  17  taxon16    0.00%    passed     99.44%
  18  taxon17    0.00%    passed     99.79%
  19  taxon18    0.00%    passed     97.13%
  20  taxon19    0.00%    passed    100.00%
****  TOTAL      0.00%  0 sequences failed composition chi2 test (p-value<5%; df=19)

Create initial parsimony tree by phylogenetic likelihood library (PLL)... 0.001 seconds

NOTE: 0 MB RAM (0 GB) is required!
Estimate model parameters (epsilon = 0.100)
1. Initial log-likelihood: -3375.033
Optimal log-likelihood: -3371.051
Parameters optimization took 1 rounds (0.005 sec)
Computing ML distances based on estimated model parameters... 0.011 sec
Computing BIONJ tree...
0.000 seconds
Log-likelihood of BIONJ tree: -3371.051
--------------------------------------------------------------------
|             INITIALIZING CANDIDATE TREE SET                      |
--------------------------------------------------------------------
Generating 99 parsimony trees... 0.127 second
Computing log-likelihood of 99 initial trees ... 0.162 seconds
Current best score: -3371.051

Do NNI search on 20 best initial trees
Estimate model parameters (epsilon = 0.100)
BETTER TREE FOUND at iteration 1: -3371.051
Iteration 10 / LogL: -3371.062 / Time: 0h:0m:0s
Iteration 20 / LogL: -3371.279 / Time: 0h:0m:0s
Finish initializing candidate tree set (1)
Current best tree score: -3371.051 / CPU time: 0.617
Number of iterations: 20
--------------------------------------------------------------------
|               OPTIMIZING CANDIDATE TREE SET                      |
--------------------------------------------------------------------
Iteration 30 / LogL: -3371.085 / Time: 0h:0m:0s (0h:0m:2s left)
Iteration 40 / LogL: -3371.169 / Time: 0h:0m:1s (0h:0m:1s left)
Iteration 50 / LogL: -3371.077 / Time: 0h:0m:1s (0h:0m:1s left)
Iteration 60 / LogL: -3371.069 / Time: 0h:0m:1s (0h:0m:0s left)
Iteration 70 / LogL: -3371.139 / Time: 0h:0m:1s (0h:0m:0s left)
Iteration 80 / LogL: -3371.080 / Time: 0h:0m:1s (0h:0m:0s left)
Iteration 90 / LogL: -3371.129 / Time: 0h:0m:1s (0h:0m:0s left)
Iteration 100 / LogL: -3371.054 / Time: 0h:0m:2s (0h:0m:0s left)
TREE SEARCH COMPLETED AFTER 102 ITERATIONS / Time: 0h:0m:2s

--------------------------------------------------------------------
|                    FINALIZING TREE SEARCH                        |
--------------------------------------------------------------------
Performs final model parameters optimization
Estimate model parameters (epsilon = 0.010)
1. Initial log-likelihood: -3371.051
Optimal log-likelihood: -3371.051
Parameters optimization took 1 rounds (0.002 sec)
BEST SCORE FOUND : -3371.051
Total tree length: 2.246

Total number of iterations: 102
CPU time used for tree search: 2.192 sec (0h:0m:2s)
Wall-clock time used for tree search: 2.193 sec (0h:0m:2s)
Total CPU time used: 2.226 sec (0h:0m:2s)
Total wall-clock time used: 2.227 sec (0h:0m:2s)

Analysis results written to: 
  IQ-TREE report:                /scratch/ga42vor/simulating_quartets/accuracy_comparision/training1_22/training1_22.fasta.iqtree
  Maximum-likelihood tree:       /scratch/ga42vor/simulating_quartets/accuracy_comparision/training1_22/training1_22.fasta.treefile
  Likelihood distances:          /scratch/ga42vor/simulating_quartets/accuracy_comparision/training1_22/training1_22.fasta.mldist
  Screen log file:               /scratch/ga42vor/simulating_quartets/accuracy_comparision/training1_22/training1_22.fasta.log

Date and Time: Thu May 28 17:03:53 2020
