IQ-TREE multicore version 2.0.5 for Linux 64-bit built May 15 2020
Developed by Bui Quang Minh, Nguyen Lam Tung, Olga Chernomor,
Heiko Schmidt, Dominik Schrempf, Michael Woodhams.

Host:    cip2ryzen1.cip.ph.tum.de (AVX2, FMA3, 15 GB RAM)
Command: ../iqtree-2.0.5-Linux/bin/iqtree2 -s /scratch/ga42vor/simulating_quartets/accuracy_comparision/training3_1/training3_1.fasta -m WAG -redo
Seed:    569608 (Using SPRNG - Scalable Parallel Random Number Generator)
Time:    Wed May 27 23:02:44 2020
Kernel:  AVX+FMA - 1 threads (16 CPU cores detected)

HINT: Use -nt option to specify number of threads because your CPU has 16 cores!
HINT: -nt AUTO will automatically determine the best number of threads to use.

Reading alignment file /scratch/ga42vor/simulating_quartets/accuracy_comparision/training3_1/training3_1.fasta ... Fasta format detected
Alignment most likely contains protein sequences
Alignment has 20 sequences with 200 columns, 125 distinct patterns
84 parsimony-informative, 23 singleton sites, 93 constant sites
         Gap/Ambiguity  Composition  p-value
   1  taxon0     0.00%    passed     99.82%
   2  taxon1     0.00%    passed     99.99%
   3  taxon2     0.00%    passed     98.62%
   4  taxon3     0.00%    passed     99.99%
   5  taxon4     0.00%    passed    100.00%
   6  taxon5     0.00%    passed     99.98%
   7  taxon6     0.00%    passed     99.98%
   8  taxon7     0.00%    passed    100.00%
   9  taxon8     0.00%    passed     99.95%
  10  taxon9     0.00%    passed     99.94%
  11  taxon10    0.00%    passed    100.00%
  12  taxon11    0.00%    passed    100.00%
  13  taxon12    0.00%    passed    100.00%
  14  taxon13    0.00%    passed     99.99%
  15  taxon14    0.00%    passed     99.87%
  16  taxon15    0.00%    passed    100.00%
  17  taxon16    0.00%    passed    100.00%
  18  taxon17    0.00%    passed     99.96%
  19  taxon18    0.00%    passed     99.65%
  20  taxon19    0.00%    passed     99.52%
****  TOTAL      0.00%  0 sequences failed composition chi2 test (p-value<5%; df=19)

Create initial parsimony tree by phylogenetic likelihood library (PLL)... 0.001 seconds

NOTE: 0 MB RAM (0 GB) is required!
Estimate model parameters (epsilon = 0.100)
1. Initial log-likelihood: -2670.419
Optimal log-likelihood: -2666.776
Parameters optimization took 1 rounds (0.005 sec)
Computing ML distances based on estimated model parameters... 0.008 sec
Computing BIONJ tree...
0.000 seconds
Log-likelihood of BIONJ tree: -2664.885
--------------------------------------------------------------------
|             INITIALIZING CANDIDATE TREE SET                      |
--------------------------------------------------------------------
Generating 98 parsimony trees... 0.113 second
Computing log-likelihood of 98 initial trees ... 0.145 seconds
Current best score: -2661.187

Do NNI search on 20 best initial trees
Estimate model parameters (epsilon = 0.100)
BETTER TREE FOUND at iteration 1: -2661.169
Estimate model parameters (epsilon = 0.100)
BETTER TREE FOUND at iteration 2: -2660.969
Iteration 10 / LogL: -2664.329 / Time: 0h:0m:0s
Iteration 20 / LogL: -2660.969 / Time: 0h:0m:0s
Finish initializing candidate tree set (4)
Current best tree score: -2660.969 / CPU time: 0.539
Number of iterations: 20
--------------------------------------------------------------------
|               OPTIMIZING CANDIDATE TREE SET                      |
--------------------------------------------------------------------
Iteration 30 / LogL: -2660.969 / Time: 0h:0m:0s (0h:0m:1s left)
Iteration 40 / LogL: -2660.972 / Time: 0h:0m:0s (0h:0m:1s left)
Iteration 50 / LogL: -2661.075 / Time: 0h:0m:1s (0h:0m:1s left)
Iteration 60 / LogL: -2664.538 / Time: 0h:0m:1s (0h:0m:0s left)
Iteration 70 / LogL: -2660.973 / Time: 0h:0m:1s (0h:0m:0s left)
Iteration 80 / LogL: -2660.969 / Time: 0h:0m:1s (0h:0m:0s left)
Iteration 90 / LogL: -2660.978 / Time: 0h:0m:1s (0h:0m:0s left)
Iteration 100 / LogL: -2664.211 / Time: 0h:0m:2s (0h:0m:0s left)
TREE SEARCH COMPLETED AFTER 103 ITERATIONS / Time: 0h:0m:2s

--------------------------------------------------------------------
|                    FINALIZING TREE SEARCH                        |
--------------------------------------------------------------------
Performs final model parameters optimization
Estimate model parameters (epsilon = 0.010)
1. Initial log-likelihood: -2660.969
Optimal log-likelihood: -2660.969
Parameters optimization took 1 rounds (0.002 sec)
BEST SCORE FOUND : -2660.969
Total tree length: 1.525

Total number of iterations: 103
CPU time used for tree search: 2.245 sec (0h:0m:2s)
Wall-clock time used for tree search: 2.246 sec (0h:0m:2s)
Total CPU time used: 2.274 sec (0h:0m:2s)
Total wall-clock time used: 2.275 sec (0h:0m:2s)

Analysis results written to: 
  IQ-TREE report:                /scratch/ga42vor/simulating_quartets/accuracy_comparision/training3_1/training3_1.fasta.iqtree
  Maximum-likelihood tree:       /scratch/ga42vor/simulating_quartets/accuracy_comparision/training3_1/training3_1.fasta.treefile
  Likelihood distances:          /scratch/ga42vor/simulating_quartets/accuracy_comparision/training3_1/training3_1.fasta.mldist
  Screen log file:               /scratch/ga42vor/simulating_quartets/accuracy_comparision/training3_1/training3_1.fasta.log

Date and Time: Wed May 27 23:02:46 2020
