IQ-TREE multicore version 2.0.5 for Linux 64-bit built May 15 2020
Developed by Bui Quang Minh, Nguyen Lam Tung, Olga Chernomor,
Heiko Schmidt, Dominik Schrempf, Michael Woodhams.

Host:    cip2ryzen1.cip.ph.tum.de (AVX2, FMA3, 15 GB RAM)
Command: ../iqtree-2.0.5-Linux/bin/iqtree2 -s /scratch/ga42vor/simulating_quartets/accuracy_comparision/t5/t5.fasta -m WAG -redo
Seed:    440295 (Using SPRNG - Scalable Parallel Random Number Generator)
Time:    Wed May 27 22:59:11 2020
Kernel:  AVX+FMA - 1 threads (16 CPU cores detected)

HINT: Use -nt option to specify number of threads because your CPU has 16 cores!
HINT: -nt AUTO will automatically determine the best number of threads to use.

Reading alignment file /scratch/ga42vor/simulating_quartets/accuracy_comparision/t5/t5.fasta ... Fasta format detected
Alignment most likely contains protein sequences
Alignment has 20 sequences with 200 columns, 166 distinct patterns
129 parsimony-informative, 24 singleton sites, 47 constant sites
         Gap/Ambiguity  Composition  p-value
   1  taxon0     0.00%    passed     90.04%
   2  taxon1     0.00%    passed     99.07%
   3  taxon2     0.00%    passed     99.53%
   4  taxon3     0.00%    passed     98.22%
   5  taxon4     0.00%    passed     92.58%
   6  taxon5     0.00%    passed     91.73%
   7  taxon6     0.00%    passed     93.94%
   8  taxon7     0.00%    passed     97.73%
   9  taxon8     0.00%    passed     98.30%
  10  taxon9     0.00%    passed     92.07%
  11  taxon10    0.00%    passed     99.61%
  12  taxon11    0.00%    passed     94.28%
  13  taxon12    0.00%    passed     97.27%
  14  taxon13    0.00%    passed     98.00%
  15  taxon14    0.00%    passed     71.12%
  16  taxon15    0.00%    passed     90.16%
  17  taxon16    0.00%    passed     75.33%
  18  taxon17    0.00%    passed     93.81%
  19  taxon18    0.00%    passed     95.74%
  20  taxon19    0.00%    passed     95.79%
****  TOTAL      0.00%  0 sequences failed composition chi2 test (p-value<5%; df=19)

Create initial parsimony tree by phylogenetic likelihood library (PLL)... 0.002 seconds

NOTE: 0 MB RAM (0 GB) is required!
Estimate model parameters (epsilon = 0.100)
1. Initial log-likelihood: -4360.326
Optimal log-likelihood: -4354.266
Parameters optimization took 1 rounds (0.011 sec)
Computing ML distances based on estimated model parameters... 0.011 sec
Computing BIONJ tree...
0.000 seconds
Log-likelihood of BIONJ tree: -4354.266
--------------------------------------------------------------------
|             INITIALIZING CANDIDATE TREE SET                      |
--------------------------------------------------------------------
Generating 99 parsimony trees... 0.137 second
Computing log-likelihood of 99 initial trees ... 0.180 seconds
Current best score: -4354.043

Do NNI search on 20 best initial trees
Estimate model parameters (epsilon = 0.100)
BETTER TREE FOUND at iteration 1: -4353.903
Iteration 10 / LogL: -4353.920 / Time: 0h:0m:0s
Iteration 20 / LogL: -4353.913 / Time: 0h:0m:0s
Finish initializing candidate tree set (2)
Current best tree score: -4353.903 / CPU time: 0.713
Number of iterations: 20
--------------------------------------------------------------------
|               OPTIMIZING CANDIDATE TREE SET                      |
--------------------------------------------------------------------
Iteration 30 / LogL: -4353.915 / Time: 0h:0m:1s (0h:0m:2s left)
Iteration 40 / LogL: -4353.932 / Time: 0h:0m:1s (0h:0m:1s left)
Iteration 50 / LogL: -4353.918 / Time: 0h:0m:1s (0h:0m:1s left)
Iteration 60 / LogL: -4353.905 / Time: 0h:0m:1s (0h:0m:1s left)
Iteration 70 / LogL: -4353.907 / Time: 0h:0m:2s (0h:0m:0s left)
Iteration 80 / LogL: -4353.914 / Time: 0h:0m:2s (0h:0m:0s left)
Iteration 90 / LogL: -4353.905 / Time: 0h:0m:2s (0h:0m:0s left)
Iteration 100 / LogL: -4353.921 / Time: 0h:0m:2s (0h:0m:0s left)
TREE SEARCH COMPLETED AFTER 102 ITERATIONS / Time: 0h:0m:2s

--------------------------------------------------------------------
|                    FINALIZING TREE SEARCH                        |
--------------------------------------------------------------------
Performs final model parameters optimization
Estimate model parameters (epsilon = 0.010)
1. Initial log-likelihood: -4353.903
Optimal log-likelihood: -4353.903
Parameters optimization took 1 rounds (0.003 sec)
BEST SCORE FOUND : -4353.903
Total tree length: 3.401

Total number of iterations: 102
CPU time used for tree search: 2.752 sec (0h:0m:2s)
Wall-clock time used for tree search: 2.752 sec (0h:0m:2s)
Total CPU time used: 2.795 sec (0h:0m:2s)
Total wall-clock time used: 2.796 sec (0h:0m:2s)

Analysis results written to: 
  IQ-TREE report:                /scratch/ga42vor/simulating_quartets/accuracy_comparision/t5/t5.fasta.iqtree
  Maximum-likelihood tree:       /scratch/ga42vor/simulating_quartets/accuracy_comparision/t5/t5.fasta.treefile
  Likelihood distances:          /scratch/ga42vor/simulating_quartets/accuracy_comparision/t5/t5.fasta.mldist
  Screen log file:               /scratch/ga42vor/simulating_quartets/accuracy_comparision/t5/t5.fasta.log

Date and Time: Wed May 27 22:59:14 2020
