IQ-TREE multicore version 2.0.5 for Linux 64-bit built May 15 2020
Developed by Bui Quang Minh, Nguyen Lam Tung, Olga Chernomor,
Heiko Schmidt, Dominik Schrempf, Michael Woodhams.

Host:    cip2ryzen1.cip.ph.tum.de (AVX2, FMA3, 15 GB RAM)
Command: ../iqtree-2.0.5-Linux/bin/iqtree2 -s /scratch/ga42vor/simulating_quartets/accuracy_comparision/training1_4/training1_4.fasta -m WAG -redo
Seed:    279993 (Using SPRNG - Scalable Parallel Random Number Generator)
Time:    Wed May 27 23:00:50 2020
Kernel:  AVX+FMA - 1 threads (16 CPU cores detected)

HINT: Use -nt option to specify number of threads because your CPU has 16 cores!
HINT: -nt AUTO will automatically determine the best number of threads to use.

Reading alignment file /scratch/ga42vor/simulating_quartets/accuracy_comparision/training1_4/training1_4.fasta ... Fasta format detected
Alignment most likely contains protein sequences
Alignment has 20 sequences with 200 columns, 200 distinct patterns
187 parsimony-informative, 10 singleton sites, 3 constant sites
         Gap/Ambiguity  Composition  p-value
   1  taxon0     0.00%    passed     79.56%
   2  taxon1     0.00%    passed     88.73%
   3  taxon2     0.00%    passed     61.54%
   4  taxon3     0.00%    passed     74.76%
   5  taxon4     0.00%    passed     89.69%
   6  taxon5     0.00%    passed     93.12%
   7  taxon6     0.00%    passed     60.59%
   8  taxon7     0.00%    passed     64.89%
   9  taxon8     0.00%    passed     88.86%
  10  taxon9     0.00%    passed     96.23%
  11  taxon10    0.00%    passed     86.51%
  12  taxon11    0.00%    passed     92.11%
  13  taxon12    0.00%    passed     45.52%
  14  taxon13    0.00%    passed     82.02%
  15  taxon14    0.00%    passed     68.04%
  16  taxon15    0.00%    passed     24.03%
  17  taxon16    0.00%    passed     72.96%
  18  taxon17    0.00%    passed     94.32%
  19  taxon18    0.00%    passed     66.37%
  20  taxon19    0.00%    passed     56.59%
****  TOTAL      0.00%  0 sequences failed composition chi2 test (p-value<5%; df=19)

Create initial parsimony tree by phylogenetic likelihood library (PLL)... 0.002 seconds

NOTE: 0 MB RAM (0 GB) is required!
Estimate model parameters (epsilon = 0.100)
1. Initial log-likelihood: -7958.417
Optimal log-likelihood: -7947.417
Parameters optimization took 1 rounds (0.007 sec)
Computing ML distances based on estimated model parameters... 0.011 sec
Computing BIONJ tree...
0.000 seconds
Log-likelihood of BIONJ tree: -7947.417
--------------------------------------------------------------------
|             INITIALIZING CANDIDATE TREE SET                      |
--------------------------------------------------------------------
Generating 99 parsimony trees... 0.156 second
Computing log-likelihood of 99 initial trees ... 0.205 seconds
Current best score: -7947.417

Do NNI search on 20 best initial trees
Estimate model parameters (epsilon = 0.100)
BETTER TREE FOUND at iteration 1: -7947.417
Iteration 10 / LogL: -7947.487 / Time: 0h:0m:0s
Iteration 20 / LogL: -7947.475 / Time: 0h:0m:0s
Finish initializing candidate tree set (1)
Current best tree score: -7947.417 / CPU time: 0.715
Number of iterations: 20
--------------------------------------------------------------------
|               OPTIMIZING CANDIDATE TREE SET                      |
--------------------------------------------------------------------
Iteration 30 / LogL: -7947.482 / Time: 0h:0m:0s (0h:0m:2s left)
Iteration 40 / LogL: -7947.775 / Time: 0h:0m:1s (0h:0m:2s left)
Iteration 50 / LogL: -7947.467 / Time: 0h:0m:1s (0h:0m:1s left)
Iteration 60 / LogL: -7947.975 / Time: 0h:0m:1s (0h:0m:1s left)
Iteration 70 / LogL: -7947.479 / Time: 0h:0m:2s (0h:0m:0s left)
Iteration 80 / LogL: -7947.476 / Time: 0h:0m:2s (0h:0m:0s left)
Iteration 90 / LogL: -7947.502 / Time: 0h:0m:2s (0h:0m:0s left)
Iteration 100 / LogL: -7947.542 / Time: 0h:0m:2s (0h:0m:0s left)
TREE SEARCH COMPLETED AFTER 102 ITERATIONS / Time: 0h:0m:2s

--------------------------------------------------------------------
|                    FINALIZING TREE SEARCH                        |
--------------------------------------------------------------------
Performs final model parameters optimization
Estimate model parameters (epsilon = 0.010)
1. Initial log-likelihood: -7947.417
Optimal log-likelihood: -7947.417
Parameters optimization took 1 rounds (0.003 sec)
BEST SCORE FOUND : -7947.417
Total tree length: 8.428

Total number of iterations: 102
CPU time used for tree search: 2.823 sec (0h:0m:2s)
Wall-clock time used for tree search: 2.824 sec (0h:0m:2s)
Total CPU time used: 2.862 sec (0h:0m:2s)
Total wall-clock time used: 2.862 sec (0h:0m:2s)

Analysis results written to: 
  IQ-TREE report:                /scratch/ga42vor/simulating_quartets/accuracy_comparision/training1_4/training1_4.fasta.iqtree
  Maximum-likelihood tree:       /scratch/ga42vor/simulating_quartets/accuracy_comparision/training1_4/training1_4.fasta.treefile
  Likelihood distances:          /scratch/ga42vor/simulating_quartets/accuracy_comparision/training1_4/training1_4.fasta.mldist
  Screen log file:               /scratch/ga42vor/simulating_quartets/accuracy_comparision/training1_4/training1_4.fasta.log

Date and Time: Wed May 27 23:00:53 2020
