IQ-TREE multicore version 2.0.5 for Linux 64-bit built May 15 2020
Developed by Bui Quang Minh, Nguyen Lam Tung, Olga Chernomor,
Heiko Schmidt, Dominik Schrempf, Michael Woodhams.

Host:    cip2ryzen1.cip.ph.tum.de (AVX2, FMA3, 15 GB RAM)
Command: ../iqtree-2.0.5-Linux/bin/iqtree2 -s /scratch/ga42vor/simulating_quartets/accuracy_comparision/training1_nohet_7/training1_nohet_7.fasta -redo -m WAG
Seed:    758790 (Using SPRNG - Scalable Parallel Random Number Generator)
Time:    Thu May 28 17:08:59 2020
Kernel:  AVX+FMA - 1 threads (16 CPU cores detected)

HINT: Use -nt option to specify number of threads because your CPU has 16 cores!
HINT: -nt AUTO will automatically determine the best number of threads to use.

Reading alignment file /scratch/ga42vor/simulating_quartets/accuracy_comparision/training1_nohet_7/training1_nohet_7.fasta ... Fasta format detected
Alignment most likely contains protein sequences
Alignment has 20 sequences with 200 columns, 41 distinct patterns
20 parsimony-informative, 1 singleton sites, 179 constant sites
         Gap/Ambiguity  Composition  p-value
   1  taxon0     0.00%    passed    100.00%
   2  taxon1     0.00%    passed    100.00%
   3  taxon2     0.00%    passed    100.00%
   4  taxon3     0.00%    passed    100.00%
   5  taxon4     0.00%    passed    100.00%
   6  taxon5     0.00%    passed    100.00%
   7  taxon6     0.00%    passed    100.00%
   8  taxon7     0.00%    passed    100.00%
   9  taxon8     0.00%    passed    100.00%
  10  taxon9     0.00%    passed    100.00%
  11  taxon10    0.00%    passed    100.00%
  12  taxon11    0.00%    passed    100.00%
  13  taxon12    0.00%    passed    100.00%
  14  taxon13    0.00%    passed    100.00%
  15  taxon14    0.00%    passed    100.00%
  16  taxon15    0.00%    passed    100.00%
  17  taxon16    0.00%    passed    100.00%
  18  taxon17    0.00%    passed    100.00%
  19  taxon18    0.00%    passed    100.00%
  20  taxon19    0.00%    passed    100.00%
****  TOTAL      0.00%  0 sequences failed composition chi2 test (p-value<5%; df=19)
NOTE: taxon4 is identical to taxon2 but kept for subsequent analysis
NOTE: taxon7 is identical to taxon6 but kept for subsequent analysis
NOTE: taxon12 is identical to taxon11 but kept for subsequent analysis
NOTE: taxon14 is identical to taxon13 but kept for subsequent analysis
NOTE: 2 identical sequences (see below) will be ignored for subsequent analysis
NOTE: taxon5 (identical to taxon2) is ignored but added at the end
NOTE: taxon15 (identical to taxon13) is ignored but added at the end
Alignment was printed to /scratch/ga42vor/simulating_quartets/accuracy_comparision/training1_nohet_7/training1_nohet_7.fasta.uniqueseq.phy

For your convenience alignment with unique sequences printed to /scratch/ga42vor/simulating_quartets/accuracy_comparision/training1_nohet_7/training1_nohet_7.fasta.uniqueseq.phy

Create initial parsimony tree by phylogenetic likelihood library (PLL)... 0.000 seconds

NOTE: 0 MB RAM (0 GB) is required!
Estimate model parameters (epsilon = 0.100)
1. Initial log-likelihood: -921.168
Optimal log-likelihood: -920.268
Parameters optimization took 1 rounds (0.002 sec)
Computing ML distances based on estimated model parameters... 0.004 sec
Computing BIONJ tree...
0.000 seconds
Log-likelihood of BIONJ tree: -908.493
--------------------------------------------------------------------
|             INITIALIZING CANDIDATE TREE SET                      |
--------------------------------------------------------------------
Generating 98 parsimony trees... 0.060 second
Computing log-likelihood of 98 initial trees ... 0.063 seconds
Current best score: -908.493

Do NNI search on 20 best initial trees
Estimate model parameters (epsilon = 0.100)
BETTER TREE FOUND at iteration 1: -908.493
UPDATE BEST LOG-LIKELIHOOD: -908.491
Iteration 10 / LogL: -908.491 / Time: 0h:0m:0s
Iteration 20 / LogL: -908.491 / Time: 0h:0m:0s
Finish initializing candidate tree set (4)
Current best tree score: -908.491 / CPU time: 0.209
Number of iterations: 20
--------------------------------------------------------------------
|               OPTIMIZING CANDIDATE TREE SET                      |
--------------------------------------------------------------------
UPDATE BEST LOG-LIKELIHOOD: -908.491
Iteration 30 / LogL: -908.492 / Time: 0h:0m:0s (0h:0m:0s left)
Iteration 40 / LogL: -908.492 / Time: 0h:0m:0s (0h:0m:0s left)
Iteration 50 / LogL: -908.492 / Time: 0h:0m:0s (0h:0m:0s left)
Iteration 60 / LogL: -909.152 / Time: 0h:0m:0s (0h:0m:0s left)
Iteration 70 / LogL: -908.492 / Time: 0h:0m:0s (0h:0m:0s left)
Iteration 80 / LogL: -909.114 / Time: 0h:0m:0s (0h:0m:0s left)
Iteration 90 / LogL: -908.491 / Time: 0h:0m:0s (0h:0m:0s left)
Iteration 100 / LogL: -912.698 / Time: 0h:0m:0s (0h:0m:0s left)
TREE SEARCH COMPLETED AFTER 102 ITERATIONS / Time: 0h:0m:0s

--------------------------------------------------------------------
|                    FINALIZING TREE SEARCH                        |
--------------------------------------------------------------------
Performs final model parameters optimization
Estimate model parameters (epsilon = 0.010)
1. Initial log-likelihood: -908.491
Optimal log-likelihood: -908.491
Parameters optimization took 1 rounds (0.001 sec)
BEST SCORE FOUND : -908.491
Total tree length: 0.198

Total number of iterations: 102
CPU time used for tree search: 0.894 sec (0h:0m:0s)
Wall-clock time used for tree search: 0.894 sec (0h:0m:0s)
Total CPU time used: 0.919 sec (0h:0m:0s)
Total wall-clock time used: 0.919 sec (0h:0m:0s)

Analysis results written to: 
  IQ-TREE report:                /scratch/ga42vor/simulating_quartets/accuracy_comparision/training1_nohet_7/training1_nohet_7.fasta.iqtree
  Maximum-likelihood tree:       /scratch/ga42vor/simulating_quartets/accuracy_comparision/training1_nohet_7/training1_nohet_7.fasta.treefile
  Likelihood distances:          /scratch/ga42vor/simulating_quartets/accuracy_comparision/training1_nohet_7/training1_nohet_7.fasta.mldist
  Screen log file:               /scratch/ga42vor/simulating_quartets/accuracy_comparision/training1_nohet_7/training1_nohet_7.fasta.log

Date and Time: Thu May 28 17:09:00 2020
