IQ-TREE multicore version 2.0.5 for Linux 64-bit built May 15 2020
Developed by Bui Quang Minh, Nguyen Lam Tung, Olga Chernomor,
Heiko Schmidt, Dominik Schrempf, Michael Woodhams.

Host:    cip2ryzen1.cip.ph.tum.de (AVX2, FMA3, 15 GB RAM)
Command: ../iqtree-2.0.5-Linux/bin/iqtree2 -s /scratch/ga42vor/simulating_quartets/accuracy_comparision/training2_48/training2_48.fasta -redo -m WAG
Seed:    605677 (Using SPRNG - Scalable Parallel Random Number Generator)
Time:    Thu May 28 17:06:49 2020
Kernel:  AVX+FMA - 1 threads (16 CPU cores detected)

HINT: Use -nt option to specify number of threads because your CPU has 16 cores!
HINT: -nt AUTO will automatically determine the best number of threads to use.

Reading alignment file /scratch/ga42vor/simulating_quartets/accuracy_comparision/training2_48/training2_48.fasta ... Fasta format detected
Alignment most likely contains protein sequences
Alignment has 20 sequences with 200 columns, 199 distinct patterns
176 parsimony-informative, 18 singleton sites, 6 constant sites
         Gap/Ambiguity  Composition  p-value
   1  taxon0     0.00%    passed     99.93%
   2  taxon1     0.00%    passed     98.66%
   3  taxon2     0.00%    passed     90.46%
   4  taxon3     0.00%    passed     99.85%
   5  taxon4     0.00%    passed     99.85%
   6  taxon5     0.00%    passed     79.33%
   7  taxon6     0.00%    passed     95.33%
   8  taxon7     0.00%    passed     18.57%
   9  taxon8     0.00%    passed     95.35%
  10  taxon9     0.00%    passed     99.14%
  11  taxon10    0.00%    passed     91.43%
  12  taxon11    0.00%    passed     99.90%
  13  taxon12    0.00%    passed     98.75%
  14  taxon13    0.00%    passed     96.03%
  15  taxon14    0.00%    passed     55.02%
  16  taxon15    0.00%    passed     98.58%
  17  taxon16    0.00%    passed     85.50%
  18  taxon17    0.00%    passed     91.53%
  19  taxon18    0.00%    passed     76.22%
  20  taxon19    0.00%    passed     94.93%
****  TOTAL      0.00%  0 sequences failed composition chi2 test (p-value<5%; df=19)

Create initial parsimony tree by phylogenetic likelihood library (PLL)... 0.001 seconds

NOTE: 0 MB RAM (0 GB) is required!
Estimate model parameters (epsilon = 0.100)
1. Initial log-likelihood: -6838.589
Optimal log-likelihood: -6825.390
Parameters optimization took 1 rounds (0.007 sec)
Computing ML distances based on estimated model parameters... 0.013 sec
Computing BIONJ tree...
0.000 seconds
Log-likelihood of BIONJ tree: -6825.390
--------------------------------------------------------------------
|             INITIALIZING CANDIDATE TREE SET                      |
--------------------------------------------------------------------
Generating 99 parsimony trees... 0.161 second
Computing log-likelihood of 99 initial trees ... 0.205 seconds
Current best score: -6825.390

Do NNI search on 20 best initial trees
Estimate model parameters (epsilon = 0.100)
BETTER TREE FOUND at iteration 1: -6825.390
Iteration 10 / LogL: -6825.416 / Time: 0h:0m:0s
Iteration 20 / LogL: -6827.647 / Time: 0h:0m:0s
Finish initializing candidate tree set (2)
Current best tree score: -6825.390 / CPU time: 0.755
Number of iterations: 20
--------------------------------------------------------------------
|               OPTIMIZING CANDIDATE TREE SET                      |
--------------------------------------------------------------------
Iteration 30 / LogL: -6825.417 / Time: 0h:0m:1s (0h:0m:2s left)
Iteration 40 / LogL: -6825.393 / Time: 0h:0m:1s (0h:0m:2s left)
Iteration 50 / LogL: -6825.436 / Time: 0h:0m:1s (0h:0m:1s left)
Iteration 60 / LogL: -6825.409 / Time: 0h:0m:1s (0h:0m:1s left)
Iteration 70 / LogL: -6825.417 / Time: 0h:0m:2s (0h:0m:0s left)
Iteration 80 / LogL: -6825.454 / Time: 0h:0m:2s (0h:0m:0s left)
Iteration 90 / LogL: -6825.438 / Time: 0h:0m:2s (0h:0m:0s left)
Iteration 100 / LogL: -6825.466 / Time: 0h:0m:2s (0h:0m:0s left)
TREE SEARCH COMPLETED AFTER 102 ITERATIONS / Time: 0h:0m:2s

--------------------------------------------------------------------
|                    FINALIZING TREE SEARCH                        |
--------------------------------------------------------------------
Performs final model parameters optimization
Estimate model parameters (epsilon = 0.010)
1. Initial log-likelihood: -6825.390
Optimal log-likelihood: -6825.390
Parameters optimization took 1 rounds (0.003 sec)
BEST SCORE FOUND : -6825.390
Total tree length: 6.758

Total number of iterations: 102
CPU time used for tree search: 2.907 sec (0h:0m:2s)
Wall-clock time used for tree search: 2.907 sec (0h:0m:2s)
Total CPU time used: 2.950 sec (0h:0m:2s)
Total wall-clock time used: 2.957 sec (0h:0m:2s)

Analysis results written to: 
  IQ-TREE report:                /scratch/ga42vor/simulating_quartets/accuracy_comparision/training2_48/training2_48.fasta.iqtree
  Maximum-likelihood tree:       /scratch/ga42vor/simulating_quartets/accuracy_comparision/training2_48/training2_48.fasta.treefile
  Likelihood distances:          /scratch/ga42vor/simulating_quartets/accuracy_comparision/training2_48/training2_48.fasta.mldist
  Screen log file:               /scratch/ga42vor/simulating_quartets/accuracy_comparision/training2_48/training2_48.fasta.log

Date and Time: Thu May 28 17:06:52 2020
