IQ-TREE multicore version 2.0.5 for Linux 64-bit built May 15 2020
Developed by Bui Quang Minh, Nguyen Lam Tung, Olga Chernomor,
Heiko Schmidt, Dominik Schrempf, Michael Woodhams.

Host:    cip2ryzen1.cip.ph.tum.de (AVX2, FMA3, 15 GB RAM)
Command: ../iqtree-2.0.5-Linux/bin/iqtree2 -s /scratch/ga42vor/simulating_quartets/accuracy_comparision/training1_13/training1_13.fasta -m WAG -redo
Seed:    617383 (Using SPRNG - Scalable Parallel Random Number Generator)
Time:    Wed May 27 23:01:13 2020
Kernel:  AVX+FMA - 1 threads (16 CPU cores detected)

HINT: Use -nt option to specify number of threads because your CPU has 16 cores!
HINT: -nt AUTO will automatically determine the best number of threads to use.

Reading alignment file /scratch/ga42vor/simulating_quartets/accuracy_comparision/training1_13/training1_13.fasta ... Fasta format detected
Alignment most likely contains protein sequences
Alignment has 20 sequences with 200 columns, 166 distinct patterns
125 parsimony-informative, 26 singleton sites, 49 constant sites
         Gap/Ambiguity  Composition  p-value
   1  taxon0     0.00%    passed     87.95%
   2  taxon1     0.00%    passed     70.63%
   3  taxon2     0.00%    passed     70.58%
   4  taxon3     0.00%    passed     87.79%
   5  taxon4     0.00%    passed     87.40%
   6  taxon5     0.00%    passed     95.33%
   7  taxon6     0.00%    passed     98.54%
   8  taxon7     0.00%    passed     99.67%
   9  taxon8     0.00%    passed     94.82%
  10  taxon9     0.00%    passed     98.80%
  11  taxon10    0.00%    passed     99.81%
  12  taxon11    0.00%    passed     99.35%
  13  taxon12    0.00%    passed     99.86%
  14  taxon13    0.00%    passed     89.66%
  15  taxon14    0.00%    passed     95.22%
  16  taxon15    0.00%    passed     99.99%
  17  taxon16    0.00%    passed     94.33%
  18  taxon17    0.00%    passed     99.93%
  19  taxon18    0.00%    passed     99.13%
  20  taxon19    0.00%    passed     96.79%
****  TOTAL      0.00%  0 sequences failed composition chi2 test (p-value<5%; df=19)

Create initial parsimony tree by phylogenetic likelihood library (PLL)... 0.001 seconds

NOTE: 0 MB RAM (0 GB) is required!
Estimate model parameters (epsilon = 0.100)
1. Initial log-likelihood: -3863.021
Optimal log-likelihood: -3859.879
Parameters optimization took 1 rounds (0.005 sec)
Computing ML distances based on estimated model parameters... 0.008 sec
Computing BIONJ tree...
0.000 seconds
Log-likelihood of BIONJ tree: -3859.879
--------------------------------------------------------------------
|             INITIALIZING CANDIDATE TREE SET                      |
--------------------------------------------------------------------
Generating 99 parsimony trees... 0.120 second
Computing log-likelihood of 99 initial trees ... 0.182 seconds
Current best score: -3859.879

Do NNI search on 20 best initial trees
Estimate model parameters (epsilon = 0.100)
BETTER TREE FOUND at iteration 1: -3859.879
Iteration 10 / LogL: -3859.882 / Time: 0h:0m:0s
Iteration 20 / LogL: -3859.894 / Time: 0h:0m:0s
Finish initializing candidate tree set (1)
Current best tree score: -3859.879 / CPU time: 0.628
Number of iterations: 20
--------------------------------------------------------------------
|               OPTIMIZING CANDIDATE TREE SET                      |
--------------------------------------------------------------------
Iteration 30 / LogL: -3860.226 / Time: 0h:0m:0s (0h:0m:2s left)
Iteration 40 / LogL: -3859.972 / Time: 0h:0m:1s (0h:0m:1s left)
Iteration 50 / LogL: -3859.943 / Time: 0h:0m:1s (0h:0m:1s left)
Iteration 60 / LogL: -3859.885 / Time: 0h:0m:1s (0h:0m:1s left)
Iteration 70 / LogL: -3860.432 / Time: 0h:0m:1s (0h:0m:0s left)
Iteration 80 / LogL: -3859.891 / Time: 0h:0m:1s (0h:0m:0s left)
Iteration 90 / LogL: -3859.897 / Time: 0h:0m:2s (0h:0m:0s left)
Iteration 100 / LogL: -3859.881 / Time: 0h:0m:2s (0h:0m:0s left)
TREE SEARCH COMPLETED AFTER 102 ITERATIONS / Time: 0h:0m:2s

--------------------------------------------------------------------
|                    FINALIZING TREE SEARCH                        |
--------------------------------------------------------------------
Performs final model parameters optimization
Estimate model parameters (epsilon = 0.010)
1. Initial log-likelihood: -3859.879
Optimal log-likelihood: -3859.879
Parameters optimization took 1 rounds (0.005 sec)
BEST SCORE FOUND : -3859.879
Total tree length: 2.656

Total number of iterations: 102
CPU time used for tree search: 2.412 sec (0h:0m:2s)
Wall-clock time used for tree search: 2.413 sec (0h:0m:2s)
Total CPU time used: 2.442 sec (0h:0m:2s)
Total wall-clock time used: 2.443 sec (0h:0m:2s)

Analysis results written to: 
  IQ-TREE report:                /scratch/ga42vor/simulating_quartets/accuracy_comparision/training1_13/training1_13.fasta.iqtree
  Maximum-likelihood tree:       /scratch/ga42vor/simulating_quartets/accuracy_comparision/training1_13/training1_13.fasta.treefile
  Likelihood distances:          /scratch/ga42vor/simulating_quartets/accuracy_comparision/training1_13/training1_13.fasta.mldist
  Screen log file:               /scratch/ga42vor/simulating_quartets/accuracy_comparision/training1_13/training1_13.fasta.log

Date and Time: Wed May 27 23:01:16 2020
