IQ-TREE multicore version 2.0.5 for Linux 64-bit built May 15 2020
Developed by Bui Quang Minh, Nguyen Lam Tung, Olga Chernomor,
Heiko Schmidt, Dominik Schrempf, Michael Woodhams.

Host:    cip2ryzen1.cip.ph.tum.de (AVX2, FMA3, 15 GB RAM)
Command: ../iqtree-2.0.5-Linux/bin/iqtree2 -s /scratch/ga42vor/simulating_quartets/accuracy_comparision/training2_nohet_8/training2_nohet_8.fasta -redo -m WAG
Seed:    603276 (Using SPRNG - Scalable Parallel Random Number Generator)
Time:    Thu May 28 16:21:08 2020
Kernel:  AVX+FMA - 1 threads (16 CPU cores detected)

HINT: Use -nt option to specify number of threads because your CPU has 16 cores!
HINT: -nt AUTO will automatically determine the best number of threads to use.

Reading alignment file /scratch/ga42vor/simulating_quartets/accuracy_comparision/training2_nohet_8/training2_nohet_8.fasta ... Fasta format detected
Alignment most likely contains protein sequences
Alignment has 20 sequences with 200 columns, 75 distinct patterns
52 parsimony-informative, 8 singleton sites, 140 constant sites
         Gap/Ambiguity  Composition  p-value
   1  taxon0     0.00%    passed     99.99%
   2  taxon1     0.00%    passed     99.98%
   3  taxon2     0.00%    passed     99.97%
   4  taxon3     0.00%    passed    100.00%
   5  taxon4     0.00%    passed    100.00%
   6  taxon5     0.00%    passed    100.00%
   7  taxon6     0.00%    passed    100.00%
   8  taxon7     0.00%    passed    100.00%
   9  taxon8     0.00%    passed    100.00%
  10  taxon9     0.00%    passed    100.00%
  11  taxon10    0.00%    passed    100.00%
  12  taxon11    0.00%    passed    100.00%
  13  taxon12    0.00%    passed    100.00%
  14  taxon13    0.00%    passed    100.00%
  15  taxon14    0.00%    passed    100.00%
  16  taxon15    0.00%    passed    100.00%
  17  taxon16    0.00%    passed    100.00%
  18  taxon17    0.00%    passed    100.00%
  19  taxon18    0.00%    passed    100.00%
  20  taxon19    0.00%    passed    100.00%
****  TOTAL      0.00%  0 sequences failed composition chi2 test (p-value<5%; df=19)

Create initial parsimony tree by phylogenetic likelihood library (PLL)... 0.001 seconds

NOTE: 0 MB RAM (0 GB) is required!
Estimate model parameters (epsilon = 0.100)
1. Initial log-likelihood: -1289.548
Optimal log-likelihood: -1288.299
Parameters optimization took 1 rounds (0.003 sec)
Computing ML distances based on estimated model parameters... 0.008 sec
Computing BIONJ tree...
0.000 seconds
Log-likelihood of BIONJ tree: -1291.408
--------------------------------------------------------------------
|             INITIALIZING CANDIDATE TREE SET                      |
--------------------------------------------------------------------
Generating 98 parsimony trees... 0.101 second
Computing log-likelihood of 98 initial trees ... 0.099 seconds
Current best score: -1280.594

Do NNI search on 20 best initial trees
Estimate model parameters (epsilon = 0.100)
BETTER TREE FOUND at iteration 1: -1280.594
Estimate model parameters (epsilon = 0.100)
BETTER TREE FOUND at iteration 2: -1280.334
Estimate model parameters (epsilon = 0.100)
BETTER TREE FOUND at iteration 7: -1280.162
UPDATE BEST LOG-LIKELIHOOD: -1280.162
UPDATE BEST LOG-LIKELIHOOD: -1280.162
Iteration 10 / LogL: -1280.162 / Time: 0h:0m:0s
UPDATE BEST LOG-LIKELIHOOD: -1280.162
Iteration 20 / LogL: -1286.733 / Time: 0h:0m:0s
Finish initializing candidate tree set (7)
Current best tree score: -1280.162 / CPU time: 0.398
Number of iterations: 20
--------------------------------------------------------------------
|               OPTIMIZING CANDIDATE TREE SET                      |
--------------------------------------------------------------------
Iteration 30 / LogL: -1280.162 / Time: 0h:0m:0s (0h:0m:1s left)
Iteration 40 / LogL: -1280.162 / Time: 0h:0m:0s (0h:0m:1s left)
Iteration 50 / LogL: -1280.163 / Time: 0h:0m:0s (0h:0m:1s left)
UPDATE BEST LOG-LIKELIHOOD: -1280.162
Iteration 60 / LogL: -1307.685 / Time: 0h:0m:1s (0h:0m:0s left)
UPDATE BEST LOG-LIKELIHOOD: -1280.162
Iteration 70 / LogL: -1289.564 / Time: 0h:0m:1s (0h:0m:0s left)
Iteration 80 / LogL: -1280.162 / Time: 0h:0m:1s (0h:0m:0s left)
Iteration 90 / LogL: -1280.595 / Time: 0h:0m:1s (0h:0m:0s left)
Iteration 100 / LogL: -1283.313 / Time: 0h:0m:1s (0h:0m:0s left)
TREE SEARCH COMPLETED AFTER 108 ITERATIONS / Time: 0h:0m:1s

--------------------------------------------------------------------
|                    FINALIZING TREE SEARCH                        |
--------------------------------------------------------------------
Performs final model parameters optimization
Estimate model parameters (epsilon = 0.010)
1. Initial log-likelihood: -1280.162
Optimal log-likelihood: -1280.162
Parameters optimization took 1 rounds (0.001 sec)
BEST SCORE FOUND : -1280.162
Total tree length: 0.490

Total number of iterations: 108
CPU time used for tree search: 1.722 sec (0h:0m:1s)
Wall-clock time used for tree search: 1.723 sec (0h:0m:1s)
Total CPU time used: 1.748 sec (0h:0m:1s)
Total wall-clock time used: 1.749 sec (0h:0m:1s)

Analysis results written to: 
  IQ-TREE report:                /scratch/ga42vor/simulating_quartets/accuracy_comparision/training2_nohet_8/training2_nohet_8.fasta.iqtree
  Maximum-likelihood tree:       /scratch/ga42vor/simulating_quartets/accuracy_comparision/training2_nohet_8/training2_nohet_8.fasta.treefile
  Likelihood distances:          /scratch/ga42vor/simulating_quartets/accuracy_comparision/training2_nohet_8/training2_nohet_8.fasta.mldist
  Screen log file:               /scratch/ga42vor/simulating_quartets/accuracy_comparision/training2_nohet_8/training2_nohet_8.fasta.log

Date and Time: Thu May 28 16:21:10 2020
