IQ-TREE multicore version 2.0.5 for Linux 64-bit built May 15 2020
Developed by Bui Quang Minh, Nguyen Lam Tung, Olga Chernomor,
Heiko Schmidt, Dominik Schrempf, Michael Woodhams.

Host:    cip2ryzen1.cip.ph.tum.de (AVX2, FMA3, 15 GB RAM)
Command: ../iqtree-2.0.5-Linux/bin/iqtree2 -s /scratch/ga42vor/simulating_quartets/accuracy_comparision/training3_33/training3_33.fasta -redo -m WAG
Seed:    139824 (Using SPRNG - Scalable Parallel Random Number Generator)
Time:    Thu May 28 17:08:09 2020
Kernel:  AVX+FMA - 1 threads (16 CPU cores detected)

HINT: Use -nt option to specify number of threads because your CPU has 16 cores!
HINT: -nt AUTO will automatically determine the best number of threads to use.

Reading alignment file /scratch/ga42vor/simulating_quartets/accuracy_comparision/training3_33/training3_33.fasta ... Fasta format detected
Alignment most likely contains protein sequences
Alignment has 20 sequences with 200 columns, 122 distinct patterns
87 parsimony-informative, 19 singleton sites, 94 constant sites
         Gap/Ambiguity  Composition  p-value
   1  taxon0     0.00%    passed     95.64%
   2  taxon1     0.00%    passed     83.88%
   3  taxon2     0.00%    passed     82.02%
   4  taxon3     0.00%    passed    100.00%
   5  taxon4     0.00%    passed     99.51%
   6  taxon5     0.00%    passed     99.94%
   7  taxon6     0.00%    passed     99.99%
   8  taxon7     0.00%    passed     99.78%
   9  taxon8     0.00%    passed     99.74%
  10  taxon9     0.00%    passed     99.93%
  11  taxon10    0.00%    passed     98.53%
  12  taxon11    0.00%    passed     99.99%
  13  taxon12    0.00%    passed     99.67%
  14  taxon13    0.00%    passed     99.94%
  15  taxon14    0.00%    passed     99.96%
  16  taxon15    0.00%    passed     99.23%
  17  taxon16    0.00%    passed     99.43%
  18  taxon17    0.00%    passed     96.81%
  19  taxon18    0.00%    passed     98.89%
  20  taxon19    0.00%    passed     96.11%
****  TOTAL      0.00%  0 sequences failed composition chi2 test (p-value<5%; df=19)

Create initial parsimony tree by phylogenetic likelihood library (PLL)... 0.001 seconds

NOTE: 0 MB RAM (0 GB) is required!
Estimate model parameters (epsilon = 0.100)
1. Initial log-likelihood: -2756.606
Optimal log-likelihood: -2752.532
Parameters optimization took 1 rounds (0.005 sec)
Computing ML distances based on estimated model parameters... 0.010 sec
Computing BIONJ tree...
0.000 seconds
Log-likelihood of BIONJ tree: -2752.595
--------------------------------------------------------------------
|             INITIALIZING CANDIDATE TREE SET                      |
--------------------------------------------------------------------
Generating 98 parsimony trees... 0.123 second
Computing log-likelihood of 98 initial trees ... 0.148 seconds
Current best score: -2752.532

Do NNI search on 20 best initial trees
Estimate model parameters (epsilon = 0.100)
BETTER TREE FOUND at iteration 1: -2752.532
Iteration 10 / LogL: -2752.535 / Time: 0h:0m:0s
Iteration 20 / LogL: -2752.656 / Time: 0h:0m:0s
Finish initializing candidate tree set (2)
Current best tree score: -2752.532 / CPU time: 0.586
Number of iterations: 20
--------------------------------------------------------------------
|               OPTIMIZING CANDIDATE TREE SET                      |
--------------------------------------------------------------------
Iteration 30 / LogL: -2752.534 / Time: 0h:0m:0s (0h:0m:1s left)
Iteration 40 / LogL: -2752.533 / Time: 0h:0m:1s (0h:0m:1s left)
Iteration 50 / LogL: -2752.534 / Time: 0h:0m:1s (0h:0m:1s left)
Iteration 60 / LogL: -2752.533 / Time: 0h:0m:1s (0h:0m:0s left)
Iteration 70 / LogL: -2752.535 / Time: 0h:0m:1s (0h:0m:0s left)
Iteration 80 / LogL: -2752.532 / Time: 0h:0m:1s (0h:0m:0s left)
Iteration 90 / LogL: -2752.538 / Time: 0h:0m:1s (0h:0m:0s left)
Iteration 100 / LogL: -2752.533 / Time: 0h:0m:2s (0h:0m:0s left)
TREE SEARCH COMPLETED AFTER 102 ITERATIONS / Time: 0h:0m:2s

--------------------------------------------------------------------
|                    FINALIZING TREE SEARCH                        |
--------------------------------------------------------------------
Performs final model parameters optimization
Estimate model parameters (epsilon = 0.010)
1. Initial log-likelihood: -2752.532
Optimal log-likelihood: -2752.532
Parameters optimization took 1 rounds (0.003 sec)
BEST SCORE FOUND : -2752.532
Total tree length: 1.624

Total number of iterations: 102
CPU time used for tree search: 2.213 sec (0h:0m:2s)
Wall-clock time used for tree search: 2.214 sec (0h:0m:2s)
Total CPU time used: 2.245 sec (0h:0m:2s)
Total wall-clock time used: 2.246 sec (0h:0m:2s)

Analysis results written to: 
  IQ-TREE report:                /scratch/ga42vor/simulating_quartets/accuracy_comparision/training3_33/training3_33.fasta.iqtree
  Maximum-likelihood tree:       /scratch/ga42vor/simulating_quartets/accuracy_comparision/training3_33/training3_33.fasta.treefile
  Likelihood distances:          /scratch/ga42vor/simulating_quartets/accuracy_comparision/training3_33/training3_33.fasta.mldist
  Screen log file:               /scratch/ga42vor/simulating_quartets/accuracy_comparision/training3_33/training3_33.fasta.log

Date and Time: Thu May 28 17:08:11 2020
