IQ-TREE multicore version 2.0.5 for Linux 64-bit built May 15 2020
Developed by Bui Quang Minh, Nguyen Lam Tung, Olga Chernomor,
Heiko Schmidt, Dominik Schrempf, Michael Woodhams.

Host:    cip2ryzen1.cip.ph.tum.de (AVX2, FMA3, 15 GB RAM)
Command: ../iqtree-2.0.5-Linux/bin/iqtree2 -s /scratch/ga42vor/simulating_quartets/accuracy_comparision/training1_nohet_18/training1_nohet_18.fasta -redo -m WAG
Seed:    78991 (Using SPRNG - Scalable Parallel Random Number Generator)
Time:    Thu May 28 16:19:02 2020
Kernel:  AVX+FMA - 1 threads (16 CPU cores detected)

HINT: Use -nt option to specify number of threads because your CPU has 16 cores!
HINT: -nt AUTO will automatically determine the best number of threads to use.

Reading alignment file /scratch/ga42vor/simulating_quartets/accuracy_comparision/training1_nohet_18/training1_nohet_18.fasta ... Fasta format detected
Alignment most likely contains protein sequences
Alignment has 20 sequences with 200 columns, 186 distinct patterns
146 parsimony-informative, 25 singleton sites, 28 constant sites
         Gap/Ambiguity  Composition  p-value
   1  taxon0     0.00%    passed     99.51%
   2  taxon1     0.00%    passed     96.94%
   3  taxon2     0.00%    passed     99.43%
   4  taxon3     0.00%    passed    100.00%
   5  taxon4     0.00%    passed     99.58%
   6  taxon5     0.00%    passed     98.02%
   7  taxon6     0.00%    passed     95.41%
   8  taxon7     0.00%    passed     99.91%
   9  taxon8     0.00%    passed     98.76%
  10  taxon9     0.00%    passed     98.42%
  11  taxon10    0.00%    passed     98.45%
  12  taxon11    0.00%    passed     99.51%
  13  taxon12    0.00%    passed     93.35%
  14  taxon13    0.00%    passed     97.22%
  15  taxon14    0.00%    passed     98.40%
  16  taxon15    0.00%    passed     99.28%
  17  taxon16    0.00%    passed     99.16%
  18  taxon17    0.00%    passed     89.29%
  19  taxon18    0.00%    passed     98.69%
  20  taxon19    0.00%    passed    100.00%
****  TOTAL      0.00%  0 sequences failed composition chi2 test (p-value<5%; df=19)

Create initial parsimony tree by phylogenetic likelihood library (PLL)... 0.002 seconds

NOTE: 0 MB RAM (0 GB) is required!
Estimate model parameters (epsilon = 0.100)
1. Initial log-likelihood: -5043.718
Optimal log-likelihood: -5022.606
Parameters optimization took 1 rounds (0.007 sec)
Computing ML distances based on estimated model parameters... 0.009 sec
Computing BIONJ tree...
0.000 seconds
Log-likelihood of BIONJ tree: -5030.936
--------------------------------------------------------------------
|             INITIALIZING CANDIDATE TREE SET                      |
--------------------------------------------------------------------
Generating 98 parsimony trees... 0.178 second
Computing log-likelihood of 98 initial trees ... 0.187 seconds
Current best score: -5022.606

Do NNI search on 20 best initial trees
Estimate model parameters (epsilon = 0.100)
BETTER TREE FOUND at iteration 1: -5015.062
Iteration 10 / LogL: -5017.834 / Time: 0h:0m:0s
Iteration 20 / LogL: -5016.266 / Time: 0h:0m:0s
Finish initializing candidate tree set (8)
Current best tree score: -5015.062 / CPU time: 0.785
Number of iterations: 20
--------------------------------------------------------------------
|               OPTIMIZING CANDIDATE TREE SET                      |
--------------------------------------------------------------------
Iteration 30 / LogL: -5015.088 / Time: 0h:0m:1s (0h:0m:2s left)
Iteration 40 / LogL: -5016.254 / Time: 0h:0m:1s (0h:0m:2s left)
Iteration 50 / LogL: -5016.308 / Time: 0h:0m:1s (0h:0m:1s left)
Iteration 60 / LogL: -5015.103 / Time: 0h:0m:1s (0h:0m:1s left)
Iteration 70 / LogL: -5016.381 / Time: 0h:0m:2s (0h:0m:0s left)
Iteration 80 / LogL: -5015.098 / Time: 0h:0m:2s (0h:0m:0s left)
Iteration 90 / LogL: -5018.445 / Time: 0h:0m:2s (0h:0m:0s left)
Iteration 100 / LogL: -5015.068 / Time: 0h:0m:3s (0h:0m:0s left)
TREE SEARCH COMPLETED AFTER 102 ITERATIONS / Time: 0h:0m:3s

--------------------------------------------------------------------
|                    FINALIZING TREE SEARCH                        |
--------------------------------------------------------------------
Performs final model parameters optimization
Estimate model parameters (epsilon = 0.010)
1. Initial log-likelihood: -5015.062
Optimal log-likelihood: -5015.062
Parameters optimization took 1 rounds (0.003 sec)
BEST SCORE FOUND : -5015.062
Total tree length: 4.295

Total number of iterations: 102
CPU time used for tree search: 3.067 sec (0h:0m:3s)
Wall-clock time used for tree search: 3.067 sec (0h:0m:3s)
Total CPU time used: 3.105 sec (0h:0m:3s)
Total wall-clock time used: 3.106 sec (0h:0m:3s)

Analysis results written to: 
  IQ-TREE report:                /scratch/ga42vor/simulating_quartets/accuracy_comparision/training1_nohet_18/training1_nohet_18.fasta.iqtree
  Maximum-likelihood tree:       /scratch/ga42vor/simulating_quartets/accuracy_comparision/training1_nohet_18/training1_nohet_18.fasta.treefile
  Likelihood distances:          /scratch/ga42vor/simulating_quartets/accuracy_comparision/training1_nohet_18/training1_nohet_18.fasta.mldist
  Screen log file:               /scratch/ga42vor/simulating_quartets/accuracy_comparision/training1_nohet_18/training1_nohet_18.fasta.log

Date and Time: Thu May 28 16:19:05 2020
