IQ-TREE multicore version 2.0.5 for Linux 64-bit built May 15 2020
Developed by Bui Quang Minh, Nguyen Lam Tung, Olga Chernomor,
Heiko Schmidt, Dominik Schrempf, Michael Woodhams.

Host:    cip2ryzen1.cip.ph.tum.de (AVX2, FMA3, 15 GB RAM)
Command: ../iqtree-2.0.5-Linux/bin/iqtree2 -s /scratch/ga42vor/simulating_quartets/accuracy_comparision/training2_26/training2_26.fasta -m WAG -redo
Seed:    784310 (Using SPRNG - Scalable Parallel Random Number Generator)
Time:    Wed May 27 23:06:32 2020
Kernel:  AVX+FMA - 1 threads (16 CPU cores detected)

HINT: Use -nt option to specify number of threads because your CPU has 16 cores!
HINT: -nt AUTO will automatically determine the best number of threads to use.

Reading alignment file /scratch/ga42vor/simulating_quartets/accuracy_comparision/training2_26/training2_26.fasta ... Fasta format detected
Alignment most likely contains protein sequences
Alignment has 20 sequences with 200 columns, 125 distinct patterns
87 parsimony-informative, 21 singleton sites, 92 constant sites
         Gap/Ambiguity  Composition  p-value
   1  taxon0     0.00%    passed     97.62%
   2  taxon1     0.00%    passed     99.60%
   3  taxon2     0.00%    passed     95.61%
   4  taxon3     0.00%    passed     99.75%
   5  taxon4     0.00%    passed     99.83%
   6  taxon5     0.00%    passed     99.98%
   7  taxon6     0.00%    passed     99.89%
   8  taxon7     0.00%    passed     99.99%
   9  taxon8     0.00%    passed     99.99%
  10  taxon9     0.00%    passed     95.94%
  11  taxon10    0.00%    passed     99.87%
  12  taxon11    0.00%    passed     97.76%
  13  taxon12    0.00%    passed     99.45%
  14  taxon13    0.00%    passed     99.77%
  15  taxon14    0.00%    passed     99.99%
  16  taxon15    0.00%    passed     99.84%
  17  taxon16    0.00%    passed     99.78%
  18  taxon17    0.00%    passed     99.64%
  19  taxon18    0.00%    passed     99.90%
  20  taxon19    0.00%    passed     99.99%
****  TOTAL      0.00%  0 sequences failed composition chi2 test (p-value<5%; df=19)

Create initial parsimony tree by phylogenetic likelihood library (PLL)... 0.001 seconds

NOTE: 0 MB RAM (0 GB) is required!
Estimate model parameters (epsilon = 0.100)
1. Initial log-likelihood: -2867.811
Optimal log-likelihood: -2865.404
Parameters optimization took 1 rounds (0.006 sec)
Computing ML distances based on estimated model parameters... 0.010 sec
Computing BIONJ tree...
0.000 seconds
Log-likelihood of BIONJ tree: -2865.404
--------------------------------------------------------------------
|             INITIALIZING CANDIDATE TREE SET                      |
--------------------------------------------------------------------
Generating 99 parsimony trees... 0.136 second
Computing log-likelihood of 99 initial trees ... 0.144 seconds
Current best score: -2865.404

Do NNI search on 20 best initial trees
Estimate model parameters (epsilon = 0.100)
BETTER TREE FOUND at iteration 1: -2865.404
Iteration 10 / LogL: -2865.430 / Time: 0h:0m:0s
Iteration 20 / LogL: -2865.551 / Time: 0h:0m:0s
Finish initializing candidate tree set (1)
Current best tree score: -2865.404 / CPU time: 0.546
Number of iterations: 20
--------------------------------------------------------------------
|               OPTIMIZING CANDIDATE TREE SET                      |
--------------------------------------------------------------------
Iteration 30 / LogL: -2865.410 / Time: 0h:0m:0s (0h:0m:1s left)
Iteration 40 / LogL: -2865.405 / Time: 0h:0m:0s (0h:0m:1s left)
Iteration 50 / LogL: -2865.448 / Time: 0h:0m:1s (0h:0m:1s left)
Iteration 60 / LogL: -2865.410 / Time: 0h:0m:1s (0h:0m:0s left)
Iteration 70 / LogL: -2865.478 / Time: 0h:0m:1s (0h:0m:0s left)
Iteration 80 / LogL: -2865.413 / Time: 0h:0m:1s (0h:0m:0s left)
Iteration 90 / LogL: -2865.441 / Time: 0h:0m:1s (0h:0m:0s left)
Iteration 100 / LogL: -2865.447 / Time: 0h:0m:1s (0h:0m:0s left)
TREE SEARCH COMPLETED AFTER 102 ITERATIONS / Time: 0h:0m:1s

--------------------------------------------------------------------
|                    FINALIZING TREE SEARCH                        |
--------------------------------------------------------------------
Performs final model parameters optimization
Estimate model parameters (epsilon = 0.010)
1. Initial log-likelihood: -2865.404
Optimal log-likelihood: -2865.404
Parameters optimization took 1 rounds (0.002 sec)
BEST SCORE FOUND : -2865.404
Total tree length: 1.663

Total number of iterations: 102
CPU time used for tree search: 1.948 sec (0h:0m:1s)
Wall-clock time used for tree search: 1.952 sec (0h:0m:1s)
Total CPU time used: 1.982 sec (0h:0m:1s)
Total wall-clock time used: 1.985 sec (0h:0m:1s)

Analysis results written to: 
  IQ-TREE report:                /scratch/ga42vor/simulating_quartets/accuracy_comparision/training2_26/training2_26.fasta.iqtree
  Maximum-likelihood tree:       /scratch/ga42vor/simulating_quartets/accuracy_comparision/training2_26/training2_26.fasta.treefile
  Likelihood distances:          /scratch/ga42vor/simulating_quartets/accuracy_comparision/training2_26/training2_26.fasta.mldist
  Screen log file:               /scratch/ga42vor/simulating_quartets/accuracy_comparision/training2_26/training2_26.fasta.log

Date and Time: Wed May 27 23:06:34 2020
