IQ-TREE multicore version 2.0.5 for Linux 64-bit built May 15 2020
Developed by Bui Quang Minh, Nguyen Lam Tung, Olga Chernomor,
Heiko Schmidt, Dominik Schrempf, Michael Woodhams.

Host:    cip2ryzen1.cip.ph.tum.de (AVX2, FMA3, 15 GB RAM)
Command: ../iqtree-2.0.5-Linux/bin/iqtree2 -s /scratch/ga42vor/simulating_quartets/accuracy_comparision/training1_40/training1_40.fasta -m WAG -redo
Seed:    734004 (Using SPRNG - Scalable Parallel Random Number Generator)
Time:    Wed May 27 23:02:17 2020
Kernel:  AVX+FMA - 1 threads (16 CPU cores detected)

HINT: Use -nt option to specify number of threads because your CPU has 16 cores!
HINT: -nt AUTO will automatically determine the best number of threads to use.

Reading alignment file /scratch/ga42vor/simulating_quartets/accuracy_comparision/training1_40/training1_40.fasta ... Fasta format detected
Alignment most likely contains protein sequences
Alignment has 20 sequences with 200 columns, 160 distinct patterns
126 parsimony-informative, 19 singleton sites, 55 constant sites
         Gap/Ambiguity  Composition  p-value
   1  taxon0     0.00%    passed     91.03%
   2  taxon1     0.00%    passed     89.11%
   3  taxon2     0.00%    passed     62.20%
   4  taxon3     0.00%    passed     97.66%
   5  taxon4     0.00%    passed     97.98%
   6  taxon5     0.00%    passed     97.57%
   7  taxon6     0.00%    passed     99.17%
   8  taxon7     0.00%    passed     95.37%
   9  taxon8     0.00%    passed     99.87%
  10  taxon9     0.00%    passed     99.76%
  11  taxon10    0.00%    passed     81.19%
  12  taxon11    0.00%    passed     99.77%
  13  taxon12    0.00%    passed     90.26%
  14  taxon13    0.00%    passed     99.40%
  15  taxon14    0.00%    passed     99.74%
  16  taxon15    0.00%    passed     95.64%
  17  taxon16    0.00%    passed     99.64%
  18  taxon17    0.00%    passed     99.83%
  19  taxon18    0.00%    passed     88.33%
  20  taxon19    0.00%    passed     99.91%
****  TOTAL      0.00%  0 sequences failed composition chi2 test (p-value<5%; df=19)

Create initial parsimony tree by phylogenetic likelihood library (PLL)... 0.002 seconds

NOTE: 0 MB RAM (0 GB) is required!
Estimate model parameters (epsilon = 0.100)
1. Initial log-likelihood: -5377.692
Optimal log-likelihood: -5366.181
Parameters optimization took 1 rounds (0.006 sec)
Computing ML distances based on estimated model parameters... 0.008 sec
Computing BIONJ tree...
0.000 seconds
Log-likelihood of BIONJ tree: -5370.808
--------------------------------------------------------------------
|             INITIALIZING CANDIDATE TREE SET                      |
--------------------------------------------------------------------
Generating 98 parsimony trees... 0.134 second
Computing log-likelihood of 98 initial trees ... 0.168 seconds
Current best score: -5366.181

Do NNI search on 20 best initial trees
Estimate model parameters (epsilon = 0.100)
BETTER TREE FOUND at iteration 1: -5366.181
Iteration 10 / LogL: -5366.223 / Time: 0h:0m:0s
Iteration 20 / LogL: -5366.189 / Time: 0h:0m:0s
Finish initializing candidate tree set (1)
Current best tree score: -5366.181 / CPU time: 0.622
Number of iterations: 20
--------------------------------------------------------------------
|               OPTIMIZING CANDIDATE TREE SET                      |
--------------------------------------------------------------------
Iteration 30 / LogL: -5366.272 / Time: 0h:0m:0s (0h:0m:2s left)
Iteration 40 / LogL: -5366.203 / Time: 0h:0m:1s (0h:0m:1s left)
Iteration 50 / LogL: -5366.205 / Time: 0h:0m:1s (0h:0m:1s left)
Iteration 60 / LogL: -5366.186 / Time: 0h:0m:1s (0h:0m:1s left)
Iteration 70 / LogL: -5366.198 / Time: 0h:0m:1s (0h:0m:0s left)
Iteration 80 / LogL: -5366.238 / Time: 0h:0m:1s (0h:0m:0s left)
Iteration 90 / LogL: -5366.191 / Time: 0h:0m:2s (0h:0m:0s left)
Iteration 100 / LogL: -5366.185 / Time: 0h:0m:2s (0h:0m:0s left)
TREE SEARCH COMPLETED AFTER 102 ITERATIONS / Time: 0h:0m:2s

--------------------------------------------------------------------
|                    FINALIZING TREE SEARCH                        |
--------------------------------------------------------------------
Performs final model parameters optimization
Estimate model parameters (epsilon = 0.010)
1. Initial log-likelihood: -5366.181
Optimal log-likelihood: -5366.181
Parameters optimization took 1 rounds (0.002 sec)
BEST SCORE FOUND : -5366.181
Total tree length: 4.444

Total number of iterations: 102
CPU time used for tree search: 2.388 sec (0h:0m:2s)
Wall-clock time used for tree search: 2.388 sec (0h:0m:2s)
Total CPU time used: 2.421 sec (0h:0m:2s)
Total wall-clock time used: 2.422 sec (0h:0m:2s)

Analysis results written to: 
  IQ-TREE report:                /scratch/ga42vor/simulating_quartets/accuracy_comparision/training1_40/training1_40.fasta.iqtree
  Maximum-likelihood tree:       /scratch/ga42vor/simulating_quartets/accuracy_comparision/training1_40/training1_40.fasta.treefile
  Likelihood distances:          /scratch/ga42vor/simulating_quartets/accuracy_comparision/training1_40/training1_40.fasta.mldist
  Screen log file:               /scratch/ga42vor/simulating_quartets/accuracy_comparision/training1_40/training1_40.fasta.log

Date and Time: Wed May 27 23:02:20 2020
