IQ-TREE multicore version 2.0.5 for Linux 64-bit built May 15 2020
Developed by Bui Quang Minh, Nguyen Lam Tung, Olga Chernomor,
Heiko Schmidt, Dominik Schrempf, Michael Woodhams.

Host:    cip2ryzen1.cip.ph.tum.de (AVX2, FMA3, 15 GB RAM)
Command: ../iqtree-2.0.5-Linux/bin/iqtree2 -s /scratch/ga42vor/simulating_quartets/accuracy_comparision/training2_44/training2_44.fasta -m WAG -redo
Seed:    458431 (Using SPRNG - Scalable Parallel Random Number Generator)
Time:    Wed May 27 23:07:11 2020
Kernel:  AVX+FMA - 1 threads (16 CPU cores detected)

HINT: Use -nt option to specify number of threads because your CPU has 16 cores!
HINT: -nt AUTO will automatically determine the best number of threads to use.

Reading alignment file /scratch/ga42vor/simulating_quartets/accuracy_comparision/training2_44/training2_44.fasta ... Fasta format detected
Alignment most likely contains protein sequences
Alignment has 20 sequences with 200 columns, 200 distinct patterns
175 parsimony-informative, 25 singleton sites, 0 constant sites
         Gap/Ambiguity  Composition  p-value
   1  taxon0     0.00%    passed     44.75%
   2  taxon1     0.00%    passed     97.43%
   3  taxon2     0.00%    passed     19.53%
   4  taxon3     0.00%    passed     65.47%
   5  taxon4     0.00%    passed     88.93%
   6  taxon5     0.00%    passed     78.93%
   7  taxon6     0.00%    passed     90.26%
   8  taxon7     0.00%    passed     67.79%
   9  taxon8     0.00%    passed     96.19%
  10  taxon9     0.00%    passed     81.70%
  11  taxon10    0.00%    passed     91.21%
  12  taxon11    0.00%    passed     72.90%
  13  taxon12    0.00%    passed     99.47%
  14  taxon13    0.00%    passed     97.25%
  15  taxon14    0.00%    passed     86.63%
  16  taxon15    0.00%    passed     48.10%
  17  taxon16    0.00%    passed     82.19%
  18  taxon17    0.00%    passed     37.28%
  19  taxon18    0.00%    passed     96.94%
  20  taxon19    0.00%    passed     99.93%
****  TOTAL      0.00%  0 sequences failed composition chi2 test (p-value<5%; df=19)

Create initial parsimony tree by phylogenetic likelihood library (PLL)... 0.002 seconds

NOTE: 0 MB RAM (0 GB) is required!
Estimate model parameters (epsilon = 0.100)
1. Initial log-likelihood: -7858.466
Optimal log-likelihood: -7832.993
Parameters optimization took 1 rounds (0.007 sec)
Computing ML distances based on estimated model parameters... 0.013 sec
Computing BIONJ tree...
0.000 seconds
Log-likelihood of BIONJ tree: -7836.046
--------------------------------------------------------------------
|             INITIALIZING CANDIDATE TREE SET                      |
--------------------------------------------------------------------
Generating 98 parsimony trees... 0.179 second
Computing log-likelihood of 98 initial trees ... 0.209 seconds
Current best score: -7832.993

Do NNI search on 20 best initial trees
Estimate model parameters (epsilon = 0.100)
BETTER TREE FOUND at iteration 1: -7832.993
Iteration 10 / LogL: -7833.197 / Time: 0h:0m:0s
Iteration 20 / LogL: -7832.997 / Time: 0h:0m:0s
Finish initializing candidate tree set (1)
Current best tree score: -7832.993 / CPU time: 0.784
Number of iterations: 20
--------------------------------------------------------------------
|               OPTIMIZING CANDIDATE TREE SET                      |
--------------------------------------------------------------------
Iteration 30 / LogL: -7833.030 / Time: 0h:0m:1s (0h:0m:2s left)
Iteration 40 / LogL: -7832.996 / Time: 0h:0m:1s (0h:0m:2s left)
Iteration 50 / LogL: -7832.997 / Time: 0h:0m:1s (0h:0m:1s left)
Iteration 60 / LogL: -7833.792 / Time: 0h:0m:1s (0h:0m:1s left)
Iteration 70 / LogL: -7833.024 / Time: 0h:0m:2s (0h:0m:0s left)
Iteration 80 / LogL: -7833.026 / Time: 0h:0m:2s (0h:0m:0s left)
Iteration 90 / LogL: -7832.999 / Time: 0h:0m:2s (0h:0m:0s left)
Iteration 100 / LogL: -7833.011 / Time: 0h:0m:3s (0h:0m:0s left)
TREE SEARCH COMPLETED AFTER 102 ITERATIONS / Time: 0h:0m:3s

--------------------------------------------------------------------
|                    FINALIZING TREE SEARCH                        |
--------------------------------------------------------------------
Performs final model parameters optimization
Estimate model parameters (epsilon = 0.010)
1. Initial log-likelihood: -7832.993
Optimal log-likelihood: -7832.993
Parameters optimization took 1 rounds (0.003 sec)
BEST SCORE FOUND : -7832.993
Total tree length: 8.396

Total number of iterations: 102
CPU time used for tree search: 3.047 sec (0h:0m:3s)
Wall-clock time used for tree search: 3.048 sec (0h:0m:3s)
Total CPU time used: 3.090 sec (0h:0m:3s)
Total wall-clock time used: 3.091 sec (0h:0m:3s)

Analysis results written to: 
  IQ-TREE report:                /scratch/ga42vor/simulating_quartets/accuracy_comparision/training2_44/training2_44.fasta.iqtree
  Maximum-likelihood tree:       /scratch/ga42vor/simulating_quartets/accuracy_comparision/training2_44/training2_44.fasta.treefile
  Likelihood distances:          /scratch/ga42vor/simulating_quartets/accuracy_comparision/training2_44/training2_44.fasta.mldist
  Screen log file:               /scratch/ga42vor/simulating_quartets/accuracy_comparision/training2_44/training2_44.fasta.log

Date and Time: Wed May 27 23:07:14 2020
