IQ-TREE multicore version 2.0.5 for Linux 64-bit built May 15 2020
Developed by Bui Quang Minh, Nguyen Lam Tung, Olga Chernomor,
Heiko Schmidt, Dominik Schrempf, Michael Woodhams.

Host:    cip2ryzen1.cip.ph.tum.de (AVX2, FMA3, 15 GB RAM)
Command: ../iqtree-2.0.5-Linux/bin/iqtree2 -s /scratch/ga42vor/simulating_quartets/accuracy_comparision/training1_17/training1_17.fasta -m WAG -redo
Seed:    122296 (Using SPRNG - Scalable Parallel Random Number Generator)
Time:    Wed May 27 23:01:22 2020
Kernel:  AVX+FMA - 1 threads (16 CPU cores detected)

HINT: Use -nt option to specify number of threads because your CPU has 16 cores!
HINT: -nt AUTO will automatically determine the best number of threads to use.

Reading alignment file /scratch/ga42vor/simulating_quartets/accuracy_comparision/training1_17/training1_17.fasta ... Fasta format detected
Alignment most likely contains protein sequences
Alignment has 20 sequences with 200 columns, 200 distinct patterns
192 parsimony-informative, 7 singleton sites, 1 constant sites
         Gap/Ambiguity  Composition  p-value
   1  taxon0     0.00%    passed     76.32%
   2  taxon1     0.00%    passed     98.78%
   3  taxon2     0.00%    passed     94.19%
   4  taxon3     0.00%    passed     82.93%
   5  taxon4     0.00%    passed     57.07%
   6  taxon5     0.00%    passed     62.35%
   7  taxon6     0.00%    passed     15.99%
   8  taxon7     0.00%    passed     79.26%
   9  taxon8     0.00%    passed     55.41%
  10  taxon9     0.00%    passed     95.97%
  11  taxon10    0.00%    passed     94.65%
  12  taxon11    0.00%    passed     67.60%
  13  taxon12    0.00%    passed     95.74%
  14  taxon13    0.00%    passed     80.22%
  15  taxon14    0.00%    passed     78.29%
  16  taxon15    0.00%    passed     84.42%
  17  taxon16    0.00%    passed     51.10%
  18  taxon17    0.00%    passed     80.26%
  19  taxon18    0.00%    passed     80.45%
  20  taxon19    0.00%    passed     95.21%
****  TOTAL      0.00%  0 sequences failed composition chi2 test (p-value<5%; df=19)

Create initial parsimony tree by phylogenetic likelihood library (PLL)... 0.001 seconds

NOTE: 0 MB RAM (0 GB) is required!
Estimate model parameters (epsilon = 0.100)
1. Initial log-likelihood: -8807.558
Optimal log-likelihood: -8779.128
Parameters optimization took 1 rounds (0.006 sec)
Computing ML distances based on estimated model parameters... 0.015 sec
Computing BIONJ tree...
0.000 seconds
Log-likelihood of BIONJ tree: -8777.421
--------------------------------------------------------------------
|             INITIALIZING CANDIDATE TREE SET                      |
--------------------------------------------------------------------
Generating 98 parsimony trees... 0.158 second
Computing log-likelihood of 98 initial trees ... 0.211 seconds
Current best score: -8777.421

Do NNI search on 20 best initial trees
Estimate model parameters (epsilon = 0.100)
BETTER TREE FOUND at iteration 1: -8776.542
Estimate model parameters (epsilon = 0.100)
BETTER TREE FOUND at iteration 2: -8776.260
Iteration 10 / LogL: -8777.014 / Time: 0h:0m:0s
Iteration 20 / LogL: -8776.597 / Time: 0h:0m:0s
Finish initializing candidate tree set (3)
Current best tree score: -8776.260 / CPU time: 0.854
Number of iterations: 20
--------------------------------------------------------------------
|               OPTIMIZING CANDIDATE TREE SET                      |
--------------------------------------------------------------------
Iteration 30 / LogL: -8776.395 / Time: 0h:0m:1s (0h:0m:2s left)
Iteration 40 / LogL: -8776.295 / Time: 0h:0m:1s (0h:0m:2s left)
Iteration 50 / LogL: -8776.449 / Time: 0h:0m:1s (0h:0m:1s left)
Iteration 60 / LogL: -8776.300 / Time: 0h:0m:2s (0h:0m:1s left)
Iteration 70 / LogL: -8776.326 / Time: 0h:0m:2s (0h:0m:1s left)
Iteration 80 / LogL: -8776.686 / Time: 0h:0m:2s (0h:0m:0s left)
Iteration 90 / LogL: -8776.440 / Time: 0h:0m:2s (0h:0m:0s left)
Iteration 100 / LogL: -8776.599 / Time: 0h:0m:3s (0h:0m:0s left)
TREE SEARCH COMPLETED AFTER 103 ITERATIONS / Time: 0h:0m:3s

--------------------------------------------------------------------
|                    FINALIZING TREE SEARCH                        |
--------------------------------------------------------------------
Performs final model parameters optimization
Estimate model parameters (epsilon = 0.010)
1. Initial log-likelihood: -8776.260
Optimal log-likelihood: -8776.259
Parameters optimization took 1 rounds (0.003 sec)
BEST SCORE FOUND : -8776.259
Total tree length: 10.717

Total number of iterations: 103
CPU time used for tree search: 3.271 sec (0h:0m:3s)
Wall-clock time used for tree search: 3.271 sec (0h:0m:3s)
Total CPU time used: 3.318 sec (0h:0m:3s)
Total wall-clock time used: 3.324 sec (0h:0m:3s)

Analysis results written to: 
  IQ-TREE report:                /scratch/ga42vor/simulating_quartets/accuracy_comparision/training1_17/training1_17.fasta.iqtree
  Maximum-likelihood tree:       /scratch/ga42vor/simulating_quartets/accuracy_comparision/training1_17/training1_17.fasta.treefile
  Likelihood distances:          /scratch/ga42vor/simulating_quartets/accuracy_comparision/training1_17/training1_17.fasta.mldist
  Screen log file:               /scratch/ga42vor/simulating_quartets/accuracy_comparision/training1_17/training1_17.fasta.log

Date and Time: Wed May 27 23:01:25 2020
