IQ-TREE multicore version 2.0.5 for Linux 64-bit built May 15 2020
Developed by Bui Quang Minh, Nguyen Lam Tung, Olga Chernomor,
Heiko Schmidt, Dominik Schrempf, Michael Woodhams.

Host:    cip2ryzen1.cip.ph.tum.de (AVX2, FMA3, 15 GB RAM)
Command: ../iqtree-2.0.5-Linux/bin/iqtree2 -s /scratch/ga42vor/simulating_quartets/accuracy_comparision/t16/t16.fasta -m WAG -redo
Seed:    534987 (Using SPRNG - Scalable Parallel Random Number Generator)
Time:    Wed May 27 22:59:39 2020
Kernel:  AVX+FMA - 1 threads (16 CPU cores detected)

HINT: Use -nt option to specify number of threads because your CPU has 16 cores!
HINT: -nt AUTO will automatically determine the best number of threads to use.

Reading alignment file /scratch/ga42vor/simulating_quartets/accuracy_comparision/t16/t16.fasta ... Fasta format detected
Alignment most likely contains protein sequences
Alignment has 20 sequences with 200 columns, 179 distinct patterns
139 parsimony-informative, 23 singleton sites, 38 constant sites
         Gap/Ambiguity  Composition  p-value
   1  taxon0     0.00%    passed     90.41%
   2  taxon1     0.00%    passed     59.16%
   3  taxon2     0.00%    passed     48.92%
   4  taxon3     0.00%    passed     97.58%
   5  taxon4     0.00%    passed     91.41%
   6  taxon5     0.00%    passed     95.78%
   7  taxon6     0.00%    passed     83.48%
   8  taxon7     0.00%    passed     92.20%
   9  taxon8     0.00%    passed     99.62%
  10  taxon9     0.00%    passed     87.46%
  11  taxon10    0.00%    passed     96.24%
  12  taxon11    0.00%    passed     99.61%
  13  taxon12    0.00%    passed     99.72%
  14  taxon13    0.00%    passed     99.93%
  15  taxon14    0.00%    passed     99.95%
  16  taxon15    0.00%    passed     96.90%
  17  taxon16    0.00%    passed     93.87%
  18  taxon17    0.00%    passed     96.86%
  19  taxon18    0.00%    passed     90.87%
  20  taxon19    0.00%    passed     94.26%
****  TOTAL      0.00%  0 sequences failed composition chi2 test (p-value<5%; df=19)

Create initial parsimony tree by phylogenetic likelihood library (PLL)... 0.001 seconds

NOTE: 0 MB RAM (0 GB) is required!
Estimate model parameters (epsilon = 0.100)
1. Initial log-likelihood: -4681.237
Optimal log-likelihood: -4676.394
Parameters optimization took 1 rounds (0.006 sec)
Computing ML distances based on estimated model parameters... 0.011 sec
Computing BIONJ tree...
0.000 seconds
Log-likelihood of BIONJ tree: -4676.394
--------------------------------------------------------------------
|             INITIALIZING CANDIDATE TREE SET                      |
--------------------------------------------------------------------
Generating 99 parsimony trees... 0.117 second
Computing log-likelihood of 99 initial trees ... 0.188 seconds
Current best score: -4676.394

Do NNI search on 20 best initial trees
Estimate model parameters (epsilon = 0.100)
BETTER TREE FOUND at iteration 1: -4676.394
Iteration 10 / LogL: -4676.430 / Time: 0h:0m:0s
Iteration 20 / LogL: -4676.402 / Time: 0h:0m:0s
Finish initializing candidate tree set (1)
Current best tree score: -4676.394 / CPU time: 0.684
Number of iterations: 20
--------------------------------------------------------------------
|               OPTIMIZING CANDIDATE TREE SET                      |
--------------------------------------------------------------------
Iteration 30 / LogL: -4676.398 / Time: 0h:0m:0s (0h:0m:2s left)
Iteration 40 / LogL: -4676.513 / Time: 0h:0m:1s (0h:0m:1s left)
Iteration 50 / LogL: -4676.413 / Time: 0h:0m:1s (0h:0m:1s left)
Iteration 60 / LogL: -4676.397 / Time: 0h:0m:1s (0h:0m:1s left)
Iteration 70 / LogL: -4676.396 / Time: 0h:0m:1s (0h:0m:0s left)
Iteration 80 / LogL: -4676.453 / Time: 0h:0m:2s (0h:0m:0s left)
Iteration 90 / LogL: -4676.406 / Time: 0h:0m:2s (0h:0m:0s left)
Iteration 100 / LogL: -4676.483 / Time: 0h:0m:2s (0h:0m:0s left)
TREE SEARCH COMPLETED AFTER 102 ITERATIONS / Time: 0h:0m:2s

--------------------------------------------------------------------
|                    FINALIZING TREE SEARCH                        |
--------------------------------------------------------------------
Performs final model parameters optimization
Estimate model parameters (epsilon = 0.010)
1. Initial log-likelihood: -4676.394
Optimal log-likelihood: -4676.394
Parameters optimization took 1 rounds (0.003 sec)
BEST SCORE FOUND : -4676.394
Total tree length: 3.526

Total number of iterations: 102
CPU time used for tree search: 2.579 sec (0h:0m:2s)
Wall-clock time used for tree search: 2.580 sec (0h:0m:2s)
Total CPU time used: 2.611 sec (0h:0m:2s)
Total wall-clock time used: 2.615 sec (0h:0m:2s)

Analysis results written to: 
  IQ-TREE report:                /scratch/ga42vor/simulating_quartets/accuracy_comparision/t16/t16.fasta.iqtree
  Maximum-likelihood tree:       /scratch/ga42vor/simulating_quartets/accuracy_comparision/t16/t16.fasta.treefile
  Likelihood distances:          /scratch/ga42vor/simulating_quartets/accuracy_comparision/t16/t16.fasta.mldist
  Screen log file:               /scratch/ga42vor/simulating_quartets/accuracy_comparision/t16/t16.fasta.log

Date and Time: Wed May 27 22:59:42 2020
