IQ-TREE multicore version 2.0.5 for Linux 64-bit built May 15 2020
Developed by Bui Quang Minh, Nguyen Lam Tung, Olga Chernomor,
Heiko Schmidt, Dominik Schrempf, Michael Woodhams.

Host:    cip2ryzen1.cip.ph.tum.de (AVX2, FMA3, 15 GB RAM)
Command: ../iqtree-2.0.5-Linux/bin/iqtree2 -s /scratch/ga42vor/simulating_quartets/accuracy_comparision/training2_nohet_38/training2_nohet_38.fasta -redo -m WAG
Seed:    645773 (Using SPRNG - Scalable Parallel Random Number Generator)
Time:    Thu May 28 17:11:37 2020
Kernel:  AVX+FMA - 1 threads (16 CPU cores detected)

HINT: Use -nt option to specify number of threads because your CPU has 16 cores!
HINT: -nt AUTO will automatically determine the best number of threads to use.

Reading alignment file /scratch/ga42vor/simulating_quartets/accuracy_comparision/training2_nohet_38/training2_nohet_38.fasta ... Fasta format detected
Alignment most likely contains protein sequences
Alignment has 20 sequences with 200 columns, 82 distinct patterns
57 parsimony-informative, 7 singleton sites, 136 constant sites
         Gap/Ambiguity  Composition  p-value
   1  taxon0     0.00%    passed     99.96%
   2  taxon1     0.00%    passed     99.99%
   3  taxon2     0.00%    passed    100.00%
   4  taxon3     0.00%    passed    100.00%
   5  taxon4     0.00%    passed    100.00%
   6  taxon5     0.00%    passed    100.00%
   7  taxon6     0.00%    passed    100.00%
   8  taxon7     0.00%    passed    100.00%
   9  taxon8     0.00%    passed     99.99%
  10  taxon9     0.00%    passed     99.99%
  11  taxon10    0.00%    passed     99.99%
  12  taxon11    0.00%    passed     99.97%
  13  taxon12    0.00%    passed    100.00%
  14  taxon13    0.00%    passed    100.00%
  15  taxon14    0.00%    passed     99.99%
  16  taxon15    0.00%    passed     99.86%
  17  taxon16    0.00%    passed     99.75%
  18  taxon17    0.00%    passed     99.35%
  19  taxon18    0.00%    passed     99.61%
  20  taxon19    0.00%    passed     99.18%
****  TOTAL      0.00%  0 sequences failed composition chi2 test (p-value<5%; df=19)

Create initial parsimony tree by phylogenetic likelihood library (PLL)... 0.001 seconds

NOTE: 0 MB RAM (0 GB) is required!
Estimate model parameters (epsilon = 0.100)
1. Initial log-likelihood: -1415.639
Optimal log-likelihood: -1412.247
Parameters optimization took 1 rounds (0.003 sec)
Computing ML distances based on estimated model parameters... 0.008 sec
Computing BIONJ tree...
0.000 seconds
Log-likelihood of BIONJ tree: -1422.953
--------------------------------------------------------------------
|             INITIALIZING CANDIDATE TREE SET                      |
--------------------------------------------------------------------
Generating 98 parsimony trees... 0.099 second
Computing log-likelihood of 98 initial trees ... 0.109 seconds
Current best score: -1407.875

Do NNI search on 20 best initial trees
Estimate model parameters (epsilon = 0.100)
BETTER TREE FOUND at iteration 1: -1405.876
Iteration 10 / LogL: -1411.852 / Time: 0h:0m:0s
Iteration 20 / LogL: -1406.256 / Time: 0h:0m:0s
Finish initializing candidate tree set (9)
Current best tree score: -1405.876 / CPU time: 0.403
Number of iterations: 20
--------------------------------------------------------------------
|               OPTIMIZING CANDIDATE TREE SET                      |
--------------------------------------------------------------------
Iteration 30 / LogL: -1405.877 / Time: 0h:0m:0s (0h:0m:1s left)
Iteration 40 / LogL: -1406.257 / Time: 0h:0m:0s (0h:0m:1s left)
Iteration 50 / LogL: -1406.256 / Time: 0h:0m:0s (0h:0m:0s left)
Estimate model parameters (epsilon = 0.100)
BETTER TREE FOUND at iteration 51: -1405.211
Iteration 60 / LogL: -1405.877 / Time: 0h:0m:1s (0h:0m:1s left)
Iteration 70 / LogL: -1406.257 / Time: 0h:0m:1s (0h:0m:1s left)
UPDATE BEST LOG-LIKELIHOOD: -1405.211
UPDATE BEST LOG-LIKELIHOOD: -1405.210
Iteration 80 / LogL: -1406.257 / Time: 0h:0m:1s (0h:0m:1s left)
Estimate model parameters (epsilon = 0.100)
BETTER TREE FOUND at iteration 87: -1405.054
Iteration 90 / LogL: -1406.257 / Time: 0h:0m:1s (0h:0m:1s left)
Iteration 100 / LogL: -1412.269 / Time: 0h:0m:1s (0h:0m:1s left)
Iteration 110 / LogL: -1405.210 / Time: 0h:0m:1s (0h:0m:1s left)
Iteration 120 / LogL: -1405.212 / Time: 0h:0m:1s (0h:0m:1s left)
UPDATE BEST LOG-LIKELIHOOD: -1405.054
Iteration 130 / LogL: -1406.585 / Time: 0h:0m:2s (0h:0m:0s left)
Iteration 140 / LogL: -1405.055 / Time: 0h:0m:2s (0h:0m:0s left)
UPDATE BEST LOG-LIKELIHOOD: -1405.054
Iteration 150 / LogL: -1405.210 / Time: 0h:0m:2s (0h:0m:0s left)
Iteration 160 / LogL: -1405.211 / Time: 0h:0m:2s (0h:0m:0s left)
UPDATE BEST LOG-LIKELIHOOD: -1405.053
Iteration 170 / LogL: -1405.364 / Time: 0h:0m:2s (0h:0m:0s left)
Iteration 180 / LogL: -1405.213 / Time: 0h:0m:2s (0h:0m:0s left)
TREE SEARCH COMPLETED AFTER 188 ITERATIONS / Time: 0h:0m:2s

--------------------------------------------------------------------
|                    FINALIZING TREE SEARCH                        |
--------------------------------------------------------------------
Performs final model parameters optimization
Estimate model parameters (epsilon = 0.010)
1. Initial log-likelihood: -1405.053
Optimal log-likelihood: -1405.053
Parameters optimization took 1 rounds (0.002 sec)
BEST SCORE FOUND : -1405.053
Total tree length: 0.598

Total number of iterations: 188
CPU time used for tree search: 2.932 sec (0h:0m:2s)
Wall-clock time used for tree search: 2.933 sec (0h:0m:2s)
Total CPU time used: 2.961 sec (0h:0m:2s)
Total wall-clock time used: 2.962 sec (0h:0m:2s)

Analysis results written to: 
  IQ-TREE report:                /scratch/ga42vor/simulating_quartets/accuracy_comparision/training2_nohet_38/training2_nohet_38.fasta.iqtree
  Maximum-likelihood tree:       /scratch/ga42vor/simulating_quartets/accuracy_comparision/training2_nohet_38/training2_nohet_38.fasta.treefile
  Likelihood distances:          /scratch/ga42vor/simulating_quartets/accuracy_comparision/training2_nohet_38/training2_nohet_38.fasta.mldist
  Screen log file:               /scratch/ga42vor/simulating_quartets/accuracy_comparision/training2_nohet_38/training2_nohet_38.fasta.log

Date and Time: Thu May 28 17:11:40 2020
