IQ-TREE multicore version 2.0.5 for Linux 64-bit built May 15 2020
Developed by Bui Quang Minh, Nguyen Lam Tung, Olga Chernomor,
Heiko Schmidt, Dominik Schrempf, Michael Woodhams.

Host:    cip2ryzen1.cip.ph.tum.de (AVX2, FMA3, 15 GB RAM)
Command: ../iqtree-2.0.5-Linux/bin/iqtree2 -s /scratch/ga42vor/simulating_quartets/accuracy_comparision/training2_0/training2_0.fasta -m WAG -redo
Seed:    336840 (Using SPRNG - Scalable Parallel Random Number Generator)
Time:    Wed May 27 23:05:31 2020
Kernel:  AVX+FMA - 1 threads (16 CPU cores detected)

HINT: Use -nt option to specify number of threads because your CPU has 16 cores!
HINT: -nt AUTO will automatically determine the best number of threads to use.

Reading alignment file /scratch/ga42vor/simulating_quartets/accuracy_comparision/training2_0/training2_0.fasta ... Fasta format detected
Alignment most likely contains protein sequences
Alignment has 20 sequences with 200 columns, 200 distinct patterns
169 parsimony-informative, 28 singleton sites, 3 constant sites
         Gap/Ambiguity  Composition  p-value
   1  taxon0     0.00%    passed     99.87%
   2  taxon1     0.00%    passed     93.22%
   3  taxon2     0.00%    passed     53.81%
   4  taxon3     0.00%    passed     71.39%
   5  taxon4     0.00%    passed     99.93%
   6  taxon5     0.00%    passed     99.03%
   7  taxon6     0.00%    passed     99.27%
   8  taxon7     0.00%    passed     99.75%
   9  taxon8     0.00%    passed     86.81%
  10  taxon9     0.00%    passed     99.41%
  11  taxon10    0.00%    passed     79.55%
  12  taxon11    0.00%    passed     91.31%
  13  taxon12    0.00%    passed     44.27%
  14  taxon13    0.00%    passed     47.17%
  15  taxon14    0.00%    passed     28.57%
  16  taxon15    0.00%    passed     59.49%
  17  taxon16    0.00%    passed     81.23%
  18  taxon17    0.00%    passed     16.82%
  19  taxon18    0.00%    passed     84.44%
  20  taxon19    0.00%    passed     55.67%
****  TOTAL      0.00%  0 sequences failed composition chi2 test (p-value<5%; df=19)

Create initial parsimony tree by phylogenetic likelihood library (PLL)... 0.002 seconds

NOTE: 0 MB RAM (0 GB) is required!
Estimate model parameters (epsilon = 0.100)
1. Initial log-likelihood: -7037.192
Optimal log-likelihood: -7022.600
Parameters optimization took 1 rounds (0.007 sec)
Computing ML distances based on estimated model parameters... 0.010 sec
Computing BIONJ tree...
0.000 seconds
Log-likelihood of BIONJ tree: -7023.768
--------------------------------------------------------------------
|             INITIALIZING CANDIDATE TREE SET                      |
--------------------------------------------------------------------
Generating 98 parsimony trees... 0.147 second
Computing log-likelihood of 98 initial trees ... 0.212 seconds
Current best score: -7022.600

Do NNI search on 20 best initial trees
Estimate model parameters (epsilon = 0.100)
BETTER TREE FOUND at iteration 1: -7022.600
Iteration 10 / LogL: -7022.604 / Time: 0h:0m:0s
Iteration 20 / LogL: -7022.602 / Time: 0h:0m:0s
Finish initializing candidate tree set (1)
Current best tree score: -7022.600 / CPU time: 0.787
Number of iterations: 20
--------------------------------------------------------------------
|               OPTIMIZING CANDIDATE TREE SET                      |
--------------------------------------------------------------------
Iteration 30 / LogL: -7022.604 / Time: 0h:0m:1s (0h:0m:2s left)
Iteration 40 / LogL: -7022.659 / Time: 0h:0m:1s (0h:0m:2s left)
Iteration 50 / LogL: -7022.605 / Time: 0h:0m:1s (0h:0m:1s left)
Iteration 60 / LogL: -7022.923 / Time: 0h:0m:1s (0h:0m:1s left)
Iteration 70 / LogL: -7022.919 / Time: 0h:0m:2s (0h:0m:0s left)
Iteration 80 / LogL: -7022.623 / Time: 0h:0m:2s (0h:0m:0s left)
Iteration 90 / LogL: -7022.616 / Time: 0h:0m:2s (0h:0m:0s left)
Iteration 100 / LogL: -7022.654 / Time: 0h:0m:2s (0h:0m:0s left)
TREE SEARCH COMPLETED AFTER 102 ITERATIONS / Time: 0h:0m:2s

--------------------------------------------------------------------
|                    FINALIZING TREE SEARCH                        |
--------------------------------------------------------------------
Performs final model parameters optimization
Estimate model parameters (epsilon = 0.010)
1. Initial log-likelihood: -7022.600
Optimal log-likelihood: -7022.600
Parameters optimization took 1 rounds (0.003 sec)
BEST SCORE FOUND : -7022.600
Total tree length: 6.924

Total number of iterations: 102
CPU time used for tree search: 2.959 sec (0h:0m:2s)
Wall-clock time used for tree search: 2.960 sec (0h:0m:2s)
Total CPU time used: 2.994 sec (0h:0m:2s)
Total wall-clock time used: 2.997 sec (0h:0m:2s)

Analysis results written to: 
  IQ-TREE report:                /scratch/ga42vor/simulating_quartets/accuracy_comparision/training2_0/training2_0.fasta.iqtree
  Maximum-likelihood tree:       /scratch/ga42vor/simulating_quartets/accuracy_comparision/training2_0/training2_0.fasta.treefile
  Likelihood distances:          /scratch/ga42vor/simulating_quartets/accuracy_comparision/training2_0/training2_0.fasta.mldist
  Screen log file:               /scratch/ga42vor/simulating_quartets/accuracy_comparision/training2_0/training2_0.fasta.log

Date and Time: Wed May 27 23:05:34 2020
