IQ-TREE multicore version 2.0.5 for Linux 64-bit built May 15 2020
Developed by Bui Quang Minh, Nguyen Lam Tung, Olga Chernomor,
Heiko Schmidt, Dominik Schrempf, Michael Woodhams.

Host:    cip2ryzen1.cip.ph.tum.de (AVX2, FMA3, 15 GB RAM)
Command: ../iqtree-2.0.5-Linux/bin/iqtree2 -s /scratch/ga42vor/simulating_quartets/accuracy_comparision/training3_23/training3_23.fasta -redo -m WAG
Seed:    236206 (Using SPRNG - Scalable Parallel Random Number Generator)
Time:    Thu May 28 17:07:47 2020
Kernel:  AVX+FMA - 1 threads (16 CPU cores detected)

HINT: Use -nt option to specify number of threads because your CPU has 16 cores!
HINT: -nt AUTO will automatically determine the best number of threads to use.

Reading alignment file /scratch/ga42vor/simulating_quartets/accuracy_comparision/training3_23/training3_23.fasta ... Fasta format detected
Alignment most likely contains protein sequences
Alignment has 20 sequences with 200 columns, 200 distinct patterns
191 parsimony-informative, 8 singleton sites, 1 constant sites
         Gap/Ambiguity  Composition  p-value
   1  taxon0     0.00%    passed     96.59%
   2  taxon1     0.00%    passed     90.50%
   3  taxon2     0.00%    passed     76.85%
   4  taxon3     0.00%    passed     98.06%
   5  taxon4     0.00%    passed     86.64%
   6  taxon5     0.00%    passed     91.75%
   7  taxon6     0.00%    passed     74.94%
   8  taxon7     0.00%    passed     86.54%
   9  taxon8     0.00%    passed     46.97%
  10  taxon9     0.00%    passed     67.19%
  11  taxon10    0.00%    passed     74.47%
  12  taxon11    0.00%    passed     78.24%
  13  taxon12    0.00%    passed     39.57%
  14  taxon13    0.00%    passed     62.10%
  15  taxon14    0.00%    passed     83.73%
  16  taxon15    0.00%    passed     66.31%
  17  taxon16    0.00%    passed     79.46%
  18  taxon17    0.00%    passed     65.70%
  19  taxon18    0.00%    passed     91.08%
  20  taxon19    0.00%    passed     77.47%
****  TOTAL      0.00%  0 sequences failed composition chi2 test (p-value<5%; df=19)

Create initial parsimony tree by phylogenetic likelihood library (PLL)... 0.002 seconds

NOTE: 0 MB RAM (0 GB) is required!
Estimate model parameters (epsilon = 0.100)
1. Initial log-likelihood: -8505.907
Optimal log-likelihood: -8483.642
Parameters optimization took 1 rounds (0.009 sec)
Computing ML distances based on estimated model parameters... 0.017 sec
Computing BIONJ tree...
0.000 seconds
Log-likelihood of BIONJ tree: -8483.642
--------------------------------------------------------------------
|             INITIALIZING CANDIDATE TREE SET                      |
--------------------------------------------------------------------
Generating 99 parsimony trees... 0.167 second
Computing log-likelihood of 99 initial trees ... 0.213 seconds
Current best score: -8483.642

Do NNI search on 20 best initial trees
Estimate model parameters (epsilon = 0.100)
BETTER TREE FOUND at iteration 1: -8483.642
Iteration 10 / LogL: -8483.692 / Time: 0h:0m:0s
Iteration 20 / LogL: -8483.755 / Time: 0h:0m:0s
Finish initializing candidate tree set (2)
Current best tree score: -8483.642 / CPU time: 0.794
Number of iterations: 20
--------------------------------------------------------------------
|               OPTIMIZING CANDIDATE TREE SET                      |
--------------------------------------------------------------------
Iteration 30 / LogL: -8483.982 / Time: 0h:0m:1s (0h:0m:2s left)
Iteration 40 / LogL: -8483.699 / Time: 0h:0m:1s (0h:0m:2s left)
Iteration 50 / LogL: -8483.727 / Time: 0h:0m:1s (0h:0m:1s left)
Iteration 60 / LogL: -8483.695 / Time: 0h:0m:1s (0h:0m:1s left)
Iteration 70 / LogL: -8483.652 / Time: 0h:0m:2s (0h:0m:0s left)
Iteration 80 / LogL: -8483.655 / Time: 0h:0m:2s (0h:0m:0s left)
Iteration 90 / LogL: -8483.672 / Time: 0h:0m:2s (0h:0m:0s left)
Iteration 100 / LogL: -8483.662 / Time: 0h:0m:2s (0h:0m:0s left)
TREE SEARCH COMPLETED AFTER 102 ITERATIONS / Time: 0h:0m:2s

--------------------------------------------------------------------
|                    FINALIZING TREE SEARCH                        |
--------------------------------------------------------------------
Performs final model parameters optimization
Estimate model parameters (epsilon = 0.010)
1. Initial log-likelihood: -8483.642
Optimal log-likelihood: -8483.642
Parameters optimization took 1 rounds (0.003 sec)
BEST SCORE FOUND : -8483.642
Total tree length: 9.222

Total number of iterations: 102
CPU time used for tree search: 2.948 sec (0h:0m:2s)
Wall-clock time used for tree search: 2.949 sec (0h:0m:2s)
Total CPU time used: 2.997 sec (0h:0m:2s)
Total wall-clock time used: 2.998 sec (0h:0m:2s)

Analysis results written to: 
  IQ-TREE report:                /scratch/ga42vor/simulating_quartets/accuracy_comparision/training3_23/training3_23.fasta.iqtree
  Maximum-likelihood tree:       /scratch/ga42vor/simulating_quartets/accuracy_comparision/training3_23/training3_23.fasta.treefile
  Likelihood distances:          /scratch/ga42vor/simulating_quartets/accuracy_comparision/training3_23/training3_23.fasta.mldist
  Screen log file:               /scratch/ga42vor/simulating_quartets/accuracy_comparision/training3_23/training3_23.fasta.log

Date and Time: Thu May 28 17:07:50 2020
