IQ-TREE multicore version 2.0.5 for Linux 64-bit built May 15 2020
Developed by Bui Quang Minh, Nguyen Lam Tung, Olga Chernomor,
Heiko Schmidt, Dominik Schrempf, Michael Woodhams.

Host:    cip2ryzen1.cip.ph.tum.de (AVX2, FMA3, 15 GB RAM)
Command: ../iqtree-2.0.5-Linux/bin/iqtree2 -s /scratch/ga42vor/simulating_quartets/accuracy_comparision/training3_35/training3_35.fasta -m WAG -redo
Seed:    687022 (Using SPRNG - Scalable Parallel Random Number Generator)
Time:    Wed May 27 23:04:11 2020
Kernel:  AVX+FMA - 1 threads (16 CPU cores detected)

HINT: Use -nt option to specify number of threads because your CPU has 16 cores!
HINT: -nt AUTO will automatically determine the best number of threads to use.

Reading alignment file /scratch/ga42vor/simulating_quartets/accuracy_comparision/training3_35/training3_35.fasta ... Fasta format detected
Alignment most likely contains protein sequences
Alignment has 20 sequences with 200 columns, 151 distinct patterns
128 parsimony-informative, 11 singleton sites, 61 constant sites
         Gap/Ambiguity  Composition  p-value
   1  taxon0     0.00%    passed     88.78%
   2  taxon1     0.00%    passed     90.67%
   3  taxon2     0.00%    passed     99.93%
   4  taxon3     0.00%    passed     94.81%
   5  taxon4     0.00%    passed     95.86%
   6  taxon5     0.00%    passed     99.21%
   7  taxon6     0.00%    passed     99.85%
   8  taxon7     0.00%    passed    100.00%
   9  taxon8     0.00%    passed     85.77%
  10  taxon9     0.00%    passed     99.91%
  11  taxon10    0.00%    passed     98.82%
  12  taxon11    0.00%    passed     99.80%
  13  taxon12    0.00%    passed     92.95%
  14  taxon13    0.00%    passed     90.49%
  15  taxon14    0.00%    passed     79.05%
  16  taxon15    0.00%    passed     96.03%
  17  taxon16    0.00%    passed     87.77%
  18  taxon17    0.00%    passed     91.99%
  19  taxon18    0.00%    passed     61.76%
  20  taxon19    0.00%    passed     79.30%
****  TOTAL      0.00%  0 sequences failed composition chi2 test (p-value<5%; df=19)

Create initial parsimony tree by phylogenetic likelihood library (PLL)... 0.001 seconds

NOTE: 0 MB RAM (0 GB) is required!
Estimate model parameters (epsilon = 0.100)
1. Initial log-likelihood: -4855.050
Optimal log-likelihood: -4844.387
Parameters optimization took 1 rounds (0.005 sec)
Computing ML distances based on estimated model parameters... 0.009 sec
Computing BIONJ tree...
0.000 seconds
Log-likelihood of BIONJ tree: -4844.387
--------------------------------------------------------------------
|             INITIALIZING CANDIDATE TREE SET                      |
--------------------------------------------------------------------
Generating 99 parsimony trees... 0.134 second
Computing log-likelihood of 99 initial trees ... 0.168 seconds
Current best score: -4844.387

Do NNI search on 20 best initial trees
Estimate model parameters (epsilon = 0.100)
BETTER TREE FOUND at iteration 1: -4844.387
Iteration 10 / LogL: -4844.428 / Time: 0h:0m:0s
Iteration 20 / LogL: -4844.430 / Time: 0h:0m:0s
Finish initializing candidate tree set (1)
Current best tree score: -4844.387 / CPU time: 0.602
Number of iterations: 20
--------------------------------------------------------------------
|               OPTIMIZING CANDIDATE TREE SET                      |
--------------------------------------------------------------------
Iteration 30 / LogL: -4844.403 / Time: 0h:0m:0s (0h:0m:1s left)
Iteration 40 / LogL: -4844.402 / Time: 0h:0m:1s (0h:0m:1s left)
Iteration 50 / LogL: -4844.453 / Time: 0h:0m:1s (0h:0m:1s left)
Iteration 60 / LogL: -4844.395 / Time: 0h:0m:1s (0h:0m:0s left)
Iteration 70 / LogL: -4844.423 / Time: 0h:0m:1s (0h:0m:0s left)
Iteration 80 / LogL: -4844.394 / Time: 0h:0m:1s (0h:0m:0s left)
Iteration 90 / LogL: -4844.440 / Time: 0h:0m:1s (0h:0m:0s left)
Iteration 100 / LogL: -4844.419 / Time: 0h:0m:2s (0h:0m:0s left)
TREE SEARCH COMPLETED AFTER 102 ITERATIONS / Time: 0h:0m:2s

--------------------------------------------------------------------
|                    FINALIZING TREE SEARCH                        |
--------------------------------------------------------------------
Performs final model parameters optimization
Estimate model parameters (epsilon = 0.010)
1. Initial log-likelihood: -4844.387
Optimal log-likelihood: -4844.387
Parameters optimization took 1 rounds (0.002 sec)
BEST SCORE FOUND : -4844.387
Total tree length: 3.983

Total number of iterations: 102
CPU time used for tree search: 2.175 sec (0h:0m:2s)
Wall-clock time used for tree search: 2.176 sec (0h:0m:2s)
Total CPU time used: 2.207 sec (0h:0m:2s)
Total wall-clock time used: 2.211 sec (0h:0m:2s)

Analysis results written to: 
  IQ-TREE report:                /scratch/ga42vor/simulating_quartets/accuracy_comparision/training3_35/training3_35.fasta.iqtree
  Maximum-likelihood tree:       /scratch/ga42vor/simulating_quartets/accuracy_comparision/training3_35/training3_35.fasta.treefile
  Likelihood distances:          /scratch/ga42vor/simulating_quartets/accuracy_comparision/training3_35/training3_35.fasta.mldist
  Screen log file:               /scratch/ga42vor/simulating_quartets/accuracy_comparision/training3_35/training3_35.fasta.log

Date and Time: Wed May 27 23:04:13 2020
