IQ-TREE multicore version 2.0.5 for Linux 64-bit built May 15 2020
Developed by Bui Quang Minh, Nguyen Lam Tung, Olga Chernomor,
Heiko Schmidt, Dominik Schrempf, Michael Woodhams.

Host:    cip2ryzen1.cip.ph.tum.de (AVX2, FMA3, 15 GB RAM)
Command: ../iqtree-2.0.5-Linux/bin/iqtree2 -s /scratch/ga42vor/simulating_quartets/accuracy_comparision/training2_20/training2_20.fasta -m WAG -redo
Seed:    351280 (Using SPRNG - Scalable Parallel Random Number Generator)
Time:    Wed May 27 23:06:19 2020
Kernel:  AVX+FMA - 1 threads (16 CPU cores detected)

HINT: Use -nt option to specify number of threads because your CPU has 16 cores!
HINT: -nt AUTO will automatically determine the best number of threads to use.

Reading alignment file /scratch/ga42vor/simulating_quartets/accuracy_comparision/training2_20/training2_20.fasta ... Fasta format detected
Alignment most likely contains protein sequences
Alignment has 20 sequences with 200 columns, 195 distinct patterns
148 parsimony-informative, 39 singleton sites, 13 constant sites
         Gap/Ambiguity  Composition  p-value
   1  taxon0     0.00%    passed     59.57%
   2  taxon1     0.00%    passed     93.72%
   3  taxon2     0.00%    passed     99.83%
   4  taxon3     0.00%    passed     97.92%
   5  taxon4     0.00%    passed     99.06%
   6  taxon5     0.00%    passed     74.97%
   7  taxon6     0.00%    passed     98.46%
   8  taxon7     0.00%    passed     99.07%
   9  taxon8     0.00%    passed     91.49%
  10  taxon9     0.00%    passed     96.08%
  11  taxon10    0.00%    passed     98.23%
  12  taxon11    0.00%    passed     97.01%
  13  taxon12    0.00%    passed     57.11%
  14  taxon13    0.00%    passed     99.82%
  15  taxon14    0.00%    passed     96.94%
  16  taxon15    0.00%    passed     32.96%
  17  taxon16    0.00%    passed     97.74%
  18  taxon17    0.00%    passed     85.16%
  19  taxon18    0.00%    passed     76.64%
  20  taxon19    0.00%    passed     85.40%
****  TOTAL      0.00%  0 sequences failed composition chi2 test (p-value<5%; df=19)

Create initial parsimony tree by phylogenetic likelihood library (PLL)... 0.002 seconds

NOTE: 0 MB RAM (0 GB) is required!
Estimate model parameters (epsilon = 0.100)
1. Initial log-likelihood: -5374.839
Optimal log-likelihood: -5363.710
Parameters optimization took 1 rounds (0.007 sec)
Computing ML distances based on estimated model parameters... 0.011 sec
Computing BIONJ tree...
0.000 seconds
Log-likelihood of BIONJ tree: -5369.926
--------------------------------------------------------------------
|             INITIALIZING CANDIDATE TREE SET                      |
--------------------------------------------------------------------
Generating 98 parsimony trees... 0.147 second
Computing log-likelihood of 98 initial trees ... 0.201 seconds
Current best score: -5363.710

Do NNI search on 20 best initial trees
Estimate model parameters (epsilon = 0.100)
BETTER TREE FOUND at iteration 1: -5363.469
Iteration 10 / LogL: -5363.475 / Time: 0h:0m:0s
Iteration 20 / LogL: -5364.463 / Time: 0h:0m:0s
Finish initializing candidate tree set (3)
Current best tree score: -5363.469 / CPU time: 0.758
Number of iterations: 20
--------------------------------------------------------------------
|               OPTIMIZING CANDIDATE TREE SET                      |
--------------------------------------------------------------------
Iteration 30 / LogL: -5363.710 / Time: 0h:0m:1s (0h:0m:2s left)
Iteration 40 / LogL: -5363.470 / Time: 0h:0m:1s (0h:0m:2s left)
Iteration 50 / LogL: -5363.470 / Time: 0h:0m:1s (0h:0m:1s left)
Iteration 60 / LogL: -5363.934 / Time: 0h:0m:1s (0h:0m:1s left)
Iteration 70 / LogL: -5363.471 / Time: 0h:0m:2s (0h:0m:0s left)
Iteration 80 / LogL: -5363.473 / Time: 0h:0m:2s (0h:0m:0s left)
Iteration 90 / LogL: -5363.471 / Time: 0h:0m:2s (0h:0m:0s left)
Iteration 100 / LogL: -5363.989 / Time: 0h:0m:3s (0h:0m:0s left)
TREE SEARCH COMPLETED AFTER 102 ITERATIONS / Time: 0h:0m:3s

--------------------------------------------------------------------
|                    FINALIZING TREE SEARCH                        |
--------------------------------------------------------------------
Performs final model parameters optimization
Estimate model parameters (epsilon = 0.010)
1. Initial log-likelihood: -5363.469
Optimal log-likelihood: -5363.469
Parameters optimization took 1 rounds (0.003 sec)
BEST SCORE FOUND : -5363.469
Total tree length: 4.566

Total number of iterations: 102
CPU time used for tree search: 3.052 sec (0h:0m:3s)
Wall-clock time used for tree search: 3.053 sec (0h:0m:3s)
Total CPU time used: 3.092 sec (0h:0m:3s)
Total wall-clock time used: 3.093 sec (0h:0m:3s)

Analysis results written to: 
  IQ-TREE report:                /scratch/ga42vor/simulating_quartets/accuracy_comparision/training2_20/training2_20.fasta.iqtree
  Maximum-likelihood tree:       /scratch/ga42vor/simulating_quartets/accuracy_comparision/training2_20/training2_20.fasta.treefile
  Likelihood distances:          /scratch/ga42vor/simulating_quartets/accuracy_comparision/training2_20/training2_20.fasta.mldist
  Screen log file:               /scratch/ga42vor/simulating_quartets/accuracy_comparision/training2_20/training2_20.fasta.log

Date and Time: Wed May 27 23:06:22 2020
