IQ-TREE multicore version 2.0.5 for Linux 64-bit built May 15 2020
Developed by Bui Quang Minh, Nguyen Lam Tung, Olga Chernomor,
Heiko Schmidt, Dominik Schrempf, Michael Woodhams.

Host:    cip2ryzen1.cip.ph.tum.de (AVX2, FMA3, 15 GB RAM)
Command: ../iqtree-2.0.5-Linux/bin/iqtree2 -s /scratch/ga42vor/simulating_quartets/accuracy_comparision/training3_nohet_11/training3_nohet_11.fasta -redo -m WAG
Seed:    472322 (Using SPRNG - Scalable Parallel Random Number Generator)
Time:    Thu May 28 17:12:24 2020
Kernel:  AVX+FMA - 1 threads (16 CPU cores detected)

HINT: Use -nt option to specify number of threads because your CPU has 16 cores!
HINT: -nt AUTO will automatically determine the best number of threads to use.

Reading alignment file /scratch/ga42vor/simulating_quartets/accuracy_comparision/training3_nohet_11/training3_nohet_11.fasta ... Fasta format detected
Alignment most likely contains protein sequences
Alignment has 20 sequences with 200 columns, 182 distinct patterns
147 parsimony-informative, 19 singleton sites, 34 constant sites
         Gap/Ambiguity  Composition  p-value
   1  taxon0     0.00%    passed     86.19%
   2  taxon1     0.00%    passed     98.54%
   3  taxon2     0.00%    passed     71.76%
   4  taxon3     0.00%    passed     67.47%
   5  taxon4     0.00%    passed     45.12%
   6  taxon5     0.00%    passed     99.97%
   7  taxon6     0.00%    passed    100.00%
   8  taxon7     0.00%    passed     99.93%
   9  taxon8     0.00%    passed     99.96%
  10  taxon9     0.00%    passed     97.95%
  11  taxon10    0.00%    passed     81.76%
  12  taxon11    0.00%    passed     99.29%
  13  taxon12    0.00%    passed     80.28%
  14  taxon13    0.00%    passed    100.00%
  15  taxon14    0.00%    passed     99.93%
  16  taxon15    0.00%    passed     99.51%
  17  taxon16    0.00%    passed     95.06%
  18  taxon17    0.00%    passed     84.81%
  19  taxon18    0.00%    passed     91.21%
  20  taxon19    0.00%    passed     92.45%
****  TOTAL      0.00%  0 sequences failed composition chi2 test (p-value<5%; df=19)

Create initial parsimony tree by phylogenetic likelihood library (PLL)... 0.002 seconds

NOTE: 0 MB RAM (0 GB) is required!
Estimate model parameters (epsilon = 0.100)
1. Initial log-likelihood: -4446.793
Optimal log-likelihood: -4438.514
Parameters optimization took 1 rounds (0.007 sec)
Computing ML distances based on estimated model parameters... 0.009 sec
Computing BIONJ tree...
0.000 seconds
Log-likelihood of BIONJ tree: -4442.505
--------------------------------------------------------------------
|             INITIALIZING CANDIDATE TREE SET                      |
--------------------------------------------------------------------
Generating 98 parsimony trees... 0.159 second
Computing log-likelihood of 98 initial trees ... 0.199 seconds
Current best score: -4435.693

Do NNI search on 20 best initial trees
Estimate model parameters (epsilon = 0.100)
BETTER TREE FOUND at iteration 1: -4435.512
Estimate model parameters (epsilon = 0.100)
BETTER TREE FOUND at iteration 5: -4435.342
Iteration 10 / LogL: -4435.587 / Time: 0h:0m:0s
Iteration 20 / LogL: -4435.566 / Time: 0h:0m:0s
Finish initializing candidate tree set (3)
Current best tree score: -4435.342 / CPU time: 0.737
Number of iterations: 20
--------------------------------------------------------------------
|               OPTIMIZING CANDIDATE TREE SET                      |
--------------------------------------------------------------------
Iteration 30 / LogL: -4435.399 / Time: 0h:0m:1s (0h:0m:2s left)
Iteration 40 / LogL: -4435.377 / Time: 0h:0m:1s (0h:0m:2s left)
Iteration 50 / LogL: -4435.361 / Time: 0h:0m:1s (0h:0m:1s left)
Iteration 60 / LogL: -4435.353 / Time: 0h:0m:1s (0h:0m:1s left)
Iteration 70 / LogL: -4435.519 / Time: 0h:0m:2s (0h:0m:1s left)
Iteration 80 / LogL: -4435.347 / Time: 0h:0m:2s (0h:0m:0s left)
Iteration 90 / LogL: -4435.517 / Time: 0h:0m:2s (0h:0m:0s left)
Iteration 100 / LogL: -4436.831 / Time: 0h:0m:2s (0h:0m:0s left)
TREE SEARCH COMPLETED AFTER 106 ITERATIONS / Time: 0h:0m:3s

--------------------------------------------------------------------
|                    FINALIZING TREE SEARCH                        |
--------------------------------------------------------------------
Performs final model parameters optimization
Estimate model parameters (epsilon = 0.010)
1. Initial log-likelihood: -4435.342
Optimal log-likelihood: -4435.342
Parameters optimization took 1 rounds (0.003 sec)
BEST SCORE FOUND : -4435.342
Total tree length: 3.706

Total number of iterations: 106
CPU time used for tree search: 3.076 sec (0h:0m:3s)
Wall-clock time used for tree search: 3.077 sec (0h:0m:3s)
Total CPU time used: 3.114 sec (0h:0m:3s)
Total wall-clock time used: 3.115 sec (0h:0m:3s)

Analysis results written to: 
  IQ-TREE report:                /scratch/ga42vor/simulating_quartets/accuracy_comparision/training3_nohet_11/training3_nohet_11.fasta.iqtree
  Maximum-likelihood tree:       /scratch/ga42vor/simulating_quartets/accuracy_comparision/training3_nohet_11/training3_nohet_11.fasta.treefile
  Likelihood distances:          /scratch/ga42vor/simulating_quartets/accuracy_comparision/training3_nohet_11/training3_nohet_11.fasta.mldist
  Screen log file:               /scratch/ga42vor/simulating_quartets/accuracy_comparision/training3_nohet_11/training3_nohet_11.fasta.log

Date and Time: Thu May 28 17:12:27 2020
