IQ-TREE multicore version 2.0.5 for Linux 64-bit built May 15 2020
Developed by Bui Quang Minh, Nguyen Lam Tung, Olga Chernomor,
Heiko Schmidt, Dominik Schrempf, Michael Woodhams.

Host:    cip2ryzen1.cip.ph.tum.de (AVX2, FMA3, 15 GB RAM)
Command: ../iqtree-2.0.5-Linux/bin/iqtree2 -s /scratch/ga42vor/simulating_quartets/accuracy_comparision/training2_nohet_15/training2_nohet_15.fasta -redo -m WAG
Seed:    63943 (Using SPRNG - Scalable Parallel Random Number Generator)
Time:    Thu May 28 17:10:55 2020
Kernel:  AVX+FMA - 1 threads (16 CPU cores detected)

HINT: Use -nt option to specify number of threads because your CPU has 16 cores!
HINT: -nt AUTO will automatically determine the best number of threads to use.

Reading alignment file /scratch/ga42vor/simulating_quartets/accuracy_comparision/training2_nohet_15/training2_nohet_15.fasta ... Fasta format detected
Alignment most likely contains protein sequences
Alignment has 20 sequences with 200 columns, 129 distinct patterns
90 parsimony-informative, 26 singleton sites, 84 constant sites
         Gap/Ambiguity  Composition  p-value
   1  taxon0     0.00%    passed     99.99%
   2  taxon1     0.00%    passed     98.11%
   3  taxon2     0.00%    passed     96.05%
   4  taxon3     0.00%    passed    100.00%
   5  taxon4     0.00%    passed    100.00%
   6  taxon5     0.00%    passed    100.00%
   7  taxon6     0.00%    passed     99.99%
   8  taxon7     0.00%    passed    100.00%
   9  taxon8     0.00%    passed     99.99%
  10  taxon9     0.00%    passed     99.94%
  11  taxon10    0.00%    passed    100.00%
  12  taxon11    0.00%    passed    100.00%
  13  taxon12    0.00%    passed    100.00%
  14  taxon13    0.00%    passed     99.98%
  15  taxon14    0.00%    passed    100.00%
  16  taxon15    0.00%    passed    100.00%
  17  taxon16    0.00%    passed    100.00%
  18  taxon17    0.00%    passed     99.99%
  19  taxon18    0.00%    passed    100.00%
  20  taxon19    0.00%    passed    100.00%
****  TOTAL      0.00%  0 sequences failed composition chi2 test (p-value<5%; df=19)

Create initial parsimony tree by phylogenetic likelihood library (PLL)... 0.001 seconds

NOTE: 0 MB RAM (0 GB) is required!
Estimate model parameters (epsilon = 0.100)
1. Initial log-likelihood: -2461.931
Optimal log-likelihood: -2458.078
Parameters optimization took 1 rounds (0.005 sec)
Computing ML distances based on estimated model parameters... 0.008 sec
Computing BIONJ tree...
0.000 seconds
Log-likelihood of BIONJ tree: -2451.484
--------------------------------------------------------------------
|             INITIALIZING CANDIDATE TREE SET                      |
--------------------------------------------------------------------
Generating 98 parsimony trees... 0.125 second
Computing log-likelihood of 98 initial trees ... 0.148 seconds
Current best score: -2451.484

Do NNI search on 20 best initial trees
Estimate model parameters (epsilon = 0.100)
BETTER TREE FOUND at iteration 1: -2451.484
UPDATE BEST LOG-LIKELIHOOD: -2451.484
Iteration 10 / LogL: -2451.484 / Time: 0h:0m:0s
Iteration 20 / LogL: -2457.479 / Time: 0h:0m:0s
Finish initializing candidate tree set (5)
Current best tree score: -2451.484 / CPU time: 0.569
Number of iterations: 20
--------------------------------------------------------------------
|               OPTIMIZING CANDIDATE TREE SET                      |
--------------------------------------------------------------------
UPDATE BEST LOG-LIKELIHOOD: -2451.484
Iteration 30 / LogL: -2451.484 / Time: 0h:0m:0s (0h:0m:2s left)
Iteration 40 / LogL: -2457.481 / Time: 0h:0m:1s (0h:0m:1s left)
Iteration 50 / LogL: -2451.484 / Time: 0h:0m:1s (0h:0m:1s left)
Iteration 60 / LogL: -2451.484 / Time: 0h:0m:1s (0h:0m:1s left)
Iteration 70 / LogL: -2451.484 / Time: 0h:0m:1s (0h:0m:0s left)
Iteration 80 / LogL: -2451.484 / Time: 0h:0m:2s (0h:0m:0s left)
UPDATE BEST LOG-LIKELIHOOD: -2451.484
Iteration 90 / LogL: -2451.484 / Time: 0h:0m:2s (0h:0m:0s left)
Iteration 100 / LogL: -2465.738 / Time: 0h:0m:2s (0h:0m:0s left)
TREE SEARCH COMPLETED AFTER 102 ITERATIONS / Time: 0h:0m:2s

--------------------------------------------------------------------
|                    FINALIZING TREE SEARCH                        |
--------------------------------------------------------------------
Performs final model parameters optimization
Estimate model parameters (epsilon = 0.010)
1. Initial log-likelihood: -2451.484
Optimal log-likelihood: -2451.484
Parameters optimization took 1 rounds (0.002 sec)
BEST SCORE FOUND : -2451.484
Total tree length: 1.480

Total number of iterations: 102
CPU time used for tree search: 2.509 sec (0h:0m:2s)
Wall-clock time used for tree search: 2.509 sec (0h:0m:2s)
Total CPU time used: 2.538 sec (0h:0m:2s)
Total wall-clock time used: 2.541 sec (0h:0m:2s)

Analysis results written to: 
  IQ-TREE report:                /scratch/ga42vor/simulating_quartets/accuracy_comparision/training2_nohet_15/training2_nohet_15.fasta.iqtree
  Maximum-likelihood tree:       /scratch/ga42vor/simulating_quartets/accuracy_comparision/training2_nohet_15/training2_nohet_15.fasta.treefile
  Likelihood distances:          /scratch/ga42vor/simulating_quartets/accuracy_comparision/training2_nohet_15/training2_nohet_15.fasta.mldist
  Screen log file:               /scratch/ga42vor/simulating_quartets/accuracy_comparision/training2_nohet_15/training2_nohet_15.fasta.log

Date and Time: Thu May 28 17:10:57 2020
