IQ-TREE multicore version 2.0.5 for Linux 64-bit built May 15 2020
Developed by Bui Quang Minh, Nguyen Lam Tung, Olga Chernomor,
Heiko Schmidt, Dominik Schrempf, Michael Woodhams.

Host:    cip2ryzen1.cip.ph.tum.de (AVX2, FMA3, 15 GB RAM)
Command: ../iqtree-2.0.5-Linux/bin/iqtree2 -s /scratch/ga42vor/simulating_quartets/accuracy_comparision/training2_38/training2_38.fasta -redo -m WAG
Seed:    627022 (Using SPRNG - Scalable Parallel Random Number Generator)
Time:    Thu May 28 17:06:23 2020
Kernel:  AVX+FMA - 1 threads (16 CPU cores detected)

HINT: Use -nt option to specify number of threads because your CPU has 16 cores!
HINT: -nt AUTO will automatically determine the best number of threads to use.

Reading alignment file /scratch/ga42vor/simulating_quartets/accuracy_comparision/training2_38/training2_38.fasta ... Fasta format detected
Alignment most likely contains protein sequences
Alignment has 20 sequences with 200 columns, 200 distinct patterns
169 parsimony-informative, 30 singleton sites, 1 constant sites
         Gap/Ambiguity  Composition  p-value
   1  taxon0     0.00%    passed     58.11%
   2  taxon1     0.00%    passed     77.07%
   3  taxon2     0.00%    passed     60.79%
   4  taxon3     0.00%    passed     99.45%
   5  taxon4     0.00%    passed     97.26%
   6  taxon5     0.00%    passed     53.61%
   7  taxon6     0.00%    passed     85.99%
   8  taxon7     0.00%    passed     92.35%
   9  taxon8     0.00%    passed     97.43%
  10  taxon9     0.00%    passed     91.63%
  11  taxon10    0.00%    passed     90.23%
  12  taxon11    0.00%    passed     98.22%
  13  taxon12    0.00%    passed     98.87%
  14  taxon13    0.00%    passed     66.85%
  15  taxon14    0.00%    passed     91.39%
  16  taxon15    0.00%    passed     93.52%
  17  taxon16    0.00%    passed     72.35%
  18  taxon17    0.00%    passed     69.53%
  19  taxon18    0.00%    passed     66.64%
  20  taxon19    0.00%    passed     83.99%
****  TOTAL      0.00%  0 sequences failed composition chi2 test (p-value<5%; df=19)

Create initial parsimony tree by phylogenetic likelihood library (PLL)... 0.002 seconds

NOTE: 0 MB RAM (0 GB) is required!
Estimate model parameters (epsilon = 0.100)
1. Initial log-likelihood: -7300.681
Optimal log-likelihood: -7281.902
Parameters optimization took 1 rounds (0.007 sec)
Computing ML distances based on estimated model parameters... 0.013 sec
Computing BIONJ tree...
0.000 seconds
Log-likelihood of BIONJ tree: -7282.557
--------------------------------------------------------------------
|             INITIALIZING CANDIDATE TREE SET                      |
--------------------------------------------------------------------
Generating 98 parsimony trees... 0.183 second
Computing log-likelihood of 98 initial trees ... 0.203 seconds
Current best score: -7281.902

Do NNI search on 20 best initial trees
Estimate model parameters (epsilon = 0.100)
BETTER TREE FOUND at iteration 1: -7278.361
Iteration 10 / LogL: -7278.374 / Time: 0h:0m:0s
Iteration 20 / LogL: -7278.398 / Time: 0h:0m:0s
Finish initializing candidate tree set (2)
Current best tree score: -7278.361 / CPU time: 0.825
Number of iterations: 20
--------------------------------------------------------------------
|               OPTIMIZING CANDIDATE TREE SET                      |
--------------------------------------------------------------------
Iteration 30 / LogL: -7278.723 / Time: 0h:0m:1s (0h:0m:2s left)
Iteration 40 / LogL: -7278.370 / Time: 0h:0m:1s (0h:0m:2s left)
Iteration 50 / LogL: -7278.368 / Time: 0h:0m:1s (0h:0m:1s left)
Iteration 60 / LogL: -7278.420 / Time: 0h:0m:1s (0h:0m:1s left)
Iteration 70 / LogL: -7278.364 / Time: 0h:0m:2s (0h:0m:1s left)
Iteration 80 / LogL: -7278.661 / Time: 0h:0m:2s (0h:0m:0s left)
Iteration 90 / LogL: -7278.761 / Time: 0h:0m:2s (0h:0m:0s left)
Iteration 100 / LogL: -7278.659 / Time: 0h:0m:3s (0h:0m:0s left)
TREE SEARCH COMPLETED AFTER 102 ITERATIONS / Time: 0h:0m:3s

--------------------------------------------------------------------
|                    FINALIZING TREE SEARCH                        |
--------------------------------------------------------------------
Performs final model parameters optimization
Estimate model parameters (epsilon = 0.010)
1. Initial log-likelihood: -7278.361
Optimal log-likelihood: -7278.361
Parameters optimization took 1 rounds (0.003 sec)
BEST SCORE FOUND : -7278.361
Total tree length: 7.204

Total number of iterations: 102
CPU time used for tree search: 3.119 sec (0h:0m:3s)
Wall-clock time used for tree search: 3.120 sec (0h:0m:3s)
Total CPU time used: 3.162 sec (0h:0m:3s)
Total wall-clock time used: 3.163 sec (0h:0m:3s)

Analysis results written to: 
  IQ-TREE report:                /scratch/ga42vor/simulating_quartets/accuracy_comparision/training2_38/training2_38.fasta.iqtree
  Maximum-likelihood tree:       /scratch/ga42vor/simulating_quartets/accuracy_comparision/training2_38/training2_38.fasta.treefile
  Likelihood distances:          /scratch/ga42vor/simulating_quartets/accuracy_comparision/training2_38/training2_38.fasta.mldist
  Screen log file:               /scratch/ga42vor/simulating_quartets/accuracy_comparision/training2_38/training2_38.fasta.log

Date and Time: Thu May 28 17:06:26 2020
