IQ-TREE multicore version 2.0.5 for Linux 64-bit built May 15 2020
Developed by Bui Quang Minh, Nguyen Lam Tung, Olga Chernomor,
Heiko Schmidt, Dominik Schrempf, Michael Woodhams.

Host:    cip2ryzen1.cip.ph.tum.de (AVX2, FMA3, 15 GB RAM)
Command: ../iqtree-2.0.5-Linux/bin/iqtree2 -s /scratch/ga42vor/simulating_quartets/accuracy_comparision/training2_40/training2_40.fasta -redo -m WAG
Seed:    720893 (Using SPRNG - Scalable Parallel Random Number Generator)
Time:    Thu May 28 17:06:29 2020
Kernel:  AVX+FMA - 1 threads (16 CPU cores detected)

HINT: Use -nt option to specify number of threads because your CPU has 16 cores!
HINT: -nt AUTO will automatically determine the best number of threads to use.

Reading alignment file /scratch/ga42vor/simulating_quartets/accuracy_comparision/training2_40/training2_40.fasta ... Fasta format detected
Alignment most likely contains protein sequences
Alignment has 20 sequences with 200 columns, 161 distinct patterns
116 parsimony-informative, 29 singleton sites, 55 constant sites
         Gap/Ambiguity  Composition  p-value
   1  taxon0     0.00%    passed     35.14%
   2  taxon1     0.00%    passed     82.47%
   3  taxon2     0.00%    passed     99.55%
   4  taxon3     0.00%    passed     99.88%
   5  taxon4     0.00%    passed     99.98%
   6  taxon5     0.00%    passed     99.98%
   7  taxon6     0.00%    passed     99.81%
   8  taxon7     0.00%    passed     99.71%
   9  taxon8     0.00%    passed     99.78%
  10  taxon9     0.00%    passed     99.94%
  11  taxon10    0.00%    passed     97.96%
  12  taxon11    0.00%    passed     99.40%
  13  taxon12    0.00%    passed     99.87%
  14  taxon13    0.00%    passed     99.78%
  15  taxon14    0.00%    passed    100.00%
  16  taxon15    0.00%    passed     99.93%
  17  taxon16    0.00%    passed     99.99%
  18  taxon17    0.00%    passed     99.89%
  19  taxon18    0.00%    passed     95.25%
  20  taxon19    0.00%    passed     99.97%
****  TOTAL      0.00%  0 sequences failed composition chi2 test (p-value<5%; df=19)

Create initial parsimony tree by phylogenetic likelihood library (PLL)... 0.001 seconds

NOTE: 0 MB RAM (0 GB) is required!
Estimate model parameters (epsilon = 0.100)
1. Initial log-likelihood: -3640.744
Optimal log-likelihood: -3637.540
Parameters optimization took 1 rounds (0.006 sec)
Computing ML distances based on estimated model parameters... 0.010 sec
Computing BIONJ tree...
0.000 seconds
Log-likelihood of BIONJ tree: -3637.540
--------------------------------------------------------------------
|             INITIALIZING CANDIDATE TREE SET                      |
--------------------------------------------------------------------
Generating 99 parsimony trees... 0.131 second
Computing log-likelihood of 99 initial trees ... 0.176 seconds
Current best score: -3637.540

Do NNI search on 20 best initial trees
Estimate model parameters (epsilon = 0.100)
BETTER TREE FOUND at iteration 1: -3637.540
Iteration 10 / LogL: -3637.546 / Time: 0h:0m:0s
Iteration 20 / LogL: -3637.546 / Time: 0h:0m:0s
Finish initializing candidate tree set (1)
Current best tree score: -3637.540 / CPU time: 0.696
Number of iterations: 20
--------------------------------------------------------------------
|               OPTIMIZING CANDIDATE TREE SET                      |
--------------------------------------------------------------------
Iteration 30 / LogL: -3637.552 / Time: 0h:0m:0s (0h:0m:2s left)
Iteration 40 / LogL: -3637.550 / Time: 0h:0m:1s (0h:0m:1s left)
Iteration 50 / LogL: -3645.802 / Time: 0h:0m:1s (0h:0m:1s left)
Iteration 60 / LogL: -3669.904 / Time: 0h:0m:1s (0h:0m:1s left)
Iteration 70 / LogL: -3637.571 / Time: 0h:0m:1s (0h:0m:0s left)
Iteration 80 / LogL: -3637.549 / Time: 0h:0m:2s (0h:0m:0s left)
Iteration 90 / LogL: -3637.553 / Time: 0h:0m:2s (0h:0m:0s left)
Iteration 100 / LogL: -3637.541 / Time: 0h:0m:2s (0h:0m:0s left)
TREE SEARCH COMPLETED AFTER 102 ITERATIONS / Time: 0h:0m:2s

--------------------------------------------------------------------
|                    FINALIZING TREE SEARCH                        |
--------------------------------------------------------------------
Performs final model parameters optimization
Estimate model parameters (epsilon = 0.010)
1. Initial log-likelihood: -3637.540
Optimal log-likelihood: -3637.540
Parameters optimization took 1 rounds (0.005 sec)
BEST SCORE FOUND : -3637.540
Total tree length: 2.451

Total number of iterations: 102
CPU time used for tree search: 2.608 sec (0h:0m:2s)
Wall-clock time used for tree search: 2.609 sec (0h:0m:2s)
Total CPU time used: 2.644 sec (0h:0m:2s)
Total wall-clock time used: 2.645 sec (0h:0m:2s)

Analysis results written to: 
  IQ-TREE report:                /scratch/ga42vor/simulating_quartets/accuracy_comparision/training2_40/training2_40.fasta.iqtree
  Maximum-likelihood tree:       /scratch/ga42vor/simulating_quartets/accuracy_comparision/training2_40/training2_40.fasta.treefile
  Likelihood distances:          /scratch/ga42vor/simulating_quartets/accuracy_comparision/training2_40/training2_40.fasta.mldist
  Screen log file:               /scratch/ga42vor/simulating_quartets/accuracy_comparision/training2_40/training2_40.fasta.log

Date and Time: Thu May 28 17:06:32 2020
