IQ-TREE multicore version 2.0.5 for Linux 64-bit built May 15 2020
Developed by Bui Quang Minh, Nguyen Lam Tung, Olga Chernomor,
Heiko Schmidt, Dominik Schrempf, Michael Woodhams.

Host:    cip2ryzen1.cip.ph.tum.de (AVX2, FMA3, 15 GB RAM)
Command: ../iqtree-2.0.5-Linux/bin/iqtree2 -s /scratch/ga42vor/simulating_quartets/accuracy_comparision/training1_10/training1_10.fasta -redo -m WAG
Seed:    631703 (Using SPRNG - Scalable Parallel Random Number Generator)
Time:    Thu May 28 17:03:23 2020
Kernel:  AVX+FMA - 1 threads (16 CPU cores detected)

HINT: Use -nt option to specify number of threads because your CPU has 16 cores!
HINT: -nt AUTO will automatically determine the best number of threads to use.

Reading alignment file /scratch/ga42vor/simulating_quartets/accuracy_comparision/training1_10/training1_10.fasta ... Fasta format detected
Alignment most likely contains protein sequences
Alignment has 20 sequences with 200 columns, 141 distinct patterns
107 parsimony-informative, 19 singleton sites, 74 constant sites
         Gap/Ambiguity  Composition  p-value
   1  taxon0     0.00%    passed     98.71%
   2  taxon1     0.00%    passed     95.92%
   3  taxon2     0.00%    passed     98.43%
   4  taxon3     0.00%    passed     98.75%
   5  taxon4     0.00%    passed     89.11%
   6  taxon5     0.00%    passed     98.50%
   7  taxon6     0.00%    passed    100.00%
   8  taxon7     0.00%    passed     99.46%
   9  taxon8     0.00%    passed     99.83%
  10  taxon9     0.00%    passed     99.82%
  11  taxon10    0.00%    passed     99.85%
  12  taxon11    0.00%    passed     91.67%
  13  taxon12    0.00%    passed     99.24%
  14  taxon13    0.00%    passed     93.68%
  15  taxon14    0.00%    passed     92.56%
  16  taxon15    0.00%    passed     99.91%
  17  taxon16    0.00%    passed     99.99%
  18  taxon17    0.00%    passed     99.69%
  19  taxon18    0.00%    passed     94.26%
  20  taxon19    0.00%    passed     98.42%
****  TOTAL      0.00%  0 sequences failed composition chi2 test (p-value<5%; df=19)

Create initial parsimony tree by phylogenetic likelihood library (PLL)... 0.001 seconds

NOTE: 0 MB RAM (0 GB) is required!
Estimate model parameters (epsilon = 0.100)
1. Initial log-likelihood: -4256.688
Optimal log-likelihood: -4248.864
Parameters optimization took 1 rounds (0.005 sec)
Computing ML distances based on estimated model parameters... 0.011 sec
Computing BIONJ tree...
0.000 seconds
Log-likelihood of BIONJ tree: -4252.856
--------------------------------------------------------------------
|             INITIALIZING CANDIDATE TREE SET                      |
--------------------------------------------------------------------
Generating 98 parsimony trees... 0.115 second
Computing log-likelihood of 98 initial trees ... 0.159 seconds
Current best score: -4248.864

Do NNI search on 20 best initial trees
Estimate model parameters (epsilon = 0.100)
BETTER TREE FOUND at iteration 1: -4248.864
Iteration 10 / LogL: -4248.877 / Time: 0h:0m:0s
Iteration 20 / LogL: -4248.994 / Time: 0h:0m:0s
Finish initializing candidate tree set (2)
Current best tree score: -4248.864 / CPU time: 0.585
Number of iterations: 20
--------------------------------------------------------------------
|               OPTIMIZING CANDIDATE TREE SET                      |
--------------------------------------------------------------------
Iteration 30 / LogL: -4334.886 / Time: 0h:0m:0s (0h:0m:2s left)
Iteration 40 / LogL: -4248.879 / Time: 0h:0m:1s (0h:0m:1s left)
Iteration 50 / LogL: -4248.873 / Time: 0h:0m:1s (0h:0m:1s left)
Iteration 60 / LogL: -4248.878 / Time: 0h:0m:1s (0h:0m:1s left)
Iteration 70 / LogL: -4248.876 / Time: 0h:0m:1s (0h:0m:0s left)
Iteration 80 / LogL: -4248.903 / Time: 0h:0m:1s (0h:0m:0s left)
Iteration 90 / LogL: -4248.892 / Time: 0h:0m:2s (0h:0m:0s left)
Iteration 100 / LogL: -4248.869 / Time: 0h:0m:2s (0h:0m:0s left)
TREE SEARCH COMPLETED AFTER 102 ITERATIONS / Time: 0h:0m:2s

--------------------------------------------------------------------
|                    FINALIZING TREE SEARCH                        |
--------------------------------------------------------------------
Performs final model parameters optimization
Estimate model parameters (epsilon = 0.010)
1. Initial log-likelihood: -4248.864
Optimal log-likelihood: -4248.864
Parameters optimization took 1 rounds (0.002 sec)
BEST SCORE FOUND : -4248.864
Total tree length: 3.152

Total number of iterations: 102
CPU time used for tree search: 2.420 sec (0h:0m:2s)
Wall-clock time used for tree search: 2.420 sec (0h:0m:2s)
Total CPU time used: 2.455 sec (0h:0m:2s)
Total wall-clock time used: 2.456 sec (0h:0m:2s)

Analysis results written to: 
  IQ-TREE report:                /scratch/ga42vor/simulating_quartets/accuracy_comparision/training1_10/training1_10.fasta.iqtree
  Maximum-likelihood tree:       /scratch/ga42vor/simulating_quartets/accuracy_comparision/training1_10/training1_10.fasta.treefile
  Likelihood distances:          /scratch/ga42vor/simulating_quartets/accuracy_comparision/training1_10/training1_10.fasta.mldist
  Screen log file:               /scratch/ga42vor/simulating_quartets/accuracy_comparision/training1_10/training1_10.fasta.log

Date and Time: Thu May 28 17:03:26 2020
