IQ-TREE multicore version 2.0.5 for Linux 64-bit built May 15 2020
Developed by Bui Quang Minh, Nguyen Lam Tung, Olga Chernomor,
Heiko Schmidt, Dominik Schrempf, Michael Woodhams.

Host:    cip2ryzen1.cip.ph.tum.de (AVX2, FMA3, 15 GB RAM)
Command: ../iqtree-2.0.5-Linux/bin/iqtree2 -s /scratch/ga42vor/simulating_quartets/accuracy_comparision/training2_21/training2_21.fasta -m WAG -redo
Seed:    602769 (Using SPRNG - Scalable Parallel Random Number Generator)
Time:    Wed May 27 23:06:22 2020
Kernel:  AVX+FMA - 1 threads (16 CPU cores detected)

HINT: Use -nt option to specify number of threads because your CPU has 16 cores!
HINT: -nt AUTO will automatically determine the best number of threads to use.

Reading alignment file /scratch/ga42vor/simulating_quartets/accuracy_comparision/training2_21/training2_21.fasta ... Fasta format detected
Alignment most likely contains protein sequences
Alignment has 20 sequences with 200 columns, 124 distinct patterns
91 parsimony-informative, 16 singleton sites, 93 constant sites
         Gap/Ambiguity  Composition  p-value
   1  taxon0     0.00%    passed     99.64%
   2  taxon1     0.00%    passed     99.18%
   3  taxon2     0.00%    passed     99.75%
   4  taxon3     0.00%    passed    100.00%
   5  taxon4     0.00%    passed     99.99%
   6  taxon5     0.00%    passed     99.96%
   7  taxon6     0.00%    passed    100.00%
   8  taxon7     0.00%    passed    100.00%
   9  taxon8     0.00%    passed     99.60%
  10  taxon9     0.00%    passed    100.00%
  11  taxon10    0.00%    passed     99.42%
  12  taxon11    0.00%    passed     99.37%
  13  taxon12    0.00%    passed     99.33%
  14  taxon13    0.00%    passed     98.50%
  15  taxon14    0.00%    passed     99.77%
  16  taxon15    0.00%    passed     98.72%
  17  taxon16    0.00%    passed     99.99%
  18  taxon17    0.00%    passed     99.01%
  19  taxon18    0.00%    passed     99.99%
  20  taxon19    0.00%    passed     99.89%
****  TOTAL      0.00%  0 sequences failed composition chi2 test (p-value<5%; df=19)

Create initial parsimony tree by phylogenetic likelihood library (PLL)... 0.001 seconds

NOTE: 0 MB RAM (0 GB) is required!
Estimate model parameters (epsilon = 0.100)
1. Initial log-likelihood: -3303.629
Optimal log-likelihood: -3298.942
Parameters optimization took 1 rounds (0.004 sec)
Computing ML distances based on estimated model parameters... 0.008 sec
Computing BIONJ tree...
0.000 seconds
Log-likelihood of BIONJ tree: -3298.942
--------------------------------------------------------------------
|             INITIALIZING CANDIDATE TREE SET                      |
--------------------------------------------------------------------
Generating 99 parsimony trees... 0.111 second
Computing log-likelihood of 99 initial trees ... 0.145 seconds
Current best score: -3295.990

Do NNI search on 20 best initial trees
Estimate model parameters (epsilon = 0.100)
BETTER TREE FOUND at iteration 1: -3295.939
Iteration 10 / LogL: -3295.941 / Time: 0h:0m:0s
Iteration 20 / LogL: -3295.949 / Time: 0h:0m:0s
Finish initializing candidate tree set (1)
Current best tree score: -3295.939 / CPU time: 0.508
Number of iterations: 20
--------------------------------------------------------------------
|               OPTIMIZING CANDIDATE TREE SET                      |
--------------------------------------------------------------------
Iteration 30 / LogL: -3295.941 / Time: 0h:0m:0s (0h:0m:1s left)
Iteration 40 / LogL: -3297.772 / Time: 0h:0m:0s (0h:0m:1s left)
Iteration 50 / LogL: -3295.940 / Time: 0h:0m:1s (0h:0m:1s left)
Iteration 60 / LogL: -3296.137 / Time: 0h:0m:1s (0h:0m:0s left)
Iteration 70 / LogL: -3296.050 / Time: 0h:0m:1s (0h:0m:0s left)
Iteration 80 / LogL: -3295.973 / Time: 0h:0m:1s (0h:0m:0s left)
Iteration 90 / LogL: -3295.953 / Time: 0h:0m:1s (0h:0m:0s left)
Iteration 100 / LogL: -3313.325 / Time: 0h:0m:2s (0h:0m:0s left)
TREE SEARCH COMPLETED AFTER 102 ITERATIONS / Time: 0h:0m:2s

--------------------------------------------------------------------
|                    FINALIZING TREE SEARCH                        |
--------------------------------------------------------------------
Performs final model parameters optimization
Estimate model parameters (epsilon = 0.010)
1. Initial log-likelihood: -3295.939
Optimal log-likelihood: -3295.939
Parameters optimization took 1 rounds (0.002 sec)
BEST SCORE FOUND : -3295.939
Total tree length: 2.180

Total number of iterations: 102
CPU time used for tree search: 2.070 sec (0h:0m:2s)
Wall-clock time used for tree search: 2.071 sec (0h:0m:2s)
Total CPU time used: 2.104 sec (0h:0m:2s)
Total wall-clock time used: 2.105 sec (0h:0m:2s)

Analysis results written to: 
  IQ-TREE report:                /scratch/ga42vor/simulating_quartets/accuracy_comparision/training2_21/training2_21.fasta.iqtree
  Maximum-likelihood tree:       /scratch/ga42vor/simulating_quartets/accuracy_comparision/training2_21/training2_21.fasta.treefile
  Likelihood distances:          /scratch/ga42vor/simulating_quartets/accuracy_comparision/training2_21/training2_21.fasta.mldist
  Screen log file:               /scratch/ga42vor/simulating_quartets/accuracy_comparision/training2_21/training2_21.fasta.log

Date and Time: Wed May 27 23:06:24 2020
