IQ-TREE multicore version 2.0.5 for Linux 64-bit built May 15 2020
Developed by Bui Quang Minh, Nguyen Lam Tung, Olga Chernomor,
Heiko Schmidt, Dominik Schrempf, Michael Woodhams.

Host:    cip2ryzen1.cip.ph.tum.de (AVX2, FMA3, 15 GB RAM)
Command: ../iqtree-2.0.5-Linux/bin/iqtree2 -s /scratch/ga42vor/simulating_quartets/accuracy_comparision/training3_36/training3_36.fasta -redo -m WAG
Seed:    757274 (Using SPRNG - Scalable Parallel Random Number Generator)
Time:    Thu May 28 17:08:14 2020
Kernel:  AVX+FMA - 1 threads (16 CPU cores detected)

HINT: Use -nt option to specify number of threads because your CPU has 16 cores!
HINT: -nt AUTO will automatically determine the best number of threads to use.

Reading alignment file /scratch/ga42vor/simulating_quartets/accuracy_comparision/training3_36/training3_36.fasta ... Fasta format detected
Alignment most likely contains protein sequences
Alignment has 20 sequences with 200 columns, 199 distinct patterns
177 parsimony-informative, 17 singleton sites, 6 constant sites
         Gap/Ambiguity  Composition  p-value
   1  taxon0     0.00%    passed     84.48%
   2  taxon1     0.00%    passed     86.77%
   3  taxon2     0.00%    passed     69.76%
   4  taxon3     0.00%    passed     40.89%
   5  taxon4     0.00%    passed     94.32%
   6  taxon5     0.00%    passed     52.77%
   7  taxon6     0.00%    passed     39.23%
   8  taxon7     0.00%    passed     86.04%
   9  taxon8     0.00%    passed     99.61%
  10  taxon9     0.00%    passed     97.75%
  11  taxon10    0.00%    passed     85.35%
  12  taxon11    0.00%    passed     92.31%
  13  taxon12    0.00%    passed     98.12%
  14  taxon13    0.00%    passed     96.11%
  15  taxon14    0.00%    passed     96.11%
  16  taxon15    0.00%    passed     90.95%
  17  taxon16    0.00%    passed     86.93%
  18  taxon17    0.00%    passed     93.01%
  19  taxon18    0.00%    passed     83.83%
  20  taxon19    0.00%    passed     47.16%
****  TOTAL      0.00%  0 sequences failed composition chi2 test (p-value<5%; df=19)

Create initial parsimony tree by phylogenetic likelihood library (PLL)... 0.002 seconds

NOTE: 0 MB RAM (0 GB) is required!
Estimate model parameters (epsilon = 0.100)
1. Initial log-likelihood: -6726.591
Optimal log-likelihood: -6693.193
Parameters optimization took 1 rounds (0.007 sec)
Computing ML distances based on estimated model parameters... 0.009 sec
Computing BIONJ tree...
0.000 seconds
Log-likelihood of BIONJ tree: -6687.624
--------------------------------------------------------------------
|             INITIALIZING CANDIDATE TREE SET                      |
--------------------------------------------------------------------
Generating 98 parsimony trees... 0.162 second
Computing log-likelihood of 98 initial trees ... 0.201 seconds
Current best score: -6687.624

Do NNI search on 20 best initial trees
Estimate model parameters (epsilon = 0.100)
BETTER TREE FOUND at iteration 1: -6687.624
Iteration 10 / LogL: -6687.631 / Time: 0h:0m:0s
Iteration 20 / LogL: -6687.837 / Time: 0h:0m:0s
Finish initializing candidate tree set (1)
Current best tree score: -6687.624 / CPU time: 0.781
Number of iterations: 20
--------------------------------------------------------------------
|               OPTIMIZING CANDIDATE TREE SET                      |
--------------------------------------------------------------------
Iteration 30 / LogL: -6687.635 / Time: 0h:0m:1s (0h:0m:2s left)
Iteration 40 / LogL: -6687.647 / Time: 0h:0m:1s (0h:0m:2s left)
Iteration 50 / LogL: -6687.795 / Time: 0h:0m:1s (0h:0m:1s left)
Iteration 60 / LogL: -6687.759 / Time: 0h:0m:1s (0h:0m:1s left)
Iteration 70 / LogL: -6687.666 / Time: 0h:0m:2s (0h:0m:0s left)
Iteration 80 / LogL: -6687.859 / Time: 0h:0m:2s (0h:0m:0s left)
Iteration 90 / LogL: -6687.721 / Time: 0h:0m:2s (0h:0m:0s left)
Iteration 100 / LogL: -6687.784 / Time: 0h:0m:2s (0h:0m:0s left)
TREE SEARCH COMPLETED AFTER 102 ITERATIONS / Time: 0h:0m:2s

--------------------------------------------------------------------
|                    FINALIZING TREE SEARCH                        |
--------------------------------------------------------------------
Performs final model parameters optimization
Estimate model parameters (epsilon = 0.010)
1. Initial log-likelihood: -6687.624
Optimal log-likelihood: -6687.624
Parameters optimization took 1 rounds (0.004 sec)
BEST SCORE FOUND : -6687.624
Total tree length: 6.790

Total number of iterations: 102
CPU time used for tree search: 2.937 sec (0h:0m:2s)
Wall-clock time used for tree search: 2.938 sec (0h:0m:2s)
Total CPU time used: 2.975 sec (0h:0m:2s)
Total wall-clock time used: 2.975 sec (0h:0m:2s)

Analysis results written to: 
  IQ-TREE report:                /scratch/ga42vor/simulating_quartets/accuracy_comparision/training3_36/training3_36.fasta.iqtree
  Maximum-likelihood tree:       /scratch/ga42vor/simulating_quartets/accuracy_comparision/training3_36/training3_36.fasta.treefile
  Likelihood distances:          /scratch/ga42vor/simulating_quartets/accuracy_comparision/training3_36/training3_36.fasta.mldist
  Screen log file:               /scratch/ga42vor/simulating_quartets/accuracy_comparision/training3_36/training3_36.fasta.log

Date and Time: Thu May 28 17:08:17 2020
