IQ-TREE multicore version 2.0.5 for Linux 64-bit built May 15 2020
Developed by Bui Quang Minh, Nguyen Lam Tung, Olga Chernomor,
Heiko Schmidt, Dominik Schrempf, Michael Woodhams.

Host:    cip2ryzen1.cip.ph.tum.de (AVX2, FMA3, 15 GB RAM)
Command: ../iqtree-2.0.5-Linux/bin/iqtree2 -s /scratch/ga42vor/simulating_quartets/accuracy_comparision/training1_21/training1_21.fasta -redo -m WAG
Seed:    561040 (Using SPRNG - Scalable Parallel Random Number Generator)
Time:    Thu May 28 17:03:48 2020
Kernel:  AVX+FMA - 1 threads (16 CPU cores detected)

HINT: Use -nt option to specify number of threads because your CPU has 16 cores!
HINT: -nt AUTO will automatically determine the best number of threads to use.

Reading alignment file /scratch/ga42vor/simulating_quartets/accuracy_comparision/training1_21/training1_21.fasta ... Fasta format detected
Alignment most likely contains protein sequences
Alignment has 20 sequences with 200 columns, 164 distinct patterns
125 parsimony-informative, 25 singleton sites, 50 constant sites
         Gap/Ambiguity  Composition  p-value
   1  taxon0     0.00%    passed     94.96%
   2  taxon1     0.00%    passed     96.99%
   3  taxon2     0.00%    passed     85.37%
   4  taxon3     0.00%    passed     99.62%
   5  taxon4     0.00%    passed     99.09%
   6  taxon5     0.00%    passed     93.48%
   7  taxon6     0.00%    passed     92.46%
   8  taxon7     0.00%    passed     99.98%
   9  taxon8     0.00%    passed     99.92%
  10  taxon9     0.00%    passed     99.72%
  11  taxon10    0.00%    passed     97.69%
  12  taxon11    0.00%    passed     99.34%
  13  taxon12    0.00%    passed    100.00%
  14  taxon13    0.00%    passed    100.00%
  15  taxon14    0.00%    passed     99.97%
  16  taxon15    0.00%    passed     99.59%
  17  taxon16    0.00%    passed     98.61%
  18  taxon17    0.00%    passed     98.91%
  19  taxon18    0.00%    passed     99.97%
  20  taxon19    0.00%    passed    100.00%
****  TOTAL      0.00%  0 sequences failed composition chi2 test (p-value<5%; df=19)

Create initial parsimony tree by phylogenetic likelihood library (PLL)... 0.001 seconds

NOTE: 0 MB RAM (0 GB) is required!
Estimate model parameters (epsilon = 0.100)
1. Initial log-likelihood: -4201.355
Optimal log-likelihood: -4194.870
Parameters optimization took 1 rounds (0.006 sec)
Computing ML distances based on estimated model parameters... 0.012 sec
Computing BIONJ tree...
0.000 seconds
Log-likelihood of BIONJ tree: -4194.870
--------------------------------------------------------------------
|             INITIALIZING CANDIDATE TREE SET                      |
--------------------------------------------------------------------
Generating 99 parsimony trees... 0.147 second
Computing log-likelihood of 99 initial trees ... 0.185 seconds
Current best score: -4194.870

Do NNI search on 20 best initial trees
Estimate model parameters (epsilon = 0.100)
BETTER TREE FOUND at iteration 1: -4194.870
Iteration 10 / LogL: -4195.092 / Time: 0h:0m:0s
Iteration 20 / LogL: -4194.872 / Time: 0h:0m:0s
Finish initializing candidate tree set (1)
Current best tree score: -4194.870 / CPU time: 0.656
Number of iterations: 20
--------------------------------------------------------------------
|               OPTIMIZING CANDIDATE TREE SET                      |
--------------------------------------------------------------------
Iteration 30 / LogL: -4194.871 / Time: 0h:0m:0s (0h:0m:2s left)
Iteration 40 / LogL: -4194.871 / Time: 0h:0m:1s (0h:0m:1s left)
Iteration 50 / LogL: -4194.918 / Time: 0h:0m:1s (0h:0m:1s left)
Iteration 60 / LogL: -4194.887 / Time: 0h:0m:1s (0h:0m:1s left)
Iteration 70 / LogL: -4194.884 / Time: 0h:0m:1s (0h:0m:0s left)
Iteration 80 / LogL: -4194.915 / Time: 0h:0m:2s (0h:0m:0s left)
Iteration 90 / LogL: -4194.876 / Time: 0h:0m:2s (0h:0m:0s left)
Iteration 100 / LogL: -4195.016 / Time: 0h:0m:2s (0h:0m:0s left)
TREE SEARCH COMPLETED AFTER 102 ITERATIONS / Time: 0h:0m:2s

--------------------------------------------------------------------
|                    FINALIZING TREE SEARCH                        |
--------------------------------------------------------------------
Performs final model parameters optimization
Estimate model parameters (epsilon = 0.010)
1. Initial log-likelihood: -4194.870
Optimal log-likelihood: -4194.870
Parameters optimization took 1 rounds (0.003 sec)
BEST SCORE FOUND : -4194.870
Total tree length: 3.035

Total number of iterations: 102
CPU time used for tree search: 2.440 sec (0h:0m:2s)
Wall-clock time used for tree search: 2.440 sec (0h:0m:2s)
Total CPU time used: 2.480 sec (0h:0m:2s)
Total wall-clock time used: 2.485 sec (0h:0m:2s)

Analysis results written to: 
  IQ-TREE report:                /scratch/ga42vor/simulating_quartets/accuracy_comparision/training1_21/training1_21.fasta.iqtree
  Maximum-likelihood tree:       /scratch/ga42vor/simulating_quartets/accuracy_comparision/training1_21/training1_21.fasta.treefile
  Likelihood distances:          /scratch/ga42vor/simulating_quartets/accuracy_comparision/training1_21/training1_21.fasta.mldist
  Screen log file:               /scratch/ga42vor/simulating_quartets/accuracy_comparision/training1_21/training1_21.fasta.log

Date and Time: Thu May 28 17:03:51 2020
