IQ-TREE multicore version 2.0.5 for Linux 64-bit built May 15 2020
Developed by Bui Quang Minh, Nguyen Lam Tung, Olga Chernomor,
Heiko Schmidt, Dominik Schrempf, Michael Woodhams.

Host:    cip2ryzen1.cip.ph.tum.de (AVX2, FMA3, 15 GB RAM)
Command: ../iqtree-2.0.5-Linux/bin/iqtree2 -s /scratch/ga42vor/simulating_quartets/accuracy_comparision/training2_10/training2_10.fasta -redo -m WAG
Seed:    357031 (Using SPRNG - Scalable Parallel Random Number Generator)
Time:    Thu May 28 17:05:23 2020
Kernel:  AVX+FMA - 1 threads (16 CPU cores detected)

HINT: Use -nt option to specify number of threads because your CPU has 16 cores!
HINT: -nt AUTO will automatically determine the best number of threads to use.

Reading alignment file /scratch/ga42vor/simulating_quartets/accuracy_comparision/training2_10/training2_10.fasta ... Fasta format detected
Alignment most likely contains protein sequences
Alignment has 20 sequences with 200 columns, 130 distinct patterns
86 parsimony-informative, 26 singleton sites, 88 constant sites
         Gap/Ambiguity  Composition  p-value
   1  taxon0     0.00%    passed     99.99%
   2  taxon1     0.00%    passed     99.97%
   3  taxon2     0.00%    passed    100.00%
   4  taxon3     0.00%    passed     99.47%
   5  taxon4     0.00%    passed     99.54%
   6  taxon5     0.00%    passed     80.58%
   7  taxon6     0.00%    passed     96.32%
   8  taxon7     0.00%    passed     99.94%
   9  taxon8     0.00%    passed     99.98%
  10  taxon9     0.00%    passed     97.87%
  11  taxon10    0.00%    passed     99.97%
  12  taxon11    0.00%    passed     99.97%
  13  taxon12    0.00%    passed     99.16%
  14  taxon13    0.00%    passed     99.98%
  15  taxon14    0.00%    passed     99.92%
  16  taxon15    0.00%    passed     99.11%
  17  taxon16    0.00%    passed     98.08%
  18  taxon17    0.00%    passed     99.88%
  19  taxon18    0.00%    passed     97.32%
  20  taxon19    0.00%    passed     99.18%
****  TOTAL      0.00%  0 sequences failed composition chi2 test (p-value<5%; df=19)

Create initial parsimony tree by phylogenetic likelihood library (PLL)... 0.001 seconds

NOTE: 0 MB RAM (0 GB) is required!
Estimate model parameters (epsilon = 0.100)
1. Initial log-likelihood: -3687.246
Optimal log-likelihood: -3680.570
Parameters optimization took 1 rounds (0.005 sec)
Computing ML distances based on estimated model parameters... 0.010 sec
Computing BIONJ tree...
0.000 seconds
Log-likelihood of BIONJ tree: -3680.570
--------------------------------------------------------------------
|             INITIALIZING CANDIDATE TREE SET                      |
--------------------------------------------------------------------
Generating 99 parsimony trees... 0.122 second
Computing log-likelihood of 99 initial trees ... 0.151 seconds
Current best score: -3680.570

Do NNI search on 20 best initial trees
Estimate model parameters (epsilon = 0.100)
BETTER TREE FOUND at iteration 1: -3680.570
Iteration 10 / LogL: -3680.571 / Time: 0h:0m:0s
Iteration 20 / LogL: -3680.573 / Time: 0h:0m:0s
Finish initializing candidate tree set (4)
Current best tree score: -3680.570 / CPU time: 0.577
Number of iterations: 20
--------------------------------------------------------------------
|               OPTIMIZING CANDIDATE TREE SET                      |
--------------------------------------------------------------------
Iteration 30 / LogL: -3683.091 / Time: 0h:0m:0s (0h:0m:1s left)
Iteration 40 / LogL: -3680.577 / Time: 0h:0m:1s (0h:0m:1s left)
Iteration 50 / LogL: -3680.594 / Time: 0h:0m:1s (0h:0m:1s left)
Iteration 60 / LogL: -3683.847 / Time: 0h:0m:1s (0h:0m:0s left)
Iteration 70 / LogL: -3680.580 / Time: 0h:0m:1s (0h:0m:0s left)
Iteration 80 / LogL: -3680.580 / Time: 0h:0m:1s (0h:0m:0s left)
Iteration 90 / LogL: -3680.589 / Time: 0h:0m:2s (0h:0m:0s left)
Iteration 100 / LogL: -3683.790 / Time: 0h:0m:2s (0h:0m:0s left)
TREE SEARCH COMPLETED AFTER 102 ITERATIONS / Time: 0h:0m:2s

--------------------------------------------------------------------
|                    FINALIZING TREE SEARCH                        |
--------------------------------------------------------------------
Performs final model parameters optimization
Estimate model parameters (epsilon = 0.010)
1. Initial log-likelihood: -3680.570
Optimal log-likelihood: -3680.570
Parameters optimization took 1 rounds (0.002 sec)
BEST SCORE FOUND : -3680.570
Total tree length: 2.399

Total number of iterations: 102
CPU time used for tree search: 2.218 sec (0h:0m:2s)
Wall-clock time used for tree search: 2.220 sec (0h:0m:2s)
Total CPU time used: 2.252 sec (0h:0m:2s)
Total wall-clock time used: 2.254 sec (0h:0m:2s)

Analysis results written to: 
  IQ-TREE report:                /scratch/ga42vor/simulating_quartets/accuracy_comparision/training2_10/training2_10.fasta.iqtree
  Maximum-likelihood tree:       /scratch/ga42vor/simulating_quartets/accuracy_comparision/training2_10/training2_10.fasta.treefile
  Likelihood distances:          /scratch/ga42vor/simulating_quartets/accuracy_comparision/training2_10/training2_10.fasta.mldist
  Screen log file:               /scratch/ga42vor/simulating_quartets/accuracy_comparision/training2_10/training2_10.fasta.log

Date and Time: Thu May 28 17:05:25 2020
